2023-11-29 15:12:44,289 [INFO] Activator:176 - 


2023-11-29 15:12:44,300 [INFO] Activator:177 - !SESSION log4j initialized
2023-11-29 15:12:51,344 [INFO] LogOutputStream:77 - [STDOUT_REDIRECT] 
2023-11-29 15:13:24,343 [INFO] ApplicationProperties:184 - Using Application install path: C:\ST\STM32CubeIDE_1.13.2\STM32CubeIDE\plugins\com.st.stm32cube.common.mx_6.9.2.202309101412
2023-11-29 15:13:24,370 [INFO] DbMcusXml:78 - Set database path to: C:\ST\STM32CubeIDE_1.13.2\STM32CubeIDE\plugins\com.st.stm32cube.common.mx_6.9.2.202309101412\\db\/mcu/
2023-11-29 15:13:24,370 [INFO] ApiDb:274 - Set plugin database path to: C:\ST\STM32CubeIDE_1.13.2\STM32CubeIDE\plugins\com.st.stm32cube.common.mx_6.9.2.202309101412\\db\/plugins/boardmanager/
2023-11-29 15:13:24,371 [WARN] ApiDb:259 - Overriding images path with different value:  => C:\ST\STM32CubeIDE_1.13.2\STM32CubeIDE\plugins\com.st.stm32cube.common.mx_6.9.2.202309101412\\db\/plugins/mcufinder/images/
2023-11-29 15:13:24,385 [INFO] ApiDb:250 - Set database path to: C:\Users\E-AY\.stmcufinder\plugins\mcufinder//mcu/
2023-11-29 15:13:24,387 [INFO] DbMcusAds:125 - Set database path to: C:\Users\E-AY\.stmcufinder\plugins\mcufinder//mcu/
2023-11-29 15:13:24,405 [INFO] CrossReferenceDbSqlite:203 - Set database path to: C:\Users\E-AY\.stmcufinder\plugins\mcufinder//mcu/cs/
2023-11-29 15:13:24,549 [INFO] RulesReader:64 - Compatibility file has been processed (293 Rules)
2023-11-29 15:13:24,657 [INFO] DbMcusXml:78 - Set database path to: C:\ST\STM32CubeIDE_1.13.2\STM32CubeIDE\plugins\com.st.stm32cube.common.mx_6.9.2.202309101412\\db\/mcu/
2023-11-29 15:13:24,657 [INFO] ApiDb:274 - Set plugin database path to: C:\ST\STM32CubeIDE_1.13.2\STM32CubeIDE\plugins\com.st.stm32cube.common.mx_6.9.2.202309101412\\db\/plugins/boardmanager/
2023-11-29 15:13:24,657 [INFO] ApiDb:261 - Set plugin images path to: C:\ST\STM32CubeIDE_1.13.2\STM32CubeIDE\plugins\com.st.stm32cube.common.mx_6.9.2.202309101412\\db\/plugins/mcufinder/images/
2023-11-29 15:13:24,657 [WARN] DbFile:41 - Overriding database path with different value: C:\Users\E-AY\.stmcufinder\plugins\mcufinder/ => C:\Users\E-AY\.stmcufinder\plugins\mcufinder
2023-11-29 15:13:24,658 [INFO] ApiDb:250 - Set database path to: C:\Users\E-AY\.stmcufinder\plugins\mcufinder//mcu/
2023-11-29 15:13:24,658 [WARN] DbFile:41 - Overriding database path with different value: C:\Users\E-AY\.stmcufinder\plugins\mcufinder/ => C:\Users\E-AY\.stmcufinder\plugins\mcufinder
2023-11-29 15:13:24,658 [INFO] DbMcusAds:125 - Set database path to: C:\Users\E-AY\.stmcufinder\plugins\mcufinder//mcu/
2023-11-29 15:13:24,658 [WARN] DbFile:41 - Overriding database path with different value: C:\Users\E-AY\.stmcufinder\plugins\mcufinder/ => C:\Users\E-AY\.stmcufinder\plugins\mcufinder
2023-11-29 15:13:24,658 [WARN] DbFile:41 - Overriding database path with different value: C:\Users\E-AY\.stmcufinder\plugins\mcufinder/ => C:\Users\E-AY\.stmcufinder\plugins\mcufinder
2023-11-29 15:13:24,658 [INFO] CrossReferenceDbSqlite:203 - Set database path to: C:\Users\E-AY\.stmcufinder\plugins\mcufinder//mcu/cs/
2023-11-29 15:13:24,762 [INFO] MainPanel:262 - HeapMemory: 268435456
2023-11-29 15:13:24,867 [INFO] DbMcusXml:78 - Set database path to: C:\ST\STM32CubeIDE_1.13.2\STM32CubeIDE\plugins\com.st.stm32cube.common.mx_6.9.2.202309101412\\db\/mcu/
2023-11-29 15:13:24,867 [INFO] ApiDb:274 - Set plugin database path to: C:\ST\STM32CubeIDE_1.13.2\STM32CubeIDE\plugins\com.st.stm32cube.common.mx_6.9.2.202309101412\\db\/plugins/boardmanager/
2023-11-29 15:13:24,867 [INFO] ApiDb:261 - Set plugin images path to: C:\ST\STM32CubeIDE_1.13.2\STM32CubeIDE\plugins\com.st.stm32cube.common.mx_6.9.2.202309101412\\db\/plugins/mcufinder/images/
2023-11-29 15:13:24,868 [WARN] DbFile:41 - Overriding database path with different value: C:\Users\E-AY\.stmcufinder\plugins\mcufinder/ => C:\Users\E-AY\.stmcufinder\plugins\mcufinder
2023-11-29 15:13:24,868 [INFO] ApiDb:250 - Set database path to: C:\Users\E-AY\.stmcufinder\plugins\mcufinder//mcu/
2023-11-29 15:13:24,868 [WARN] DbFile:41 - Overriding database path with different value: C:\Users\E-AY\.stmcufinder\plugins\mcufinder/ => C:\Users\E-AY\.stmcufinder\plugins\mcufinder
2023-11-29 15:13:24,869 [INFO] DbMcusAds:125 - Set database path to: C:\Users\E-AY\.stmcufinder\plugins\mcufinder//mcu/
2023-11-29 15:13:24,869 [WARN] DbFile:41 - Overriding database path with different value: C:\Users\E-AY\.stmcufinder\plugins\mcufinder/ => C:\Users\E-AY\.stmcufinder\plugins\mcufinder
2023-11-29 15:13:24,869 [WARN] DbFile:41 - Overriding database path with different value: C:\Users\E-AY\.stmcufinder\plugins\mcufinder/ => C:\Users\E-AY\.stmcufinder\plugins\mcufinder
2023-11-29 15:13:24,870 [INFO] CrossReferenceDbSqlite:203 - Set database path to: C:\Users\E-AY\.stmcufinder\plugins\mcufinder//mcu/cs/
2023-11-29 15:13:24,896 [INFO] ApplicationProperties:184 - Using Application install path: C:\ST\STM32CubeIDE_1.13.2\STM32CubeIDE\plugins\com.st.stm32cube.common.mx_6.9.2.202309101412
2023-11-29 15:13:24,897 [INFO] PluginManage:196 - Search for loadable plugins [exclusion list=, ]
2023-11-29 15:13:24,898 [INFO] PluginManage:310 - Check plugin analytics
2023-11-29 15:13:25,146 [INFO] AnalyticsPlugin:253 - Accepted Software Licenses: 
2023-11-29 15:13:25,146 [INFO] AnalyticsPlugin:255 - Accepted CMSIS Pack Licenses: 
2023-11-29 15:13:25,147 [INFO] AnalyticsPlugin:257 - Accepted Firmware Licenses: 
2023-11-29 15:13:25,150 [INFO] PluginManage:359 - Loaded plugin analytics (category:tool,tabindex:-1)
2023-11-29 15:13:25,152 [INFO] PluginManage:310 - Check plugin cadmodel
2023-11-29 15:13:25,172 [INFO] CADModel:105 - Init CAD model plugin
2023-11-29 15:13:25,173 [INFO] PluginManage:359 - Loaded plugin cadmodel (category:power,tabindex:5)
2023-11-29 15:13:25,173 [INFO] PluginManage:310 - Check plugin clock
2023-11-29 15:13:25,209 [INFO] PluginManage:359 - Loaded plugin clock (category:base,tabindex:2)
2023-11-29 15:13:25,209 [INFO] PluginManage:310 - Check plugin ddr
2023-11-29 15:13:25,213 [INFO] PluginManage:359 - Loaded plugin ddr (category:tool,tabindex:6)
2023-11-29 15:13:25,214 [INFO] PluginManage:310 - Check plugin filemanager
2023-11-29 15:13:25,453 [INFO] PluginManage:359 - Loaded plugin filemanager (category:base,tabindex:10)
2023-11-29 15:13:25,454 [INFO] PluginManage:310 - Check plugin ipmanager
2023-11-29 15:13:25,470 [INFO] PluginManage:359 - Loaded plugin ipmanager (category:base,tabindex:5)
2023-11-29 15:13:25,470 [INFO] PluginManage:310 - Check plugin lpbam
2023-11-29 15:13:25,500 [INFO] PluginManage:359 - Loaded plugin lpbam (category:base,tabindex:0)
2023-11-29 15:13:25,500 [INFO] PluginManage:310 - Check plugin memorymap
2023-11-29 15:13:25,557 [INFO] PluginManage:359 - Loaded plugin memorymap (category:base,tabindex:4)
2023-11-29 15:13:25,558 [INFO] PluginManage:310 - Check plugin pinoutandconfiguration
2023-11-29 15:13:25,588 [INFO] PluginManage:359 - Loaded plugin pinoutandconfiguration (category:base,tabindex:1)
2023-11-29 15:13:25,588 [INFO] PluginManage:310 - Check plugin pinoutconfig
2023-11-29 15:13:25,773 [WARN] SupportedApi:132 - Cannot load RTOS API schema: s4s-elt-must-match.1: The content of 'definitions' must match (annotation?, (simpleType | complexType)?, (unique | key | keyref)*)). A problem was found starting at: attribute.
2023-11-29 15:13:26,032 [INFO] PluginManage:359 - Loaded plugin pinoutconfig (category:base,tabindex:0)
2023-11-29 15:13:26,032 [INFO] PluginManage:310 - Check plugin power
2023-11-29 15:13:26,065 [INFO] PluginManage:359 - Loaded plugin power (category:power,tabindex:4)
2023-11-29 15:13:26,065 [INFO] PluginManage:310 - Check plugin projectmanager
2023-11-29 15:13:26,097 [INFO] PluginManage:359 - Loaded plugin projectmanager (category:projectmanager,tabindex:3)
2023-11-29 15:13:26,098 [INFO] PluginManage:310 - Check plugin thirdparty
2023-11-29 15:13:26,548 [INFO] PluginManage:359 - Loaded plugin thirdparty (category:base,tabindex:-1)
2023-11-29 15:13:26,548 [WARN] IntegrityCheckThread:84 - waiting for thirdparty lock release [integrity check]
2023-11-29 15:13:26,549 [INFO] PluginManage:310 - Check plugin tools
2023-11-29 15:13:26,549 [INFO] IntegrityCheckThread:86 - entering critical section [integrity check]
2023-11-29 15:13:26,549 [INFO] ThirdPartyUpdaterWithRetryManager:70 - Updater plugin not ready yet. [1/15]
2023-11-29 15:13:26,582 [INFO] PluginManage:359 - Loaded plugin tools (category:base,tabindex:7)
2023-11-29 15:13:26,583 [INFO] PluginManage:310 - Check plugin tutovideos
2023-11-29 15:13:26,889 [INFO] PluginManage:359 - Loaded plugin tutovideos (category:base,tabindex:-1)
2023-11-29 15:13:26,889 [INFO] PluginManage:310 - Check plugin updater
2023-11-29 15:13:26,915 [INFO] PluginManage:359 - Loaded plugin updater (category:base,tabindex:12)
2023-11-29 15:13:26,915 [INFO] PluginManage:310 - Check plugin userauth
2023-11-29 15:13:26,923 [INFO] UserAuth:113 - Init User Auth plugin
2023-11-29 15:13:26,924 [INFO] PluginManage:359 - Loaded plugin userauth (category:base,tabindex:14)
2023-11-29 15:13:26,925 [INFO] PluginManage:283 - PluginManage : Loaded plugins [17]
2023-11-29 15:13:27,277 [INFO] PinOutPanel:1499 - setPackage(No Configuration,No Configuration)
2023-11-29 15:13:27,459 [INFO] CADModel:165 - CPN selected for project level
2023-11-29 15:13:27,459 [INFO] CADModel:114 - Register for checkConnection events
2023-11-29 15:13:27,499 [INFO] IPUIPlugin:80 - create IPUIPlugin
2023-11-29 15:13:27,499 [INFO] PluginManager:220 - loadIPPluginJar : add adc
2023-11-29 15:13:27,563 [INFO] IPUIPlugin:80 - create IPUIPlugin
2023-11-29 15:13:27,563 [INFO] PluginManager:220 - loadIPPluginJar : add aes
2023-11-29 15:13:27,630 [INFO] IPUIPlugin:80 - create IPUIPlugin
2023-11-29 15:13:27,630 [INFO] PluginManager:220 - loadIPPluginJar : add can
2023-11-29 15:13:27,663 [INFO] IPUIPlugin:80 - create IPUIPlugin
2023-11-29 15:13:27,664 [INFO] PluginManager:220 - loadIPPluginJar : add comp
2023-11-29 15:13:27,721 [INFO] IPUIPlugin:80 - create IPUIPlugin
2023-11-29 15:13:27,721 [INFO] PluginManager:220 - loadIPPluginJar : add cryp
2023-11-29 15:13:27,762 [INFO] IPUIPlugin:80 - create IPUIPlugin
2023-11-29 15:13:27,762 [INFO] PluginManager:220 - loadIPPluginJar : add dfsdm
2023-11-29 15:13:27,780 [INFO] IPUIPlugin:80 - create IPUIPlugin
2023-11-29 15:13:27,781 [INFO] PluginManager:220 - loadIPPluginJar : add dma
2023-11-29 15:13:27,838 [INFO] IPUIPlugin:80 - create IPUIPlugin
2023-11-29 15:13:27,839 [INFO] PluginManager:220 - loadIPPluginJar : add dma3
2023-11-29 15:13:27,864 [INFO] IPUIPlugin:80 - create IPUIPlugin
2023-11-29 15:13:27,864 [INFO] PluginManager:220 - loadIPPluginJar : add fatfs
2023-11-29 15:13:27,931 [INFO] IPUIPlugin:80 - create IPUIPlugin
2023-11-29 15:13:27,931 [INFO] PluginManager:220 - loadIPPluginJar : add fmc
2023-11-29 15:13:27,950 [INFO] IPUIPlugin:80 - create IPUIPlugin
2023-11-29 15:13:27,951 [INFO] PluginManager:220 - loadIPPluginJar : add freertos
2023-11-29 15:13:27,981 [INFO] IPUIPlugin:80 - create IPUIPlugin
2023-11-29 15:13:27,981 [INFO] PluginManager:220 - loadIPPluginJar : add genericplugin
2023-11-29 15:13:28,112 [INFO] IPUIPlugin:80 - create IPUIPlugin
2023-11-29 15:13:28,113 [INFO] PluginManager:220 - loadIPPluginJar : add gfxmmu
2023-11-29 15:13:28,297 [INFO] IPUIPlugin:80 - create IPUIPlugin
2023-11-29 15:13:28,297 [INFO] PluginManager:220 - loadIPPluginJar : add gic
2023-11-29 15:13:28,315 [INFO] IPUIPlugin:80 - create IPUIPlugin
2023-11-29 15:13:28,315 [INFO] PluginManager:220 - loadIPPluginJar : add gpio
2023-11-29 15:13:28,444 [INFO] IPUIPlugin:80 - create IPUIPlugin
2023-11-29 15:13:28,444 [INFO] PluginManager:220 - loadIPPluginJar : add gtzc
2023-11-29 15:13:28,487 [INFO] IPUIPlugin:80 - create IPUIPlugin
2023-11-29 15:13:28,487 [INFO] PluginManager:220 - loadIPPluginJar : add hash
2023-11-29 15:13:28,555 [INFO] IPUIPlugin:80 - create IPUIPlugin
2023-11-29 15:13:28,555 [INFO] PluginManager:220 - loadIPPluginJar : add i2c
2023-11-29 15:13:28,617 [INFO] IPUIPlugin:80 - create IPUIPlugin
2023-11-29 15:13:28,617 [INFO] PluginManager:220 - loadIPPluginJar : add i2s
2023-11-29 15:13:28,683 [INFO] IPUIPlugin:80 - create IPUIPlugin
2023-11-29 15:13:28,683 [INFO] PluginManager:220 - loadIPPluginJar : add i3c
2023-11-29 15:13:28,878 [INFO] IPUIPlugin:80 - create IPUIPlugin
2023-11-29 15:13:28,878 [INFO] PluginManager:220 - loadIPPluginJar : add ipddr
2023-11-29 15:13:29,032 [INFO] IPUIPlugin:80 - create IPUIPlugin
2023-11-29 15:13:29,032 [INFO] PluginManager:220 - loadIPPluginJar : add linkedlist
2023-11-29 15:13:29,080 [INFO] IPUIPlugin:80 - create IPUIPlugin
2023-11-29 15:13:29,081 [INFO] PluginManager:220 - loadIPPluginJar : add lorawan
2023-11-29 15:13:29,132 [INFO] IPUIPlugin:80 - create IPUIPlugin
2023-11-29 15:13:29,132 [INFO] PluginManager:220 - loadIPPluginJar : add ltdc
2023-11-29 15:13:29,152 [INFO] IPUIPlugin:80 - create IPUIPlugin
2023-11-29 15:13:29,152 [INFO] PluginManager:220 - loadIPPluginJar : add mdma
2023-11-29 15:13:29,168 [INFO] IPUIPlugin:80 - create IPUIPlugin
2023-11-29 15:13:29,168 [INFO] PluginManager:220 - loadIPPluginJar : add nvic
2023-11-29 15:13:29,239 [INFO] IPUIPlugin:80 - create IPUIPlugin
2023-11-29 15:13:29,239 [INFO] PluginManager:220 - loadIPPluginJar : add opamp
2023-11-29 15:13:29,347 [INFO] IPUIPlugin:80 - create IPUIPlugin
2023-11-29 15:13:29,347 [INFO] PluginManager:220 - loadIPPluginJar : add openamp
2023-11-29 15:13:29,430 [INFO] IPUIPlugin:80 - create IPUIPlugin
2023-11-29 15:13:29,551 [INFO] ThirdPartyUpdaterWithRetryManager:70 - Updater plugin not ready yet. [2/15]
2023-11-29 15:13:29,976 [INFO] PluginManager:220 - loadIPPluginJar : add pdm2pcm
2023-11-29 15:13:30,139 [INFO] IPUIPlugin:80 - create IPUIPlugin
2023-11-29 15:13:30,141 [INFO] PluginManager:220 - loadIPPluginJar : add plateformsettings
2023-11-29 15:13:30,168 [INFO] IPUIPlugin:80 - create IPUIPlugin
2023-11-29 15:13:30,169 [INFO] PluginManager:220 - loadIPPluginJar : add quadspi
2023-11-29 15:13:30,183 [INFO] IPUIPlugin:80 - create IPUIPlugin
2023-11-29 15:13:30,184 [INFO] PluginManager:220 - loadIPPluginJar : add resmgrutility
2023-11-29 15:13:30,266 [INFO] IPUIPlugin:80 - create IPUIPlugin
2023-11-29 15:13:30,266 [INFO] PluginManager:220 - loadIPPluginJar : add sai
2023-11-29 15:13:30,321 [INFO] IPUIPlugin:80 - create IPUIPlugin
2023-11-29 15:13:30,321 [INFO] PluginManager:220 - loadIPPluginJar : add spi
2023-11-29 15:13:30,414 [INFO] IPUIPlugin:80 - create IPUIPlugin
2023-11-29 15:13:30,414 [INFO] PluginManager:220 - loadIPPluginJar : add stm32_wpan
2023-11-29 15:13:30,450 [INFO] IPUIPlugin:80 - create IPUIPlugin
2023-11-29 15:13:30,451 [INFO] PluginManager:220 - loadIPPluginJar : add tim
2023-11-29 15:13:30,579 [INFO] IPUIPlugin:80 - create IPUIPlugin
2023-11-29 15:13:30,580 [INFO] PluginManager:220 - loadIPPluginJar : add touchsensing
2023-11-29 15:13:30,624 [INFO] IPUIPlugin:80 - create IPUIPlugin
2023-11-29 15:13:30,624 [INFO] PluginManager:220 - loadIPPluginJar : add tracer_emb
2023-11-29 15:13:30,683 [INFO] IPUIPlugin:80 - create IPUIPlugin
2023-11-29 15:13:30,684 [INFO] PluginManager:220 - loadIPPluginJar : add ts
2023-11-29 15:13:30,743 [INFO] IPUIPlugin:80 - create IPUIPlugin
2023-11-29 15:13:30,744 [INFO] PluginManager:220 - loadIPPluginJar : add tsc
2023-11-29 15:13:30,797 [INFO] IPUIPlugin:80 - create IPUIPlugin
2023-11-29 15:13:30,797 [INFO] PluginManager:220 - loadIPPluginJar : add ucpd
2023-11-29 15:13:30,908 [INFO] IPUIPlugin:80 - create IPUIPlugin
2023-11-29 15:13:30,908 [INFO] PluginManager:220 - loadIPPluginJar : add usart
2023-11-29 15:13:31,041 [INFO] IPUIPlugin:80 - create IPUIPlugin
2023-11-29 15:13:31,041 [INFO] PluginManager:220 - loadIPPluginJar : add usbx
2023-11-29 15:13:31,315 [INFO] CADModel:165 - CPN selected for project level
2023-11-29 15:13:31,315 [INFO] CADModel:114 - Register for checkConnection events
2023-11-29 15:13:31,315 [FATAL] Updater:308 - Updater called before beeing initialized
2023-11-29 15:13:31,316 [ERROR] CADModel:125 - Updater not yet initialized, retry later 
2023-11-29 15:13:31,645 [INFO] CADModel:165 - CPN selected for project level
2023-11-29 15:13:31,645 [INFO] CADModel:114 - Register for checkConnection events
2023-11-29 15:13:31,645 [FATAL] Updater:308 - Updater called before beeing initialized
2023-11-29 15:13:31,645 [ERROR] CADModel:125 - Updater not yet initialized, retry later 
2023-11-29 15:13:31,651 [FATAL] Updater:308 - Updater called before beeing initialized
2023-11-29 15:13:32,068 [FATAL] Updater:308 - Updater called before beeing initialized
2023-11-29 15:13:32,104 [INFO] DbMcusAds:53 - JSON generation date=Tue Mar 07 11:50:55 TRT 2023 (1678179055335)
2023-11-29 15:13:32,105 [FATAL] Updater:308 - Updater called before beeing initialized
2023-11-29 15:13:32,317 [WARN] DetailPanel:346 - Failed to get advertising image, set to default
2023-11-29 15:13:32,629 [FATAL] Updater:308 - Updater called before beeing initialized
2023-11-29 15:13:32,632 [FATAL] Updater:308 - Updater called before beeing initialized
2023-11-29 15:13:32,633 [FATAL] Updater:308 - Updater called before beeing initialized
2023-11-29 15:13:32,633 [WARN] DetailPanel:346 - Failed to get advertising image, set to default
2023-11-29 15:13:32,635 [FATAL] Updater:308 - Updater called before beeing initialized
2023-11-29 15:13:32,787 [ERROR] Updater:1120 - MainUpdater not yet initialized. External WinMGr cannot be set.
2023-11-29 15:13:32,811 [INFO] Updater:1056 - Updater Version found : 6.9.2
2023-11-29 15:13:32,848 [INFO] ApplicationProperties:184 - Using Application install path: C:\ST\STM32CubeIDE_1.13.2\STM32CubeIDE\plugins\com.st.stm32cube.common.mx_6.9.2.202309101412
2023-11-29 15:13:33,134 [INFO] ThirdPartyUpdaterWithRetryManager:70 - Updater plugin not ready yet. [3/15]
2023-11-29 15:13:33,291 [INFO] MainUpdater:2868 - connection check result : 10
2023-11-29 15:13:33,293 [INFO] MainUpdater:285 - Updater Check For Update Now.
2023-11-29 15:13:33,293 [INFO] MicroXplorer:498 - Change Database Version : DB.6.0.92
2023-11-29 15:13:33,322 [INFO] McuFinderGlobals:63 - Set McuFinder mode to 2 (CubeIDE integrated)
2023-11-29 15:13:33,323 [INFO] UserAuth:179 - activating auth plugin
2023-11-29 15:13:33,327 [INFO] UserAuth:393 - Internet connection configuration mode: 1
2023-11-29 15:13:33,373 [INFO] JxBrowserEngine:151 - Initiate JxBrowser Engine with user profile folder
2023-11-29 15:13:33,632 [INFO] CheckServerUpdateThread:120 - End of CheckServer Thread
2023-11-29 15:13:36,740 [WARN] PackLoader:240 - Cannot read IP mode file for STMicroelectronics.X-CUBE-SMBUS.2.1.0
2023-11-29 15:13:36,858 [WARN] PackLoader:240 - Cannot read IP mode file for STMicroelectronics.X-CUBE-AZRTOS-F7.1.1.0
2023-11-29 15:13:36,928 [WARN] PackLoader:240 - Cannot read IP mode file for STMicroelectronics.FP-SNS-MOTENV1.4.3.2
2023-11-29 15:13:36,971 [WARN] PackLoader:240 - Cannot read IP mode file for STMicroelectronics.FP-SNS-FLIGHT1.5.0.2
2023-11-29 15:13:37,011 [WARN] PackLoader:240 - Cannot read IP mode file for STMicroelectronics.X-CUBE-DISPLAY.3.0.0
2023-11-29 15:13:37,089 [WARN] PackLoader:240 - Cannot read IP mode file for STMicroelectronics.X-CUBE-BLE1.7.0.0
2023-11-29 15:13:37,116 [WARN] PackLoader:240 - Cannot read IP mode file for emotas.I-CUBE-CANOPEN.1.3.0
2023-11-29 15:13:37,244 [INFO] LogOutputStream:77 - [STDOUT_REDIRECT] 1 : Invalid condition id : UX_CORESTACK_Condition cause : null
2023-11-29 15:13:37,263 [INFO] LogOutputStream:77 - [STDOUT_REDIRECT] 1 : Invalid condition id : UX_CORESTACK_Condition cause : null
2023-11-29 15:13:37,268 [INFO] LogOutputStream:77 - [STDOUT_REDIRECT] 1 : Invalid condition id : UX_CORESTACK_Condition cause : null
2023-11-29 15:13:37,273 [INFO] LogOutputStream:77 - [STDOUT_REDIRECT] 1 : Invalid condition id : UX_CORESTACK_Condition cause : null
2023-11-29 15:13:37,277 [INFO] LogOutputStream:77 - [STDOUT_REDIRECT] 1 : Invalid condition id : UX_CORESTACK_Condition cause : null
2023-11-29 15:13:37,288 [WARN] PackLoader:240 - Cannot read IP mode file for STMicroelectronics.X-CUBE-AZRTOS-WL.2.0.0
2023-11-29 15:13:37,337 [WARN] PackLoader:240 - Cannot read IP mode file for WES.I-CUBE-Cesium.1.3.0
2023-11-29 15:13:37,367 [WARN] PackLoader:240 - Cannot read IP mode file for STMicroelectronics.X-CUBE-BLE2.3.3.0
2023-11-29 15:13:37,402 [WARN] PackLoader:240 - Cannot read IP mode file for STMicroelectronics.X-CUBE-ALGOBUILD.1.3.0
2023-11-29 15:13:37,495 [WARN] PackLoader:240 - Cannot read IP mode file for STMicroelectronics.X-CUBE-AZRTOS-G0.1.1.0
2023-11-29 15:13:37,510 [INFO] WebApp:157 - Instantiating new browser for Auth
2023-11-29 15:13:37,532 [WARN] PackLoader:240 - Cannot read IP mode file for STMicroelectronics.X-CUBE-NFC4.3.0.0
2023-11-29 15:13:37,594 [WARN] PackLoader:240 - Cannot read IP mode file for STMicroelectronics.X-CUBE-BLEMGR.3.0.0
2023-11-29 15:13:37,636 [WARN] PackLoader:240 - Cannot read IP mode file for STMicroelectronics.FP-ATR-SIGFOX1.3.2.0
2023-11-29 15:13:37,750 [WARN] PackLoader:240 - Cannot read IP mode file for SEGGER.I-CUBE-embOS.1.3.1
2023-11-29 15:13:37,934 [WARN] PackLoader:240 - Cannot read IP mode file for STMicroelectronics.X-CUBE-GNSS1.6.0.0
2023-11-29 15:13:38,030 [WARN] PackLoader:240 - Cannot read IP mode file for STMicroelectronics.X-CUBE-AZRTOS-F4.1.1.0
2023-11-29 15:13:38,149 [WARN] PackLoader:240 - Cannot read IP mode file for STMicroelectronics.X-CUBE-AZRTOS-L5.2.0.0
2023-11-29 15:13:38,315 [WARN] PackLoader:240 - Cannot read IP mode file for STMicroelectronics.X-CUBE-MEMS1.9.6.0
2023-11-29 15:13:38,880 [WARN] PackLoader:240 - Cannot read IP mode file for STMicroelectronics.X-CUBE-EEPRMA1.4.2.0
2023-11-29 15:13:38,918 [WARN] PackLoader:240 - Cannot read IP mode file for ITTIA_DB.I-CUBE-ITTIADB.8.8.0
2023-11-29 15:13:38,961 [WARN] PackLoader:240 - Cannot read IP mode file for STMicroelectronics.X-CUBE-BLEMGR.2.0.0
2023-11-29 15:13:39,192 [WARN] ConditionMgr:438 - getConditionDescription Invalid condition id : UX DEVICE CLASS RTOS Condition cause : null
2023-11-29 15:13:39,192 [WARN] ConditionMgr:438 - getConditionDescription Invalid condition id : UX DEVICE CLASS RTOS Condition cause : null
2023-11-29 15:13:39,199 [WARN] PackLoader:240 - Cannot read IP mode file for STMicroelectronics.X-CUBE-AZRTOS-H7.3.1.0
2023-11-29 15:13:39,203 [WARN] ConditionMgr:1039 - genDependencies : Invalid condition id : UX DEVICE CLASS RTOS Condition cause : null
2023-11-29 15:13:39,205 [WARN] ConditionMgr:1039 - genDependencies : Invalid condition id : UX DEVICE CLASS RTOS Condition cause : null
2023-11-29 15:13:39,207 [WARN] ConditionMgr:1039 - genDependencies : Invalid condition id : UX DEVICE CLASS RTOS Condition cause : null
2023-11-29 15:13:39,208 [WARN] ConditionMgr:1039 - genDependencies : Invalid condition id : UX DEVICE CLASS RTOS Condition cause : null
2023-11-29 15:13:39,208 [WARN] ConditionMgr:1039 - genDependencies : Invalid condition id : UX DEVICE CLASS RTOS Condition cause : null
2023-11-29 15:13:39,245 [WARN] PackLoader:240 - Cannot read IP mode file for STMicroelectronics.X-CUBE-NFC7.1.0.1
2023-11-29 15:13:39,282 [WARN] PackLoader:240 - Cannot read IP mode file for STMicroelectronics.X-CUBE-EEPRMA1.4.1.0
2023-11-29 15:13:39,323 [WARN] PackLoader:240 - Cannot read IP mode file for STMicroelectronics.X-CUBE-AI.8.1.0
2023-11-29 15:13:39,397 [WARN] ConditionMgr:438 - getConditionDescription Invalid condition id : LAN8742 Phy interface Condition cause : null
2023-11-29 15:13:39,400 [WARN] PackLoader:240 - Cannot read IP mode file for STMicroelectronics.X-CUBE-AZRTOS-L4.2.0.0
2023-11-29 15:13:39,414 [WARN] ConditionMgr:1039 - genDependencies : Invalid condition id : LAN8742 Phy interface Condition cause : null
2023-11-29 15:13:39,419 [WARN] ConditionMgr:1039 - genDependencies : Invalid condition id : LAN8742 Phy interface Condition cause : null
2023-11-29 15:13:39,422 [WARN] ConditionMgr:1039 - genDependencies : Invalid condition id : LAN8742 Phy interface Condition cause : null
2023-11-29 15:13:39,472 [WARN] PackLoader:240 - Cannot read IP mode file for STMicroelectronics.X-CUBE-SFXS2LP1.4.0.0
2023-11-29 15:13:39,507 [WARN] PackLoader:240 - Cannot read IP mode file for STMicroelectronics.X-CUBE-ISPU.1.1.0
2023-11-29 15:13:39,560 [INFO] WebApp:753 - Register for checkConnection events
2023-11-29 15:13:39,560 [INFO] WebApp:390 - Apply proxy settings
2023-11-29 15:13:39,561 [INFO] WebApp:475 - Chromium requires no authentication
2023-11-29 15:13:39,561 [WARN] ConditionMgr:438 - getConditionDescription Invalid condition id : UX DEVICE CLASS RTOS Condition cause : null
2023-11-29 15:13:39,562 [WARN] ConditionMgr:438 - getConditionDescription Invalid condition id : UX DEVICE CLASS RTOS Condition cause : null
2023-11-29 15:13:39,566 [WARN] PackLoader:240 - Cannot read IP mode file for STMicroelectronics.X-CUBE-AZRTOS-WB.2.0.0
2023-11-29 15:13:39,567 [WARN] ConditionMgr:1039 - genDependencies : Invalid condition id : UX DEVICE CLASS RTOS Condition cause : null
2023-11-29 15:13:39,567 [WARN] ConditionMgr:1039 - genDependencies : Invalid condition id : UX DEVICE CLASS RTOS Condition cause : null
2023-11-29 15:13:39,568 [WARN] ConditionMgr:1039 - genDependencies : Invalid condition id : UX DEVICE CLASS RTOS Condition cause : null
2023-11-29 15:13:39,569 [WARN] ConditionMgr:1039 - genDependencies : Invalid condition id : UX DEVICE CLASS RTOS Condition cause : null
2023-11-29 15:13:39,569 [WARN] ConditionMgr:1039 - genDependencies : Invalid condition id : UX DEVICE CLASS RTOS Condition cause : null
2023-11-29 15:13:39,611 [WARN] PackLoader:240 - Cannot read IP mode file for STMicroelectronics.X-CUBE-SUBG2.5.0.0
2023-11-29 15:13:39,665 [WARN] PackLoader:240 - Cannot read IP mode file for STMicroelectronics.X-CUBE-TOF1.3.3.1
2023-11-29 15:13:39,707 [INFO] WebApp:418 - Direct internet connection detected
2023-11-29 15:13:39,747 [WARN] PackLoader:240 - Cannot read IP mode file for STMicroelectronics.X-CUBE-AZRTOS-G4.2.0.0
2023-11-29 15:13:39,808 [WARN] PackLoader:240 - Cannot read IP mode file for Infineon.AIROC-Wi-Fi-Bluetooth-STM32.1.5.1
2023-11-29 15:13:39,839 [WARN] PackLoader:240 - Cannot read IP mode file for STMicroelectronics.FP-SNS-MOTENVWB1.1.3.0
2023-11-29 15:13:39,968 [WARN] PackLoader:240 - Cannot read IP mode file for STMicroelectronics.X-CUBE-MEMS1.10.0.0
2023-11-29 15:13:40,220 [INFO] WebApp:188 - Starting web application
2023-11-29 15:13:40,220 [INFO] WebApp:520 - Web application path used C:\ST\STM32CubeIDE_1.13.2\STM32CubeIDE\plugins\com.st.stm32cube.common.mx_6.9.2.202309101412\db\plugins\mcufinder\reactClient1\index.html
2023-11-29 15:13:40,342 [WARN] PackLoader:240 - Cannot read IP mode file for STMicroelectronics.X-CUBE-FREERTOS.1.1.0
2023-11-29 15:13:40,369 [WARN] PackLoader:240 - Cannot read IP mode file for portGmbH.I-Cube-SoM-uGOAL.1.1.0
2023-11-29 15:13:40,404 [WARN] PackLoader:240 - Cannot read IP mode file for STMicroelectronics.X-CUBE-ALS.1.0.1
2023-11-29 15:13:40,452 [WARN] PackLoader:240 - Cannot read IP mode file for STMicroelectronics.FP-ATR-ASTRA1.2.0.0
2023-11-29 15:13:40,503 [WARN] PackLoader:240 - Cannot read IP mode file for STMicroelectronics.X-CUBE-TOF1.3.4.0
2023-11-29 15:13:40,541 [INFO] ThirdParty:978 - Integrity check success = true
2023-11-29 15:13:40,541 [INFO] IntegrityCheckThread:100 - exiting critical section [integrity check]
2023-11-29 15:13:40,541 [INFO] IntegrityCheckThread:103 - End integrity checks thread
2023-11-29 15:14:04,914 [ERROR] LogOutputStream:75 - [STDERR_REDIRECT] SLF4J: Failed to load class "org.slf4j.impl.StaticLoggerBinder".
2023-11-29 15:14:04,915 [ERROR] LogOutputStream:75 - [STDERR_REDIRECT] SLF4J: Defaulting to no-operation (NOP) logger implementation
2023-11-29 15:14:04,918 [ERROR] LogOutputStream:75 - [STDERR_REDIRECT] SLF4J: See http://www.slf4j.org/codes.html#StaticLoggerBinder for further details.
2023-11-29 15:17:15,286 [ERROR] LogOutputStream:75 - [STDERR_REDIRECT] 
2023-11-29 15:20:19,381 [INFO] Activator:176 - 


2023-11-29 15:20:19,384 [INFO] Activator:177 - !SESSION log4j initialized
2023-11-29 15:20:24,958 [INFO] LogOutputStream:77 - [STDOUT_REDIRECT] 
2023-11-29 15:20:28,615 [INFO] ApplicationProperties:184 - Using Application install path: C:\ST\STM32CubeIDE_1.13.2\STM32CubeIDE\plugins\com.st.stm32cube.common.mx_6.9.2.202309101412
2023-11-29 15:20:28,644 [INFO] DbMcusXml:78 - Set database path to: C:\ST\STM32CubeIDE_1.13.2\STM32CubeIDE\plugins\com.st.stm32cube.common.mx_6.9.2.202309101412\\db\/mcu/
2023-11-29 15:20:28,645 [INFO] ApiDb:274 - Set plugin database path to: C:\ST\STM32CubeIDE_1.13.2\STM32CubeIDE\plugins\com.st.stm32cube.common.mx_6.9.2.202309101412\\db\/plugins/boardmanager/
2023-11-29 15:20:28,645 [WARN] ApiDb:259 - Overriding images path with different value:  => C:\ST\STM32CubeIDE_1.13.2\STM32CubeIDE\plugins\com.st.stm32cube.common.mx_6.9.2.202309101412\\db\/plugins/mcufinder/images/
2023-11-29 15:20:28,666 [INFO] ApiDb:250 - Set database path to: C:\Users\E-AY\.stmcufinder\plugins\mcufinder//mcu/
2023-11-29 15:20:28,668 [INFO] DbMcusAds:125 - Set database path to: C:\Users\E-AY\.stmcufinder\plugins\mcufinder//mcu/
2023-11-29 15:20:28,670 [INFO] CrossReferenceDbSqlite:203 - Set database path to: C:\Users\E-AY\.stmcufinder\plugins\mcufinder//mcu/cs/
2023-11-29 15:20:28,828 [INFO] RulesReader:64 - Compatibility file has been processed (293 Rules)
2023-11-29 15:20:28,944 [INFO] DbMcusXml:78 - Set database path to: C:\ST\STM32CubeIDE_1.13.2\STM32CubeIDE\plugins\com.st.stm32cube.common.mx_6.9.2.202309101412\\db\/mcu/
2023-11-29 15:20:28,944 [INFO] ApiDb:274 - Set plugin database path to: C:\ST\STM32CubeIDE_1.13.2\STM32CubeIDE\plugins\com.st.stm32cube.common.mx_6.9.2.202309101412\\db\/plugins/boardmanager/
2023-11-29 15:20:28,944 [INFO] ApiDb:261 - Set plugin images path to: C:\ST\STM32CubeIDE_1.13.2\STM32CubeIDE\plugins\com.st.stm32cube.common.mx_6.9.2.202309101412\\db\/plugins/mcufinder/images/
2023-11-29 15:20:28,945 [WARN] DbFile:41 - Overriding database path with different value: C:\Users\E-AY\.stmcufinder\plugins\mcufinder/ => C:\Users\E-AY\.stmcufinder\plugins\mcufinder
2023-11-29 15:20:28,945 [INFO] ApiDb:250 - Set database path to: C:\Users\E-AY\.stmcufinder\plugins\mcufinder//mcu/
2023-11-29 15:20:28,945 [WARN] DbFile:41 - Overriding database path with different value: C:\Users\E-AY\.stmcufinder\plugins\mcufinder/ => C:\Users\E-AY\.stmcufinder\plugins\mcufinder
2023-11-29 15:20:28,945 [INFO] DbMcusAds:125 - Set database path to: C:\Users\E-AY\.stmcufinder\plugins\mcufinder//mcu/
2023-11-29 15:20:28,945 [WARN] DbFile:41 - Overriding database path with different value: C:\Users\E-AY\.stmcufinder\plugins\mcufinder/ => C:\Users\E-AY\.stmcufinder\plugins\mcufinder
2023-11-29 15:20:28,945 [WARN] DbFile:41 - Overriding database path with different value: C:\Users\E-AY\.stmcufinder\plugins\mcufinder/ => C:\Users\E-AY\.stmcufinder\plugins\mcufinder
2023-11-29 15:20:28,945 [INFO] CrossReferenceDbSqlite:203 - Set database path to: C:\Users\E-AY\.stmcufinder\plugins\mcufinder//mcu/cs/
2023-11-29 15:20:29,048 [INFO] MainPanel:262 - HeapMemory: 268435456
2023-11-29 15:20:29,161 [INFO] DbMcusXml:78 - Set database path to: C:\ST\STM32CubeIDE_1.13.2\STM32CubeIDE\plugins\com.st.stm32cube.common.mx_6.9.2.202309101412\\db\/mcu/
2023-11-29 15:20:29,161 [INFO] ApiDb:274 - Set plugin database path to: C:\ST\STM32CubeIDE_1.13.2\STM32CubeIDE\plugins\com.st.stm32cube.common.mx_6.9.2.202309101412\\db\/plugins/boardmanager/
2023-11-29 15:20:29,161 [INFO] ApiDb:261 - Set plugin images path to: C:\ST\STM32CubeIDE_1.13.2\STM32CubeIDE\plugins\com.st.stm32cube.common.mx_6.9.2.202309101412\\db\/plugins/mcufinder/images/
2023-11-29 15:20:29,162 [WARN] DbFile:41 - Overriding database path with different value: C:\Users\E-AY\.stmcufinder\plugins\mcufinder/ => C:\Users\E-AY\.stmcufinder\plugins\mcufinder
2023-11-29 15:20:29,162 [INFO] ApiDb:250 - Set database path to: C:\Users\E-AY\.stmcufinder\plugins\mcufinder//mcu/
2023-11-29 15:20:29,162 [WARN] DbFile:41 - Overriding database path with different value: C:\Users\E-AY\.stmcufinder\plugins\mcufinder/ => C:\Users\E-AY\.stmcufinder\plugins\mcufinder
2023-11-29 15:20:29,162 [INFO] DbMcusAds:125 - Set database path to: C:\Users\E-AY\.stmcufinder\plugins\mcufinder//mcu/
2023-11-29 15:20:29,162 [WARN] DbFile:41 - Overriding database path with different value: C:\Users\E-AY\.stmcufinder\plugins\mcufinder/ => C:\Users\E-AY\.stmcufinder\plugins\mcufinder
2023-11-29 15:20:29,162 [WARN] DbFile:41 - Overriding database path with different value: C:\Users\E-AY\.stmcufinder\plugins\mcufinder/ => C:\Users\E-AY\.stmcufinder\plugins\mcufinder
2023-11-29 15:20:29,162 [INFO] CrossReferenceDbSqlite:203 - Set database path to: C:\Users\E-AY\.stmcufinder\plugins\mcufinder//mcu/cs/
2023-11-29 15:20:29,186 [INFO] ApplicationProperties:184 - Using Application install path: C:\ST\STM32CubeIDE_1.13.2\STM32CubeIDE\plugins\com.st.stm32cube.common.mx_6.9.2.202309101412
2023-11-29 15:20:29,187 [INFO] PluginManage:196 - Search for loadable plugins [exclusion list=, ]
2023-11-29 15:20:29,189 [INFO] PluginManage:310 - Check plugin analytics
2023-11-29 15:20:29,436 [INFO] AnalyticsPlugin:253 - Accepted Software Licenses: 
2023-11-29 15:20:29,436 [INFO] AnalyticsPlugin:255 - Accepted CMSIS Pack Licenses: 
2023-11-29 15:20:29,437 [INFO] AnalyticsPlugin:257 - Accepted Firmware Licenses: 
2023-11-29 15:20:29,442 [INFO] PluginManage:359 - Loaded plugin analytics (category:tool,tabindex:-1)
2023-11-29 15:20:29,443 [INFO] PluginManage:310 - Check plugin cadmodel
2023-11-29 15:20:29,448 [INFO] CADModel:105 - Init CAD model plugin
2023-11-29 15:20:29,449 [INFO] PluginManage:359 - Loaded plugin cadmodel (category:power,tabindex:5)
2023-11-29 15:20:29,449 [INFO] PluginManage:310 - Check plugin clock
2023-11-29 15:20:29,462 [INFO] PluginManage:359 - Loaded plugin clock (category:base,tabindex:2)
2023-11-29 15:20:29,463 [INFO] PluginManage:310 - Check plugin ddr
2023-11-29 15:20:29,466 [INFO] PluginManage:359 - Loaded plugin ddr (category:tool,tabindex:6)
2023-11-29 15:20:29,466 [INFO] PluginManage:310 - Check plugin filemanager
2023-11-29 15:20:29,653 [INFO] PluginManage:359 - Loaded plugin filemanager (category:base,tabindex:10)
2023-11-29 15:20:29,653 [INFO] PluginManage:310 - Check plugin ipmanager
2023-11-29 15:20:29,663 [INFO] PluginManage:359 - Loaded plugin ipmanager (category:base,tabindex:5)
2023-11-29 15:20:29,663 [INFO] PluginManage:310 - Check plugin lpbam
2023-11-29 15:20:29,674 [INFO] PluginManage:359 - Loaded plugin lpbam (category:base,tabindex:0)
2023-11-29 15:20:29,674 [INFO] PluginManage:310 - Check plugin memorymap
2023-11-29 15:20:29,693 [INFO] PluginManage:359 - Loaded plugin memorymap (category:base,tabindex:4)
2023-11-29 15:20:29,693 [INFO] PluginManage:310 - Check plugin pinoutandconfiguration
2023-11-29 15:20:29,701 [INFO] PluginManage:359 - Loaded plugin pinoutandconfiguration (category:base,tabindex:1)
2023-11-29 15:20:29,701 [INFO] PluginManage:310 - Check plugin pinoutconfig
2023-11-29 15:20:29,826 [WARN] SupportedApi:132 - Cannot load RTOS API schema: s4s-elt-must-match.1: The content of 'definitions' must match (annotation?, (simpleType | complexType)?, (unique | key | keyref)*)). A problem was found starting at: attribute.
2023-11-29 15:20:30,035 [INFO] PluginManage:359 - Loaded plugin pinoutconfig (category:base,tabindex:0)
2023-11-29 15:20:30,035 [INFO] PluginManage:310 - Check plugin power
2023-11-29 15:20:30,050 [INFO] PluginManage:359 - Loaded plugin power (category:power,tabindex:4)
2023-11-29 15:20:30,050 [INFO] PluginManage:310 - Check plugin projectmanager
2023-11-29 15:20:30,076 [INFO] PluginManage:359 - Loaded plugin projectmanager (category:projectmanager,tabindex:3)
2023-11-29 15:20:30,076 [INFO] PluginManage:310 - Check plugin thirdparty
2023-11-29 15:20:30,254 [INFO] PluginManage:359 - Loaded plugin thirdparty (category:base,tabindex:-1)
2023-11-29 15:20:30,254 [WARN] IntegrityCheckThread:84 - waiting for thirdparty lock release [integrity check]
2023-11-29 15:20:30,255 [INFO] PluginManage:310 - Check plugin tools
2023-11-29 15:20:30,255 [INFO] IntegrityCheckThread:86 - entering critical section [integrity check]
2023-11-29 15:20:30,255 [INFO] ThirdPartyUpdaterWithRetryManager:70 - Updater plugin not ready yet. [1/15]
2023-11-29 15:20:30,260 [INFO] PluginManage:359 - Loaded plugin tools (category:base,tabindex:7)
2023-11-29 15:20:30,261 [INFO] PluginManage:310 - Check plugin tutovideos
2023-11-29 15:20:30,487 [INFO] PluginManage:359 - Loaded plugin tutovideos (category:base,tabindex:-1)
2023-11-29 15:20:30,487 [INFO] PluginManage:310 - Check plugin updater
2023-11-29 15:20:30,498 [INFO] PluginManage:359 - Loaded plugin updater (category:base,tabindex:12)
2023-11-29 15:20:30,498 [INFO] PluginManage:310 - Check plugin userauth
2023-11-29 15:20:30,504 [INFO] UserAuth:113 - Init User Auth plugin
2023-11-29 15:20:30,505 [INFO] PluginManage:359 - Loaded plugin userauth (category:base,tabindex:14)
2023-11-29 15:20:30,505 [INFO] PluginManage:283 - PluginManage : Loaded plugins [17]
2023-11-29 15:20:30,772 [INFO] PinOutPanel:1499 - setPackage(No Configuration,No Configuration)
2023-11-29 15:20:30,915 [INFO] CADModel:165 - CPN selected for project level
2023-11-29 15:20:30,915 [INFO] CADModel:114 - Register for checkConnection events
2023-11-29 15:20:30,937 [INFO] IPUIPlugin:80 - create IPUIPlugin
2023-11-29 15:20:30,937 [INFO] PluginManager:220 - loadIPPluginJar : add adc
2023-11-29 15:20:30,940 [INFO] IPUIPlugin:80 - create IPUIPlugin
2023-11-29 15:20:30,940 [INFO] PluginManager:220 - loadIPPluginJar : add aes
2023-11-29 15:20:30,942 [INFO] IPUIPlugin:80 - create IPUIPlugin
2023-11-29 15:20:30,943 [INFO] PluginManager:220 - loadIPPluginJar : add can
2023-11-29 15:20:30,945 [INFO] IPUIPlugin:80 - create IPUIPlugin
2023-11-29 15:20:30,945 [INFO] PluginManager:220 - loadIPPluginJar : add comp
2023-11-29 15:20:30,948 [INFO] IPUIPlugin:80 - create IPUIPlugin
2023-11-29 15:20:30,948 [INFO] PluginManager:220 - loadIPPluginJar : add cryp
2023-11-29 15:20:30,951 [INFO] IPUIPlugin:80 - create IPUIPlugin
2023-11-29 15:20:30,951 [INFO] PluginManager:220 - loadIPPluginJar : add dfsdm
2023-11-29 15:20:30,957 [INFO] IPUIPlugin:80 - create IPUIPlugin
2023-11-29 15:20:30,958 [INFO] PluginManager:220 - loadIPPluginJar : add dma
2023-11-29 15:20:30,961 [INFO] IPUIPlugin:80 - create IPUIPlugin
2023-11-29 15:20:30,961 [INFO] PluginManager:220 - loadIPPluginJar : add dma3
2023-11-29 15:20:30,963 [INFO] IPUIPlugin:80 - create IPUIPlugin
2023-11-29 15:20:30,963 [INFO] PluginManager:220 - loadIPPluginJar : add fatfs
2023-11-29 15:20:30,968 [INFO] IPUIPlugin:80 - create IPUIPlugin
2023-11-29 15:20:30,968 [INFO] PluginManager:220 - loadIPPluginJar : add fmc
2023-11-29 15:20:30,974 [INFO] IPUIPlugin:80 - create IPUIPlugin
2023-11-29 15:20:30,974 [INFO] PluginManager:220 - loadIPPluginJar : add freertos
2023-11-29 15:20:30,976 [INFO] IPUIPlugin:80 - create IPUIPlugin
2023-11-29 15:20:30,976 [INFO] PluginManager:220 - loadIPPluginJar : add genericplugin
2023-11-29 15:20:30,978 [INFO] IPUIPlugin:80 - create IPUIPlugin
2023-11-29 15:20:30,979 [INFO] PluginManager:220 - loadIPPluginJar : add gfxmmu
2023-11-29 15:20:30,985 [INFO] IPUIPlugin:80 - create IPUIPlugin
2023-11-29 15:20:30,985 [INFO] PluginManager:220 - loadIPPluginJar : add gic
2023-11-29 15:20:30,989 [INFO] IPUIPlugin:80 - create IPUIPlugin
2023-11-29 15:20:30,989 [INFO] PluginManager:220 - loadIPPluginJar : add gpio
2023-11-29 15:20:30,992 [INFO] IPUIPlugin:80 - create IPUIPlugin
2023-11-29 15:20:30,992 [INFO] PluginManager:220 - loadIPPluginJar : add gtzc
2023-11-29 15:20:30,994 [INFO] IPUIPlugin:80 - create IPUIPlugin
2023-11-29 15:20:30,995 [INFO] PluginManager:220 - loadIPPluginJar : add hash
2023-11-29 15:20:30,997 [INFO] IPUIPlugin:80 - create IPUIPlugin
2023-11-29 15:20:30,997 [INFO] PluginManager:220 - loadIPPluginJar : add i2c
2023-11-29 15:20:31,000 [INFO] IPUIPlugin:80 - create IPUIPlugin
2023-11-29 15:20:31,000 [INFO] PluginManager:220 - loadIPPluginJar : add i2s
2023-11-29 15:20:31,003 [INFO] IPUIPlugin:80 - create IPUIPlugin
2023-11-29 15:20:31,003 [INFO] PluginManager:220 - loadIPPluginJar : add i3c
2023-11-29 15:20:31,007 [INFO] IPUIPlugin:80 - create IPUIPlugin
2023-11-29 15:20:31,007 [INFO] PluginManager:220 - loadIPPluginJar : add ipddr
2023-11-29 15:20:31,015 [INFO] IPUIPlugin:80 - create IPUIPlugin
2023-11-29 15:20:31,015 [INFO] PluginManager:220 - loadIPPluginJar : add linkedlist
2023-11-29 15:20:31,018 [INFO] IPUIPlugin:80 - create IPUIPlugin
2023-11-29 15:20:31,018 [INFO] PluginManager:220 - loadIPPluginJar : add lorawan
2023-11-29 15:20:31,020 [INFO] IPUIPlugin:80 - create IPUIPlugin
2023-11-29 15:20:31,020 [INFO] PluginManager:220 - loadIPPluginJar : add ltdc
2023-11-29 15:20:31,025 [INFO] IPUIPlugin:80 - create IPUIPlugin
2023-11-29 15:20:31,026 [INFO] PluginManager:220 - loadIPPluginJar : add mdma
2023-11-29 15:20:31,029 [INFO] IPUIPlugin:80 - create IPUIPlugin
2023-11-29 15:20:31,030 [INFO] PluginManager:220 - loadIPPluginJar : add nvic
2023-11-29 15:20:31,032 [INFO] IPUIPlugin:80 - create IPUIPlugin
2023-11-29 15:20:31,033 [INFO] PluginManager:220 - loadIPPluginJar : add opamp
2023-11-29 15:20:31,036 [INFO] IPUIPlugin:80 - create IPUIPlugin
2023-11-29 15:20:31,036 [INFO] PluginManager:220 - loadIPPluginJar : add openamp
2023-11-29 15:20:31,039 [INFO] IPUIPlugin:80 - create IPUIPlugin
2023-11-29 15:20:31,040 [INFO] PluginManager:220 - loadIPPluginJar : add pdm2pcm
2023-11-29 15:20:31,047 [INFO] IPUIPlugin:80 - create IPUIPlugin
2023-11-29 15:20:31,050 [INFO] PluginManager:220 - loadIPPluginJar : add plateformsettings
2023-11-29 15:20:31,053 [INFO] IPUIPlugin:80 - create IPUIPlugin
2023-11-29 15:20:31,053 [INFO] PluginManager:220 - loadIPPluginJar : add quadspi
2023-11-29 15:20:31,056 [INFO] IPUIPlugin:80 - create IPUIPlugin
2023-11-29 15:20:31,057 [INFO] PluginManager:220 - loadIPPluginJar : add resmgrutility
2023-11-29 15:20:31,060 [INFO] IPUIPlugin:80 - create IPUIPlugin
2023-11-29 15:20:31,060 [INFO] PluginManager:220 - loadIPPluginJar : add sai
2023-11-29 15:20:31,062 [INFO] IPUIPlugin:80 - create IPUIPlugin
2023-11-29 15:20:31,062 [INFO] PluginManager:220 - loadIPPluginJar : add spi
2023-11-29 15:20:31,067 [INFO] IPUIPlugin:80 - create IPUIPlugin
2023-11-29 15:20:31,067 [INFO] PluginManager:220 - loadIPPluginJar : add stm32_wpan
2023-11-29 15:20:31,069 [INFO] IPUIPlugin:80 - create IPUIPlugin
2023-11-29 15:20:31,069 [INFO] PluginManager:220 - loadIPPluginJar : add tim
2023-11-29 15:20:31,073 [INFO] IPUIPlugin:80 - create IPUIPlugin
2023-11-29 15:20:31,073 [INFO] PluginManager:220 - loadIPPluginJar : add touchsensing
2023-11-29 15:20:31,075 [INFO] IPUIPlugin:80 - create IPUIPlugin
2023-11-29 15:20:31,075 [INFO] PluginManager:220 - loadIPPluginJar : add tracer_emb
2023-11-29 15:20:31,077 [INFO] IPUIPlugin:80 - create IPUIPlugin
2023-11-29 15:20:31,077 [INFO] PluginManager:220 - loadIPPluginJar : add ts
2023-11-29 15:20:31,079 [INFO] IPUIPlugin:80 - create IPUIPlugin
2023-11-29 15:20:31,079 [INFO] PluginManager:220 - loadIPPluginJar : add tsc
2023-11-29 15:20:31,081 [INFO] IPUIPlugin:80 - create IPUIPlugin
2023-11-29 15:20:31,081 [INFO] PluginManager:220 - loadIPPluginJar : add ucpd
2023-11-29 15:20:31,083 [INFO] IPUIPlugin:80 - create IPUIPlugin
2023-11-29 15:20:31,083 [INFO] PluginManager:220 - loadIPPluginJar : add usart
2023-11-29 15:20:31,086 [INFO] IPUIPlugin:80 - create IPUIPlugin
2023-11-29 15:20:31,086 [INFO] PluginManager:220 - loadIPPluginJar : add usbx
2023-11-29 15:20:31,229 [INFO] CADModel:165 - CPN selected for project level
2023-11-29 15:20:31,230 [INFO] CADModel:114 - Register for checkConnection events
2023-11-29 15:20:31,230 [FATAL] Updater:308 - Updater called before beeing initialized
2023-11-29 15:20:31,230 [ERROR] CADModel:125 - Updater not yet initialized, retry later 
2023-11-29 15:20:31,431 [INFO] CADModel:165 - CPN selected for project level
2023-11-29 15:20:31,431 [INFO] CADModel:114 - Register for checkConnection events
2023-11-29 15:20:31,431 [FATAL] Updater:308 - Updater called before beeing initialized
2023-11-29 15:20:31,431 [ERROR] CADModel:125 - Updater not yet initialized, retry later 
2023-11-29 15:20:31,436 [FATAL] Updater:308 - Updater called before beeing initialized
2023-11-29 15:20:31,566 [FATAL] Updater:308 - Updater called before beeing initialized
2023-11-29 15:20:31,575 [INFO] DbMcusAds:53 - JSON generation date=Tue Mar 07 11:50:55 TRT 2023 (1678179055335)
2023-11-29 15:20:31,576 [FATAL] Updater:308 - Updater called before beeing initialized
2023-11-29 15:20:31,627 [WARN] DetailPanel:346 - Failed to get advertising image, set to default
2023-11-29 15:20:31,771 [FATAL] Updater:308 - Updater called before beeing initialized
2023-11-29 15:20:31,773 [FATAL] Updater:308 - Updater called before beeing initialized
2023-11-29 15:20:31,773 [FATAL] Updater:308 - Updater called before beeing initialized
2023-11-29 15:20:31,773 [WARN] DetailPanel:346 - Failed to get advertising image, set to default
2023-11-29 15:20:31,774 [FATAL] Updater:308 - Updater called before beeing initialized
2023-11-29 15:20:31,837 [ERROR] Updater:1120 - MainUpdater not yet initialized. External WinMGr cannot be set.
2023-11-29 15:20:31,839 [INFO] Updater:1056 - Updater Version found : 6.9.2
2023-11-29 15:20:31,867 [INFO] ApplicationProperties:184 - Using Application install path: C:\ST\STM32CubeIDE_1.13.2\STM32CubeIDE\plugins\com.st.stm32cube.common.mx_6.9.2.202309101412
2023-11-29 15:20:32,012 [INFO] MainUpdater:2868 - connection check result : 10
2023-11-29 15:20:32,014 [INFO] MainUpdater:285 - Updater Check For Update Now.
2023-11-29 15:20:32,014 [INFO] MicroXplorer:498 - Change Database Version : DB.6.0.92
2023-11-29 15:20:32,024 [INFO] McuFinderGlobals:63 - Set McuFinder mode to 2 (CubeIDE integrated)
2023-11-29 15:20:32,025 [INFO] UserAuth:179 - activating auth plugin
2023-11-29 15:20:32,028 [INFO] UserAuth:393 - Internet connection configuration mode: 1
2023-11-29 15:20:32,060 [INFO] JxBrowserEngine:151 - Initiate JxBrowser Engine with user profile folder
2023-11-29 15:20:32,224 [INFO] CheckServerUpdateThread:120 - End of CheckServer Thread
2023-11-29 15:20:33,225 [INFO] WebApp:157 - Instantiating new browser for Auth
2023-11-29 15:20:33,554 [WARN] PackLoader:240 - Cannot read IP mode file for STMicroelectronics.X-CUBE-SMBUS.2.1.0
2023-11-29 15:20:33,619 [WARN] PackLoader:240 - Cannot read IP mode file for STMicroelectronics.X-CUBE-AZRTOS-F7.1.1.0
2023-11-29 15:20:33,640 [WARN] PackLoader:240 - Cannot read IP mode file for STMicroelectronics.FP-SNS-MOTENV1.4.3.2
2023-11-29 15:20:33,653 [WARN] PackLoader:240 - Cannot read IP mode file for STMicroelectronics.FP-SNS-FLIGHT1.5.0.2
2023-11-29 15:20:33,672 [WARN] PackLoader:240 - Cannot read IP mode file for STMicroelectronics.X-CUBE-DISPLAY.3.0.0
2023-11-29 15:20:33,698 [WARN] PackLoader:240 - Cannot read IP mode file for STMicroelectronics.X-CUBE-BLE1.7.0.0
2023-11-29 15:20:33,710 [WARN] PackLoader:240 - Cannot read IP mode file for emotas.I-CUBE-CANOPEN.1.3.0
2023-11-29 15:20:33,733 [INFO] LogOutputStream:77 - [STDOUT_REDIRECT] 1 : Invalid condition id : UX_CORESTACK_Condition cause : null
2023-11-29 15:20:33,734 [INFO] LogOutputStream:77 - [STDOUT_REDIRECT] 1 : Invalid condition id : UX_CORESTACK_Condition cause : null
2023-11-29 15:20:33,737 [INFO] LogOutputStream:77 - [STDOUT_REDIRECT] 1 : Invalid condition id : UX_CORESTACK_Condition cause : null
2023-11-29 15:20:33,740 [INFO] LogOutputStream:77 - [STDOUT_REDIRECT] 1 : Invalid condition id : UX_CORESTACK_Condition cause : null
2023-11-29 15:20:33,742 [INFO] LogOutputStream:77 - [STDOUT_REDIRECT] 1 : Invalid condition id : UX_CORESTACK_Condition cause : null
2023-11-29 15:20:33,750 [WARN] PackLoader:240 - Cannot read IP mode file for STMicroelectronics.X-CUBE-AZRTOS-WL.2.0.0
2023-11-29 15:20:33,773 [WARN] PackLoader:240 - Cannot read IP mode file for WES.I-CUBE-Cesium.1.3.0
2023-11-29 15:20:33,782 [WARN] PackLoader:240 - Cannot read IP mode file for STMicroelectronics.X-CUBE-BLE2.3.3.0
2023-11-29 15:20:33,795 [WARN] PackLoader:240 - Cannot read IP mode file for STMicroelectronics.X-CUBE-ALGOBUILD.1.3.0
2023-11-29 15:20:33,828 [WARN] PackLoader:240 - Cannot read IP mode file for STMicroelectronics.X-CUBE-AZRTOS-G0.1.1.0
2023-11-29 15:20:33,839 [WARN] PackLoader:240 - Cannot read IP mode file for STMicroelectronics.X-CUBE-NFC4.3.0.0
2023-11-29 15:20:33,856 [WARN] PackLoader:240 - Cannot read IP mode file for STMicroelectronics.X-CUBE-BLEMGR.3.0.0
2023-11-29 15:20:33,868 [WARN] PackLoader:240 - Cannot read IP mode file for STMicroelectronics.FP-ATR-SIGFOX1.3.2.0
2023-11-29 15:20:33,922 [WARN] PackLoader:240 - Cannot read IP mode file for SEGGER.I-CUBE-embOS.1.3.1
2023-11-29 15:20:34,021 [WARN] PackLoader:240 - Cannot read IP mode file for STMicroelectronics.X-CUBE-GNSS1.6.0.0
2023-11-29 15:20:34,068 [WARN] PackLoader:240 - Cannot read IP mode file for STMicroelectronics.X-CUBE-AZRTOS-F4.1.1.0
2023-11-29 15:20:34,111 [WARN] PackLoader:240 - Cannot read IP mode file for STMicroelectronics.X-CUBE-AZRTOS-L5.2.0.0
2023-11-29 15:20:34,226 [WARN] PackLoader:240 - Cannot read IP mode file for STMicroelectronics.X-CUBE-MEMS1.9.6.0
2023-11-29 15:20:34,513 [INFO] WebApp:753 - Register for checkConnection events
2023-11-29 15:20:34,513 [INFO] WebApp:390 - Apply proxy settings
2023-11-29 15:20:34,513 [INFO] WebApp:475 - Chromium requires no authentication
2023-11-29 15:20:34,519 [WARN] PackLoader:240 - Cannot read IP mode file for STMicroelectronics.X-CUBE-EEPRMA1.4.2.0
2023-11-29 15:20:34,527 [INFO] WebApp:418 - Direct internet connection detected
2023-11-29 15:20:34,530 [WARN] PackLoader:240 - Cannot read IP mode file for ITTIA_DB.I-CUBE-ITTIADB.8.8.0
2023-11-29 15:20:34,540 [WARN] PackLoader:240 - Cannot read IP mode file for STMicroelectronics.X-CUBE-BLEMGR.2.0.0
2023-11-29 15:20:34,571 [WARN] ConditionMgr:438 - getConditionDescription Invalid condition id : UX DEVICE CLASS RTOS Condition cause : null
2023-11-29 15:20:34,572 [WARN] ConditionMgr:438 - getConditionDescription Invalid condition id : UX DEVICE CLASS RTOS Condition cause : null
2023-11-29 15:20:34,575 [WARN] PackLoader:240 - Cannot read IP mode file for STMicroelectronics.X-CUBE-AZRTOS-H7.3.1.0
2023-11-29 15:20:34,576 [WARN] ConditionMgr:1039 - genDependencies : Invalid condition id : UX DEVICE CLASS RTOS Condition cause : null
2023-11-29 15:20:34,576 [WARN] ConditionMgr:1039 - genDependencies : Invalid condition id : UX DEVICE CLASS RTOS Condition cause : null
2023-11-29 15:20:34,577 [WARN] ConditionMgr:1039 - genDependencies : Invalid condition id : UX DEVICE CLASS RTOS Condition cause : null
2023-11-29 15:20:34,578 [WARN] ConditionMgr:1039 - genDependencies : Invalid condition id : UX DEVICE CLASS RTOS Condition cause : null
2023-11-29 15:20:34,578 [WARN] ConditionMgr:1039 - genDependencies : Invalid condition id : UX DEVICE CLASS RTOS Condition cause : null
2023-11-29 15:20:34,597 [WARN] PackLoader:240 - Cannot read IP mode file for STMicroelectronics.X-CUBE-NFC7.1.0.1
2023-11-29 15:20:34,606 [WARN] PackLoader:240 - Cannot read IP mode file for STMicroelectronics.X-CUBE-EEPRMA1.4.1.0
2023-11-29 15:20:34,615 [WARN] PackLoader:240 - Cannot read IP mode file for STMicroelectronics.X-CUBE-AI.8.1.0
2023-11-29 15:20:34,640 [WARN] ConditionMgr:438 - getConditionDescription Invalid condition id : LAN8742 Phy interface Condition cause : null
2023-11-29 15:20:34,641 [WARN] PackLoader:240 - Cannot read IP mode file for STMicroelectronics.X-CUBE-AZRTOS-L4.2.0.0
2023-11-29 15:20:34,643 [WARN] ConditionMgr:1039 - genDependencies : Invalid condition id : LAN8742 Phy interface Condition cause : null
2023-11-29 15:20:34,643 [WARN] ConditionMgr:1039 - genDependencies : Invalid condition id : LAN8742 Phy interface Condition cause : null
2023-11-29 15:20:34,644 [WARN] ConditionMgr:1039 - genDependencies : Invalid condition id : LAN8742 Phy interface Condition cause : null
2023-11-29 15:20:34,653 [WARN] PackLoader:240 - Cannot read IP mode file for STMicroelectronics.X-CUBE-SFXS2LP1.4.0.0
2023-11-29 15:20:34,660 [WARN] PackLoader:240 - Cannot read IP mode file for STMicroelectronics.X-CUBE-ISPU.1.1.0
2023-11-29 15:20:34,677 [WARN] ConditionMgr:438 - getConditionDescription Invalid condition id : UX DEVICE CLASS RTOS Condition cause : null
2023-11-29 15:20:34,677 [WARN] ConditionMgr:438 - getConditionDescription Invalid condition id : UX DEVICE CLASS RTOS Condition cause : null
2023-11-29 15:20:34,680 [WARN] PackLoader:240 - Cannot read IP mode file for STMicroelectronics.X-CUBE-AZRTOS-WB.2.0.0
2023-11-29 15:20:34,680 [WARN] ConditionMgr:1039 - genDependencies : Invalid condition id : UX DEVICE CLASS RTOS Condition cause : null
2023-11-29 15:20:34,681 [WARN] ConditionMgr:1039 - genDependencies : Invalid condition id : UX DEVICE CLASS RTOS Condition cause : null
2023-11-29 15:20:34,681 [WARN] ConditionMgr:1039 - genDependencies : Invalid condition id : UX DEVICE CLASS RTOS Condition cause : null
2023-11-29 15:20:34,682 [WARN] ConditionMgr:1039 - genDependencies : Invalid condition id : UX DEVICE CLASS RTOS Condition cause : null
2023-11-29 15:20:34,682 [WARN] ConditionMgr:1039 - genDependencies : Invalid condition id : UX DEVICE CLASS RTOS Condition cause : null
2023-11-29 15:20:34,700 [WARN] PackLoader:240 - Cannot read IP mode file for STMicroelectronics.X-CUBE-SUBG2.5.0.0
2023-11-29 15:20:34,723 [WARN] PackLoader:240 - Cannot read IP mode file for STMicroelectronics.X-CUBE-TOF1.3.3.1
2023-11-29 15:20:34,758 [WARN] PackLoader:240 - Cannot read IP mode file for STMicroelectronics.X-CUBE-AZRTOS-G4.2.0.0
2023-11-29 15:20:34,777 [WARN] PackLoader:240 - Cannot read IP mode file for Infineon.AIROC-Wi-Fi-Bluetooth-STM32.1.5.1
2023-11-29 15:20:34,788 [WARN] PackLoader:240 - Cannot read IP mode file for STMicroelectronics.FP-SNS-MOTENVWB1.1.3.0
2023-11-29 15:20:34,852 [WARN] PackLoader:240 - Cannot read IP mode file for STMicroelectronics.X-CUBE-MEMS1.10.0.0
2023-11-29 15:20:34,914 [INFO] WebApp:188 - Starting web application
2023-11-29 15:20:34,915 [INFO] WebApp:520 - Web application path used C:\ST\STM32CubeIDE_1.13.2\STM32CubeIDE\plugins\com.st.stm32cube.common.mx_6.9.2.202309101412\db\plugins\mcufinder\reactClient1\index.html
2023-11-29 15:20:35,044 [WARN] PackLoader:240 - Cannot read IP mode file for STMicroelectronics.X-CUBE-FREERTOS.1.1.0
2023-11-29 15:20:35,052 [WARN] PackLoader:240 - Cannot read IP mode file for portGmbH.I-Cube-SoM-uGOAL.1.1.0
2023-11-29 15:20:35,059 [WARN] PackLoader:240 - Cannot read IP mode file for STMicroelectronics.X-CUBE-ALS.1.0.1
2023-11-29 15:20:35,066 [WARN] PackLoader:240 - Cannot read IP mode file for STMicroelectronics.FP-ATR-ASTRA1.2.0.0
2023-11-29 15:20:35,079 [WARN] PackLoader:240 - Cannot read IP mode file for STMicroelectronics.X-CUBE-TOF1.3.4.0
2023-11-29 15:20:35,098 [INFO] ThirdParty:978 - Integrity check success = true
2023-11-29 15:20:35,098 [INFO] IntegrityCheckThread:100 - exiting critical section [integrity check]
2023-11-29 15:20:35,099 [INFO] IntegrityCheckThread:103 - End integrity checks thread
2023-11-29 15:20:55,858 [ERROR] LogOutputStream:75 - [STDERR_REDIRECT] SLF4J: Failed to load class "org.slf4j.impl.StaticLoggerBinder".
2023-11-29 15:20:55,859 [ERROR] LogOutputStream:75 - [STDERR_REDIRECT] SLF4J: Defaulting to no-operation (NOP) logger implementation
2023-11-29 15:20:55,862 [ERROR] LogOutputStream:75 - [STDERR_REDIRECT] SLF4J: See http://www.slf4j.org/codes.html#StaticLoggerBinder for further details.
2023-11-29 19:48:15,319 [ERROR] LogOutputStream:75 - [STDERR_REDIRECT] 
2023-11-29 19:51:41,610 [INFO] Activator:176 - 


2023-11-29 19:51:41,613 [INFO] Activator:177 - !SESSION log4j initialized
2023-11-29 19:51:45,592 [INFO] LogOutputStream:77 - [STDOUT_REDIRECT] 
2023-11-29 19:51:45,999 [ERROR] ConfigurationRetriever:142 - IOException on connection: sw-center.st.com
2023-11-29 19:51:46,000 [ERROR] ConfigurationRetriever:142 - IOException on connection: sw-center.st.com
2023-11-29 19:51:46,001 [ERROR] ConfigurationRetriever:142 - IOException on connection: sw-center.st.com
2023-11-29 19:52:09,317 [INFO] ApplicationProperties:184 - Using Application install path: C:\ST\STM32CubeIDE_1.13.2\STM32CubeIDE\plugins\com.st.stm32cube.common.mx_6.9.2.202309101412
2023-11-29 19:52:09,355 [INFO] DbMcusXml:78 - Set database path to: C:\ST\STM32CubeIDE_1.13.2\STM32CubeIDE\plugins\com.st.stm32cube.common.mx_6.9.2.202309101412\\db\/mcu/
2023-11-29 19:52:09,356 [INFO] ApiDb:274 - Set plugin database path to: C:\ST\STM32CubeIDE_1.13.2\STM32CubeIDE\plugins\com.st.stm32cube.common.mx_6.9.2.202309101412\\db\/plugins/boardmanager/
2023-11-29 19:52:09,356 [WARN] ApiDb:259 - Overriding images path with different value:  => C:\ST\STM32CubeIDE_1.13.2\STM32CubeIDE\plugins\com.st.stm32cube.common.mx_6.9.2.202309101412\\db\/plugins/mcufinder/images/
2023-11-29 19:52:09,375 [INFO] ApiDb:250 - Set database path to: C:\Users\E-AY\.stmcufinder\plugins\mcufinder//mcu/
2023-11-29 19:52:09,377 [INFO] DbMcusAds:125 - Set database path to: C:\Users\E-AY\.stmcufinder\plugins\mcufinder//mcu/
2023-11-29 19:52:09,384 [INFO] CrossReferenceDbSqlite:203 - Set database path to: C:\Users\E-AY\.stmcufinder\plugins\mcufinder//mcu/cs/
2023-11-29 19:52:09,547 [INFO] RulesReader:64 - Compatibility file has been processed (293 Rules)
2023-11-29 19:52:09,671 [INFO] DbMcusXml:78 - Set database path to: C:\ST\STM32CubeIDE_1.13.2\STM32CubeIDE\plugins\com.st.stm32cube.common.mx_6.9.2.202309101412\\db\/mcu/
2023-11-29 19:52:09,671 [INFO] ApiDb:274 - Set plugin database path to: C:\ST\STM32CubeIDE_1.13.2\STM32CubeIDE\plugins\com.st.stm32cube.common.mx_6.9.2.202309101412\\db\/plugins/boardmanager/
2023-11-29 19:52:09,672 [INFO] ApiDb:261 - Set plugin images path to: C:\ST\STM32CubeIDE_1.13.2\STM32CubeIDE\plugins\com.st.stm32cube.common.mx_6.9.2.202309101412\\db\/plugins/mcufinder/images/
2023-11-29 19:52:09,672 [WARN] DbFile:41 - Overriding database path with different value: C:\Users\E-AY\.stmcufinder\plugins\mcufinder/ => C:\Users\E-AY\.stmcufinder\plugins\mcufinder
2023-11-29 19:52:09,672 [INFO] ApiDb:250 - Set database path to: C:\Users\E-AY\.stmcufinder\plugins\mcufinder//mcu/
2023-11-29 19:52:09,673 [WARN] DbFile:41 - Overriding database path with different value: C:\Users\E-AY\.stmcufinder\plugins\mcufinder/ => C:\Users\E-AY\.stmcufinder\plugins\mcufinder
2023-11-29 19:52:09,673 [INFO] DbMcusAds:125 - Set database path to: C:\Users\E-AY\.stmcufinder\plugins\mcufinder//mcu/
2023-11-29 19:52:09,673 [WARN] DbFile:41 - Overriding database path with different value: C:\Users\E-AY\.stmcufinder\plugins\mcufinder/ => C:\Users\E-AY\.stmcufinder\plugins\mcufinder
2023-11-29 19:52:09,673 [WARN] DbFile:41 - Overriding database path with different value: C:\Users\E-AY\.stmcufinder\plugins\mcufinder/ => C:\Users\E-AY\.stmcufinder\plugins\mcufinder
2023-11-29 19:52:09,673 [INFO] CrossReferenceDbSqlite:203 - Set database path to: C:\Users\E-AY\.stmcufinder\plugins\mcufinder//mcu/cs/
2023-11-29 19:52:09,780 [INFO] MainPanel:262 - HeapMemory: 268435456
2023-11-29 19:52:09,864 [INFO] DbMcusXml:78 - Set database path to: C:\ST\STM32CubeIDE_1.13.2\STM32CubeIDE\plugins\com.st.stm32cube.common.mx_6.9.2.202309101412\\db\/mcu/
2023-11-29 19:52:09,865 [INFO] ApiDb:274 - Set plugin database path to: C:\ST\STM32CubeIDE_1.13.2\STM32CubeIDE\plugins\com.st.stm32cube.common.mx_6.9.2.202309101412\\db\/plugins/boardmanager/
2023-11-29 19:52:09,865 [INFO] ApiDb:261 - Set plugin images path to: C:\ST\STM32CubeIDE_1.13.2\STM32CubeIDE\plugins\com.st.stm32cube.common.mx_6.9.2.202309101412\\db\/plugins/mcufinder/images/
2023-11-29 19:52:09,865 [WARN] DbFile:41 - Overriding database path with different value: C:\Users\E-AY\.stmcufinder\plugins\mcufinder/ => C:\Users\E-AY\.stmcufinder\plugins\mcufinder
2023-11-29 19:52:09,865 [INFO] ApiDb:250 - Set database path to: C:\Users\E-AY\.stmcufinder\plugins\mcufinder//mcu/
2023-11-29 19:52:09,865 [WARN] DbFile:41 - Overriding database path with different value: C:\Users\E-AY\.stmcufinder\plugins\mcufinder/ => C:\Users\E-AY\.stmcufinder\plugins\mcufinder
2023-11-29 19:52:09,866 [INFO] DbMcusAds:125 - Set database path to: C:\Users\E-AY\.stmcufinder\plugins\mcufinder//mcu/
2023-11-29 19:52:09,866 [WARN] DbFile:41 - Overriding database path with different value: C:\Users\E-AY\.stmcufinder\plugins\mcufinder/ => C:\Users\E-AY\.stmcufinder\plugins\mcufinder
2023-11-29 19:52:09,866 [WARN] DbFile:41 - Overriding database path with different value: C:\Users\E-AY\.stmcufinder\plugins\mcufinder/ => C:\Users\E-AY\.stmcufinder\plugins\mcufinder
2023-11-29 19:52:09,866 [INFO] CrossReferenceDbSqlite:203 - Set database path to: C:\Users\E-AY\.stmcufinder\plugins\mcufinder//mcu/cs/
2023-11-29 19:52:09,887 [INFO] ApplicationProperties:184 - Using Application install path: C:\ST\STM32CubeIDE_1.13.2\STM32CubeIDE\plugins\com.st.stm32cube.common.mx_6.9.2.202309101412
2023-11-29 19:52:09,888 [INFO] PluginManage:196 - Search for loadable plugins [exclusion list=, ]
2023-11-29 19:52:09,890 [INFO] PluginManage:310 - Check plugin analytics
2023-11-29 19:52:10,150 [INFO] AnalyticsPlugin:253 - Accepted Software Licenses: 
2023-11-29 19:52:10,150 [INFO] AnalyticsPlugin:255 - Accepted CMSIS Pack Licenses: 
2023-11-29 19:52:10,151 [INFO] AnalyticsPlugin:257 - Accepted Firmware Licenses: 
2023-11-29 19:52:10,154 [INFO] PluginManage:359 - Loaded plugin analytics (category:tool,tabindex:-1)
2023-11-29 19:52:10,155 [INFO] PluginManage:310 - Check plugin cadmodel
2023-11-29 19:52:10,156 [ERROR] ConfigurationRetriever:142 - IOException on connection: sw-center.st.com
2023-11-29 19:52:10,157 [ERROR] ConfigurationRetriever:142 - IOException on connection: sw-center.st.com
2023-11-29 19:52:10,158 [ERROR] ConfigurationRetriever:142 - IOException on connection: sw-center.st.com
2023-11-29 19:52:10,161 [INFO] CADModel:105 - Init CAD model plugin
2023-11-29 19:52:10,161 [INFO] PluginManage:359 - Loaded plugin cadmodel (category:power,tabindex:5)
2023-11-29 19:52:10,161 [INFO] PluginManage:310 - Check plugin clock
2023-11-29 19:52:10,176 [INFO] PluginManage:359 - Loaded plugin clock (category:base,tabindex:2)
2023-11-29 19:52:10,176 [INFO] PluginManage:310 - Check plugin ddr
2023-11-29 19:52:10,180 [INFO] PluginManage:359 - Loaded plugin ddr (category:tool,tabindex:6)
2023-11-29 19:52:10,180 [INFO] PluginManage:310 - Check plugin filemanager
2023-11-29 19:52:10,359 [INFO] PluginManage:359 - Loaded plugin filemanager (category:base,tabindex:10)
2023-11-29 19:52:10,360 [INFO] PluginManage:310 - Check plugin ipmanager
2023-11-29 19:52:10,369 [INFO] PluginManage:359 - Loaded plugin ipmanager (category:base,tabindex:5)
2023-11-29 19:52:10,369 [INFO] PluginManage:310 - Check plugin lpbam
2023-11-29 19:52:10,380 [INFO] PluginManage:359 - Loaded plugin lpbam (category:base,tabindex:0)
2023-11-29 19:52:10,380 [INFO] PluginManage:310 - Check plugin memorymap
2023-11-29 19:52:10,398 [INFO] PluginManage:359 - Loaded plugin memorymap (category:base,tabindex:4)
2023-11-29 19:52:10,399 [INFO] PluginManage:310 - Check plugin pinoutandconfiguration
2023-11-29 19:52:10,409 [INFO] PluginManage:359 - Loaded plugin pinoutandconfiguration (category:base,tabindex:1)
2023-11-29 19:52:10,410 [INFO] PluginManage:310 - Check plugin pinoutconfig
2023-11-29 19:52:10,524 [WARN] SupportedApi:132 - Cannot load RTOS API schema: s4s-elt-must-match.1: The content of 'definitions' must match (annotation?, (simpleType | complexType)?, (unique | key | keyref)*)). A problem was found starting at: attribute.
2023-11-29 19:52:10,736 [INFO] PluginManage:359 - Loaded plugin pinoutconfig (category:base,tabindex:0)
2023-11-29 19:52:10,736 [INFO] PluginManage:310 - Check plugin power
2023-11-29 19:52:10,751 [INFO] PluginManage:359 - Loaded plugin power (category:power,tabindex:4)
2023-11-29 19:52:10,751 [INFO] PluginManage:310 - Check plugin projectmanager
2023-11-29 19:52:10,772 [INFO] PluginManage:359 - Loaded plugin projectmanager (category:projectmanager,tabindex:3)
2023-11-29 19:52:10,773 [INFO] PluginManage:310 - Check plugin thirdparty
2023-11-29 19:52:10,956 [INFO] PluginManage:359 - Loaded plugin thirdparty (category:base,tabindex:-1)
2023-11-29 19:52:10,956 [INFO] PluginManage:310 - Check plugin tools
2023-11-29 19:52:10,956 [WARN] IntegrityCheckThread:84 - waiting for thirdparty lock release [integrity check]
2023-11-29 19:52:10,956 [INFO] IntegrityCheckThread:86 - entering critical section [integrity check]
2023-11-29 19:52:10,957 [INFO] ThirdPartyUpdaterWithRetryManager:70 - Updater plugin not ready yet. [1/15]
2023-11-29 19:52:10,959 [INFO] PluginManage:359 - Loaded plugin tools (category:base,tabindex:7)
2023-11-29 19:52:10,960 [INFO] PluginManage:310 - Check plugin tutovideos
2023-11-29 19:52:11,167 [INFO] PluginManage:359 - Loaded plugin tutovideos (category:base,tabindex:-1)
2023-11-29 19:52:11,167 [INFO] PluginManage:310 - Check plugin updater
2023-11-29 19:52:11,181 [INFO] PluginManage:359 - Loaded plugin updater (category:base,tabindex:12)
2023-11-29 19:52:11,182 [INFO] PluginManage:310 - Check plugin userauth
2023-11-29 19:52:11,187 [INFO] UserAuth:113 - Init User Auth plugin
2023-11-29 19:52:11,188 [INFO] PluginManage:359 - Loaded plugin userauth (category:base,tabindex:14)
2023-11-29 19:52:11,188 [INFO] PluginManage:283 - PluginManage : Loaded plugins [17]
2023-11-29 19:52:11,450 [INFO] PinOutPanel:1499 - setPackage(No Configuration,No Configuration)
2023-11-29 19:52:11,580 [INFO] CADModel:165 - CPN selected for project level
2023-11-29 19:52:11,580 [INFO] CADModel:114 - Register for checkConnection events
2023-11-29 19:52:11,599 [INFO] IPUIPlugin:80 - create IPUIPlugin
2023-11-29 19:52:11,599 [INFO] PluginManager:220 - loadIPPluginJar : add adc
2023-11-29 19:52:11,602 [INFO] IPUIPlugin:80 - create IPUIPlugin
2023-11-29 19:52:11,602 [INFO] PluginManager:220 - loadIPPluginJar : add aes
2023-11-29 19:52:11,605 [INFO] IPUIPlugin:80 - create IPUIPlugin
2023-11-29 19:52:11,605 [INFO] PluginManager:220 - loadIPPluginJar : add can
2023-11-29 19:52:11,608 [INFO] IPUIPlugin:80 - create IPUIPlugin
2023-11-29 19:52:11,608 [INFO] PluginManager:220 - loadIPPluginJar : add comp
2023-11-29 19:52:11,611 [INFO] IPUIPlugin:80 - create IPUIPlugin
2023-11-29 19:52:11,611 [INFO] PluginManager:220 - loadIPPluginJar : add cryp
2023-11-29 19:52:11,614 [INFO] IPUIPlugin:80 - create IPUIPlugin
2023-11-29 19:52:11,614 [INFO] PluginManager:220 - loadIPPluginJar : add dfsdm
2023-11-29 19:52:11,620 [INFO] IPUIPlugin:80 - create IPUIPlugin
2023-11-29 19:52:11,620 [INFO] PluginManager:220 - loadIPPluginJar : add dma
2023-11-29 19:52:11,623 [INFO] IPUIPlugin:80 - create IPUIPlugin
2023-11-29 19:52:11,623 [INFO] PluginManager:220 - loadIPPluginJar : add dma3
2023-11-29 19:52:11,625 [INFO] IPUIPlugin:80 - create IPUIPlugin
2023-11-29 19:52:11,625 [INFO] PluginManager:220 - loadIPPluginJar : add fatfs
2023-11-29 19:52:11,630 [INFO] IPUIPlugin:80 - create IPUIPlugin
2023-11-29 19:52:11,630 [INFO] PluginManager:220 - loadIPPluginJar : add fmc
2023-11-29 19:52:11,637 [INFO] IPUIPlugin:80 - create IPUIPlugin
2023-11-29 19:52:11,637 [INFO] PluginManager:220 - loadIPPluginJar : add freertos
2023-11-29 19:52:11,639 [INFO] IPUIPlugin:80 - create IPUIPlugin
2023-11-29 19:52:11,640 [INFO] PluginManager:220 - loadIPPluginJar : add genericplugin
2023-11-29 19:52:11,642 [INFO] IPUIPlugin:80 - create IPUIPlugin
2023-11-29 19:52:11,642 [INFO] PluginManager:220 - loadIPPluginJar : add gfxmmu
2023-11-29 19:52:11,648 [INFO] IPUIPlugin:80 - create IPUIPlugin
2023-11-29 19:52:11,648 [INFO] PluginManager:220 - loadIPPluginJar : add gic
2023-11-29 19:52:11,652 [INFO] IPUIPlugin:80 - create IPUIPlugin
2023-11-29 19:52:11,652 [INFO] PluginManager:220 - loadIPPluginJar : add gpio
2023-11-29 19:52:11,655 [INFO] IPUIPlugin:80 - create IPUIPlugin
2023-11-29 19:52:11,655 [INFO] PluginManager:220 - loadIPPluginJar : add gtzc
2023-11-29 19:52:11,658 [INFO] IPUIPlugin:80 - create IPUIPlugin
2023-11-29 19:52:11,658 [INFO] PluginManager:220 - loadIPPluginJar : add hash
2023-11-29 19:52:11,661 [INFO] IPUIPlugin:80 - create IPUIPlugin
2023-11-29 19:52:11,661 [INFO] PluginManager:220 - loadIPPluginJar : add i2c
2023-11-29 19:52:11,663 [INFO] IPUIPlugin:80 - create IPUIPlugin
2023-11-29 19:52:11,664 [INFO] PluginManager:220 - loadIPPluginJar : add i2s
2023-11-29 19:52:11,666 [INFO] IPUIPlugin:80 - create IPUIPlugin
2023-11-29 19:52:11,666 [INFO] PluginManager:220 - loadIPPluginJar : add i3c
2023-11-29 19:52:11,670 [INFO] IPUIPlugin:80 - create IPUIPlugin
2023-11-29 19:52:11,670 [INFO] PluginManager:220 - loadIPPluginJar : add ipddr
2023-11-29 19:52:11,677 [INFO] IPUIPlugin:80 - create IPUIPlugin
2023-11-29 19:52:11,678 [INFO] PluginManager:220 - loadIPPluginJar : add linkedlist
2023-11-29 19:52:11,681 [INFO] IPUIPlugin:80 - create IPUIPlugin
2023-11-29 19:52:11,681 [INFO] PluginManager:220 - loadIPPluginJar : add lorawan
2023-11-29 19:52:11,683 [INFO] IPUIPlugin:80 - create IPUIPlugin
2023-11-29 19:52:11,683 [INFO] PluginManager:220 - loadIPPluginJar : add ltdc
2023-11-29 19:52:11,689 [INFO] IPUIPlugin:80 - create IPUIPlugin
2023-11-29 19:52:11,689 [INFO] PluginManager:220 - loadIPPluginJar : add mdma
2023-11-29 19:52:11,693 [INFO] IPUIPlugin:80 - create IPUIPlugin
2023-11-29 19:52:11,693 [INFO] PluginManager:220 - loadIPPluginJar : add nvic
2023-11-29 19:52:11,696 [INFO] IPUIPlugin:80 - create IPUIPlugin
2023-11-29 19:52:11,696 [INFO] PluginManager:220 - loadIPPluginJar : add opamp
2023-11-29 19:52:11,699 [INFO] IPUIPlugin:80 - create IPUIPlugin
2023-11-29 19:52:11,699 [INFO] PluginManager:220 - loadIPPluginJar : add openamp
2023-11-29 19:52:11,702 [INFO] IPUIPlugin:80 - create IPUIPlugin
2023-11-29 19:52:11,702 [INFO] PluginManager:220 - loadIPPluginJar : add pdm2pcm
2023-11-29 19:52:11,709 [INFO] IPUIPlugin:80 - create IPUIPlugin
2023-11-29 19:52:11,712 [INFO] PluginManager:220 - loadIPPluginJar : add plateformsettings
2023-11-29 19:52:11,713 [INFO] IPUIPlugin:80 - create IPUIPlugin
2023-11-29 19:52:11,714 [INFO] PluginManager:220 - loadIPPluginJar : add quadspi
2023-11-29 19:52:11,717 [INFO] IPUIPlugin:80 - create IPUIPlugin
2023-11-29 19:52:11,717 [INFO] PluginManager:220 - loadIPPluginJar : add resmgrutility
2023-11-29 19:52:11,720 [INFO] IPUIPlugin:80 - create IPUIPlugin
2023-11-29 19:52:11,721 [INFO] PluginManager:220 - loadIPPluginJar : add sai
2023-11-29 19:52:11,723 [INFO] IPUIPlugin:80 - create IPUIPlugin
2023-11-29 19:52:11,723 [INFO] PluginManager:220 - loadIPPluginJar : add spi
2023-11-29 19:52:11,728 [INFO] IPUIPlugin:80 - create IPUIPlugin
2023-11-29 19:52:11,728 [INFO] PluginManager:220 - loadIPPluginJar : add stm32_wpan
2023-11-29 19:52:11,730 [INFO] IPUIPlugin:80 - create IPUIPlugin
2023-11-29 19:52:11,730 [INFO] PluginManager:220 - loadIPPluginJar : add tim
2023-11-29 19:52:11,733 [INFO] IPUIPlugin:80 - create IPUIPlugin
2023-11-29 19:52:11,733 [INFO] PluginManager:220 - loadIPPluginJar : add touchsensing
2023-11-29 19:52:11,735 [INFO] IPUIPlugin:80 - create IPUIPlugin
2023-11-29 19:52:11,735 [INFO] PluginManager:220 - loadIPPluginJar : add tracer_emb
2023-11-29 19:52:11,737 [INFO] IPUIPlugin:80 - create IPUIPlugin
2023-11-29 19:52:11,737 [INFO] PluginManager:220 - loadIPPluginJar : add ts
2023-11-29 19:52:11,738 [INFO] IPUIPlugin:80 - create IPUIPlugin
2023-11-29 19:52:11,739 [INFO] PluginManager:220 - loadIPPluginJar : add tsc
2023-11-29 19:52:11,740 [INFO] IPUIPlugin:80 - create IPUIPlugin
2023-11-29 19:52:11,740 [INFO] PluginManager:220 - loadIPPluginJar : add ucpd
2023-11-29 19:52:11,743 [INFO] IPUIPlugin:80 - create IPUIPlugin
2023-11-29 19:52:11,743 [INFO] PluginManager:220 - loadIPPluginJar : add usart
2023-11-29 19:52:11,746 [INFO] IPUIPlugin:80 - create IPUIPlugin
2023-11-29 19:52:11,747 [INFO] PluginManager:220 - loadIPPluginJar : add usbx
2023-11-29 19:52:11,886 [INFO] CADModel:165 - CPN selected for project level
2023-11-29 19:52:11,886 [INFO] CADModel:114 - Register for checkConnection events
2023-11-29 19:52:11,886 [FATAL] Updater:308 - Updater called before beeing initialized
2023-11-29 19:52:11,886 [ERROR] CADModel:125 - Updater not yet initialized, retry later 
2023-11-29 19:52:12,062 [INFO] CADModel:165 - CPN selected for project level
2023-11-29 19:52:12,062 [INFO] CADModel:114 - Register for checkConnection events
2023-11-29 19:52:12,062 [FATAL] Updater:308 - Updater called before beeing initialized
2023-11-29 19:52:12,062 [ERROR] CADModel:125 - Updater not yet initialized, retry later 
2023-11-29 19:52:12,066 [FATAL] Updater:308 - Updater called before beeing initialized
2023-11-29 19:52:12,208 [FATAL] Updater:308 - Updater called before beeing initialized
2023-11-29 19:52:12,215 [INFO] DbMcusAds:53 - JSON generation date=Tue Mar 07 11:50:55 TRT 2023 (1678179055335)
2023-11-29 19:52:12,216 [FATAL] Updater:308 - Updater called before beeing initialized
2023-11-29 19:52:12,263 [WARN] DetailPanel:346 - Failed to get advertising image, set to default
2023-11-29 19:52:12,406 [FATAL] Updater:308 - Updater called before beeing initialized
2023-11-29 19:52:12,409 [FATAL] Updater:308 - Updater called before beeing initialized
2023-11-29 19:52:12,409 [FATAL] Updater:308 - Updater called before beeing initialized
2023-11-29 19:52:12,409 [WARN] DetailPanel:346 - Failed to get advertising image, set to default
2023-11-29 19:52:12,410 [FATAL] Updater:308 - Updater called before beeing initialized
2023-11-29 19:52:12,479 [ERROR] Updater:1120 - MainUpdater not yet initialized. External WinMGr cannot be set.
2023-11-29 19:52:12,483 [INFO] Updater:1056 - Updater Version found : 6.9.2
2023-11-29 19:52:12,505 [INFO] ApplicationProperties:184 - Using Application install path: C:\ST\STM32CubeIDE_1.13.2\STM32CubeIDE\plugins\com.st.stm32cube.common.mx_6.9.2.202309101412
2023-11-29 19:52:12,615 [ERROR] ServerAccessManage:1146 - Warning during Server Connection :  Unknown host sw-center.st.com
2023-11-29 19:52:12,619 [INFO] MainUpdater:2868 - connection check result : 22
2023-11-29 19:52:12,621 [INFO] MainUpdater:285 - Updater Check For Update Now.
2023-11-29 19:52:12,621 [INFO] MicroXplorer:498 - Change Database Version : DB.6.0.92
2023-11-29 19:52:12,632 [INFO] McuFinderGlobals:63 - Set McuFinder mode to 2 (CubeIDE integrated)
2023-11-29 19:52:12,632 [INFO] UserAuth:179 - activating auth plugin
2023-11-29 19:52:12,635 [INFO] UserAuth:393 - Internet connection configuration mode: 2
2023-11-29 19:52:12,840 [INFO] CheckServerUpdateThread:120 - End of CheckServer Thread
2023-11-29 19:52:14,165 [WARN] PackLoader:240 - Cannot read IP mode file for STMicroelectronics.X-CUBE-SMBUS.2.1.0
2023-11-29 19:52:14,226 [WARN] PackLoader:240 - Cannot read IP mode file for STMicroelectronics.X-CUBE-AZRTOS-F7.1.1.0
2023-11-29 19:52:14,244 [WARN] PackLoader:240 - Cannot read IP mode file for STMicroelectronics.FP-SNS-MOTENV1.4.3.2
2023-11-29 19:52:14,256 [WARN] PackLoader:240 - Cannot read IP mode file for STMicroelectronics.FP-SNS-FLIGHT1.5.0.2
2023-11-29 19:52:14,271 [WARN] PackLoader:240 - Cannot read IP mode file for STMicroelectronics.X-CUBE-DISPLAY.3.0.0
2023-11-29 19:52:14,326 [WARN] PackLoader:240 - Cannot read IP mode file for STMicroelectronics.X-CUBE-BLE1.7.0.0
2023-11-29 19:52:14,337 [WARN] PackLoader:240 - Cannot read IP mode file for emotas.I-CUBE-CANOPEN.1.3.0
2023-11-29 19:52:14,360 [INFO] LogOutputStream:77 - [STDOUT_REDIRECT] 1 : Invalid condition id : UX_CORESTACK_Condition cause : null
2023-11-29 19:52:14,361 [INFO] LogOutputStream:77 - [STDOUT_REDIRECT] 1 : Invalid condition id : UX_CORESTACK_Condition cause : null
2023-11-29 19:52:14,364 [INFO] LogOutputStream:77 - [STDOUT_REDIRECT] 1 : Invalid condition id : UX_CORESTACK_Condition cause : null
2023-11-29 19:52:14,367 [INFO] LogOutputStream:77 - [STDOUT_REDIRECT] 1 : Invalid condition id : UX_CORESTACK_Condition cause : null
2023-11-29 19:52:14,371 [INFO] LogOutputStream:77 - [STDOUT_REDIRECT] 1 : Invalid condition id : UX_CORESTACK_Condition cause : null
2023-11-29 19:52:14,378 [WARN] PackLoader:240 - Cannot read IP mode file for STMicroelectronics.X-CUBE-AZRTOS-WL.2.0.0
2023-11-29 19:52:14,394 [WARN] PackLoader:240 - Cannot read IP mode file for WES.I-CUBE-Cesium.1.3.0
2023-11-29 19:52:14,400 [WARN] PackLoader:240 - Cannot read IP mode file for STMicroelectronics.X-CUBE-BLE2.3.3.0
2023-11-29 19:52:14,409 [WARN] PackLoader:240 - Cannot read IP mode file for STMicroelectronics.X-CUBE-ALGOBUILD.1.3.0
2023-11-29 19:52:14,443 [WARN] PackLoader:240 - Cannot read IP mode file for STMicroelectronics.X-CUBE-AZRTOS-G0.1.1.0
2023-11-29 19:52:14,452 [WARN] PackLoader:240 - Cannot read IP mode file for STMicroelectronics.X-CUBE-NFC4.3.0.0
2023-11-29 19:52:14,465 [WARN] PackLoader:240 - Cannot read IP mode file for STMicroelectronics.X-CUBE-BLEMGR.3.0.0
2023-11-29 19:52:14,474 [WARN] PackLoader:240 - Cannot read IP mode file for STMicroelectronics.FP-ATR-SIGFOX1.3.2.0
2023-11-29 19:52:14,517 [WARN] PackLoader:240 - Cannot read IP mode file for SEGGER.I-CUBE-embOS.1.3.1
2023-11-29 19:52:14,589 [WARN] PackLoader:240 - Cannot read IP mode file for STMicroelectronics.X-CUBE-GNSS1.6.0.0
2023-11-29 19:52:14,614 [WARN] PackLoader:240 - Cannot read IP mode file for STMicroelectronics.X-CUBE-AZRTOS-F4.1.1.0
2023-11-29 19:52:14,646 [WARN] PackLoader:240 - Cannot read IP mode file for STMicroelectronics.X-CUBE-AZRTOS-L5.2.0.0
2023-11-29 19:52:14,700 [WARN] PackLoader:240 - Cannot read IP mode file for STMicroelectronics.X-CUBE-MEMS1.9.6.0
2023-11-29 19:52:15,008 [WARN] PackLoader:240 - Cannot read IP mode file for STMicroelectronics.X-CUBE-EEPRMA1.4.2.0
2023-11-29 19:52:15,018 [WARN] PackLoader:240 - Cannot read IP mode file for ITTIA_DB.I-CUBE-ITTIADB.8.8.0
2023-11-29 19:52:15,028 [WARN] PackLoader:240 - Cannot read IP mode file for STMicroelectronics.X-CUBE-BLEMGR.2.0.0
2023-11-29 19:52:15,063 [WARN] ConditionMgr:438 - getConditionDescription Invalid condition id : UX DEVICE CLASS RTOS Condition cause : null
2023-11-29 19:52:15,063 [WARN] ConditionMgr:438 - getConditionDescription Invalid condition id : UX DEVICE CLASS RTOS Condition cause : null
2023-11-29 19:52:15,068 [WARN] PackLoader:240 - Cannot read IP mode file for STMicroelectronics.X-CUBE-AZRTOS-H7.3.1.0
2023-11-29 19:52:15,069 [WARN] ConditionMgr:1039 - genDependencies : Invalid condition id : UX DEVICE CLASS RTOS Condition cause : null
2023-11-29 19:52:15,069 [WARN] ConditionMgr:1039 - genDependencies : Invalid condition id : UX DEVICE CLASS RTOS Condition cause : null
2023-11-29 19:52:15,070 [WARN] ConditionMgr:1039 - genDependencies : Invalid condition id : UX DEVICE CLASS RTOS Condition cause : null
2023-11-29 19:52:15,070 [WARN] ConditionMgr:1039 - genDependencies : Invalid condition id : UX DEVICE CLASS RTOS Condition cause : null
2023-11-29 19:52:15,070 [WARN] ConditionMgr:1039 - genDependencies : Invalid condition id : UX DEVICE CLASS RTOS Condition cause : null
2023-11-29 19:52:15,078 [WARN] PackLoader:240 - Cannot read IP mode file for STMicroelectronics.X-CUBE-NFC7.1.0.1
2023-11-29 19:52:15,084 [WARN] PackLoader:240 - Cannot read IP mode file for STMicroelectronics.X-CUBE-EEPRMA1.4.1.0
2023-11-29 19:52:15,090 [WARN] PackLoader:240 - Cannot read IP mode file for STMicroelectronics.X-CUBE-AI.8.1.0
2023-11-29 19:52:15,111 [WARN] ConditionMgr:438 - getConditionDescription Invalid condition id : LAN8742 Phy interface Condition cause : null
2023-11-29 19:52:15,112 [WARN] PackLoader:240 - Cannot read IP mode file for STMicroelectronics.X-CUBE-AZRTOS-L4.2.0.0
2023-11-29 19:52:15,113 [WARN] ConditionMgr:1039 - genDependencies : Invalid condition id : LAN8742 Phy interface Condition cause : null
2023-11-29 19:52:15,114 [WARN] ConditionMgr:1039 - genDependencies : Invalid condition id : LAN8742 Phy interface Condition cause : null
2023-11-29 19:52:15,114 [WARN] ConditionMgr:1039 - genDependencies : Invalid condition id : LAN8742 Phy interface Condition cause : null
2023-11-29 19:52:15,123 [WARN] PackLoader:240 - Cannot read IP mode file for STMicroelectronics.X-CUBE-SFXS2LP1.4.0.0
2023-11-29 19:52:15,129 [WARN] PackLoader:240 - Cannot read IP mode file for STMicroelectronics.X-CUBE-ISPU.1.1.0
2023-11-29 19:52:15,142 [WARN] ConditionMgr:438 - getConditionDescription Invalid condition id : UX DEVICE CLASS RTOS Condition cause : null
2023-11-29 19:52:15,143 [WARN] ConditionMgr:438 - getConditionDescription Invalid condition id : UX DEVICE CLASS RTOS Condition cause : null
2023-11-29 19:52:15,146 [WARN] PackLoader:240 - Cannot read IP mode file for STMicroelectronics.X-CUBE-AZRTOS-WB.2.0.0
2023-11-29 19:52:15,147 [WARN] ConditionMgr:1039 - genDependencies : Invalid condition id : UX DEVICE CLASS RTOS Condition cause : null
2023-11-29 19:52:15,147 [WARN] ConditionMgr:1039 - genDependencies : Invalid condition id : UX DEVICE CLASS RTOS Condition cause : null
2023-11-29 19:52:15,147 [WARN] ConditionMgr:1039 - genDependencies : Invalid condition id : UX DEVICE CLASS RTOS Condition cause : null
2023-11-29 19:52:15,148 [WARN] ConditionMgr:1039 - genDependencies : Invalid condition id : UX DEVICE CLASS RTOS Condition cause : null
2023-11-29 19:52:15,148 [WARN] ConditionMgr:1039 - genDependencies : Invalid condition id : UX DEVICE CLASS RTOS Condition cause : null
2023-11-29 19:52:15,160 [WARN] PackLoader:240 - Cannot read IP mode file for STMicroelectronics.X-CUBE-SUBG2.5.0.0
2023-11-29 19:52:15,181 [WARN] PackLoader:240 - Cannot read IP mode file for STMicroelectronics.X-CUBE-TOF1.3.3.1
2023-11-29 19:52:15,213 [WARN] PackLoader:240 - Cannot read IP mode file for STMicroelectronics.X-CUBE-AZRTOS-G4.2.0.0
2023-11-29 19:52:15,233 [WARN] PackLoader:240 - Cannot read IP mode file for Infineon.AIROC-Wi-Fi-Bluetooth-STM32.1.5.1
2023-11-29 19:52:15,242 [WARN] PackLoader:240 - Cannot read IP mode file for STMicroelectronics.FP-SNS-MOTENVWB1.1.3.0
2023-11-29 19:52:15,284 [WARN] PackLoader:240 - Cannot read IP mode file for STMicroelectronics.X-CUBE-MEMS1.10.0.0
2023-11-29 19:52:15,429 [WARN] PackLoader:240 - Cannot read IP mode file for STMicroelectronics.X-CUBE-FREERTOS.1.1.0
2023-11-29 19:52:15,436 [WARN] PackLoader:240 - Cannot read IP mode file for portGmbH.I-Cube-SoM-uGOAL.1.1.0
2023-11-29 19:52:15,442 [WARN] PackLoader:240 - Cannot read IP mode file for STMicroelectronics.X-CUBE-ALS.1.0.1
2023-11-29 19:52:15,447 [WARN] PackLoader:240 - Cannot read IP mode file for STMicroelectronics.FP-ATR-ASTRA1.2.0.0
2023-11-29 19:52:15,458 [WARN] PackLoader:240 - Cannot read IP mode file for STMicroelectronics.X-CUBE-TOF1.3.4.0
2023-11-29 19:52:15,472 [INFO] ThirdParty:978 - Integrity check success = true
2023-11-29 19:52:15,472 [INFO] IntegrityCheckThread:100 - exiting critical section [integrity check]
2023-11-29 19:52:15,472 [INFO] IntegrityCheckThread:103 - End integrity checks thread
2023-11-29 19:52:33,436 [ERROR] LogOutputStream:75 - [STDERR_REDIRECT] SLF4J: Failed to load class "org.slf4j.impl.StaticLoggerBinder".
2023-11-29 19:52:33,437 [ERROR] LogOutputStream:75 - [STDERR_REDIRECT] SLF4J: Defaulting to no-operation (NOP) logger implementation
2023-11-29 19:52:33,439 [ERROR] LogOutputStream:75 - [STDERR_REDIRECT] SLF4J: See http://www.slf4j.org/codes.html#StaticLoggerBinder for further details.
2023-11-29 20:34:31,485 [ERROR] ConfigurationRetriever:142 - IOException on connection: sw-center.st.com
2023-11-29 20:34:31,485 [ERROR] ConfigurationRetriever:142 - IOException on connection: sw-center.st.com
2023-11-29 20:34:31,485 [ERROR] ConfigurationRetriever:142 - IOException on connection: sw-center.st.com
