2023-10-05 17:28:37,036 [INFO] Activator:176 - 


2023-10-05 17:28:37,039 [INFO] Activator:177 - !SESSION log4j initialized
2023-10-05 17:28:40,708 [INFO] LogOutputStream:77 - [STDOUT_REDIRECT] 
2023-10-05 17:28:44,249 [INFO] ApplicationProperties:184 - Using Application install path: C:\ST\STM32CubeIDE_1.13.2\STM32CubeIDE\plugins\com.st.stm32cube.common.mx_6.9.2.202309101412
2023-10-05 17:28:44,283 [INFO] DbMcusXml:78 - Set database path to: C:\ST\STM32CubeIDE_1.13.2\STM32CubeIDE\plugins\com.st.stm32cube.common.mx_6.9.2.202309101412\\db\/mcu/
2023-10-05 17:28:44,285 [INFO] ApiDb:274 - Set plugin database path to: C:\ST\STM32CubeIDE_1.13.2\STM32CubeIDE\plugins\com.st.stm32cube.common.mx_6.9.2.202309101412\\db\/plugins/boardmanager/
2023-10-05 17:28:44,286 [WARN] ApiDb:259 - Overriding images path with different value:  => C:\ST\STM32CubeIDE_1.13.2\STM32CubeIDE\plugins\com.st.stm32cube.common.mx_6.9.2.202309101412\\db\/plugins/mcufinder/images/
2023-10-05 17:28:44,303 [INFO] ApiDb:250 - Set database path to: C:\Users\E-AY\.stmcufinder\plugins\mcufinder//mcu/
2023-10-05 17:28:44,305 [INFO] DbMcusAds:125 - Set database path to: C:\Users\E-AY\.stmcufinder\plugins\mcufinder//mcu/
2023-10-05 17:28:44,308 [INFO] CrossReferenceDbSqlite:203 - Set database path to: C:\Users\E-AY\.stmcufinder\plugins\mcufinder//mcu/cs/
2023-10-05 17:28:44,497 [INFO] RulesReader:64 - Compatibility file has been processed (293 Rules)
2023-10-05 17:28:44,612 [INFO] DbMcusXml:78 - Set database path to: C:\ST\STM32CubeIDE_1.13.2\STM32CubeIDE\plugins\com.st.stm32cube.common.mx_6.9.2.202309101412\\db\/mcu/
2023-10-05 17:28:44,612 [INFO] ApiDb:274 - Set plugin database path to: C:\ST\STM32CubeIDE_1.13.2\STM32CubeIDE\plugins\com.st.stm32cube.common.mx_6.9.2.202309101412\\db\/plugins/boardmanager/
2023-10-05 17:28:44,612 [INFO] ApiDb:261 - Set plugin images path to: C:\ST\STM32CubeIDE_1.13.2\STM32CubeIDE\plugins\com.st.stm32cube.common.mx_6.9.2.202309101412\\db\/plugins/mcufinder/images/
2023-10-05 17:28:44,613 [WARN] DbFile:41 - Overriding database path with different value: C:\Users\E-AY\.stmcufinder\plugins\mcufinder/ => C:\Users\E-AY\.stmcufinder\plugins\mcufinder
2023-10-05 17:28:44,613 [INFO] ApiDb:250 - Set database path to: C:\Users\E-AY\.stmcufinder\plugins\mcufinder//mcu/
2023-10-05 17:28:44,613 [WARN] DbFile:41 - Overriding database path with different value: C:\Users\E-AY\.stmcufinder\plugins\mcufinder/ => C:\Users\E-AY\.stmcufinder\plugins\mcufinder
2023-10-05 17:28:44,613 [INFO] DbMcusAds:125 - Set database path to: C:\Users\E-AY\.stmcufinder\plugins\mcufinder//mcu/
2023-10-05 17:28:44,613 [WARN] DbFile:41 - Overriding database path with different value: C:\Users\E-AY\.stmcufinder\plugins\mcufinder/ => C:\Users\E-AY\.stmcufinder\plugins\mcufinder
2023-10-05 17:28:44,613 [WARN] DbFile:41 - Overriding database path with different value: C:\Users\E-AY\.stmcufinder\plugins\mcufinder/ => C:\Users\E-AY\.stmcufinder\plugins\mcufinder
2023-10-05 17:28:44,613 [INFO] CrossReferenceDbSqlite:203 - Set database path to: C:\Users\E-AY\.stmcufinder\plugins\mcufinder//mcu/cs/
2023-10-05 17:28:44,726 [INFO] MainPanel:262 - HeapMemory: 268435456
2023-10-05 17:28:44,818 [INFO] DbMcusXml:78 - Set database path to: C:\ST\STM32CubeIDE_1.13.2\STM32CubeIDE\plugins\com.st.stm32cube.common.mx_6.9.2.202309101412\\db\/mcu/
2023-10-05 17:28:44,818 [INFO] ApiDb:274 - Set plugin database path to: C:\ST\STM32CubeIDE_1.13.2\STM32CubeIDE\plugins\com.st.stm32cube.common.mx_6.9.2.202309101412\\db\/plugins/boardmanager/
2023-10-05 17:28:44,819 [INFO] ApiDb:261 - Set plugin images path to: C:\ST\STM32CubeIDE_1.13.2\STM32CubeIDE\plugins\com.st.stm32cube.common.mx_6.9.2.202309101412\\db\/plugins/mcufinder/images/
2023-10-05 17:28:44,819 [WARN] DbFile:41 - Overriding database path with different value: C:\Users\E-AY\.stmcufinder\plugins\mcufinder/ => C:\Users\E-AY\.stmcufinder\plugins\mcufinder
2023-10-05 17:28:44,819 [INFO] ApiDb:250 - Set database path to: C:\Users\E-AY\.stmcufinder\plugins\mcufinder//mcu/
2023-10-05 17:28:44,819 [WARN] DbFile:41 - Overriding database path with different value: C:\Users\E-AY\.stmcufinder\plugins\mcufinder/ => C:\Users\E-AY\.stmcufinder\plugins\mcufinder
2023-10-05 17:28:44,819 [INFO] DbMcusAds:125 - Set database path to: C:\Users\E-AY\.stmcufinder\plugins\mcufinder//mcu/
2023-10-05 17:28:44,819 [WARN] DbFile:41 - Overriding database path with different value: C:\Users\E-AY\.stmcufinder\plugins\mcufinder/ => C:\Users\E-AY\.stmcufinder\plugins\mcufinder
2023-10-05 17:28:44,819 [WARN] DbFile:41 - Overriding database path with different value: C:\Users\E-AY\.stmcufinder\plugins\mcufinder/ => C:\Users\E-AY\.stmcufinder\plugins\mcufinder
2023-10-05 17:28:44,820 [INFO] CrossReferenceDbSqlite:203 - Set database path to: C:\Users\E-AY\.stmcufinder\plugins\mcufinder//mcu/cs/
2023-10-05 17:28:44,844 [INFO] ApplicationProperties:184 - Using Application install path: C:\ST\STM32CubeIDE_1.13.2\STM32CubeIDE\plugins\com.st.stm32cube.common.mx_6.9.2.202309101412
2023-10-05 17:28:44,846 [INFO] PluginManage:196 - Search for loadable plugins [exclusion list=, ]
2023-10-05 17:28:44,849 [INFO] PluginManage:310 - Check plugin analytics
2023-10-05 17:28:45,163 [INFO] AnalyticsPlugin:253 - Accepted Software Licenses: 
2023-10-05 17:28:45,165 [INFO] AnalyticsPlugin:255 - Accepted CMSIS Pack Licenses: 
2023-10-05 17:28:45,165 [INFO] AnalyticsPlugin:257 - Accepted Firmware Licenses: 
2023-10-05 17:28:45,169 [INFO] PluginManage:359 - Loaded plugin analytics (category:tool,tabindex:-1)
2023-10-05 17:28:45,170 [INFO] PluginManage:310 - Check plugin cadmodel
2023-10-05 17:28:45,182 [INFO] CADModel:105 - Init CAD model plugin
2023-10-05 17:28:45,182 [INFO] PluginManage:359 - Loaded plugin cadmodel (category:power,tabindex:5)
2023-10-05 17:28:45,182 [INFO] PluginManage:310 - Check plugin clock
2023-10-05 17:28:45,199 [INFO] PluginManage:359 - Loaded plugin clock (category:base,tabindex:2)
2023-10-05 17:28:45,201 [INFO] PluginManage:310 - Check plugin ddr
2023-10-05 17:28:45,204 [INFO] PluginManage:359 - Loaded plugin ddr (category:tool,tabindex:6)
2023-10-05 17:28:45,204 [INFO] PluginManage:310 - Check plugin filemanager
2023-10-05 17:28:45,482 [INFO] PluginManage:359 - Loaded plugin filemanager (category:base,tabindex:10)
2023-10-05 17:28:45,482 [INFO] PluginManage:310 - Check plugin ipmanager
2023-10-05 17:28:45,500 [INFO] PluginManage:359 - Loaded plugin ipmanager (category:base,tabindex:5)
2023-10-05 17:28:45,500 [INFO] PluginManage:310 - Check plugin lpbam
2023-10-05 17:28:45,522 [INFO] PluginManage:359 - Loaded plugin lpbam (category:base,tabindex:0)
2023-10-05 17:28:45,523 [INFO] PluginManage:310 - Check plugin memorymap
2023-10-05 17:28:45,555 [INFO] PluginManage:359 - Loaded plugin memorymap (category:base,tabindex:4)
2023-10-05 17:28:45,555 [INFO] PluginManage:310 - Check plugin pinoutandconfiguration
2023-10-05 17:28:45,570 [INFO] PluginManage:359 - Loaded plugin pinoutandconfiguration (category:base,tabindex:1)
2023-10-05 17:28:45,572 [INFO] PluginManage:310 - Check plugin pinoutconfig
2023-10-05 17:28:45,778 [WARN] SupportedApi:132 - Cannot load RTOS API schema: s4s-elt-must-match.1: The content of 'definitions' must match (annotation?, (simpleType | complexType)?, (unique | key | keyref)*)). A problem was found starting at: attribute.
2023-10-05 17:28:45,968 [INFO] PluginManage:359 - Loaded plugin pinoutconfig (category:base,tabindex:0)
2023-10-05 17:28:45,968 [INFO] PluginManage:310 - Check plugin power
2023-10-05 17:28:45,982 [INFO] PluginManage:359 - Loaded plugin power (category:power,tabindex:4)
2023-10-05 17:28:45,983 [INFO] PluginManage:310 - Check plugin projectmanager
2023-10-05 17:28:46,004 [INFO] PluginManage:359 - Loaded plugin projectmanager (category:projectmanager,tabindex:3)
2023-10-05 17:28:46,004 [INFO] PluginManage:310 - Check plugin thirdparty
2023-10-05 17:28:46,195 [WARN] IntegrityCheckThread:84 - waiting for thirdparty lock release [integrity check]
2023-10-05 17:28:46,195 [INFO] PluginManage:359 - Loaded plugin thirdparty (category:base,tabindex:-1)
2023-10-05 17:28:46,195 [INFO] IntegrityCheckThread:86 - entering critical section [integrity check]
2023-10-05 17:28:46,195 [INFO] PluginManage:310 - Check plugin tools
2023-10-05 17:28:46,196 [INFO] ThirdPartyUpdaterWithRetryManager:70 - Updater plugin not ready yet. [1/15]
2023-10-05 17:28:46,200 [INFO] PluginManage:359 - Loaded plugin tools (category:base,tabindex:7)
2023-10-05 17:28:46,200 [INFO] PluginManage:310 - Check plugin tutovideos
2023-10-05 17:28:46,442 [INFO] PluginManage:359 - Loaded plugin tutovideos (category:base,tabindex:-1)
2023-10-05 17:28:46,442 [INFO] PluginManage:310 - Check plugin updater
2023-10-05 17:28:46,458 [INFO] PluginManage:359 - Loaded plugin updater (category:base,tabindex:12)
2023-10-05 17:28:46,458 [INFO] PluginManage:310 - Check plugin userauth
2023-10-05 17:28:46,466 [INFO] UserAuth:113 - Init User Auth plugin
2023-10-05 17:28:46,466 [INFO] PluginManage:359 - Loaded plugin userauth (category:base,tabindex:14)
2023-10-05 17:28:46,467 [INFO] PluginManage:283 - PluginManage : Loaded plugins [17]
2023-10-05 17:28:46,749 [INFO] PinOutPanel:1499 - setPackage(No Configuration,No Configuration)
2023-10-05 17:28:46,901 [INFO] CADModel:165 - CPN selected for project level
2023-10-05 17:28:46,901 [INFO] CADModel:114 - Register for checkConnection events
2023-10-05 17:28:46,922 [INFO] IPUIPlugin:80 - create IPUIPlugin
2023-10-05 17:28:46,922 [INFO] PluginManager:220 - loadIPPluginJar : add adc
2023-10-05 17:28:46,925 [INFO] IPUIPlugin:80 - create IPUIPlugin
2023-10-05 17:28:46,926 [INFO] PluginManager:220 - loadIPPluginJar : add aes
2023-10-05 17:28:46,929 [INFO] IPUIPlugin:80 - create IPUIPlugin
2023-10-05 17:28:46,929 [INFO] PluginManager:220 - loadIPPluginJar : add can
2023-10-05 17:28:46,930 [INFO] IPUIPlugin:80 - create IPUIPlugin
2023-10-05 17:28:46,930 [INFO] PluginManager:220 - loadIPPluginJar : add comp
2023-10-05 17:28:46,933 [INFO] IPUIPlugin:80 - create IPUIPlugin
2023-10-05 17:28:46,933 [INFO] PluginManager:220 - loadIPPluginJar : add cryp
2023-10-05 17:28:46,935 [INFO] IPUIPlugin:80 - create IPUIPlugin
2023-10-05 17:28:46,936 [INFO] PluginManager:220 - loadIPPluginJar : add dfsdm
2023-10-05 17:28:46,941 [INFO] IPUIPlugin:80 - create IPUIPlugin
2023-10-05 17:28:46,942 [INFO] PluginManager:220 - loadIPPluginJar : add dma
2023-10-05 17:28:46,944 [INFO] IPUIPlugin:80 - create IPUIPlugin
2023-10-05 17:28:46,944 [INFO] PluginManager:220 - loadIPPluginJar : add dma3
2023-10-05 17:28:46,946 [INFO] IPUIPlugin:80 - create IPUIPlugin
2023-10-05 17:28:46,946 [INFO] PluginManager:220 - loadIPPluginJar : add fatfs
2023-10-05 17:28:46,951 [INFO] IPUIPlugin:80 - create IPUIPlugin
2023-10-05 17:28:46,951 [INFO] PluginManager:220 - loadIPPluginJar : add fmc
2023-10-05 17:28:46,957 [INFO] IPUIPlugin:80 - create IPUIPlugin
2023-10-05 17:28:46,957 [INFO] PluginManager:220 - loadIPPluginJar : add freertos
2023-10-05 17:28:46,959 [INFO] IPUIPlugin:80 - create IPUIPlugin
2023-10-05 17:28:46,959 [INFO] PluginManager:220 - loadIPPluginJar : add genericplugin
2023-10-05 17:28:46,961 [INFO] IPUIPlugin:80 - create IPUIPlugin
2023-10-05 17:28:46,962 [INFO] PluginManager:220 - loadIPPluginJar : add gfxmmu
2023-10-05 17:28:46,966 [INFO] IPUIPlugin:80 - create IPUIPlugin
2023-10-05 17:28:46,966 [INFO] PluginManager:220 - loadIPPluginJar : add gic
2023-10-05 17:28:46,971 [INFO] IPUIPlugin:80 - create IPUIPlugin
2023-10-05 17:28:46,971 [INFO] PluginManager:220 - loadIPPluginJar : add gpio
2023-10-05 17:28:46,973 [INFO] IPUIPlugin:80 - create IPUIPlugin
2023-10-05 17:28:46,974 [INFO] PluginManager:220 - loadIPPluginJar : add gtzc
2023-10-05 17:28:46,976 [INFO] IPUIPlugin:80 - create IPUIPlugin
2023-10-05 17:28:46,976 [INFO] PluginManager:220 - loadIPPluginJar : add hash
2023-10-05 17:28:46,978 [INFO] IPUIPlugin:80 - create IPUIPlugin
2023-10-05 17:28:46,978 [INFO] PluginManager:220 - loadIPPluginJar : add i2c
2023-10-05 17:28:46,980 [INFO] IPUIPlugin:80 - create IPUIPlugin
2023-10-05 17:28:46,980 [INFO] PluginManager:220 - loadIPPluginJar : add i2s
2023-10-05 17:28:46,982 [INFO] IPUIPlugin:80 - create IPUIPlugin
2023-10-05 17:28:46,982 [INFO] PluginManager:220 - loadIPPluginJar : add i3c
2023-10-05 17:28:46,986 [INFO] IPUIPlugin:80 - create IPUIPlugin
2023-10-05 17:28:46,986 [INFO] PluginManager:220 - loadIPPluginJar : add ipddr
2023-10-05 17:28:46,994 [INFO] IPUIPlugin:80 - create IPUIPlugin
2023-10-05 17:28:46,994 [INFO] PluginManager:220 - loadIPPluginJar : add linkedlist
2023-10-05 17:28:46,997 [INFO] IPUIPlugin:80 - create IPUIPlugin
2023-10-05 17:28:46,997 [INFO] PluginManager:220 - loadIPPluginJar : add lorawan
2023-10-05 17:28:46,999 [INFO] IPUIPlugin:80 - create IPUIPlugin
2023-10-05 17:28:46,999 [INFO] PluginManager:220 - loadIPPluginJar : add ltdc
2023-10-05 17:28:47,006 [INFO] IPUIPlugin:80 - create IPUIPlugin
2023-10-05 17:28:47,006 [INFO] PluginManager:220 - loadIPPluginJar : add mdma
2023-10-05 17:28:47,011 [INFO] IPUIPlugin:80 - create IPUIPlugin
2023-10-05 17:28:47,012 [INFO] PluginManager:220 - loadIPPluginJar : add nvic
2023-10-05 17:28:47,015 [INFO] IPUIPlugin:80 - create IPUIPlugin
2023-10-05 17:28:47,016 [INFO] PluginManager:220 - loadIPPluginJar : add opamp
2023-10-05 17:28:47,019 [INFO] IPUIPlugin:80 - create IPUIPlugin
2023-10-05 17:28:47,019 [INFO] PluginManager:220 - loadIPPluginJar : add openamp
2023-10-05 17:28:47,023 [INFO] IPUIPlugin:80 - create IPUIPlugin
2023-10-05 17:28:47,023 [INFO] PluginManager:220 - loadIPPluginJar : add pdm2pcm
2023-10-05 17:28:47,031 [INFO] IPUIPlugin:80 - create IPUIPlugin
2023-10-05 17:28:47,035 [INFO] PluginManager:220 - loadIPPluginJar : add plateformsettings
2023-10-05 17:28:47,037 [INFO] IPUIPlugin:80 - create IPUIPlugin
2023-10-05 17:28:47,037 [INFO] PluginManager:220 - loadIPPluginJar : add quadspi
2023-10-05 17:28:47,041 [INFO] IPUIPlugin:80 - create IPUIPlugin
2023-10-05 17:28:47,041 [INFO] PluginManager:220 - loadIPPluginJar : add resmgrutility
2023-10-05 17:28:47,046 [INFO] IPUIPlugin:80 - create IPUIPlugin
2023-10-05 17:28:47,046 [INFO] PluginManager:220 - loadIPPluginJar : add sai
2023-10-05 17:28:47,048 [INFO] IPUIPlugin:80 - create IPUIPlugin
2023-10-05 17:28:47,049 [INFO] PluginManager:220 - loadIPPluginJar : add spi
2023-10-05 17:28:47,055 [INFO] IPUIPlugin:80 - create IPUIPlugin
2023-10-05 17:28:47,055 [INFO] PluginManager:220 - loadIPPluginJar : add stm32_wpan
2023-10-05 17:28:47,059 [INFO] IPUIPlugin:80 - create IPUIPlugin
2023-10-05 17:28:47,059 [INFO] PluginManager:220 - loadIPPluginJar : add tim
2023-10-05 17:28:47,063 [INFO] IPUIPlugin:80 - create IPUIPlugin
2023-10-05 17:28:47,064 [INFO] PluginManager:220 - loadIPPluginJar : add touchsensing
2023-10-05 17:28:47,067 [INFO] IPUIPlugin:80 - create IPUIPlugin
2023-10-05 17:28:47,067 [INFO] PluginManager:220 - loadIPPluginJar : add tracer_emb
2023-10-05 17:28:47,072 [INFO] IPUIPlugin:80 - create IPUIPlugin
2023-10-05 17:28:47,072 [INFO] PluginManager:220 - loadIPPluginJar : add ts
2023-10-05 17:28:47,074 [INFO] IPUIPlugin:80 - create IPUIPlugin
2023-10-05 17:28:47,075 [INFO] PluginManager:220 - loadIPPluginJar : add tsc
2023-10-05 17:28:47,079 [INFO] IPUIPlugin:80 - create IPUIPlugin
2023-10-05 17:28:47,079 [INFO] PluginManager:220 - loadIPPluginJar : add ucpd
2023-10-05 17:28:47,084 [INFO] IPUIPlugin:80 - create IPUIPlugin
2023-10-05 17:28:47,084 [INFO] PluginManager:220 - loadIPPluginJar : add usart
2023-10-05 17:28:47,090 [INFO] IPUIPlugin:80 - create IPUIPlugin
2023-10-05 17:28:47,090 [INFO] PluginManager:220 - loadIPPluginJar : add usbx
2023-10-05 17:28:47,244 [INFO] CADModel:165 - CPN selected for project level
2023-10-05 17:28:47,244 [INFO] CADModel:114 - Register for checkConnection events
2023-10-05 17:28:47,244 [FATAL] Updater:308 - Updater called before beeing initialized
2023-10-05 17:28:47,245 [ERROR] CADModel:125 - Updater not yet initialized, retry later 
2023-10-05 17:28:47,437 [INFO] CADModel:165 - CPN selected for project level
2023-10-05 17:28:47,437 [INFO] CADModel:114 - Register for checkConnection events
2023-10-05 17:28:47,437 [FATAL] Updater:308 - Updater called before beeing initialized
2023-10-05 17:28:47,437 [ERROR] CADModel:125 - Updater not yet initialized, retry later 
2023-10-05 17:28:47,442 [FATAL] Updater:308 - Updater called before beeing initialized
2023-10-05 17:28:47,579 [FATAL] Updater:308 - Updater called before beeing initialized
2023-10-05 17:28:47,586 [INFO] DbMcusAds:53 - JSON generation date=Thu Sep 30 09:55:09 TRT 2021 (1632984909247)
2023-10-05 17:28:47,586 [FATAL] Updater:308 - Updater called before beeing initialized
2023-10-05 17:28:47,650 [WARN] DetailPanel:346 - Failed to get advertising image, set to default
2023-10-05 17:28:47,783 [FATAL] Updater:308 - Updater called before beeing initialized
2023-10-05 17:28:47,789 [FATAL] Updater:308 - Updater called before beeing initialized
2023-10-05 17:28:47,790 [FATAL] Updater:308 - Updater called before beeing initialized
2023-10-05 17:28:47,790 [WARN] DetailPanel:346 - Failed to get advertising image, set to default
2023-10-05 17:28:47,791 [FATAL] Updater:308 - Updater called before beeing initialized
2023-10-05 17:28:47,893 [ERROR] Updater:1120 - MainUpdater not yet initialized. External WinMGr cannot be set.
2023-10-05 17:28:47,898 [INFO] Updater:1056 - Updater Version found : 6.9.2
2023-10-05 17:28:47,940 [INFO] ApplicationProperties:184 - Using Application install path: C:\ST\STM32CubeIDE_1.13.2\STM32CubeIDE\plugins\com.st.stm32cube.common.mx_6.9.2.202309101412
2023-10-05 17:28:48,177 [INFO] MainUpdater:2868 - connection check result : 10
2023-10-05 17:28:48,178 [INFO] MainUpdater:285 - Updater Check For Update Now.
2023-10-05 17:28:48,179 [INFO] MicroXplorer:498 - Change Database Version : DB.6.0.92
2023-10-05 17:28:48,196 [INFO] McuFinderGlobals:63 - Set McuFinder mode to 2 (CubeIDE integrated)
2023-10-05 17:28:48,198 [INFO] UserAuth:179 - activating auth plugin
2023-10-05 17:28:48,204 [INFO] UserAuth:393 - Internet connection configuration mode: 1
2023-10-05 17:28:48,229 [INFO] JxBrowserEngine:151 - Initiate JxBrowser Engine with user profile folder
2023-10-05 17:28:48,428 [INFO] CheckServerUpdateThread:120 - End of CheckServer Thread
2023-10-05 17:28:49,144 [INFO] WebApp:157 - Instantiating new browser for Auth
2023-10-05 17:28:49,568 [WARN] PackLoader:240 - Cannot read IP mode file for STMicroelectronics.X-CUBE-GNSS1.6.0.0
2023-10-05 17:28:49,642 [WARN] PackLoader:240 - Cannot read IP mode file for STMicroelectronics.X-CUBE-AZRTOS-F4.1.1.0
2023-10-05 17:28:49,666 [WARN] PackLoader:240 - Cannot read IP mode file for STMicroelectronics.X-CUBE-SMBUS.2.1.0
2023-10-05 17:28:49,714 [WARN] PackLoader:240 - Cannot read IP mode file for STMicroelectronics.X-CUBE-AZRTOS-L5.2.0.0
2023-10-05 17:28:49,768 [WARN] PackLoader:240 - Cannot read IP mode file for STMicroelectronics.X-CUBE-AZRTOS-F7.1.1.0
2023-10-05 17:28:49,917 [WARN] PackLoader:240 - Cannot read IP mode file for STMicroelectronics.X-CUBE-MEMS1.9.6.0
2023-10-05 17:28:50,333 [WARN] PackLoader:240 - Cannot read IP mode file for STMicroelectronics.FP-SNS-MOTENV1.4.3.2
2023-10-05 17:28:50,349 [WARN] PackLoader:240 - Cannot read IP mode file for STMicroelectronics.X-CUBE-BLEMGR.2.0.0
2023-10-05 17:28:50,358 [WARN] PackLoader:240 - Cannot read IP mode file for STMicroelectronics.FP-SNS-FLIGHT1.5.0.2
2023-10-05 17:28:50,397 [WARN] ConditionMgr:438 - getConditionDescription Invalid condition id : UX DEVICE CLASS RTOS Condition cause : null
2023-10-05 17:28:50,397 [WARN] ConditionMgr:438 - getConditionDescription Invalid condition id : UX DEVICE CLASS RTOS Condition cause : null
2023-10-05 17:28:50,406 [WARN] PackLoader:240 - Cannot read IP mode file for STMicroelectronics.X-CUBE-AZRTOS-H7.3.1.0
2023-10-05 17:28:50,409 [WARN] ConditionMgr:1039 - genDependencies : Invalid condition id : UX DEVICE CLASS RTOS Condition cause : null
2023-10-05 17:28:50,410 [WARN] ConditionMgr:1039 - genDependencies : Invalid condition id : UX DEVICE CLASS RTOS Condition cause : null
2023-10-05 17:28:50,411 [WARN] ConditionMgr:1039 - genDependencies : Invalid condition id : UX DEVICE CLASS RTOS Condition cause : null
2023-10-05 17:28:50,412 [WARN] ConditionMgr:1039 - genDependencies : Invalid condition id : UX DEVICE CLASS RTOS Condition cause : null
2023-10-05 17:28:50,412 [WARN] ConditionMgr:1039 - genDependencies : Invalid condition id : UX DEVICE CLASS RTOS Condition cause : null
2023-10-05 17:28:50,429 [WARN] PackLoader:240 - Cannot read IP mode file for STMicroelectronics.X-CUBE-DISPLAY.3.0.0
2023-10-05 17:28:50,443 [WARN] PackLoader:240 - Cannot read IP mode file for STMicroelectronics.X-CUBE-BLE1.7.0.0
2023-10-05 17:28:50,461 [WARN] PackLoader:240 - Cannot read IP mode file for STMicroelectronics.X-CUBE-NFC7.1.0.1
2023-10-05 17:28:50,475 [WARN] PackLoader:240 - Cannot read IP mode file for STMicroelectronics.X-CUBE-EEPRMA1.4.1.0
2023-10-05 17:28:50,496 [INFO] LogOutputStream:77 - [STDOUT_REDIRECT] 1 : Invalid condition id : UX_CORESTACK_Condition cause : null
2023-10-05 17:28:50,497 [INFO] LogOutputStream:77 - [STDOUT_REDIRECT] 1 : Invalid condition id : UX_CORESTACK_Condition cause : null
2023-10-05 17:28:50,500 [INFO] LogOutputStream:77 - [STDOUT_REDIRECT] 1 : Invalid condition id : UX_CORESTACK_Condition cause : null
2023-10-05 17:28:50,505 [INFO] LogOutputStream:77 - [STDOUT_REDIRECT] 1 : Invalid condition id : UX_CORESTACK_Condition cause : null
2023-10-05 17:28:50,509 [INFO] LogOutputStream:77 - [STDOUT_REDIRECT] 1 : Invalid condition id : UX_CORESTACK_Condition cause : null
2023-10-05 17:28:50,515 [INFO] WebApp:753 - Register for checkConnection events
2023-10-05 17:28:50,515 [WARN] PackLoader:240 - Cannot read IP mode file for STMicroelectronics.X-CUBE-AZRTOS-WL.2.0.0
2023-10-05 17:28:50,515 [INFO] WebApp:390 - Apply proxy settings
2023-10-05 17:28:50,516 [INFO] WebApp:475 - Chromium requires no authentication
2023-10-05 17:28:50,526 [WARN] PackLoader:240 - Cannot read IP mode file for STMicroelectronics.X-CUBE-AI.8.1.0
2023-10-05 17:28:50,546 [INFO] WebApp:418 - Direct internet connection detected
2023-10-05 17:28:50,568 [WARN] ConditionMgr:438 - getConditionDescription Invalid condition id : LAN8742 Phy interface Condition cause : null
2023-10-05 17:28:50,569 [WARN] PackLoader:240 - Cannot read IP mode file for STMicroelectronics.X-CUBE-AZRTOS-L4.2.0.0
2023-10-05 17:28:50,571 [WARN] ConditionMgr:1039 - genDependencies : Invalid condition id : LAN8742 Phy interface Condition cause : null
2023-10-05 17:28:50,571 [WARN] ConditionMgr:1039 - genDependencies : Invalid condition id : LAN8742 Phy interface Condition cause : null
2023-10-05 17:28:50,573 [WARN] ConditionMgr:1039 - genDependencies : Invalid condition id : LAN8742 Phy interface Condition cause : null
2023-10-05 17:28:50,589 [WARN] PackLoader:240 - Cannot read IP mode file for STMicroelectronics.X-CUBE-SFXS2LP1.4.0.0
2023-10-05 17:28:50,619 [WARN] PackLoader:240 - Cannot read IP mode file for STMicroelectronics.X-CUBE-BLE2.3.3.0
2023-10-05 17:28:50,629 [WARN] PackLoader:240 - Cannot read IP mode file for STMicroelectronics.X-CUBE-ISPU.1.1.0
2023-10-05 17:28:50,655 [WARN] ConditionMgr:438 - getConditionDescription Invalid condition id : UX DEVICE CLASS RTOS Condition cause : null
2023-10-05 17:28:50,656 [WARN] ConditionMgr:438 - getConditionDescription Invalid condition id : UX DEVICE CLASS RTOS Condition cause : null
2023-10-05 17:28:50,661 [WARN] PackLoader:240 - Cannot read IP mode file for STMicroelectronics.X-CUBE-AZRTOS-WB.2.0.0
2023-10-05 17:28:50,663 [WARN] ConditionMgr:1039 - genDependencies : Invalid condition id : UX DEVICE CLASS RTOS Condition cause : null
2023-10-05 17:28:50,663 [WARN] ConditionMgr:1039 - genDependencies : Invalid condition id : UX DEVICE CLASS RTOS Condition cause : null
2023-10-05 17:28:50,664 [WARN] ConditionMgr:1039 - genDependencies : Invalid condition id : UX DEVICE CLASS RTOS Condition cause : null
2023-10-05 17:28:50,665 [WARN] ConditionMgr:1039 - genDependencies : Invalid condition id : UX DEVICE CLASS RTOS Condition cause : null
2023-10-05 17:28:50,665 [WARN] ConditionMgr:1039 - genDependencies : Invalid condition id : UX DEVICE CLASS RTOS Condition cause : null
2023-10-05 17:28:50,679 [WARN] PackLoader:240 - Cannot read IP mode file for STMicroelectronics.X-CUBE-ALGOBUILD.1.3.0
2023-10-05 17:28:50,717 [WARN] PackLoader:240 - Cannot read IP mode file for STMicroelectronics.X-CUBE-AZRTOS-G0.1.1.0
2023-10-05 17:28:50,740 [WARN] PackLoader:240 - Cannot read IP mode file for STMicroelectronics.X-CUBE-SUBG2.5.0.0
2023-10-05 17:28:50,759 [WARN] PackLoader:240 - Cannot read IP mode file for STMicroelectronics.X-CUBE-NFC4.3.0.0
2023-10-05 17:28:50,779 [WARN] PackLoader:240 - Cannot read IP mode file for STMicroelectronics.X-CUBE-TOF1.3.3.1
2023-10-05 17:28:50,816 [WARN] PackLoader:240 - Cannot read IP mode file for STMicroelectronics.X-CUBE-AZRTOS-G4.2.0.0
2023-10-05 17:28:50,825 [WARN] PackLoader:240 - Cannot read IP mode file for STMicroelectronics.FP-ATR-SIGFOX1.3.2.0
2023-10-05 17:28:50,833 [WARN] PackLoader:240 - Cannot read IP mode file for STMicroelectronics.X-CUBE-FREERTOS.1.1.0
2023-10-05 17:28:50,839 [WARN] PackLoader:240 - Cannot read IP mode file for STMicroelectronics.X-CUBE-ALS.1.0.1
2023-10-05 17:28:50,846 [WARN] PackLoader:240 - Cannot read IP mode file for STMicroelectronics.FP-ATR-ASTRA1.2.0.0
2023-10-05 17:28:50,848 [INFO] ThirdParty:978 - Integrity check success = true
2023-10-05 17:28:50,848 [INFO] IntegrityCheckThread:100 - exiting critical section [integrity check]
2023-10-05 17:28:50,848 [INFO] IntegrityCheckThread:103 - End integrity checks thread
2023-10-05 17:28:50,987 [INFO] WebApp:188 - Starting web application
2023-10-05 17:28:50,987 [INFO] WebApp:520 - Web application path used C:\ST\STM32CubeIDE_1.13.2\STM32CubeIDE\plugins\com.st.stm32cube.common.mx_6.9.2.202309101412\db\plugins\mcufinder\reactClient1\index.html
2023-10-05 17:47:12,278 [INFO] Activator:176 - 


2023-10-05 17:47:12,281 [INFO] Activator:177 - !SESSION log4j initialized
2023-10-05 17:47:16,755 [INFO] LogOutputStream:77 - [STDOUT_REDIRECT] 
2023-10-05 17:47:19,417 [INFO] ApplicationProperties:184 - Using Application install path: C:\ST\STM32CubeIDE_1.13.2\STM32CubeIDE\plugins\com.st.stm32cube.common.mx_6.9.2.202309101412
2023-10-05 17:47:19,442 [INFO] DbMcusXml:78 - Set database path to: C:\ST\STM32CubeIDE_1.13.2\STM32CubeIDE\plugins\com.st.stm32cube.common.mx_6.9.2.202309101412\\db\/mcu/
2023-10-05 17:47:19,442 [INFO] ApiDb:274 - Set plugin database path to: C:\ST\STM32CubeIDE_1.13.2\STM32CubeIDE\plugins\com.st.stm32cube.common.mx_6.9.2.202309101412\\db\/plugins/boardmanager/
2023-10-05 17:47:19,443 [WARN] ApiDb:259 - Overriding images path with different value:  => C:\ST\STM32CubeIDE_1.13.2\STM32CubeIDE\plugins\com.st.stm32cube.common.mx_6.9.2.202309101412\\db\/plugins/mcufinder/images/
2023-10-05 17:47:19,456 [INFO] ApiDb:250 - Set database path to: C:\Users\E-AY\.stmcufinder\plugins\mcufinder//mcu/
2023-10-05 17:47:19,458 [INFO] DbMcusAds:125 - Set database path to: C:\Users\E-AY\.stmcufinder\plugins\mcufinder//mcu/
2023-10-05 17:47:19,462 [INFO] CrossReferenceDbSqlite:203 - Set database path to: C:\Users\E-AY\.stmcufinder\plugins\mcufinder//mcu/cs/
2023-10-05 17:47:19,670 [INFO] RulesReader:64 - Compatibility file has been processed (293 Rules)
2023-10-05 17:47:19,817 [INFO] DbMcusXml:78 - Set database path to: C:\ST\STM32CubeIDE_1.13.2\STM32CubeIDE\plugins\com.st.stm32cube.common.mx_6.9.2.202309101412\\db\/mcu/
2023-10-05 17:47:19,818 [INFO] ApiDb:274 - Set plugin database path to: C:\ST\STM32CubeIDE_1.13.2\STM32CubeIDE\plugins\com.st.stm32cube.common.mx_6.9.2.202309101412\\db\/plugins/boardmanager/
2023-10-05 17:47:19,818 [INFO] ApiDb:261 - Set plugin images path to: C:\ST\STM32CubeIDE_1.13.2\STM32CubeIDE\plugins\com.st.stm32cube.common.mx_6.9.2.202309101412\\db\/plugins/mcufinder/images/
2023-10-05 17:47:19,818 [WARN] DbFile:41 - Overriding database path with different value: C:\Users\E-AY\.stmcufinder\plugins\mcufinder/ => C:\Users\E-AY\.stmcufinder\plugins\mcufinder
2023-10-05 17:47:19,818 [INFO] ApiDb:250 - Set database path to: C:\Users\E-AY\.stmcufinder\plugins\mcufinder//mcu/
2023-10-05 17:47:19,819 [WARN] DbFile:41 - Overriding database path with different value: C:\Users\E-AY\.stmcufinder\plugins\mcufinder/ => C:\Users\E-AY\.stmcufinder\plugins\mcufinder
2023-10-05 17:47:19,819 [INFO] DbMcusAds:125 - Set database path to: C:\Users\E-AY\.stmcufinder\plugins\mcufinder//mcu/
2023-10-05 17:47:19,819 [WARN] DbFile:41 - Overriding database path with different value: C:\Users\E-AY\.stmcufinder\plugins\mcufinder/ => C:\Users\E-AY\.stmcufinder\plugins\mcufinder
2023-10-05 17:47:19,819 [WARN] DbFile:41 - Overriding database path with different value: C:\Users\E-AY\.stmcufinder\plugins\mcufinder/ => C:\Users\E-AY\.stmcufinder\plugins\mcufinder
2023-10-05 17:47:19,820 [INFO] CrossReferenceDbSqlite:203 - Set database path to: C:\Users\E-AY\.stmcufinder\plugins\mcufinder//mcu/cs/
2023-10-05 17:47:19,938 [INFO] MainPanel:262 - HeapMemory: 268435456
2023-10-05 17:47:20,064 [INFO] DbMcusXml:78 - Set database path to: C:\ST\STM32CubeIDE_1.13.2\STM32CubeIDE\plugins\com.st.stm32cube.common.mx_6.9.2.202309101412\\db\/mcu/
2023-10-05 17:47:20,064 [INFO] ApiDb:274 - Set plugin database path to: C:\ST\STM32CubeIDE_1.13.2\STM32CubeIDE\plugins\com.st.stm32cube.common.mx_6.9.2.202309101412\\db\/plugins/boardmanager/
2023-10-05 17:47:20,065 [INFO] ApiDb:261 - Set plugin images path to: C:\ST\STM32CubeIDE_1.13.2\STM32CubeIDE\plugins\com.st.stm32cube.common.mx_6.9.2.202309101412\\db\/plugins/mcufinder/images/
2023-10-05 17:47:20,066 [WARN] DbFile:41 - Overriding database path with different value: C:\Users\E-AY\.stmcufinder\plugins\mcufinder/ => C:\Users\E-AY\.stmcufinder\plugins\mcufinder
2023-10-05 17:47:20,066 [INFO] ApiDb:250 - Set database path to: C:\Users\E-AY\.stmcufinder\plugins\mcufinder//mcu/
2023-10-05 17:47:20,066 [WARN] DbFile:41 - Overriding database path with different value: C:\Users\E-AY\.stmcufinder\plugins\mcufinder/ => C:\Users\E-AY\.stmcufinder\plugins\mcufinder
2023-10-05 17:47:20,066 [INFO] DbMcusAds:125 - Set database path to: C:\Users\E-AY\.stmcufinder\plugins\mcufinder//mcu/
2023-10-05 17:47:20,066 [WARN] DbFile:41 - Overriding database path with different value: C:\Users\E-AY\.stmcufinder\plugins\mcufinder/ => C:\Users\E-AY\.stmcufinder\plugins\mcufinder
2023-10-05 17:47:20,066 [WARN] DbFile:41 - Overriding database path with different value: C:\Users\E-AY\.stmcufinder\plugins\mcufinder/ => C:\Users\E-AY\.stmcufinder\plugins\mcufinder
2023-10-05 17:47:20,066 [INFO] CrossReferenceDbSqlite:203 - Set database path to: C:\Users\E-AY\.stmcufinder\plugins\mcufinder//mcu/cs/
2023-10-05 17:47:20,094 [INFO] ApplicationProperties:184 - Using Application install path: C:\ST\STM32CubeIDE_1.13.2\STM32CubeIDE\plugins\com.st.stm32cube.common.mx_6.9.2.202309101412
2023-10-05 17:47:20,098 [INFO] PluginManage:196 - Search for loadable plugins [exclusion list=, ]
2023-10-05 17:47:20,100 [INFO] PluginManage:310 - Check plugin analytics
2023-10-05 17:47:20,401 [INFO] AnalyticsPlugin:253 - Accepted Software Licenses: 
2023-10-05 17:47:20,401 [INFO] AnalyticsPlugin:255 - Accepted CMSIS Pack Licenses: 
2023-10-05 17:47:20,402 [INFO] AnalyticsPlugin:257 - Accepted Firmware Licenses: 
2023-10-05 17:47:20,406 [INFO] PluginManage:359 - Loaded plugin analytics (category:tool,tabindex:-1)
2023-10-05 17:47:20,407 [INFO] PluginManage:310 - Check plugin cadmodel
2023-10-05 17:47:20,414 [INFO] CADModel:105 - Init CAD model plugin
2023-10-05 17:47:20,415 [INFO] PluginManage:359 - Loaded plugin cadmodel (category:power,tabindex:5)
2023-10-05 17:47:20,415 [INFO] PluginManage:310 - Check plugin clock
2023-10-05 17:47:20,430 [INFO] PluginManage:359 - Loaded plugin clock (category:base,tabindex:2)
2023-10-05 17:47:20,430 [INFO] PluginManage:310 - Check plugin ddr
2023-10-05 17:47:20,435 [INFO] PluginManage:359 - Loaded plugin ddr (category:tool,tabindex:6)
2023-10-05 17:47:20,435 [INFO] PluginManage:310 - Check plugin filemanager
2023-10-05 17:47:20,649 [INFO] PluginManage:359 - Loaded plugin filemanager (category:base,tabindex:10)
2023-10-05 17:47:20,650 [INFO] PluginManage:310 - Check plugin ipmanager
2023-10-05 17:47:20,663 [INFO] PluginManage:359 - Loaded plugin ipmanager (category:base,tabindex:5)
2023-10-05 17:47:20,663 [INFO] PluginManage:310 - Check plugin lpbam
2023-10-05 17:47:20,676 [INFO] PluginManage:359 - Loaded plugin lpbam (category:base,tabindex:0)
2023-10-05 17:47:20,677 [INFO] PluginManage:310 - Check plugin memorymap
2023-10-05 17:47:20,698 [INFO] PluginManage:359 - Loaded plugin memorymap (category:base,tabindex:4)
2023-10-05 17:47:20,699 [INFO] PluginManage:310 - Check plugin pinoutandconfiguration
2023-10-05 17:47:20,710 [INFO] PluginManage:359 - Loaded plugin pinoutandconfiguration (category:base,tabindex:1)
2023-10-05 17:47:20,710 [INFO] PluginManage:310 - Check plugin pinoutconfig
2023-10-05 17:47:20,862 [WARN] SupportedApi:132 - Cannot load RTOS API schema: s4s-elt-must-match.1: The content of 'definitions' must match (annotation?, (simpleType | complexType)?, (unique | key | keyref)*)). A problem was found starting at: attribute.
2023-10-05 17:47:21,127 [INFO] PluginManage:359 - Loaded plugin pinoutconfig (category:base,tabindex:0)
2023-10-05 17:47:21,127 [INFO] PluginManage:310 - Check plugin power
2023-10-05 17:47:21,143 [INFO] PluginManage:359 - Loaded plugin power (category:power,tabindex:4)
2023-10-05 17:47:21,145 [INFO] PluginManage:310 - Check plugin projectmanager
2023-10-05 17:47:21,170 [INFO] PluginManage:359 - Loaded plugin projectmanager (category:projectmanager,tabindex:3)
2023-10-05 17:47:21,170 [INFO] PluginManage:310 - Check plugin thirdparty
2023-10-05 17:47:21,336 [WARN] IntegrityCheckThread:84 - waiting for thirdparty lock release [integrity check]
2023-10-05 17:47:21,336 [INFO] PluginManage:359 - Loaded plugin thirdparty (category:base,tabindex:-1)
2023-10-05 17:47:21,336 [INFO] IntegrityCheckThread:86 - entering critical section [integrity check]
2023-10-05 17:47:21,337 [INFO] PluginManage:310 - Check plugin tools
2023-10-05 17:47:21,337 [INFO] ThirdPartyUpdaterWithRetryManager:70 - Updater plugin not ready yet. [1/15]
2023-10-05 17:47:21,343 [INFO] PluginManage:359 - Loaded plugin tools (category:base,tabindex:7)
2023-10-05 17:47:21,343 [INFO] PluginManage:310 - Check plugin tutovideos
2023-10-05 17:47:21,605 [INFO] PluginManage:359 - Loaded plugin tutovideos (category:base,tabindex:-1)
2023-10-05 17:47:21,606 [INFO] PluginManage:310 - Check plugin updater
2023-10-05 17:47:21,620 [INFO] PluginManage:359 - Loaded plugin updater (category:base,tabindex:12)
2023-10-05 17:47:21,621 [INFO] PluginManage:310 - Check plugin userauth
2023-10-05 17:47:21,627 [INFO] UserAuth:113 - Init User Auth plugin
2023-10-05 17:47:21,627 [INFO] PluginManage:359 - Loaded plugin userauth (category:base,tabindex:14)
2023-10-05 17:47:21,627 [INFO] PluginManage:283 - PluginManage : Loaded plugins [17]
2023-10-05 17:47:21,907 [INFO] PinOutPanel:1499 - setPackage(No Configuration,No Configuration)
2023-10-05 17:47:22,029 [INFO] CADModel:165 - CPN selected for project level
2023-10-05 17:47:22,029 [INFO] CADModel:114 - Register for checkConnection events
2023-10-05 17:47:22,047 [INFO] IPUIPlugin:80 - create IPUIPlugin
2023-10-05 17:47:22,048 [INFO] PluginManager:220 - loadIPPluginJar : add adc
2023-10-05 17:47:22,050 [INFO] IPUIPlugin:80 - create IPUIPlugin
2023-10-05 17:47:22,051 [INFO] PluginManager:220 - loadIPPluginJar : add aes
2023-10-05 17:47:22,053 [INFO] IPUIPlugin:80 - create IPUIPlugin
2023-10-05 17:47:22,053 [INFO] PluginManager:220 - loadIPPluginJar : add can
2023-10-05 17:47:22,056 [INFO] IPUIPlugin:80 - create IPUIPlugin
2023-10-05 17:47:22,056 [INFO] PluginManager:220 - loadIPPluginJar : add comp
2023-10-05 17:47:22,059 [INFO] IPUIPlugin:80 - create IPUIPlugin
2023-10-05 17:47:22,059 [INFO] PluginManager:220 - loadIPPluginJar : add cryp
2023-10-05 17:47:22,061 [INFO] IPUIPlugin:80 - create IPUIPlugin
2023-10-05 17:47:22,061 [INFO] PluginManager:220 - loadIPPluginJar : add dfsdm
2023-10-05 17:47:22,067 [INFO] IPUIPlugin:80 - create IPUIPlugin
2023-10-05 17:47:22,068 [INFO] PluginManager:220 - loadIPPluginJar : add dma
2023-10-05 17:47:22,070 [INFO] IPUIPlugin:80 - create IPUIPlugin
2023-10-05 17:47:22,070 [INFO] PluginManager:220 - loadIPPluginJar : add dma3
2023-10-05 17:47:22,072 [INFO] IPUIPlugin:80 - create IPUIPlugin
2023-10-05 17:47:22,072 [INFO] PluginManager:220 - loadIPPluginJar : add fatfs
2023-10-05 17:47:22,074 [INFO] IPUIPlugin:80 - create IPUIPlugin
2023-10-05 17:47:22,074 [INFO] PluginManager:220 - loadIPPluginJar : add fmc
2023-10-05 17:47:22,079 [INFO] IPUIPlugin:80 - create IPUIPlugin
2023-10-05 17:47:22,079 [INFO] PluginManager:220 - loadIPPluginJar : add freertos
2023-10-05 17:47:22,080 [INFO] IPUIPlugin:80 - create IPUIPlugin
2023-10-05 17:47:22,080 [INFO] PluginManager:220 - loadIPPluginJar : add genericplugin
2023-10-05 17:47:22,082 [INFO] IPUIPlugin:80 - create IPUIPlugin
2023-10-05 17:47:22,082 [INFO] PluginManager:220 - loadIPPluginJar : add gfxmmu
2023-10-05 17:47:22,086 [INFO] IPUIPlugin:80 - create IPUIPlugin
2023-10-05 17:47:22,086 [INFO] PluginManager:220 - loadIPPluginJar : add gic
2023-10-05 17:47:22,089 [INFO] IPUIPlugin:80 - create IPUIPlugin
2023-10-05 17:47:22,089 [INFO] PluginManager:220 - loadIPPluginJar : add gpio
2023-10-05 17:47:22,091 [INFO] IPUIPlugin:80 - create IPUIPlugin
2023-10-05 17:47:22,091 [INFO] PluginManager:220 - loadIPPluginJar : add gtzc
2023-10-05 17:47:22,096 [INFO] IPUIPlugin:80 - create IPUIPlugin
2023-10-05 17:47:22,096 [INFO] PluginManager:220 - loadIPPluginJar : add hash
2023-10-05 17:47:22,098 [INFO] IPUIPlugin:80 - create IPUIPlugin
2023-10-05 17:47:22,099 [INFO] PluginManager:220 - loadIPPluginJar : add i2c
2023-10-05 17:47:22,100 [INFO] IPUIPlugin:80 - create IPUIPlugin
2023-10-05 17:47:22,101 [INFO] PluginManager:220 - loadIPPluginJar : add i2s
2023-10-05 17:47:22,102 [INFO] IPUIPlugin:80 - create IPUIPlugin
2023-10-05 17:47:22,102 [INFO] PluginManager:220 - loadIPPluginJar : add i3c
2023-10-05 17:47:22,106 [INFO] IPUIPlugin:80 - create IPUIPlugin
2023-10-05 17:47:22,106 [INFO] PluginManager:220 - loadIPPluginJar : add ipddr
2023-10-05 17:47:22,113 [INFO] IPUIPlugin:80 - create IPUIPlugin
2023-10-05 17:47:22,113 [INFO] PluginManager:220 - loadIPPluginJar : add linkedlist
2023-10-05 17:47:22,115 [INFO] IPUIPlugin:80 - create IPUIPlugin
2023-10-05 17:47:22,116 [INFO] PluginManager:220 - loadIPPluginJar : add lorawan
2023-10-05 17:47:22,117 [INFO] IPUIPlugin:80 - create IPUIPlugin
2023-10-05 17:47:22,117 [INFO] PluginManager:220 - loadIPPluginJar : add ltdc
2023-10-05 17:47:22,124 [INFO] IPUIPlugin:80 - create IPUIPlugin
2023-10-05 17:47:22,124 [INFO] PluginManager:220 - loadIPPluginJar : add mdma
2023-10-05 17:47:22,130 [INFO] IPUIPlugin:80 - create IPUIPlugin
2023-10-05 17:47:22,130 [INFO] PluginManager:220 - loadIPPluginJar : add nvic
2023-10-05 17:47:22,132 [INFO] IPUIPlugin:80 - create IPUIPlugin
2023-10-05 17:47:22,132 [INFO] PluginManager:220 - loadIPPluginJar : add opamp
2023-10-05 17:47:22,135 [INFO] IPUIPlugin:80 - create IPUIPlugin
2023-10-05 17:47:22,135 [INFO] PluginManager:220 - loadIPPluginJar : add openamp
2023-10-05 17:47:22,140 [INFO] IPUIPlugin:80 - create IPUIPlugin
2023-10-05 17:47:22,140 [INFO] PluginManager:220 - loadIPPluginJar : add pdm2pcm
2023-10-05 17:47:22,146 [INFO] IPUIPlugin:80 - create IPUIPlugin
2023-10-05 17:47:22,149 [INFO] PluginManager:220 - loadIPPluginJar : add plateformsettings
2023-10-05 17:47:22,151 [INFO] IPUIPlugin:80 - create IPUIPlugin
2023-10-05 17:47:22,152 [INFO] PluginManager:220 - loadIPPluginJar : add quadspi
2023-10-05 17:47:22,155 [INFO] IPUIPlugin:80 - create IPUIPlugin
2023-10-05 17:47:22,155 [INFO] PluginManager:220 - loadIPPluginJar : add resmgrutility
2023-10-05 17:47:22,158 [INFO] IPUIPlugin:80 - create IPUIPlugin
2023-10-05 17:47:22,158 [INFO] PluginManager:220 - loadIPPluginJar : add sai
2023-10-05 17:47:22,160 [INFO] IPUIPlugin:80 - create IPUIPlugin
2023-10-05 17:47:22,160 [INFO] PluginManager:220 - loadIPPluginJar : add spi
2023-10-05 17:47:22,164 [INFO] IPUIPlugin:80 - create IPUIPlugin
2023-10-05 17:47:22,164 [INFO] PluginManager:220 - loadIPPluginJar : add stm32_wpan
2023-10-05 17:47:22,166 [INFO] IPUIPlugin:80 - create IPUIPlugin
2023-10-05 17:47:22,166 [INFO] PluginManager:220 - loadIPPluginJar : add tim
2023-10-05 17:47:22,170 [INFO] IPUIPlugin:80 - create IPUIPlugin
2023-10-05 17:47:22,170 [INFO] PluginManager:220 - loadIPPluginJar : add touchsensing
2023-10-05 17:47:22,174 [INFO] IPUIPlugin:80 - create IPUIPlugin
2023-10-05 17:47:22,174 [INFO] PluginManager:220 - loadIPPluginJar : add tracer_emb
2023-10-05 17:47:22,176 [INFO] IPUIPlugin:80 - create IPUIPlugin
2023-10-05 17:47:22,176 [INFO] PluginManager:220 - loadIPPluginJar : add ts
2023-10-05 17:47:22,178 [INFO] IPUIPlugin:80 - create IPUIPlugin
2023-10-05 17:47:22,178 [INFO] PluginManager:220 - loadIPPluginJar : add tsc
2023-10-05 17:47:22,179 [INFO] IPUIPlugin:80 - create IPUIPlugin
2023-10-05 17:47:22,180 [INFO] PluginManager:220 - loadIPPluginJar : add ucpd
2023-10-05 17:47:22,182 [INFO] IPUIPlugin:80 - create IPUIPlugin
2023-10-05 17:47:22,182 [INFO] PluginManager:220 - loadIPPluginJar : add usart
2023-10-05 17:47:22,185 [INFO] IPUIPlugin:80 - create IPUIPlugin
2023-10-05 17:47:22,185 [INFO] PluginManager:220 - loadIPPluginJar : add usbx
2023-10-05 17:47:22,317 [INFO] CADModel:165 - CPN selected for project level
2023-10-05 17:47:22,317 [INFO] CADModel:114 - Register for checkConnection events
2023-10-05 17:47:22,319 [FATAL] Updater:308 - Updater called before beeing initialized
2023-10-05 17:47:22,319 [ERROR] CADModel:125 - Updater not yet initialized, retry later 
2023-10-05 17:47:22,569 [INFO] CADModel:165 - CPN selected for project level
2023-10-05 17:47:22,569 [INFO] CADModel:114 - Register for checkConnection events
2023-10-05 17:47:22,569 [FATAL] Updater:308 - Updater called before beeing initialized
2023-10-05 17:47:22,569 [ERROR] CADModel:125 - Updater not yet initialized, retry later 
2023-10-05 17:47:22,573 [FATAL] Updater:308 - Updater called before beeing initialized
2023-10-05 17:47:22,695 [FATAL] Updater:308 - Updater called before beeing initialized
2023-10-05 17:47:22,702 [INFO] DbMcusAds:53 - JSON generation date=Thu Sep 30 09:55:09 TRT 2021 (1632984909247)
2023-10-05 17:47:22,702 [FATAL] Updater:308 - Updater called before beeing initialized
2023-10-05 17:47:22,747 [WARN] DetailPanel:346 - Failed to get advertising image, set to default
2023-10-05 17:47:22,852 [FATAL] Updater:308 - Updater called before beeing initialized
2023-10-05 17:47:22,854 [FATAL] Updater:308 - Updater called before beeing initialized
2023-10-05 17:47:22,854 [FATAL] Updater:308 - Updater called before beeing initialized
2023-10-05 17:47:22,854 [WARN] DetailPanel:346 - Failed to get advertising image, set to default
2023-10-05 17:47:22,855 [FATAL] Updater:308 - Updater called before beeing initialized
2023-10-05 17:47:22,911 [ERROR] Updater:1120 - MainUpdater not yet initialized. External WinMGr cannot be set.
2023-10-05 17:47:22,914 [INFO] Updater:1056 - Updater Version found : 6.9.2
2023-10-05 17:47:22,939 [INFO] ApplicationProperties:184 - Using Application install path: C:\ST\STM32CubeIDE_1.13.2\STM32CubeIDE\plugins\com.st.stm32cube.common.mx_6.9.2.202309101412
2023-10-05 17:47:23,110 [INFO] MainUpdater:2868 - connection check result : 10
2023-10-05 17:47:23,111 [INFO] MainUpdater:285 - Updater Check For Update Now.
2023-10-05 17:47:23,111 [INFO] MicroXplorer:498 - Change Database Version : DB.6.0.92
2023-10-05 17:47:23,120 [INFO] McuFinderGlobals:63 - Set McuFinder mode to 2 (CubeIDE integrated)
2023-10-05 17:47:23,121 [INFO] UserAuth:179 - activating auth plugin
2023-10-05 17:47:23,125 [INFO] UserAuth:393 - Internet connection configuration mode: 1
2023-10-05 17:47:23,163 [INFO] JxBrowserEngine:151 - Initiate JxBrowser Engine with user profile folder
2023-10-05 17:47:23,323 [INFO] CheckServerUpdateThread:120 - End of CheckServer Thread
2023-10-05 17:47:24,303 [INFO] WebApp:157 - Instantiating new browser for Auth
2023-10-05 17:47:24,636 [WARN] PackLoader:240 - Cannot read IP mode file for STMicroelectronics.X-CUBE-GNSS1.6.0.0
2023-10-05 17:47:24,698 [WARN] PackLoader:240 - Cannot read IP mode file for STMicroelectronics.X-CUBE-AZRTOS-F4.1.1.0
2023-10-05 17:47:24,717 [WARN] PackLoader:240 - Cannot read IP mode file for STMicroelectronics.X-CUBE-SMBUS.2.1.0
2023-10-05 17:47:24,770 [WARN] PackLoader:240 - Cannot read IP mode file for STMicroelectronics.X-CUBE-AZRTOS-L5.2.0.0
2023-10-05 17:47:24,824 [WARN] PackLoader:240 - Cannot read IP mode file for STMicroelectronics.X-CUBE-AZRTOS-F7.1.1.0
2023-10-05 17:47:24,941 [WARN] PackLoader:240 - Cannot read IP mode file for STMicroelectronics.X-CUBE-MEMS1.9.6.0
2023-10-05 17:47:25,424 [WARN] PackLoader:240 - Cannot read IP mode file for STMicroelectronics.FP-SNS-MOTENV1.4.3.2
2023-10-05 17:47:25,451 [WARN] PackLoader:240 - Cannot read IP mode file for STMicroelectronics.X-CUBE-BLEMGR.2.0.0
2023-10-05 17:47:25,465 [WARN] PackLoader:240 - Cannot read IP mode file for STMicroelectronics.FP-SNS-FLIGHT1.5.0.2
2023-10-05 17:47:25,501 [WARN] ConditionMgr:438 - getConditionDescription Invalid condition id : UX DEVICE CLASS RTOS Condition cause : null
2023-10-05 17:47:25,503 [WARN] ConditionMgr:438 - getConditionDescription Invalid condition id : UX DEVICE CLASS RTOS Condition cause : null
2023-10-05 17:47:25,508 [WARN] PackLoader:240 - Cannot read IP mode file for STMicroelectronics.X-CUBE-AZRTOS-H7.3.1.0
2023-10-05 17:47:25,512 [WARN] ConditionMgr:1039 - genDependencies : Invalid condition id : UX DEVICE CLASS RTOS Condition cause : null
2023-10-05 17:47:25,512 [WARN] ConditionMgr:1039 - genDependencies : Invalid condition id : UX DEVICE CLASS RTOS Condition cause : null
2023-10-05 17:47:25,515 [WARN] ConditionMgr:1039 - genDependencies : Invalid condition id : UX DEVICE CLASS RTOS Condition cause : null
2023-10-05 17:47:25,516 [WARN] ConditionMgr:1039 - genDependencies : Invalid condition id : UX DEVICE CLASS RTOS Condition cause : null
2023-10-05 17:47:25,517 [WARN] ConditionMgr:1039 - genDependencies : Invalid condition id : UX DEVICE CLASS RTOS Condition cause : null
2023-10-05 17:47:25,533 [WARN] PackLoader:240 - Cannot read IP mode file for STMicroelectronics.X-CUBE-DISPLAY.3.0.0
2023-10-05 17:47:25,548 [WARN] PackLoader:240 - Cannot read IP mode file for STMicroelectronics.X-CUBE-BLE1.7.0.0
2023-10-05 17:47:25,569 [WARN] PackLoader:240 - Cannot read IP mode file for STMicroelectronics.X-CUBE-NFC7.1.0.1
2023-10-05 17:47:25,580 [WARN] PackLoader:240 - Cannot read IP mode file for STMicroelectronics.X-CUBE-EEPRMA1.4.1.0
2023-10-05 17:47:25,599 [INFO] LogOutputStream:77 - [STDOUT_REDIRECT] 1 : Invalid condition id : UX_CORESTACK_Condition cause : null
2023-10-05 17:47:25,600 [INFO] LogOutputStream:77 - [STDOUT_REDIRECT] 1 : Invalid condition id : UX_CORESTACK_Condition cause : null
2023-10-05 17:47:25,604 [INFO] LogOutputStream:77 - [STDOUT_REDIRECT] 1 : Invalid condition id : UX_CORESTACK_Condition cause : null
2023-10-05 17:47:25,607 [INFO] LogOutputStream:77 - [STDOUT_REDIRECT] 1 : Invalid condition id : UX_CORESTACK_Condition cause : null
2023-10-05 17:47:25,610 [INFO] LogOutputStream:77 - [STDOUT_REDIRECT] 1 : Invalid condition id : UX_CORESTACK_Condition cause : null
2023-10-05 17:47:25,615 [WARN] PackLoader:240 - Cannot read IP mode file for STMicroelectronics.X-CUBE-AZRTOS-WL.2.0.0
2023-10-05 17:47:25,635 [WARN] PackLoader:240 - Cannot read IP mode file for STMicroelectronics.X-CUBE-AI.8.1.0
2023-10-05 17:47:25,667 [WARN] ConditionMgr:438 - getConditionDescription Invalid condition id : LAN8742 Phy interface Condition cause : null
2023-10-05 17:47:25,669 [WARN] PackLoader:240 - Cannot read IP mode file for STMicroelectronics.X-CUBE-AZRTOS-L4.2.0.0
2023-10-05 17:47:25,671 [WARN] ConditionMgr:1039 - genDependencies : Invalid condition id : LAN8742 Phy interface Condition cause : null
2023-10-05 17:47:25,672 [WARN] ConditionMgr:1039 - genDependencies : Invalid condition id : LAN8742 Phy interface Condition cause : null
2023-10-05 17:47:25,673 [WARN] ConditionMgr:1039 - genDependencies : Invalid condition id : LAN8742 Phy interface Condition cause : null
2023-10-05 17:47:25,690 [WARN] PackLoader:240 - Cannot read IP mode file for STMicroelectronics.X-CUBE-SFXS2LP1.4.0.0
2023-10-05 17:47:25,702 [WARN] PackLoader:240 - Cannot read IP mode file for STMicroelectronics.X-CUBE-BLE2.3.3.0
2023-10-05 17:47:25,711 [WARN] PackLoader:240 - Cannot read IP mode file for STMicroelectronics.X-CUBE-ISPU.1.1.0
2023-10-05 17:47:25,735 [WARN] ConditionMgr:438 - getConditionDescription Invalid condition id : UX DEVICE CLASS RTOS Condition cause : null
2023-10-05 17:47:25,735 [WARN] ConditionMgr:438 - getConditionDescription Invalid condition id : UX DEVICE CLASS RTOS Condition cause : null
2023-10-05 17:47:25,739 [WARN] PackLoader:240 - Cannot read IP mode file for STMicroelectronics.X-CUBE-AZRTOS-WB.2.0.0
2023-10-05 17:47:25,742 [WARN] ConditionMgr:1039 - genDependencies : Invalid condition id : UX DEVICE CLASS RTOS Condition cause : null
2023-10-05 17:47:25,742 [WARN] ConditionMgr:1039 - genDependencies : Invalid condition id : UX DEVICE CLASS RTOS Condition cause : null
2023-10-05 17:47:25,742 [WARN] ConditionMgr:1039 - genDependencies : Invalid condition id : UX DEVICE CLASS RTOS Condition cause : null
2023-10-05 17:47:25,742 [WARN] ConditionMgr:1039 - genDependencies : Invalid condition id : UX DEVICE CLASS RTOS Condition cause : null
2023-10-05 17:47:25,742 [WARN] ConditionMgr:1039 - genDependencies : Invalid condition id : UX DEVICE CLASS RTOS Condition cause : null
2023-10-05 17:47:25,754 [WARN] PackLoader:240 - Cannot read IP mode file for STMicroelectronics.X-CUBE-ALGOBUILD.1.3.0
2023-10-05 17:47:25,760 [INFO] WebApp:753 - Register for checkConnection events
2023-10-05 17:47:25,760 [INFO] WebApp:390 - Apply proxy settings
2023-10-05 17:47:25,761 [INFO] WebApp:475 - Chromium requires no authentication
2023-10-05 17:47:25,777 [INFO] WebApp:418 - Direct internet connection detected
2023-10-05 17:47:25,782 [WARN] PackLoader:240 - Cannot read IP mode file for STMicroelectronics.X-CUBE-AZRTOS-G0.1.1.0
2023-10-05 17:47:25,804 [WARN] PackLoader:240 - Cannot read IP mode file for STMicroelectronics.X-CUBE-SUBG2.5.0.0
2023-10-05 17:47:25,822 [WARN] PackLoader:240 - Cannot read IP mode file for STMicroelectronics.X-CUBE-NFC4.3.0.0
2023-10-05 17:47:25,842 [WARN] PackLoader:240 - Cannot read IP mode file for STMicroelectronics.X-CUBE-TOF1.3.3.1
2023-10-05 17:47:25,880 [WARN] PackLoader:240 - Cannot read IP mode file for STMicroelectronics.X-CUBE-AZRTOS-G4.2.0.0
2023-10-05 17:47:25,892 [WARN] PackLoader:240 - Cannot read IP mode file for STMicroelectronics.FP-ATR-SIGFOX1.3.2.0
2023-10-05 17:47:25,902 [WARN] PackLoader:240 - Cannot read IP mode file for STMicroelectronics.X-CUBE-FREERTOS.1.1.0
2023-10-05 17:47:25,909 [WARN] PackLoader:240 - Cannot read IP mode file for STMicroelectronics.X-CUBE-ALS.1.0.1
2023-10-05 17:47:25,917 [WARN] PackLoader:240 - Cannot read IP mode file for STMicroelectronics.FP-ATR-ASTRA1.2.0.0
2023-10-05 17:47:25,919 [INFO] ThirdParty:978 - Integrity check success = true
2023-10-05 17:47:25,919 [INFO] IntegrityCheckThread:100 - exiting critical section [integrity check]
2023-10-05 17:47:25,920 [INFO] IntegrityCheckThread:103 - End integrity checks thread
2023-10-05 17:47:26,151 [INFO] WebApp:188 - Starting web application
2023-10-05 17:47:26,151 [INFO] WebApp:520 - Web application path used C:\ST\STM32CubeIDE_1.13.2\STM32CubeIDE\plugins\com.st.stm32cube.common.mx_6.9.2.202309101412\db\plugins\mcufinder\reactClient1\index.html
2023-10-05 17:47:47,549 [ERROR] LogOutputStream:75 - [STDERR_REDIRECT] SLF4J: Failed to load class "org.slf4j.impl.StaticLoggerBinder".
2023-10-05 17:47:47,549 [ERROR] LogOutputStream:75 - [STDERR_REDIRECT] SLF4J: Defaulting to no-operation (NOP) logger implementation
2023-10-05 17:47:47,552 [ERROR] LogOutputStream:75 - [STDERR_REDIRECT] SLF4J: See http://www.slf4j.org/codes.html#StaticLoggerBinder for further details.
2023-10-05 18:18:13,120 [ERROR] LogOutputStream:75 - [STDERR_REDIRECT] 
