2023-11-27 12:22:35,357 [INFO] Activator:176 - 


2023-11-27 12:22:35,367 [INFO] Activator:177 - !SESSION log4j initialized
2023-11-27 12:22:41,182 [INFO] LogOutputStream:77 - [STDOUT_REDIRECT] 
2023-11-27 12:23:05,005 [INFO] ApplicationProperties:184 - Using Application install path: C:\ST\STM32CubeIDE_1.13.2\STM32CubeIDE\plugins\com.st.stm32cube.common.mx_6.9.2.202309101412
2023-11-27 12:23:05,032 [INFO] DbMcusXml:78 - Set database path to: C:\ST\STM32CubeIDE_1.13.2\STM32CubeIDE\plugins\com.st.stm32cube.common.mx_6.9.2.202309101412\\db\/mcu/
2023-11-27 12:23:05,033 [INFO] ApiDb:274 - Set plugin database path to: C:\ST\STM32CubeIDE_1.13.2\STM32CubeIDE\plugins\com.st.stm32cube.common.mx_6.9.2.202309101412\\db\/plugins/boardmanager/
2023-11-27 12:23:05,033 [WARN] ApiDb:259 - Overriding images path with different value:  => C:\ST\STM32CubeIDE_1.13.2\STM32CubeIDE\plugins\com.st.stm32cube.common.mx_6.9.2.202309101412\\db\/plugins/mcufinder/images/
2023-11-27 12:23:05,049 [INFO] ApiDb:250 - Set database path to: C:\Users\E-AY\.stmcufinder\plugins\mcufinder//mcu/
2023-11-27 12:23:05,050 [INFO] DbMcusAds:125 - Set database path to: C:\Users\E-AY\.stmcufinder\plugins\mcufinder//mcu/
2023-11-27 12:23:05,076 [INFO] CrossReferenceDbSqlite:203 - Set database path to: C:\Users\E-AY\.stmcufinder\plugins\mcufinder//mcu/cs/
2023-11-27 12:23:05,233 [INFO] RulesReader:64 - Compatibility file has been processed (293 Rules)
2023-11-27 12:23:05,347 [INFO] DbMcusXml:78 - Set database path to: C:\ST\STM32CubeIDE_1.13.2\STM32CubeIDE\plugins\com.st.stm32cube.common.mx_6.9.2.202309101412\\db\/mcu/
2023-11-27 12:23:05,347 [INFO] ApiDb:274 - Set plugin database path to: C:\ST\STM32CubeIDE_1.13.2\STM32CubeIDE\plugins\com.st.stm32cube.common.mx_6.9.2.202309101412\\db\/plugins/boardmanager/
2023-11-27 12:23:05,347 [INFO] ApiDb:261 - Set plugin images path to: C:\ST\STM32CubeIDE_1.13.2\STM32CubeIDE\plugins\com.st.stm32cube.common.mx_6.9.2.202309101412\\db\/plugins/mcufinder/images/
2023-11-27 12:23:05,348 [WARN] DbFile:41 - Overriding database path with different value: C:\Users\E-AY\.stmcufinder\plugins\mcufinder/ => C:\Users\E-AY\.stmcufinder\plugins\mcufinder
2023-11-27 12:23:05,348 [INFO] ApiDb:250 - Set database path to: C:\Users\E-AY\.stmcufinder\plugins\mcufinder//mcu/
2023-11-27 12:23:05,348 [WARN] DbFile:41 - Overriding database path with different value: C:\Users\E-AY\.stmcufinder\plugins\mcufinder/ => C:\Users\E-AY\.stmcufinder\plugins\mcufinder
2023-11-27 12:23:05,348 [INFO] DbMcusAds:125 - Set database path to: C:\Users\E-AY\.stmcufinder\plugins\mcufinder//mcu/
2023-11-27 12:23:05,348 [WARN] DbFile:41 - Overriding database path with different value: C:\Users\E-AY\.stmcufinder\plugins\mcufinder/ => C:\Users\E-AY\.stmcufinder\plugins\mcufinder
2023-11-27 12:23:05,348 [WARN] DbFile:41 - Overriding database path with different value: C:\Users\E-AY\.stmcufinder\plugins\mcufinder/ => C:\Users\E-AY\.stmcufinder\plugins\mcufinder
2023-11-27 12:23:05,349 [INFO] CrossReferenceDbSqlite:203 - Set database path to: C:\Users\E-AY\.stmcufinder\plugins\mcufinder//mcu/cs/
2023-11-27 12:23:05,447 [INFO] MainPanel:262 - HeapMemory: 268435456
2023-11-27 12:23:05,568 [INFO] DbMcusXml:78 - Set database path to: C:\ST\STM32CubeIDE_1.13.2\STM32CubeIDE\plugins\com.st.stm32cube.common.mx_6.9.2.202309101412\\db\/mcu/
2023-11-27 12:23:05,568 [INFO] ApiDb:274 - Set plugin database path to: C:\ST\STM32CubeIDE_1.13.2\STM32CubeIDE\plugins\com.st.stm32cube.common.mx_6.9.2.202309101412\\db\/plugins/boardmanager/
2023-11-27 12:23:05,568 [INFO] ApiDb:261 - Set plugin images path to: C:\ST\STM32CubeIDE_1.13.2\STM32CubeIDE\plugins\com.st.stm32cube.common.mx_6.9.2.202309101412\\db\/plugins/mcufinder/images/
2023-11-27 12:23:05,568 [WARN] DbFile:41 - Overriding database path with different value: C:\Users\E-AY\.stmcufinder\plugins\mcufinder/ => C:\Users\E-AY\.stmcufinder\plugins\mcufinder
2023-11-27 12:23:05,569 [INFO] ApiDb:250 - Set database path to: C:\Users\E-AY\.stmcufinder\plugins\mcufinder//mcu/
2023-11-27 12:23:05,569 [WARN] DbFile:41 - Overriding database path with different value: C:\Users\E-AY\.stmcufinder\plugins\mcufinder/ => C:\Users\E-AY\.stmcufinder\plugins\mcufinder
2023-11-27 12:23:05,569 [INFO] DbMcusAds:125 - Set database path to: C:\Users\E-AY\.stmcufinder\plugins\mcufinder//mcu/
2023-11-27 12:23:05,569 [WARN] DbFile:41 - Overriding database path with different value: C:\Users\E-AY\.stmcufinder\plugins\mcufinder/ => C:\Users\E-AY\.stmcufinder\plugins\mcufinder
2023-11-27 12:23:05,569 [WARN] DbFile:41 - Overriding database path with different value: C:\Users\E-AY\.stmcufinder\plugins\mcufinder/ => C:\Users\E-AY\.stmcufinder\plugins\mcufinder
2023-11-27 12:23:05,569 [INFO] CrossReferenceDbSqlite:203 - Set database path to: C:\Users\E-AY\.stmcufinder\plugins\mcufinder//mcu/cs/
2023-11-27 12:23:05,592 [INFO] ApplicationProperties:184 - Using Application install path: C:\ST\STM32CubeIDE_1.13.2\STM32CubeIDE\plugins\com.st.stm32cube.common.mx_6.9.2.202309101412
2023-11-27 12:23:05,594 [INFO] PluginManage:196 - Search for loadable plugins [exclusion list=, ]
2023-11-27 12:23:05,596 [INFO] PluginManage:310 - Check plugin analytics
2023-11-27 12:23:05,863 [INFO] AnalyticsPlugin:253 - Accepted Software Licenses: 
2023-11-27 12:23:05,864 [INFO] AnalyticsPlugin:255 - Accepted CMSIS Pack Licenses: 
2023-11-27 12:23:05,864 [INFO] AnalyticsPlugin:257 - Accepted Firmware Licenses: 
2023-11-27 12:23:05,868 [INFO] PluginManage:359 - Loaded plugin analytics (category:tool,tabindex:-1)
2023-11-27 12:23:05,868 [INFO] PluginManage:310 - Check plugin cadmodel
2023-11-27 12:23:05,887 [INFO] CADModel:105 - Init CAD model plugin
2023-11-27 12:23:05,888 [INFO] PluginManage:359 - Loaded plugin cadmodel (category:power,tabindex:5)
2023-11-27 12:23:05,888 [INFO] PluginManage:310 - Check plugin clock
2023-11-27 12:23:05,914 [INFO] PluginManage:359 - Loaded plugin clock (category:base,tabindex:2)
2023-11-27 12:23:05,914 [INFO] PluginManage:310 - Check plugin ddr
2023-11-27 12:23:05,917 [INFO] PluginManage:359 - Loaded plugin ddr (category:tool,tabindex:6)
2023-11-27 12:23:05,917 [INFO] PluginManage:310 - Check plugin filemanager
2023-11-27 12:23:06,109 [INFO] PluginManage:359 - Loaded plugin filemanager (category:base,tabindex:10)
2023-11-27 12:23:06,109 [INFO] PluginManage:310 - Check plugin ipmanager
2023-11-27 12:23:06,122 [INFO] PluginManage:359 - Loaded plugin ipmanager (category:base,tabindex:5)
2023-11-27 12:23:06,123 [INFO] PluginManage:310 - Check plugin lpbam
2023-11-27 12:23:06,149 [INFO] PluginManage:359 - Loaded plugin lpbam (category:base,tabindex:0)
2023-11-27 12:23:06,149 [INFO] PluginManage:310 - Check plugin memorymap
2023-11-27 12:23:06,191 [INFO] PluginManage:359 - Loaded plugin memorymap (category:base,tabindex:4)
2023-11-27 12:23:06,191 [INFO] PluginManage:310 - Check plugin pinoutandconfiguration
2023-11-27 12:23:06,223 [INFO] PluginManage:359 - Loaded plugin pinoutandconfiguration (category:base,tabindex:1)
2023-11-27 12:23:06,223 [INFO] PluginManage:310 - Check plugin pinoutconfig
2023-11-27 12:23:06,390 [WARN] SupportedApi:132 - Cannot load RTOS API schema: s4s-elt-must-match.1: The content of 'definitions' must match (annotation?, (simpleType | complexType)?, (unique | key | keyref)*)). A problem was found starting at: attribute.
2023-11-27 12:23:06,646 [INFO] PluginManage:359 - Loaded plugin pinoutconfig (category:base,tabindex:0)
2023-11-27 12:23:06,646 [INFO] PluginManage:310 - Check plugin power
2023-11-27 12:23:06,681 [INFO] PluginManage:359 - Loaded plugin power (category:power,tabindex:4)
2023-11-27 12:23:06,681 [INFO] PluginManage:310 - Check plugin projectmanager
2023-11-27 12:23:06,703 [INFO] PluginManage:359 - Loaded plugin projectmanager (category:projectmanager,tabindex:3)
2023-11-27 12:23:06,704 [INFO] PluginManage:310 - Check plugin thirdparty
2023-11-27 12:23:07,066 [INFO] PluginManage:359 - Loaded plugin thirdparty (category:base,tabindex:-1)
2023-11-27 12:23:07,066 [WARN] IntegrityCheckThread:84 - waiting for thirdparty lock release [integrity check]
2023-11-27 12:23:07,066 [INFO] PluginManage:310 - Check plugin tools
2023-11-27 12:23:07,067 [INFO] IntegrityCheckThread:86 - entering critical section [integrity check]
2023-11-27 12:23:07,067 [INFO] ThirdPartyUpdaterWithRetryManager:70 - Updater plugin not ready yet. [1/15]
2023-11-27 12:23:07,108 [INFO] PluginManage:359 - Loaded plugin tools (category:base,tabindex:7)
2023-11-27 12:23:07,108 [INFO] PluginManage:310 - Check plugin tutovideos
2023-11-27 12:23:07,398 [INFO] PluginManage:359 - Loaded plugin tutovideos (category:base,tabindex:-1)
2023-11-27 12:23:07,398 [INFO] PluginManage:310 - Check plugin updater
2023-11-27 12:23:07,412 [INFO] PluginManage:359 - Loaded plugin updater (category:base,tabindex:12)
2023-11-27 12:23:07,412 [INFO] PluginManage:310 - Check plugin userauth
2023-11-27 12:23:07,419 [INFO] UserAuth:113 - Init User Auth plugin
2023-11-27 12:23:07,419 [INFO] PluginManage:359 - Loaded plugin userauth (category:base,tabindex:14)
2023-11-27 12:23:07,419 [INFO] PluginManage:283 - PluginManage : Loaded plugins [17]
2023-11-27 12:23:07,711 [INFO] PinOutPanel:1499 - setPackage(No Configuration,No Configuration)
2023-11-27 12:23:07,851 [INFO] CADModel:165 - CPN selected for project level
2023-11-27 12:23:07,852 [INFO] CADModel:114 - Register for checkConnection events
2023-11-27 12:23:07,885 [INFO] IPUIPlugin:80 - create IPUIPlugin
2023-11-27 12:23:07,885 [INFO] PluginManager:220 - loadIPPluginJar : add adc
2023-11-27 12:23:07,928 [INFO] IPUIPlugin:80 - create IPUIPlugin
2023-11-27 12:23:07,928 [INFO] PluginManager:220 - loadIPPluginJar : add aes
2023-11-27 12:23:07,977 [INFO] IPUIPlugin:80 - create IPUIPlugin
2023-11-27 12:23:07,978 [INFO] PluginManager:220 - loadIPPluginJar : add can
2023-11-27 12:23:08,006 [INFO] IPUIPlugin:80 - create IPUIPlugin
2023-11-27 12:23:08,006 [INFO] PluginManager:220 - loadIPPluginJar : add comp
2023-11-27 12:23:08,046 [INFO] IPUIPlugin:80 - create IPUIPlugin
2023-11-27 12:23:08,046 [INFO] PluginManager:220 - loadIPPluginJar : add cryp
2023-11-27 12:23:08,081 [INFO] IPUIPlugin:80 - create IPUIPlugin
2023-11-27 12:23:08,082 [INFO] PluginManager:220 - loadIPPluginJar : add dfsdm
2023-11-27 12:23:08,098 [INFO] IPUIPlugin:80 - create IPUIPlugin
2023-11-27 12:23:08,098 [INFO] PluginManager:220 - loadIPPluginJar : add dma
2023-11-27 12:23:08,148 [INFO] IPUIPlugin:80 - create IPUIPlugin
2023-11-27 12:23:08,149 [INFO] PluginManager:220 - loadIPPluginJar : add dma3
2023-11-27 12:23:08,173 [INFO] IPUIPlugin:80 - create IPUIPlugin
2023-11-27 12:23:08,173 [INFO] PluginManager:220 - loadIPPluginJar : add fatfs
2023-11-27 12:23:08,231 [INFO] IPUIPlugin:80 - create IPUIPlugin
2023-11-27 12:23:08,231 [INFO] PluginManager:220 - loadIPPluginJar : add fmc
2023-11-27 12:23:08,248 [INFO] IPUIPlugin:80 - create IPUIPlugin
2023-11-27 12:23:08,249 [INFO] PluginManager:220 - loadIPPluginJar : add freertos
2023-11-27 12:23:08,272 [INFO] IPUIPlugin:80 - create IPUIPlugin
2023-11-27 12:23:08,272 [INFO] PluginManager:220 - loadIPPluginJar : add genericplugin
2023-11-27 12:23:08,389 [INFO] IPUIPlugin:80 - create IPUIPlugin
2023-11-27 12:23:08,389 [INFO] PluginManager:220 - loadIPPluginJar : add gfxmmu
2023-11-27 12:23:08,548 [INFO] IPUIPlugin:80 - create IPUIPlugin
2023-11-27 12:23:08,548 [INFO] PluginManager:220 - loadIPPluginJar : add gic
2023-11-27 12:23:08,563 [INFO] IPUIPlugin:80 - create IPUIPlugin
2023-11-27 12:23:08,564 [INFO] PluginManager:220 - loadIPPluginJar : add gpio
2023-11-27 12:23:08,680 [INFO] IPUIPlugin:80 - create IPUIPlugin
2023-11-27 12:23:08,680 [INFO] PluginManager:220 - loadIPPluginJar : add gtzc
2023-11-27 12:23:08,718 [INFO] IPUIPlugin:80 - create IPUIPlugin
2023-11-27 12:23:08,718 [INFO] PluginManager:220 - loadIPPluginJar : add hash
2023-11-27 12:23:08,782 [INFO] IPUIPlugin:80 - create IPUIPlugin
2023-11-27 12:23:08,782 [INFO] PluginManager:220 - loadIPPluginJar : add i2c
2023-11-27 12:23:08,829 [INFO] IPUIPlugin:80 - create IPUIPlugin
2023-11-27 12:23:08,829 [INFO] PluginManager:220 - loadIPPluginJar : add i2s
2023-11-27 12:23:08,878 [INFO] IPUIPlugin:80 - create IPUIPlugin
2023-11-27 12:23:08,878 [INFO] PluginManager:220 - loadIPPluginJar : add i3c
2023-11-27 12:23:09,015 [INFO] IPUIPlugin:80 - create IPUIPlugin
2023-11-27 12:23:09,015 [INFO] PluginManager:220 - loadIPPluginJar : add ipddr
2023-11-27 12:23:09,127 [INFO] IPUIPlugin:80 - create IPUIPlugin
2023-11-27 12:23:09,127 [INFO] PluginManager:220 - loadIPPluginJar : add linkedlist
2023-11-27 12:23:09,169 [INFO] IPUIPlugin:80 - create IPUIPlugin
2023-11-27 12:23:09,169 [INFO] PluginManager:220 - loadIPPluginJar : add lorawan
2023-11-27 12:23:09,210 [INFO] IPUIPlugin:80 - create IPUIPlugin
2023-11-27 12:23:09,211 [INFO] PluginManager:220 - loadIPPluginJar : add ltdc
2023-11-27 12:23:09,228 [INFO] IPUIPlugin:80 - create IPUIPlugin
2023-11-27 12:23:09,228 [INFO] PluginManager:220 - loadIPPluginJar : add mdma
2023-11-27 12:23:09,242 [INFO] IPUIPlugin:80 - create IPUIPlugin
2023-11-27 12:23:09,243 [INFO] PluginManager:220 - loadIPPluginJar : add nvic
2023-11-27 12:23:09,285 [INFO] IPUIPlugin:80 - create IPUIPlugin
2023-11-27 12:23:09,285 [INFO] PluginManager:220 - loadIPPluginJar : add opamp
2023-11-27 12:23:09,355 [INFO] IPUIPlugin:80 - create IPUIPlugin
2023-11-27 12:23:09,355 [INFO] PluginManager:220 - loadIPPluginJar : add openamp
2023-11-27 12:23:09,406 [INFO] IPUIPlugin:80 - create IPUIPlugin
2023-11-27 12:23:09,406 [INFO] PluginManager:220 - loadIPPluginJar : add pdm2pcm
2023-11-27 12:23:09,425 [INFO] IPUIPlugin:80 - create IPUIPlugin
2023-11-27 12:23:09,428 [INFO] PluginManager:220 - loadIPPluginJar : add plateformsettings
2023-11-27 12:23:09,453 [INFO] IPUIPlugin:80 - create IPUIPlugin
2023-11-27 12:23:09,454 [INFO] PluginManager:220 - loadIPPluginJar : add quadspi
2023-11-27 12:23:09,468 [INFO] IPUIPlugin:80 - create IPUIPlugin
2023-11-27 12:23:09,468 [INFO] PluginManager:220 - loadIPPluginJar : add resmgrutility
2023-11-27 12:23:09,527 [INFO] IPUIPlugin:80 - create IPUIPlugin
2023-11-27 12:23:09,527 [INFO] PluginManager:220 - loadIPPluginJar : add sai
2023-11-27 12:23:09,571 [INFO] IPUIPlugin:80 - create IPUIPlugin
2023-11-27 12:23:09,571 [INFO] PluginManager:220 - loadIPPluginJar : add spi
2023-11-27 12:23:09,643 [INFO] IPUIPlugin:80 - create IPUIPlugin
2023-11-27 12:23:09,643 [INFO] PluginManager:220 - loadIPPluginJar : add stm32_wpan
2023-11-27 12:23:09,670 [INFO] IPUIPlugin:80 - create IPUIPlugin
2023-11-27 12:23:09,670 [INFO] PluginManager:220 - loadIPPluginJar : add tim
2023-11-27 12:23:09,748 [INFO] IPUIPlugin:80 - create IPUIPlugin
2023-11-27 12:23:09,748 [INFO] PluginManager:220 - loadIPPluginJar : add touchsensing
2023-11-27 12:23:09,779 [INFO] IPUIPlugin:80 - create IPUIPlugin
2023-11-27 12:23:09,779 [INFO] PluginManager:220 - loadIPPluginJar : add tracer_emb
2023-11-27 12:23:09,812 [INFO] IPUIPlugin:80 - create IPUIPlugin
2023-11-27 12:23:09,812 [INFO] PluginManager:220 - loadIPPluginJar : add ts
2023-11-27 12:23:09,842 [INFO] IPUIPlugin:80 - create IPUIPlugin
2023-11-27 12:23:09,842 [INFO] PluginManager:220 - loadIPPluginJar : add tsc
2023-11-27 12:23:09,872 [INFO] IPUIPlugin:80 - create IPUIPlugin
2023-11-27 12:23:09,873 [INFO] PluginManager:220 - loadIPPluginJar : add ucpd
2023-11-27 12:23:09,932 [INFO] IPUIPlugin:80 - create IPUIPlugin
2023-11-27 12:23:09,932 [INFO] PluginManager:220 - loadIPPluginJar : add usart
2023-11-27 12:23:09,990 [INFO] IPUIPlugin:80 - create IPUIPlugin
2023-11-27 12:23:09,990 [INFO] PluginManager:220 - loadIPPluginJar : add usbx
2023-11-27 12:23:10,069 [INFO] ThirdPartyUpdaterWithRetryManager:70 - Updater plugin not ready yet. [2/15]
2023-11-27 12:23:10,140 [INFO] CADModel:165 - CPN selected for project level
2023-11-27 12:23:10,140 [INFO] CADModel:114 - Register for checkConnection events
2023-11-27 12:23:10,140 [FATAL] Updater:308 - Updater called before beeing initialized
2023-11-27 12:23:10,141 [ERROR] CADModel:125 - Updater not yet initialized, retry later 
2023-11-27 12:23:10,369 [INFO] CADModel:165 - CPN selected for project level
2023-11-27 12:23:10,369 [INFO] CADModel:114 - Register for checkConnection events
2023-11-27 12:23:10,370 [FATAL] Updater:308 - Updater called before beeing initialized
2023-11-27 12:23:10,370 [ERROR] CADModel:125 - Updater not yet initialized, retry later 
2023-11-27 12:23:10,376 [FATAL] Updater:308 - Updater called before beeing initialized
2023-11-27 12:23:10,551 [FATAL] Updater:308 - Updater called before beeing initialized
2023-11-27 12:23:10,566 [INFO] DbMcusAds:53 - JSON generation date=Tue Mar 07 11:50:55 TRT 2023 (1678179055335)
2023-11-27 12:23:10,566 [FATAL] Updater:308 - Updater called before beeing initialized
2023-11-27 12:23:10,698 [WARN] DetailPanel:346 - Failed to get advertising image, set to default
2023-11-27 12:23:10,840 [FATAL] Updater:308 - Updater called before beeing initialized
2023-11-27 12:23:10,842 [FATAL] Updater:308 - Updater called before beeing initialized
2023-11-27 12:23:10,843 [FATAL] Updater:308 - Updater called before beeing initialized
2023-11-27 12:23:10,843 [WARN] DetailPanel:346 - Failed to get advertising image, set to default
2023-11-27 12:23:10,844 [FATAL] Updater:308 - Updater called before beeing initialized
2023-11-27 12:23:10,930 [ERROR] Updater:1120 - MainUpdater not yet initialized. External WinMGr cannot be set.
2023-11-27 12:23:10,943 [INFO] Updater:1056 - Updater Version found : 6.9.2
2023-11-27 12:23:10,967 [INFO] ApplicationProperties:184 - Using Application install path: C:\ST\STM32CubeIDE_1.13.2\STM32CubeIDE\plugins\com.st.stm32cube.common.mx_6.9.2.202309101412
2023-11-27 12:23:11,161 [INFO] MainUpdater:2868 - connection check result : 10
2023-11-27 12:23:11,162 [INFO] MainUpdater:285 - Updater Check For Update Now.
2023-11-27 12:23:11,162 [INFO] MicroXplorer:498 - Change Database Version : DB.6.0.92
2023-11-27 12:23:11,189 [INFO] McuFinderGlobals:63 - Set McuFinder mode to 2 (CubeIDE integrated)
2023-11-27 12:23:11,189 [INFO] UserAuth:179 - activating auth plugin
2023-11-27 12:23:11,193 [INFO] UserAuth:393 - Internet connection configuration mode: 1
2023-11-27 12:23:11,230 [INFO] JxBrowserEngine:151 - Initiate JxBrowser Engine with user profile folder
2023-11-27 12:23:11,406 [INFO] CheckServerUpdateThread:120 - End of CheckServer Thread
2023-11-27 12:23:13,320 [WARN] PackLoader:240 - Cannot read IP mode file for STMicroelectronics.X-CUBE-SMBUS.2.1.0
2023-11-27 12:23:13,382 [WARN] PackLoader:240 - Cannot read IP mode file for STMicroelectronics.X-CUBE-AZRTOS-F7.1.1.0
2023-11-27 12:23:13,408 [WARN] PackLoader:240 - Cannot read IP mode file for STMicroelectronics.FP-SNS-MOTENV1.4.3.2
2023-11-27 12:23:13,436 [WARN] PackLoader:240 - Cannot read IP mode file for STMicroelectronics.FP-SNS-FLIGHT1.5.0.2
2023-11-27 12:23:13,466 [WARN] PackLoader:240 - Cannot read IP mode file for STMicroelectronics.X-CUBE-DISPLAY.3.0.0
2023-11-27 12:23:13,494 [WARN] PackLoader:240 - Cannot read IP mode file for STMicroelectronics.X-CUBE-BLE1.7.0.0
2023-11-27 12:23:13,510 [WARN] PackLoader:240 - Cannot read IP mode file for emotas.I-CUBE-CANOPEN.1.3.0
2023-11-27 12:23:13,546 [INFO] LogOutputStream:77 - [STDOUT_REDIRECT] 1 : Invalid condition id : UX_CORESTACK_Condition cause : null
2023-11-27 12:23:13,547 [INFO] LogOutputStream:77 - [STDOUT_REDIRECT] 1 : Invalid condition id : UX_CORESTACK_Condition cause : null
2023-11-27 12:23:13,549 [INFO] LogOutputStream:77 - [STDOUT_REDIRECT] 1 : Invalid condition id : UX_CORESTACK_Condition cause : null
2023-11-27 12:23:13,552 [INFO] LogOutputStream:77 - [STDOUT_REDIRECT] 1 : Invalid condition id : UX_CORESTACK_Condition cause : null
2023-11-27 12:23:13,556 [INFO] LogOutputStream:77 - [STDOUT_REDIRECT] 1 : Invalid condition id : UX_CORESTACK_Condition cause : null
2023-11-27 12:23:13,562 [WARN] PackLoader:240 - Cannot read IP mode file for STMicroelectronics.X-CUBE-AZRTOS-WL.2.0.0
2023-11-27 12:23:13,615 [WARN] PackLoader:240 - Cannot read IP mode file for WES.I-CUBE-Cesium.1.3.0
2023-11-27 12:23:13,633 [WARN] PackLoader:240 - Cannot read IP mode file for STMicroelectronics.X-CUBE-BLE2.3.3.0
2023-11-27 12:23:13,660 [WARN] PackLoader:240 - Cannot read IP mode file for STMicroelectronics.X-CUBE-ALGOBUILD.1.3.0
2023-11-27 12:23:13,772 [WARN] PackLoader:240 - Cannot read IP mode file for STMicroelectronics.X-CUBE-AZRTOS-G0.1.1.0
2023-11-27 12:23:13,803 [WARN] PackLoader:240 - Cannot read IP mode file for STMicroelectronics.X-CUBE-NFC4.3.0.0
2023-11-27 12:23:13,843 [WARN] PackLoader:240 - Cannot read IP mode file for STMicroelectronics.X-CUBE-BLEMGR.3.0.0
2023-11-27 12:23:13,987 [WARN] PackLoader:240 - Cannot read IP mode file for STMicroelectronics.FP-ATR-SIGFOX1.3.2.0
2023-11-27 12:23:14,058 [WARN] PackLoader:240 - Cannot read IP mode file for SEGGER.I-CUBE-embOS.1.3.1
2023-11-27 12:23:14,158 [WARN] PackLoader:240 - Cannot read IP mode file for STMicroelectronics.X-CUBE-GNSS1.6.0.0
2023-11-27 12:23:14,218 [WARN] PackLoader:240 - Cannot read IP mode file for STMicroelectronics.X-CUBE-AZRTOS-F4.1.1.0
2023-11-27 12:23:14,281 [WARN] PackLoader:240 - Cannot read IP mode file for STMicroelectronics.X-CUBE-AZRTOS-L5.2.0.0
2023-11-27 12:23:14,406 [WARN] PackLoader:240 - Cannot read IP mode file for STMicroelectronics.X-CUBE-MEMS1.9.6.0
2023-11-27 12:23:14,828 [WARN] PackLoader:240 - Cannot read IP mode file for STMicroelectronics.X-CUBE-EEPRMA1.4.2.0
2023-11-27 12:23:14,901 [INFO] WebApp:157 - Instantiating new browser for Auth
2023-11-27 12:23:14,921 [WARN] PackLoader:240 - Cannot read IP mode file for ITTIA_DB.I-CUBE-ITTIADB.8.8.0
2023-11-27 12:23:14,972 [WARN] PackLoader:240 - Cannot read IP mode file for STMicroelectronics.X-CUBE-BLEMGR.2.0.0
2023-11-27 12:23:15,075 [WARN] ConditionMgr:438 - getConditionDescription Invalid condition id : UX DEVICE CLASS RTOS Condition cause : null
2023-11-27 12:23:15,076 [WARN] ConditionMgr:438 - getConditionDescription Invalid condition id : UX DEVICE CLASS RTOS Condition cause : null
2023-11-27 12:23:15,082 [WARN] PackLoader:240 - Cannot read IP mode file for STMicroelectronics.X-CUBE-AZRTOS-H7.3.1.0
2023-11-27 12:23:15,084 [WARN] ConditionMgr:1039 - genDependencies : Invalid condition id : UX DEVICE CLASS RTOS Condition cause : null
2023-11-27 12:23:15,085 [WARN] ConditionMgr:1039 - genDependencies : Invalid condition id : UX DEVICE CLASS RTOS Condition cause : null
2023-11-27 12:23:15,086 [WARN] ConditionMgr:1039 - genDependencies : Invalid condition id : UX DEVICE CLASS RTOS Condition cause : null
2023-11-27 12:23:15,087 [WARN] ConditionMgr:1039 - genDependencies : Invalid condition id : UX DEVICE CLASS RTOS Condition cause : null
2023-11-27 12:23:15,087 [WARN] ConditionMgr:1039 - genDependencies : Invalid condition id : UX DEVICE CLASS RTOS Condition cause : null
2023-11-27 12:23:15,154 [WARN] PackLoader:240 - Cannot read IP mode file for STMicroelectronics.X-CUBE-NFC7.1.0.1
2023-11-27 12:23:15,181 [WARN] PackLoader:240 - Cannot read IP mode file for STMicroelectronics.X-CUBE-EEPRMA1.4.1.0
2023-11-27 12:23:15,288 [WARN] PackLoader:240 - Cannot read IP mode file for STMicroelectronics.X-CUBE-AI.8.1.0
2023-11-27 12:23:15,435 [WARN] ConditionMgr:438 - getConditionDescription Invalid condition id : LAN8742 Phy interface Condition cause : null
2023-11-27 12:23:15,436 [WARN] PackLoader:240 - Cannot read IP mode file for STMicroelectronics.X-CUBE-AZRTOS-L4.2.0.0
2023-11-27 12:23:15,439 [WARN] ConditionMgr:1039 - genDependencies : Invalid condition id : LAN8742 Phy interface Condition cause : null
2023-11-27 12:23:15,439 [WARN] ConditionMgr:1039 - genDependencies : Invalid condition id : LAN8742 Phy interface Condition cause : null
2023-11-27 12:23:15,440 [WARN] ConditionMgr:1039 - genDependencies : Invalid condition id : LAN8742 Phy interface Condition cause : null
2023-11-27 12:23:15,467 [WARN] PackLoader:240 - Cannot read IP mode file for STMicroelectronics.X-CUBE-SFXS2LP1.4.0.0
2023-11-27 12:23:15,490 [WARN] PackLoader:240 - Cannot read IP mode file for STMicroelectronics.X-CUBE-ISPU.1.1.0
2023-11-27 12:23:15,537 [WARN] ConditionMgr:438 - getConditionDescription Invalid condition id : UX DEVICE CLASS RTOS Condition cause : null
2023-11-27 12:23:15,537 [WARN] ConditionMgr:438 - getConditionDescription Invalid condition id : UX DEVICE CLASS RTOS Condition cause : null
2023-11-27 12:23:15,542 [WARN] PackLoader:240 - Cannot read IP mode file for STMicroelectronics.X-CUBE-AZRTOS-WB.2.0.0
2023-11-27 12:23:15,543 [WARN] ConditionMgr:1039 - genDependencies : Invalid condition id : UX DEVICE CLASS RTOS Condition cause : null
2023-11-27 12:23:15,543 [WARN] ConditionMgr:1039 - genDependencies : Invalid condition id : UX DEVICE CLASS RTOS Condition cause : null
2023-11-27 12:23:15,544 [WARN] ConditionMgr:1039 - genDependencies : Invalid condition id : UX DEVICE CLASS RTOS Condition cause : null
2023-11-27 12:23:15,545 [WARN] ConditionMgr:1039 - genDependencies : Invalid condition id : UX DEVICE CLASS RTOS Condition cause : null
2023-11-27 12:23:15,545 [WARN] ConditionMgr:1039 - genDependencies : Invalid condition id : UX DEVICE CLASS RTOS Condition cause : null
2023-11-27 12:23:15,581 [WARN] PackLoader:240 - Cannot read IP mode file for STMicroelectronics.X-CUBE-SUBG2.5.0.0
2023-11-27 12:23:15,636 [WARN] PackLoader:240 - Cannot read IP mode file for STMicroelectronics.X-CUBE-TOF1.3.3.1
2023-11-27 12:23:15,705 [WARN] PackLoader:240 - Cannot read IP mode file for STMicroelectronics.X-CUBE-AZRTOS-G4.2.0.0
2023-11-27 12:23:15,758 [WARN] PackLoader:240 - Cannot read IP mode file for Infineon.AIROC-Wi-Fi-Bluetooth-STM32.1.5.1
2023-11-27 12:23:15,787 [WARN] PackLoader:240 - Cannot read IP mode file for STMicroelectronics.FP-SNS-MOTENVWB1.1.3.0
2023-11-27 12:23:15,886 [WARN] PackLoader:240 - Cannot read IP mode file for STMicroelectronics.X-CUBE-MEMS1.10.0.0
2023-11-27 12:23:16,105 [WARN] PackLoader:240 - Cannot read IP mode file for STMicroelectronics.X-CUBE-FREERTOS.1.1.0
2023-11-27 12:23:16,128 [WARN] PackLoader:240 - Cannot read IP mode file for portGmbH.I-Cube-SoM-uGOAL.1.1.0
2023-11-27 12:23:16,149 [WARN] PackLoader:240 - Cannot read IP mode file for STMicroelectronics.X-CUBE-ALS.1.0.1
2023-11-27 12:23:16,170 [WARN] PackLoader:240 - Cannot read IP mode file for STMicroelectronics.FP-ATR-ASTRA1.2.0.0
2023-11-27 12:23:16,207 [WARN] PackLoader:240 - Cannot read IP mode file for STMicroelectronics.X-CUBE-TOF1.3.4.0
2023-11-27 12:23:16,222 [INFO] ThirdParty:978 - Integrity check success = true
2023-11-27 12:23:16,222 [INFO] IntegrityCheckThread:100 - exiting critical section [integrity check]
2023-11-27 12:23:16,223 [INFO] IntegrityCheckThread:103 - End integrity checks thread
2023-11-27 12:23:16,479 [INFO] WebApp:753 - Register for checkConnection events
2023-11-27 12:23:16,480 [INFO] WebApp:390 - Apply proxy settings
2023-11-27 12:23:16,480 [INFO] WebApp:475 - Chromium requires no authentication
2023-11-27 12:23:16,497 [INFO] WebApp:418 - Direct internet connection detected
2023-11-27 12:23:16,829 [INFO] WebApp:188 - Starting web application
2023-11-27 12:23:16,829 [INFO] WebApp:520 - Web application path used C:\ST\STM32CubeIDE_1.13.2\STM32CubeIDE\plugins\com.st.stm32cube.common.mx_6.9.2.202309101412\db\plugins\mcufinder\reactClient1\index.html
2023-11-27 12:23:38,981 [ERROR] LogOutputStream:75 - [STDERR_REDIRECT] SLF4J: Failed to load class "org.slf4j.impl.StaticLoggerBinder".
2023-11-27 12:23:38,981 [ERROR] LogOutputStream:75 - [STDERR_REDIRECT] SLF4J: Defaulting to no-operation (NOP) logger implementation
2023-11-27 12:23:38,983 [ERROR] LogOutputStream:75 - [STDERR_REDIRECT] SLF4J: See http://www.slf4j.org/codes.html#StaticLoggerBinder for further details.
2023-11-27 13:51:00,666 [ERROR] LogOutputStream:75 - [STDERR_REDIRECT] 
2023-11-27 15:33:46,877 [INFO] Activator:176 - 


2023-11-27 15:33:46,881 [INFO] Activator:177 - !SESSION log4j initialized
2023-11-27 15:33:51,918 [INFO] LogOutputStream:77 - [STDOUT_REDIRECT] 
