2023-11-24 14:26:02,721 [INFO] Activator:176 - 


2023-11-24 14:26:02,730 [INFO] Activator:177 - !SESSION log4j initialized
2023-11-24 14:26:06,632 [INFO] LogOutputStream:77 - [STDOUT_REDIRECT] 
2023-11-24 14:26:12,509 [INFO] ApplicationProperties:184 - Using Application install path: C:\ST\STM32CubeIDE_1.13.2\STM32CubeIDE\plugins\com.st.stm32cube.common.mx_6.9.2.202309101412
2023-11-24 14:26:12,532 [INFO] DbMcusXml:78 - Set database path to: C:\ST\STM32CubeIDE_1.13.2\STM32CubeIDE\plugins\com.st.stm32cube.common.mx_6.9.2.202309101412\\db\/mcu/
2023-11-24 14:26:12,532 [INFO] ApiDb:274 - Set plugin database path to: C:\ST\STM32CubeIDE_1.13.2\STM32CubeIDE\plugins\com.st.stm32cube.common.mx_6.9.2.202309101412\\db\/plugins/boardmanager/
2023-11-24 14:26:12,533 [WARN] ApiDb:259 - Overriding images path with different value:  => C:\ST\STM32CubeIDE_1.13.2\STM32CubeIDE\plugins\com.st.stm32cube.common.mx_6.9.2.202309101412\\db\/plugins/mcufinder/images/
2023-11-24 14:26:12,547 [INFO] ApiDb:250 - Set database path to: C:\Users\E-AY\.stmcufinder\plugins\mcufinder//mcu/
2023-11-24 14:26:12,548 [INFO] DbMcusAds:125 - Set database path to: C:\Users\E-AY\.stmcufinder\plugins\mcufinder//mcu/
2023-11-24 14:26:12,551 [INFO] CrossReferenceDbSqlite:203 - Set database path to: C:\Users\E-AY\.stmcufinder\plugins\mcufinder//mcu/cs/
2023-11-24 14:26:12,706 [INFO] RulesReader:64 - Compatibility file has been processed (293 Rules)
2023-11-24 14:26:12,815 [INFO] DbMcusXml:78 - Set database path to: C:\ST\STM32CubeIDE_1.13.2\STM32CubeIDE\plugins\com.st.stm32cube.common.mx_6.9.2.202309101412\\db\/mcu/
2023-11-24 14:26:12,815 [INFO] ApiDb:274 - Set plugin database path to: C:\ST\STM32CubeIDE_1.13.2\STM32CubeIDE\plugins\com.st.stm32cube.common.mx_6.9.2.202309101412\\db\/plugins/boardmanager/
2023-11-24 14:26:12,815 [INFO] ApiDb:261 - Set plugin images path to: C:\ST\STM32CubeIDE_1.13.2\STM32CubeIDE\plugins\com.st.stm32cube.common.mx_6.9.2.202309101412\\db\/plugins/mcufinder/images/
2023-11-24 14:26:12,816 [WARN] DbFile:41 - Overriding database path with different value: C:\Users\E-AY\.stmcufinder\plugins\mcufinder/ => C:\Users\E-AY\.stmcufinder\plugins\mcufinder
2023-11-24 14:26:12,816 [INFO] ApiDb:250 - Set database path to: C:\Users\E-AY\.stmcufinder\plugins\mcufinder//mcu/
2023-11-24 14:26:12,816 [WARN] DbFile:41 - Overriding database path with different value: C:\Users\E-AY\.stmcufinder\plugins\mcufinder/ => C:\Users\E-AY\.stmcufinder\plugins\mcufinder
2023-11-24 14:26:12,816 [INFO] DbMcusAds:125 - Set database path to: C:\Users\E-AY\.stmcufinder\plugins\mcufinder//mcu/
2023-11-24 14:26:12,816 [WARN] DbFile:41 - Overriding database path with different value: C:\Users\E-AY\.stmcufinder\plugins\mcufinder/ => C:\Users\E-AY\.stmcufinder\plugins\mcufinder
2023-11-24 14:26:12,816 [WARN] DbFile:41 - Overriding database path with different value: C:\Users\E-AY\.stmcufinder\plugins\mcufinder/ => C:\Users\E-AY\.stmcufinder\plugins\mcufinder
2023-11-24 14:26:12,816 [INFO] CrossReferenceDbSqlite:203 - Set database path to: C:\Users\E-AY\.stmcufinder\plugins\mcufinder//mcu/cs/
2023-11-24 14:26:12,917 [INFO] MainPanel:262 - HeapMemory: 268435456
2023-11-24 14:26:13,024 [INFO] DbMcusXml:78 - Set database path to: C:\ST\STM32CubeIDE_1.13.2\STM32CubeIDE\plugins\com.st.stm32cube.common.mx_6.9.2.202309101412\\db\/mcu/
2023-11-24 14:26:13,025 [INFO] ApiDb:274 - Set plugin database path to: C:\ST\STM32CubeIDE_1.13.2\STM32CubeIDE\plugins\com.st.stm32cube.common.mx_6.9.2.202309101412\\db\/plugins/boardmanager/
2023-11-24 14:26:13,025 [INFO] ApiDb:261 - Set plugin images path to: C:\ST\STM32CubeIDE_1.13.2\STM32CubeIDE\plugins\com.st.stm32cube.common.mx_6.9.2.202309101412\\db\/plugins/mcufinder/images/
2023-11-24 14:26:13,025 [WARN] DbFile:41 - Overriding database path with different value: C:\Users\E-AY\.stmcufinder\plugins\mcufinder/ => C:\Users\E-AY\.stmcufinder\plugins\mcufinder
2023-11-24 14:26:13,025 [INFO] ApiDb:250 - Set database path to: C:\Users\E-AY\.stmcufinder\plugins\mcufinder//mcu/
2023-11-24 14:26:13,026 [WARN] DbFile:41 - Overriding database path with different value: C:\Users\E-AY\.stmcufinder\plugins\mcufinder/ => C:\Users\E-AY\.stmcufinder\plugins\mcufinder
2023-11-24 14:26:13,026 [INFO] DbMcusAds:125 - Set database path to: C:\Users\E-AY\.stmcufinder\plugins\mcufinder//mcu/
2023-11-24 14:26:13,026 [WARN] DbFile:41 - Overriding database path with different value: C:\Users\E-AY\.stmcufinder\plugins\mcufinder/ => C:\Users\E-AY\.stmcufinder\plugins\mcufinder
2023-11-24 14:26:13,026 [WARN] DbFile:41 - Overriding database path with different value: C:\Users\E-AY\.stmcufinder\plugins\mcufinder/ => C:\Users\E-AY\.stmcufinder\plugins\mcufinder
2023-11-24 14:26:13,026 [INFO] CrossReferenceDbSqlite:203 - Set database path to: C:\Users\E-AY\.stmcufinder\plugins\mcufinder//mcu/cs/
2023-11-24 14:26:13,049 [INFO] ApplicationProperties:184 - Using Application install path: C:\ST\STM32CubeIDE_1.13.2\STM32CubeIDE\plugins\com.st.stm32cube.common.mx_6.9.2.202309101412
2023-11-24 14:26:13,050 [INFO] PluginManage:196 - Search for loadable plugins [exclusion list=, ]
2023-11-24 14:26:13,052 [INFO] PluginManage:310 - Check plugin analytics
2023-11-24 14:26:13,294 [INFO] AnalyticsPlugin:253 - Accepted Software Licenses: 
2023-11-24 14:26:13,294 [INFO] AnalyticsPlugin:255 - Accepted CMSIS Pack Licenses: 
2023-11-24 14:26:13,294 [INFO] AnalyticsPlugin:257 - Accepted Firmware Licenses: 
2023-11-24 14:26:13,297 [INFO] PluginManage:359 - Loaded plugin analytics (category:tool,tabindex:-1)
2023-11-24 14:26:13,297 [INFO] PluginManage:310 - Check plugin cadmodel
2023-11-24 14:26:13,314 [INFO] CADModel:105 - Init CAD model plugin
2023-11-24 14:26:13,314 [INFO] PluginManage:359 - Loaded plugin cadmodel (category:power,tabindex:5)
2023-11-24 14:26:13,315 [INFO] PluginManage:310 - Check plugin clock
2023-11-24 14:26:13,339 [INFO] PluginManage:359 - Loaded plugin clock (category:base,tabindex:2)
2023-11-24 14:26:13,339 [INFO] PluginManage:310 - Check plugin ddr
2023-11-24 14:26:13,342 [INFO] PluginManage:359 - Loaded plugin ddr (category:tool,tabindex:6)
2023-11-24 14:26:13,342 [INFO] PluginManage:310 - Check plugin filemanager
2023-11-24 14:26:13,558 [INFO] PluginManage:359 - Loaded plugin filemanager (category:base,tabindex:10)
2023-11-24 14:26:13,558 [INFO] PluginManage:310 - Check plugin ipmanager
2023-11-24 14:26:13,569 [INFO] PluginManage:359 - Loaded plugin ipmanager (category:base,tabindex:5)
2023-11-24 14:26:13,569 [INFO] PluginManage:310 - Check plugin lpbam
2023-11-24 14:26:13,589 [INFO] PluginManage:359 - Loaded plugin lpbam (category:base,tabindex:0)
2023-11-24 14:26:13,589 [INFO] PluginManage:310 - Check plugin memorymap
2023-11-24 14:26:13,617 [INFO] PluginManage:359 - Loaded plugin memorymap (category:base,tabindex:4)
2023-11-24 14:26:13,617 [INFO] PluginManage:310 - Check plugin pinoutandconfiguration
2023-11-24 14:26:13,637 [INFO] PluginManage:359 - Loaded plugin pinoutandconfiguration (category:base,tabindex:1)
2023-11-24 14:26:13,637 [INFO] PluginManage:310 - Check plugin pinoutconfig
2023-11-24 14:26:13,769 [WARN] SupportedApi:132 - Cannot load RTOS API schema: s4s-elt-must-match.1: The content of 'definitions' must match (annotation?, (simpleType | complexType)?, (unique | key | keyref)*)). A problem was found starting at: attribute.
2023-11-24 14:26:13,940 [INFO] PluginManage:359 - Loaded plugin pinoutconfig (category:base,tabindex:0)
2023-11-24 14:26:13,940 [INFO] PluginManage:310 - Check plugin power
2023-11-24 14:26:13,962 [INFO] PluginManage:359 - Loaded plugin power (category:power,tabindex:4)
2023-11-24 14:26:13,962 [INFO] PluginManage:310 - Check plugin projectmanager
2023-11-24 14:26:13,979 [INFO] PluginManage:359 - Loaded plugin projectmanager (category:projectmanager,tabindex:3)
2023-11-24 14:26:13,980 [INFO] PluginManage:310 - Check plugin thirdparty
2023-11-24 14:26:14,286 [INFO] PluginManage:359 - Loaded plugin thirdparty (category:base,tabindex:-1)
2023-11-24 14:26:14,286 [WARN] IntegrityCheckThread:84 - waiting for thirdparty lock release [integrity check]
2023-11-24 14:26:14,286 [INFO] PluginManage:310 - Check plugin tools
2023-11-24 14:26:14,286 [INFO] IntegrityCheckThread:86 - entering critical section [integrity check]
2023-11-24 14:26:14,286 [INFO] ThirdPartyUpdaterWithRetryManager:70 - Updater plugin not ready yet. [1/15]
2023-11-24 14:26:14,326 [INFO] PluginManage:359 - Loaded plugin tools (category:base,tabindex:7)
2023-11-24 14:26:14,327 [INFO] PluginManage:310 - Check plugin tutovideos
2023-11-24 14:26:14,565 [INFO] PluginManage:359 - Loaded plugin tutovideos (category:base,tabindex:-1)
2023-11-24 14:26:14,565 [INFO] PluginManage:310 - Check plugin updater
2023-11-24 14:26:14,579 [INFO] PluginManage:359 - Loaded plugin updater (category:base,tabindex:12)
2023-11-24 14:26:14,579 [INFO] PluginManage:310 - Check plugin userauth
2023-11-24 14:26:14,584 [INFO] UserAuth:113 - Init User Auth plugin
2023-11-24 14:26:14,585 [INFO] PluginManage:359 - Loaded plugin userauth (category:base,tabindex:14)
2023-11-24 14:26:14,585 [INFO] PluginManage:283 - PluginManage : Loaded plugins [17]
2023-11-24 14:26:14,866 [INFO] PinOutPanel:1499 - setPackage(No Configuration,No Configuration)
2023-11-24 14:26:15,005 [INFO] CADModel:165 - CPN selected for project level
2023-11-24 14:26:15,006 [INFO] CADModel:114 - Register for checkConnection events
2023-11-24 14:26:15,035 [INFO] IPUIPlugin:80 - create IPUIPlugin
2023-11-24 14:26:15,035 [INFO] PluginManager:220 - loadIPPluginJar : add adc
2023-11-24 14:26:15,079 [INFO] IPUIPlugin:80 - create IPUIPlugin
2023-11-24 14:26:15,079 [INFO] PluginManager:220 - loadIPPluginJar : add aes
2023-11-24 14:26:15,129 [INFO] IPUIPlugin:80 - create IPUIPlugin
2023-11-24 14:26:15,129 [INFO] PluginManager:220 - loadIPPluginJar : add can
2023-11-24 14:26:15,155 [INFO] IPUIPlugin:80 - create IPUIPlugin
2023-11-24 14:26:15,156 [INFO] PluginManager:220 - loadIPPluginJar : add comp
2023-11-24 14:26:15,193 [INFO] IPUIPlugin:80 - create IPUIPlugin
2023-11-24 14:26:15,193 [INFO] PluginManager:220 - loadIPPluginJar : add cryp
2023-11-24 14:26:15,227 [INFO] IPUIPlugin:80 - create IPUIPlugin
2023-11-24 14:26:15,227 [INFO] PluginManager:220 - loadIPPluginJar : add dfsdm
2023-11-24 14:26:15,243 [INFO] IPUIPlugin:80 - create IPUIPlugin
2023-11-24 14:26:15,243 [INFO] PluginManager:220 - loadIPPluginJar : add dma
2023-11-24 14:26:15,293 [INFO] IPUIPlugin:80 - create IPUIPlugin
2023-11-24 14:26:15,293 [INFO] PluginManager:220 - loadIPPluginJar : add dma3
2023-11-24 14:26:15,316 [INFO] IPUIPlugin:80 - create IPUIPlugin
2023-11-24 14:26:15,316 [INFO] PluginManager:220 - loadIPPluginJar : add fatfs
2023-11-24 14:26:15,371 [INFO] IPUIPlugin:80 - create IPUIPlugin
2023-11-24 14:26:15,371 [INFO] PluginManager:220 - loadIPPluginJar : add fmc
2023-11-24 14:26:15,388 [INFO] IPUIPlugin:80 - create IPUIPlugin
2023-11-24 14:26:15,388 [INFO] PluginManager:220 - loadIPPluginJar : add freertos
2023-11-24 14:26:15,412 [INFO] IPUIPlugin:80 - create IPUIPlugin
2023-11-24 14:26:15,412 [INFO] PluginManager:220 - loadIPPluginJar : add genericplugin
2023-11-24 14:26:15,517 [INFO] IPUIPlugin:80 - create IPUIPlugin
2023-11-24 14:26:15,517 [INFO] PluginManager:220 - loadIPPluginJar : add gfxmmu
2023-11-24 14:26:15,666 [INFO] IPUIPlugin:80 - create IPUIPlugin
2023-11-24 14:26:15,666 [INFO] PluginManager:220 - loadIPPluginJar : add gic
2023-11-24 14:26:15,680 [INFO] IPUIPlugin:80 - create IPUIPlugin
2023-11-24 14:26:15,681 [INFO] PluginManager:220 - loadIPPluginJar : add gpio
2023-11-24 14:26:15,791 [INFO] IPUIPlugin:80 - create IPUIPlugin
2023-11-24 14:26:15,791 [INFO] PluginManager:220 - loadIPPluginJar : add gtzc
2023-11-24 14:26:15,827 [INFO] IPUIPlugin:80 - create IPUIPlugin
2023-11-24 14:26:15,827 [INFO] PluginManager:220 - loadIPPluginJar : add hash
2023-11-24 14:26:15,888 [INFO] IPUIPlugin:80 - create IPUIPlugin
2023-11-24 14:26:15,888 [INFO] PluginManager:220 - loadIPPluginJar : add i2c
2023-11-24 14:26:15,932 [INFO] IPUIPlugin:80 - create IPUIPlugin
2023-11-24 14:26:15,932 [INFO] PluginManager:220 - loadIPPluginJar : add i2s
2023-11-24 14:26:15,980 [INFO] IPUIPlugin:80 - create IPUIPlugin
2023-11-24 14:26:15,980 [INFO] PluginManager:220 - loadIPPluginJar : add i3c
2023-11-24 14:26:16,111 [INFO] IPUIPlugin:80 - create IPUIPlugin
2023-11-24 14:26:16,112 [INFO] PluginManager:220 - loadIPPluginJar : add ipddr
2023-11-24 14:26:16,218 [INFO] IPUIPlugin:80 - create IPUIPlugin
2023-11-24 14:26:16,219 [INFO] PluginManager:220 - loadIPPluginJar : add linkedlist
2023-11-24 14:26:16,259 [INFO] IPUIPlugin:80 - create IPUIPlugin
2023-11-24 14:26:16,260 [INFO] PluginManager:220 - loadIPPluginJar : add lorawan
2023-11-24 14:26:16,300 [INFO] IPUIPlugin:80 - create IPUIPlugin
2023-11-24 14:26:16,301 [INFO] PluginManager:220 - loadIPPluginJar : add ltdc
2023-11-24 14:26:16,317 [INFO] IPUIPlugin:80 - create IPUIPlugin
2023-11-24 14:26:16,317 [INFO] PluginManager:220 - loadIPPluginJar : add mdma
2023-11-24 14:26:16,330 [INFO] IPUIPlugin:80 - create IPUIPlugin
2023-11-24 14:26:16,330 [INFO] PluginManager:220 - loadIPPluginJar : add nvic
2023-11-24 14:26:16,372 [INFO] IPUIPlugin:80 - create IPUIPlugin
2023-11-24 14:26:16,372 [INFO] PluginManager:220 - loadIPPluginJar : add opamp
2023-11-24 14:26:16,440 [INFO] IPUIPlugin:80 - create IPUIPlugin
2023-11-24 14:26:16,440 [INFO] PluginManager:220 - loadIPPluginJar : add openamp
2023-11-24 14:26:16,488 [INFO] IPUIPlugin:80 - create IPUIPlugin
2023-11-24 14:26:16,488 [INFO] PluginManager:220 - loadIPPluginJar : add pdm2pcm
2023-11-24 14:26:16,504 [INFO] IPUIPlugin:80 - create IPUIPlugin
2023-11-24 14:26:16,507 [INFO] PluginManager:220 - loadIPPluginJar : add plateformsettings
2023-11-24 14:26:16,531 [INFO] IPUIPlugin:80 - create IPUIPlugin
2023-11-24 14:26:16,532 [INFO] PluginManager:220 - loadIPPluginJar : add quadspi
2023-11-24 14:26:16,545 [INFO] IPUIPlugin:80 - create IPUIPlugin
2023-11-24 14:26:16,545 [INFO] PluginManager:220 - loadIPPluginJar : add resmgrutility
2023-11-24 14:26:16,602 [INFO] IPUIPlugin:80 - create IPUIPlugin
2023-11-24 14:26:16,602 [INFO] PluginManager:220 - loadIPPluginJar : add sai
2023-11-24 14:26:16,645 [INFO] IPUIPlugin:80 - create IPUIPlugin
2023-11-24 14:26:16,645 [INFO] PluginManager:220 - loadIPPluginJar : add spi
2023-11-24 14:26:16,713 [INFO] IPUIPlugin:80 - create IPUIPlugin
2023-11-24 14:26:16,713 [INFO] PluginManager:220 - loadIPPluginJar : add stm32_wpan
2023-11-24 14:26:16,739 [INFO] IPUIPlugin:80 - create IPUIPlugin
2023-11-24 14:26:16,740 [INFO] PluginManager:220 - loadIPPluginJar : add tim
2023-11-24 14:26:16,804 [INFO] IPUIPlugin:80 - create IPUIPlugin
2023-11-24 14:26:16,804 [INFO] PluginManager:220 - loadIPPluginJar : add touchsensing
2023-11-24 14:26:16,830 [INFO] IPUIPlugin:80 - create IPUIPlugin
2023-11-24 14:26:16,830 [INFO] PluginManager:220 - loadIPPluginJar : add tracer_emb
2023-11-24 14:26:16,857 [INFO] IPUIPlugin:80 - create IPUIPlugin
2023-11-24 14:26:16,857 [INFO] PluginManager:220 - loadIPPluginJar : add ts
2023-11-24 14:26:16,880 [INFO] IPUIPlugin:80 - create IPUIPlugin
2023-11-24 14:26:16,880 [INFO] PluginManager:220 - loadIPPluginJar : add tsc
2023-11-24 14:26:16,906 [INFO] IPUIPlugin:80 - create IPUIPlugin
2023-11-24 14:26:16,906 [INFO] PluginManager:220 - loadIPPluginJar : add ucpd
2023-11-24 14:26:16,956 [INFO] IPUIPlugin:80 - create IPUIPlugin
2023-11-24 14:26:16,956 [INFO] PluginManager:220 - loadIPPluginJar : add usart
2023-11-24 14:26:17,006 [INFO] IPUIPlugin:80 - create IPUIPlugin
2023-11-24 14:26:17,007 [INFO] PluginManager:220 - loadIPPluginJar : add usbx
2023-11-24 14:26:17,152 [INFO] CADModel:165 - CPN selected for project level
2023-11-24 14:26:17,152 [INFO] CADModel:114 - Register for checkConnection events
2023-11-24 14:26:17,152 [FATAL] Updater:308 - Updater called before beeing initialized
2023-11-24 14:26:17,152 [ERROR] CADModel:125 - Updater not yet initialized, retry later 
2023-11-24 14:26:17,287 [INFO] ThirdPartyUpdaterWithRetryManager:70 - Updater plugin not ready yet. [2/15]
2023-11-24 14:26:17,347 [INFO] CADModel:165 - CPN selected for project level
2023-11-24 14:26:17,347 [INFO] CADModel:114 - Register for checkConnection events
2023-11-24 14:26:17,347 [FATAL] Updater:308 - Updater called before beeing initialized
2023-11-24 14:26:17,347 [ERROR] CADModel:125 - Updater not yet initialized, retry later 
2023-11-24 14:26:17,351 [FATAL] Updater:308 - Updater called before beeing initialized
2023-11-24 14:26:17,476 [FATAL] Updater:308 - Updater called before beeing initialized
2023-11-24 14:26:17,490 [INFO] DbMcusAds:53 - JSON generation date=Tue Mar 07 11:50:55 TRT 2023 (1678179055335)
2023-11-24 14:26:17,490 [FATAL] Updater:308 - Updater called before beeing initialized
2023-11-24 14:26:17,591 [WARN] DetailPanel:346 - Failed to get advertising image, set to default
2023-11-24 14:26:17,733 [FATAL] Updater:308 - Updater called before beeing initialized
2023-11-24 14:26:17,735 [FATAL] Updater:308 - Updater called before beeing initialized
2023-11-24 14:26:17,735 [FATAL] Updater:308 - Updater called before beeing initialized
2023-11-24 14:26:17,736 [WARN] DetailPanel:346 - Failed to get advertising image, set to default
2023-11-24 14:26:17,736 [FATAL] Updater:308 - Updater called before beeing initialized
2023-11-24 14:26:17,811 [ERROR] Updater:1120 - MainUpdater not yet initialized. External WinMGr cannot be set.
2023-11-24 14:26:17,823 [INFO] Updater:1056 - Updater Version found : 6.9.2
2023-11-24 14:26:17,846 [INFO] ApplicationProperties:184 - Using Application install path: C:\ST\STM32CubeIDE_1.13.2\STM32CubeIDE\plugins\com.st.stm32cube.common.mx_6.9.2.202309101412
2023-11-24 14:26:18,028 [INFO] MainUpdater:2868 - connection check result : 10
2023-11-24 14:26:18,029 [INFO] MainUpdater:285 - Updater Check For Update Now.
2023-11-24 14:26:18,029 [INFO] MicroXplorer:498 - Change Database Version : DB.6.0.92
2023-11-24 14:26:18,048 [INFO] McuFinderGlobals:63 - Set McuFinder mode to 2 (CubeIDE integrated)
2023-11-24 14:26:18,048 [INFO] UserAuth:179 - activating auth plugin
2023-11-24 14:26:18,051 [INFO] UserAuth:393 - Internet connection configuration mode: 1
2023-11-24 14:26:18,081 [INFO] JxBrowserEngine:151 - Initiate JxBrowser Engine with user profile folder
2023-11-24 14:26:18,244 [INFO] CheckServerUpdateThread:120 - End of CheckServer Thread
2023-11-24 14:26:20,749 [WARN] PackLoader:240 - Cannot read IP mode file for STMicroelectronics.X-CUBE-SMBUS.2.1.0
2023-11-24 14:26:20,822 [WARN] PackLoader:240 - Cannot read IP mode file for STMicroelectronics.X-CUBE-AZRTOS-F7.1.1.0
2023-11-24 14:26:20,860 [WARN] PackLoader:240 - Cannot read IP mode file for STMicroelectronics.FP-SNS-MOTENV1.4.3.2
2023-11-24 14:26:20,892 [WARN] PackLoader:240 - Cannot read IP mode file for STMicroelectronics.FP-SNS-FLIGHT1.5.0.2
2023-11-24 14:26:20,938 [WARN] PackLoader:240 - Cannot read IP mode file for STMicroelectronics.X-CUBE-DISPLAY.3.0.0
2023-11-24 14:26:20,987 [WARN] PackLoader:240 - Cannot read IP mode file for STMicroelectronics.X-CUBE-BLE1.7.0.0
2023-11-24 14:26:21,013 [WARN] PackLoader:240 - Cannot read IP mode file for emotas.I-CUBE-CANOPEN.1.3.0
2023-11-24 14:26:21,076 [INFO] LogOutputStream:77 - [STDOUT_REDIRECT] 1 : Invalid condition id : UX_CORESTACK_Condition cause : null
2023-11-24 14:26:21,077 [INFO] LogOutputStream:77 - [STDOUT_REDIRECT] 1 : Invalid condition id : UX_CORESTACK_Condition cause : null
2023-11-24 14:26:21,082 [INFO] LogOutputStream:77 - [STDOUT_REDIRECT] 1 : Invalid condition id : UX_CORESTACK_Condition cause : null
2023-11-24 14:26:21,086 [INFO] LogOutputStream:77 - [STDOUT_REDIRECT] 1 : Invalid condition id : UX_CORESTACK_Condition cause : null
2023-11-24 14:26:21,090 [INFO] LogOutputStream:77 - [STDOUT_REDIRECT] 1 : Invalid condition id : UX_CORESTACK_Condition cause : null
2023-11-24 14:26:21,099 [WARN] PackLoader:240 - Cannot read IP mode file for STMicroelectronics.X-CUBE-AZRTOS-WL.2.0.0
2023-11-24 14:26:21,131 [WARN] PackLoader:240 - Cannot read IP mode file for WES.I-CUBE-Cesium.1.3.0
2023-11-24 14:26:21,172 [WARN] PackLoader:240 - Cannot read IP mode file for STMicroelectronics.X-CUBE-BLE2.3.3.0
2023-11-24 14:26:21,211 [WARN] PackLoader:240 - Cannot read IP mode file for STMicroelectronics.X-CUBE-ALGOBUILD.1.3.0
2023-11-24 14:26:21,226 [INFO] WebApp:157 - Instantiating new browser for Auth
2023-11-24 14:26:21,274 [WARN] PackLoader:240 - Cannot read IP mode file for STMicroelectronics.X-CUBE-AZRTOS-G0.1.1.0
2023-11-24 14:26:21,306 [WARN] PackLoader:240 - Cannot read IP mode file for STMicroelectronics.X-CUBE-NFC4.3.0.0
2023-11-24 14:26:21,340 [WARN] PackLoader:240 - Cannot read IP mode file for STMicroelectronics.X-CUBE-BLEMGR.3.0.0
2023-11-24 14:26:21,368 [WARN] PackLoader:240 - Cannot read IP mode file for STMicroelectronics.FP-ATR-SIGFOX1.3.2.0
2023-11-24 14:26:21,439 [WARN] PackLoader:240 - Cannot read IP mode file for SEGGER.I-CUBE-embOS.1.3.1
2023-11-24 14:26:21,517 [WARN] PackLoader:240 - Cannot read IP mode file for STMicroelectronics.X-CUBE-GNSS1.6.0.0
2023-11-24 14:26:21,564 [WARN] PackLoader:240 - Cannot read IP mode file for STMicroelectronics.X-CUBE-AZRTOS-F4.1.1.0
2023-11-24 14:26:21,609 [WARN] PackLoader:240 - Cannot read IP mode file for STMicroelectronics.X-CUBE-AZRTOS-L5.2.0.0
2023-11-24 14:26:21,672 [WARN] PackLoader:240 - Cannot read IP mode file for STMicroelectronics.X-CUBE-MEMS1.9.6.0
2023-11-24 14:26:22,022 [WARN] PackLoader:240 - Cannot read IP mode file for STMicroelectronics.X-CUBE-EEPRMA1.4.2.0
2023-11-24 14:26:22,044 [WARN] PackLoader:240 - Cannot read IP mode file for ITTIA_DB.I-CUBE-ITTIADB.8.8.0
2023-11-24 14:26:22,067 [WARN] PackLoader:240 - Cannot read IP mode file for STMicroelectronics.X-CUBE-BLEMGR.2.0.0
2023-11-24 14:26:22,110 [WARN] ConditionMgr:438 - getConditionDescription Invalid condition id : UX DEVICE CLASS RTOS Condition cause : null
2023-11-24 14:26:22,110 [WARN] ConditionMgr:438 - getConditionDescription Invalid condition id : UX DEVICE CLASS RTOS Condition cause : null
2023-11-24 14:26:22,113 [WARN] PackLoader:240 - Cannot read IP mode file for STMicroelectronics.X-CUBE-AZRTOS-H7.3.1.0
2023-11-24 14:26:22,114 [WARN] ConditionMgr:1039 - genDependencies : Invalid condition id : UX DEVICE CLASS RTOS Condition cause : null
2023-11-24 14:26:22,114 [WARN] ConditionMgr:1039 - genDependencies : Invalid condition id : UX DEVICE CLASS RTOS Condition cause : null
2023-11-24 14:26:22,115 [WARN] ConditionMgr:1039 - genDependencies : Invalid condition id : UX DEVICE CLASS RTOS Condition cause : null
2023-11-24 14:26:22,116 [WARN] ConditionMgr:1039 - genDependencies : Invalid condition id : UX DEVICE CLASS RTOS Condition cause : null
2023-11-24 14:26:22,116 [WARN] ConditionMgr:1039 - genDependencies : Invalid condition id : UX DEVICE CLASS RTOS Condition cause : null
2023-11-24 14:26:22,131 [WARN] PackLoader:240 - Cannot read IP mode file for STMicroelectronics.X-CUBE-NFC7.1.0.1
2023-11-24 14:26:22,147 [WARN] PackLoader:240 - Cannot read IP mode file for STMicroelectronics.X-CUBE-EEPRMA1.4.1.0
2023-11-24 14:26:22,165 [WARN] PackLoader:240 - Cannot read IP mode file for STMicroelectronics.X-CUBE-AI.8.1.0
2023-11-24 14:26:22,200 [WARN] ConditionMgr:438 - getConditionDescription Invalid condition id : LAN8742 Phy interface Condition cause : null
2023-11-24 14:26:22,200 [WARN] PackLoader:240 - Cannot read IP mode file for STMicroelectronics.X-CUBE-AZRTOS-L4.2.0.0
2023-11-24 14:26:22,202 [WARN] ConditionMgr:1039 - genDependencies : Invalid condition id : LAN8742 Phy interface Condition cause : null
2023-11-24 14:26:22,202 [WARN] ConditionMgr:1039 - genDependencies : Invalid condition id : LAN8742 Phy interface Condition cause : null
2023-11-24 14:26:22,203 [WARN] ConditionMgr:1039 - genDependencies : Invalid condition id : LAN8742 Phy interface Condition cause : null
2023-11-24 14:26:22,223 [WARN] PackLoader:240 - Cannot read IP mode file for STMicroelectronics.X-CUBE-SFXS2LP1.4.0.0
2023-11-24 14:26:22,239 [WARN] PackLoader:240 - Cannot read IP mode file for STMicroelectronics.X-CUBE-ISPU.1.1.0
2023-11-24 14:26:22,275 [WARN] ConditionMgr:438 - getConditionDescription Invalid condition id : UX DEVICE CLASS RTOS Condition cause : null
2023-11-24 14:26:22,275 [WARN] ConditionMgr:438 - getConditionDescription Invalid condition id : UX DEVICE CLASS RTOS Condition cause : null
2023-11-24 14:26:22,279 [WARN] PackLoader:240 - Cannot read IP mode file for STMicroelectronics.X-CUBE-AZRTOS-WB.2.0.0
2023-11-24 14:26:22,280 [WARN] ConditionMgr:1039 - genDependencies : Invalid condition id : UX DEVICE CLASS RTOS Condition cause : null
2023-11-24 14:26:22,280 [WARN] ConditionMgr:1039 - genDependencies : Invalid condition id : UX DEVICE CLASS RTOS Condition cause : null
2023-11-24 14:26:22,281 [WARN] ConditionMgr:1039 - genDependencies : Invalid condition id : UX DEVICE CLASS RTOS Condition cause : null
2023-11-24 14:26:22,282 [WARN] ConditionMgr:1039 - genDependencies : Invalid condition id : UX DEVICE CLASS RTOS Condition cause : null
2023-11-24 14:26:22,282 [WARN] ConditionMgr:1039 - genDependencies : Invalid condition id : UX DEVICE CLASS RTOS Condition cause : null
2023-11-24 14:26:22,308 [WARN] PackLoader:240 - Cannot read IP mode file for STMicroelectronics.X-CUBE-SUBG2.5.0.0
2023-11-24 14:26:22,350 [WARN] PackLoader:240 - Cannot read IP mode file for STMicroelectronics.X-CUBE-TOF1.3.3.1
2023-11-24 14:26:22,409 [WARN] PackLoader:240 - Cannot read IP mode file for STMicroelectronics.X-CUBE-AZRTOS-G4.2.0.0
2023-11-24 14:26:22,452 [WARN] PackLoader:240 - Cannot read IP mode file for Infineon.AIROC-Wi-Fi-Bluetooth-STM32.1.5.1
2023-11-24 14:26:22,477 [WARN] PackLoader:240 - Cannot read IP mode file for STMicroelectronics.FP-SNS-MOTENVWB1.1.3.0
2023-11-24 14:26:22,516 [INFO] WebApp:753 - Register for checkConnection events
2023-11-24 14:26:22,516 [INFO] WebApp:390 - Apply proxy settings
2023-11-24 14:26:22,516 [INFO] WebApp:475 - Chromium requires no authentication
2023-11-24 14:26:22,530 [INFO] WebApp:418 - Direct internet connection detected
2023-11-24 14:26:22,569 [WARN] PackLoader:240 - Cannot read IP mode file for STMicroelectronics.X-CUBE-MEMS1.10.0.0
2023-11-24 14:26:22,778 [WARN] PackLoader:240 - Cannot read IP mode file for STMicroelectronics.X-CUBE-FREERTOS.1.1.0
2023-11-24 14:26:22,794 [WARN] PackLoader:240 - Cannot read IP mode file for portGmbH.I-Cube-SoM-uGOAL.1.1.0
2023-11-24 14:26:22,808 [WARN] PackLoader:240 - Cannot read IP mode file for STMicroelectronics.X-CUBE-ALS.1.0.1
2023-11-24 14:26:22,821 [WARN] PackLoader:240 - Cannot read IP mode file for STMicroelectronics.FP-ATR-ASTRA1.2.0.0
2023-11-24 14:26:22,844 [WARN] PackLoader:240 - Cannot read IP mode file for STMicroelectronics.X-CUBE-TOF1.3.4.0
2023-11-24 14:26:22,860 [INFO] ThirdParty:978 - Integrity check success = true
2023-11-24 14:26:22,860 [INFO] IntegrityCheckThread:100 - exiting critical section [integrity check]
2023-11-24 14:26:22,860 [INFO] IntegrityCheckThread:103 - End integrity checks thread
2023-11-24 14:26:22,862 [INFO] WebApp:188 - Starting web application
2023-11-24 14:26:22,863 [INFO] WebApp:520 - Web application path used C:\ST\STM32CubeIDE_1.13.2\STM32CubeIDE\plugins\com.st.stm32cube.common.mx_6.9.2.202309101412\db\plugins\mcufinder\reactClient1\index.html
2023-11-24 14:26:44,092 [ERROR] LogOutputStream:75 - [STDERR_REDIRECT] SLF4J: Failed to load class "org.slf4j.impl.StaticLoggerBinder".
2023-11-24 14:26:44,095 [ERROR] LogOutputStream:75 - [STDERR_REDIRECT] SLF4J: Defaulting to no-operation (NOP) logger implementation
2023-11-24 14:26:44,098 [ERROR] LogOutputStream:75 - [STDERR_REDIRECT] SLF4J: See http://www.slf4j.org/codes.html#StaticLoggerBinder for further details.
2023-11-24 15:41:56,260 [ERROR] LogOutputStream:75 - [STDERR_REDIRECT] 
2023-11-24 15:42:13,181 [INFO] Activator:176 - 


2023-11-24 15:42:13,185 [INFO] Activator:177 - !SESSION log4j initialized
2023-11-24 15:42:17,907 [INFO] LogOutputStream:77 - [STDOUT_REDIRECT] 
2023-11-24 15:42:21,071 [INFO] ApplicationProperties:184 - Using Application install path: C:\ST\STM32CubeIDE_1.13.2\STM32CubeIDE\plugins\com.st.stm32cube.common.mx_6.9.2.202309101412
2023-11-24 15:42:21,097 [INFO] DbMcusXml:78 - Set database path to: C:\ST\STM32CubeIDE_1.13.2\STM32CubeIDE\plugins\com.st.stm32cube.common.mx_6.9.2.202309101412\\db\/mcu/
2023-11-24 15:42:21,098 [INFO] ApiDb:274 - Set plugin database path to: C:\ST\STM32CubeIDE_1.13.2\STM32CubeIDE\plugins\com.st.stm32cube.common.mx_6.9.2.202309101412\\db\/plugins/boardmanager/
2023-11-24 15:42:21,098 [WARN] ApiDb:259 - Overriding images path with different value:  => C:\ST\STM32CubeIDE_1.13.2\STM32CubeIDE\plugins\com.st.stm32cube.common.mx_6.9.2.202309101412\\db\/plugins/mcufinder/images/
2023-11-24 15:42:21,120 [INFO] ApiDb:250 - Set database path to: C:\Users\E-AY\.stmcufinder\plugins\mcufinder//mcu/
2023-11-24 15:42:21,122 [INFO] DbMcusAds:125 - Set database path to: C:\Users\E-AY\.stmcufinder\plugins\mcufinder//mcu/
2023-11-24 15:42:21,126 [INFO] CrossReferenceDbSqlite:203 - Set database path to: C:\Users\E-AY\.stmcufinder\plugins\mcufinder//mcu/cs/
2023-11-24 15:42:21,279 [INFO] RulesReader:64 - Compatibility file has been processed (293 Rules)
2023-11-24 15:42:21,398 [INFO] DbMcusXml:78 - Set database path to: C:\ST\STM32CubeIDE_1.13.2\STM32CubeIDE\plugins\com.st.stm32cube.common.mx_6.9.2.202309101412\\db\/mcu/
2023-11-24 15:42:21,398 [INFO] ApiDb:274 - Set plugin database path to: C:\ST\STM32CubeIDE_1.13.2\STM32CubeIDE\plugins\com.st.stm32cube.common.mx_6.9.2.202309101412\\db\/plugins/boardmanager/
2023-11-24 15:42:21,399 [INFO] ApiDb:261 - Set plugin images path to: C:\ST\STM32CubeIDE_1.13.2\STM32CubeIDE\plugins\com.st.stm32cube.common.mx_6.9.2.202309101412\\db\/plugins/mcufinder/images/
2023-11-24 15:42:21,399 [WARN] DbFile:41 - Overriding database path with different value: C:\Users\E-AY\.stmcufinder\plugins\mcufinder/ => C:\Users\E-AY\.stmcufinder\plugins\mcufinder
2023-11-24 15:42:21,399 [INFO] ApiDb:250 - Set database path to: C:\Users\E-AY\.stmcufinder\plugins\mcufinder//mcu/
2023-11-24 15:42:21,399 [WARN] DbFile:41 - Overriding database path with different value: C:\Users\E-AY\.stmcufinder\plugins\mcufinder/ => C:\Users\E-AY\.stmcufinder\plugins\mcufinder
2023-11-24 15:42:21,399 [INFO] DbMcusAds:125 - Set database path to: C:\Users\E-AY\.stmcufinder\plugins\mcufinder//mcu/
2023-11-24 15:42:21,399 [WARN] DbFile:41 - Overriding database path with different value: C:\Users\E-AY\.stmcufinder\plugins\mcufinder/ => C:\Users\E-AY\.stmcufinder\plugins\mcufinder
2023-11-24 15:42:21,399 [WARN] DbFile:41 - Overriding database path with different value: C:\Users\E-AY\.stmcufinder\plugins\mcufinder/ => C:\Users\E-AY\.stmcufinder\plugins\mcufinder
2023-11-24 15:42:21,400 [INFO] CrossReferenceDbSqlite:203 - Set database path to: C:\Users\E-AY\.stmcufinder\plugins\mcufinder//mcu/cs/
2023-11-24 15:42:21,500 [INFO] MainPanel:262 - HeapMemory: 268435456
2023-11-24 15:42:21,612 [INFO] DbMcusXml:78 - Set database path to: C:\ST\STM32CubeIDE_1.13.2\STM32CubeIDE\plugins\com.st.stm32cube.common.mx_6.9.2.202309101412\\db\/mcu/
2023-11-24 15:42:21,612 [INFO] ApiDb:274 - Set plugin database path to: C:\ST\STM32CubeIDE_1.13.2\STM32CubeIDE\plugins\com.st.stm32cube.common.mx_6.9.2.202309101412\\db\/plugins/boardmanager/
2023-11-24 15:42:21,612 [INFO] ApiDb:261 - Set plugin images path to: C:\ST\STM32CubeIDE_1.13.2\STM32CubeIDE\plugins\com.st.stm32cube.common.mx_6.9.2.202309101412\\db\/plugins/mcufinder/images/
2023-11-24 15:42:21,613 [WARN] DbFile:41 - Overriding database path with different value: C:\Users\E-AY\.stmcufinder\plugins\mcufinder/ => C:\Users\E-AY\.stmcufinder\plugins\mcufinder
2023-11-24 15:42:21,613 [INFO] ApiDb:250 - Set database path to: C:\Users\E-AY\.stmcufinder\plugins\mcufinder//mcu/
2023-11-24 15:42:21,613 [WARN] DbFile:41 - Overriding database path with different value: C:\Users\E-AY\.stmcufinder\plugins\mcufinder/ => C:\Users\E-AY\.stmcufinder\plugins\mcufinder
2023-11-24 15:42:21,613 [INFO] DbMcusAds:125 - Set database path to: C:\Users\E-AY\.stmcufinder\plugins\mcufinder//mcu/
2023-11-24 15:42:21,613 [WARN] DbFile:41 - Overriding database path with different value: C:\Users\E-AY\.stmcufinder\plugins\mcufinder/ => C:\Users\E-AY\.stmcufinder\plugins\mcufinder
2023-11-24 15:42:21,613 [WARN] DbFile:41 - Overriding database path with different value: C:\Users\E-AY\.stmcufinder\plugins\mcufinder/ => C:\Users\E-AY\.stmcufinder\plugins\mcufinder
2023-11-24 15:42:21,613 [INFO] CrossReferenceDbSqlite:203 - Set database path to: C:\Users\E-AY\.stmcufinder\plugins\mcufinder//mcu/cs/
2023-11-24 15:42:21,639 [INFO] ApplicationProperties:184 - Using Application install path: C:\ST\STM32CubeIDE_1.13.2\STM32CubeIDE\plugins\com.st.stm32cube.common.mx_6.9.2.202309101412
2023-11-24 15:42:21,641 [INFO] PluginManage:196 - Search for loadable plugins [exclusion list=, ]
2023-11-24 15:42:21,643 [INFO] PluginManage:310 - Check plugin analytics
2023-11-24 15:42:21,935 [INFO] AnalyticsPlugin:253 - Accepted Software Licenses: 
2023-11-24 15:42:21,935 [INFO] AnalyticsPlugin:255 - Accepted CMSIS Pack Licenses: 
2023-11-24 15:42:21,935 [INFO] AnalyticsPlugin:257 - Accepted Firmware Licenses: 
2023-11-24 15:42:21,940 [INFO] PluginManage:359 - Loaded plugin analytics (category:tool,tabindex:-1)
2023-11-24 15:42:21,941 [INFO] PluginManage:310 - Check plugin cadmodel
2023-11-24 15:42:21,949 [INFO] CADModel:105 - Init CAD model plugin
2023-11-24 15:42:21,950 [INFO] PluginManage:359 - Loaded plugin cadmodel (category:power,tabindex:5)
2023-11-24 15:42:21,950 [INFO] PluginManage:310 - Check plugin clock
2023-11-24 15:42:21,963 [INFO] PluginManage:359 - Loaded plugin clock (category:base,tabindex:2)
2023-11-24 15:42:21,963 [INFO] PluginManage:310 - Check plugin ddr
2023-11-24 15:42:21,966 [INFO] PluginManage:359 - Loaded plugin ddr (category:tool,tabindex:6)
2023-11-24 15:42:21,966 [INFO] PluginManage:310 - Check plugin filemanager
2023-11-24 15:42:22,148 [INFO] PluginManage:359 - Loaded plugin filemanager (category:base,tabindex:10)
2023-11-24 15:42:22,148 [INFO] PluginManage:310 - Check plugin ipmanager
2023-11-24 15:42:22,159 [INFO] PluginManage:359 - Loaded plugin ipmanager (category:base,tabindex:5)
2023-11-24 15:42:22,159 [INFO] PluginManage:310 - Check plugin lpbam
2023-11-24 15:42:22,173 [INFO] PluginManage:359 - Loaded plugin lpbam (category:base,tabindex:0)
2023-11-24 15:42:22,173 [INFO] PluginManage:310 - Check plugin memorymap
2023-11-24 15:42:22,206 [INFO] PluginManage:359 - Loaded plugin memorymap (category:base,tabindex:4)
2023-11-24 15:42:22,206 [INFO] PluginManage:310 - Check plugin pinoutandconfiguration
2023-11-24 15:42:22,225 [INFO] PluginManage:359 - Loaded plugin pinoutandconfiguration (category:base,tabindex:1)
2023-11-24 15:42:22,225 [INFO] PluginManage:310 - Check plugin pinoutconfig
2023-11-24 15:42:22,366 [WARN] SupportedApi:132 - Cannot load RTOS API schema: s4s-elt-must-match.1: The content of 'definitions' must match (annotation?, (simpleType | complexType)?, (unique | key | keyref)*)). A problem was found starting at: attribute.
2023-11-24 15:42:22,604 [INFO] PluginManage:359 - Loaded plugin pinoutconfig (category:base,tabindex:0)
2023-11-24 15:42:22,604 [INFO] PluginManage:310 - Check plugin power
2023-11-24 15:42:22,620 [INFO] PluginManage:359 - Loaded plugin power (category:power,tabindex:4)
2023-11-24 15:42:22,620 [INFO] PluginManage:310 - Check plugin projectmanager
2023-11-24 15:42:22,646 [INFO] PluginManage:359 - Loaded plugin projectmanager (category:projectmanager,tabindex:3)
2023-11-24 15:42:22,646 [INFO] PluginManage:310 - Check plugin thirdparty
2023-11-24 15:42:22,853 [INFO] PluginManage:359 - Loaded plugin thirdparty (category:base,tabindex:-1)
2023-11-24 15:42:22,854 [INFO] PluginManage:310 - Check plugin tools
2023-11-24 15:42:22,853 [WARN] IntegrityCheckThread:84 - waiting for thirdparty lock release [integrity check]
2023-11-24 15:42:22,854 [INFO] IntegrityCheckThread:86 - entering critical section [integrity check]
2023-11-24 15:42:22,855 [INFO] ThirdPartyUpdaterWithRetryManager:70 - Updater plugin not ready yet. [1/15]
2023-11-24 15:42:22,859 [INFO] PluginManage:359 - Loaded plugin tools (category:base,tabindex:7)
2023-11-24 15:42:22,859 [INFO] PluginManage:310 - Check plugin tutovideos
2023-11-24 15:42:23,108 [INFO] PluginManage:359 - Loaded plugin tutovideos (category:base,tabindex:-1)
2023-11-24 15:42:23,108 [INFO] PluginManage:310 - Check plugin updater
2023-11-24 15:42:23,123 [INFO] PluginManage:359 - Loaded plugin updater (category:base,tabindex:12)
2023-11-24 15:42:23,123 [INFO] PluginManage:310 - Check plugin userauth
2023-11-24 15:42:23,132 [INFO] UserAuth:113 - Init User Auth plugin
2023-11-24 15:42:23,132 [INFO] PluginManage:359 - Loaded plugin userauth (category:base,tabindex:14)
2023-11-24 15:42:23,133 [INFO] PluginManage:283 - PluginManage : Loaded plugins [17]
2023-11-24 15:42:23,435 [INFO] PinOutPanel:1499 - setPackage(No Configuration,No Configuration)
2023-11-24 15:42:23,637 [INFO] CADModel:165 - CPN selected for project level
2023-11-24 15:42:23,637 [INFO] CADModel:114 - Register for checkConnection events
2023-11-24 15:42:23,670 [INFO] IPUIPlugin:80 - create IPUIPlugin
2023-11-24 15:42:23,670 [INFO] PluginManager:220 - loadIPPluginJar : add adc
2023-11-24 15:42:23,674 [INFO] IPUIPlugin:80 - create IPUIPlugin
2023-11-24 15:42:23,675 [INFO] PluginManager:220 - loadIPPluginJar : add aes
2023-11-24 15:42:23,681 [INFO] IPUIPlugin:80 - create IPUIPlugin
2023-11-24 15:42:23,681 [INFO] PluginManager:220 - loadIPPluginJar : add can
2023-11-24 15:42:23,684 [INFO] IPUIPlugin:80 - create IPUIPlugin
2023-11-24 15:42:23,684 [INFO] PluginManager:220 - loadIPPluginJar : add comp
2023-11-24 15:42:23,687 [INFO] IPUIPlugin:80 - create IPUIPlugin
2023-11-24 15:42:23,688 [INFO] PluginManager:220 - loadIPPluginJar : add cryp
2023-11-24 15:42:23,692 [INFO] IPUIPlugin:80 - create IPUIPlugin
2023-11-24 15:42:23,693 [INFO] PluginManager:220 - loadIPPluginJar : add dfsdm
2023-11-24 15:42:23,701 [INFO] IPUIPlugin:80 - create IPUIPlugin
2023-11-24 15:42:23,702 [INFO] PluginManager:220 - loadIPPluginJar : add dma
2023-11-24 15:42:23,705 [INFO] IPUIPlugin:80 - create IPUIPlugin
2023-11-24 15:42:23,706 [INFO] PluginManager:220 - loadIPPluginJar : add dma3
2023-11-24 15:42:23,709 [INFO] IPUIPlugin:80 - create IPUIPlugin
2023-11-24 15:42:23,710 [INFO] PluginManager:220 - loadIPPluginJar : add fatfs
2023-11-24 15:42:23,717 [INFO] IPUIPlugin:80 - create IPUIPlugin
2023-11-24 15:42:23,718 [INFO] PluginManager:220 - loadIPPluginJar : add fmc
2023-11-24 15:42:23,725 [INFO] IPUIPlugin:80 - create IPUIPlugin
2023-11-24 15:42:23,726 [INFO] PluginManager:220 - loadIPPluginJar : add freertos
2023-11-24 15:42:23,728 [INFO] IPUIPlugin:80 - create IPUIPlugin
2023-11-24 15:42:23,728 [INFO] PluginManager:220 - loadIPPluginJar : add genericplugin
2023-11-24 15:42:23,730 [INFO] IPUIPlugin:80 - create IPUIPlugin
2023-11-24 15:42:23,730 [INFO] PluginManager:220 - loadIPPluginJar : add gfxmmu
2023-11-24 15:42:23,736 [INFO] IPUIPlugin:80 - create IPUIPlugin
2023-11-24 15:42:23,737 [INFO] PluginManager:220 - loadIPPluginJar : add gic
2023-11-24 15:42:23,742 [INFO] IPUIPlugin:80 - create IPUIPlugin
2023-11-24 15:42:23,742 [INFO] PluginManager:220 - loadIPPluginJar : add gpio
2023-11-24 15:42:23,747 [INFO] IPUIPlugin:80 - create IPUIPlugin
2023-11-24 15:42:23,747 [INFO] PluginManager:220 - loadIPPluginJar : add gtzc
2023-11-24 15:42:23,750 [INFO] IPUIPlugin:80 - create IPUIPlugin
2023-11-24 15:42:23,750 [INFO] PluginManager:220 - loadIPPluginJar : add hash
2023-11-24 15:42:23,753 [INFO] IPUIPlugin:80 - create IPUIPlugin
2023-11-24 15:42:23,753 [INFO] PluginManager:220 - loadIPPluginJar : add i2c
2023-11-24 15:42:23,756 [INFO] IPUIPlugin:80 - create IPUIPlugin
2023-11-24 15:42:23,756 [INFO] PluginManager:220 - loadIPPluginJar : add i2s
2023-11-24 15:42:23,762 [INFO] IPUIPlugin:80 - create IPUIPlugin
2023-11-24 15:42:23,762 [INFO] PluginManager:220 - loadIPPluginJar : add i3c
2023-11-24 15:42:23,765 [INFO] IPUIPlugin:80 - create IPUIPlugin
2023-11-24 15:42:23,765 [INFO] PluginManager:220 - loadIPPluginJar : add ipddr
2023-11-24 15:42:23,775 [INFO] IPUIPlugin:80 - create IPUIPlugin
2023-11-24 15:42:23,775 [INFO] PluginManager:220 - loadIPPluginJar : add linkedlist
2023-11-24 15:42:23,779 [INFO] IPUIPlugin:80 - create IPUIPlugin
2023-11-24 15:42:23,779 [INFO] PluginManager:220 - loadIPPluginJar : add lorawan
2023-11-24 15:42:23,781 [INFO] IPUIPlugin:80 - create IPUIPlugin
2023-11-24 15:42:23,781 [INFO] PluginManager:220 - loadIPPluginJar : add ltdc
2023-11-24 15:42:23,788 [INFO] IPUIPlugin:80 - create IPUIPlugin
2023-11-24 15:42:23,789 [INFO] PluginManager:220 - loadIPPluginJar : add mdma
2023-11-24 15:42:23,795 [INFO] IPUIPlugin:80 - create IPUIPlugin
2023-11-24 15:42:23,795 [INFO] PluginManager:220 - loadIPPluginJar : add nvic
2023-11-24 15:42:23,798 [INFO] IPUIPlugin:80 - create IPUIPlugin
2023-11-24 15:42:23,798 [INFO] PluginManager:220 - loadIPPluginJar : add opamp
2023-11-24 15:42:23,801 [INFO] IPUIPlugin:80 - create IPUIPlugin
2023-11-24 15:42:23,802 [INFO] PluginManager:220 - loadIPPluginJar : add openamp
2023-11-24 15:42:23,805 [INFO] IPUIPlugin:80 - create IPUIPlugin
2023-11-24 15:42:23,805 [INFO] PluginManager:220 - loadIPPluginJar : add pdm2pcm
2023-11-24 15:42:23,814 [INFO] IPUIPlugin:80 - create IPUIPlugin
2023-11-24 15:42:23,818 [INFO] PluginManager:220 - loadIPPluginJar : add plateformsettings
2023-11-24 15:42:23,820 [INFO] IPUIPlugin:80 - create IPUIPlugin
2023-11-24 15:42:23,821 [INFO] PluginManager:220 - loadIPPluginJar : add quadspi
2023-11-24 15:42:23,825 [INFO] IPUIPlugin:80 - create IPUIPlugin
2023-11-24 15:42:23,825 [INFO] PluginManager:220 - loadIPPluginJar : add resmgrutility
2023-11-24 15:42:23,829 [INFO] IPUIPlugin:80 - create IPUIPlugin
2023-11-24 15:42:23,830 [INFO] PluginManager:220 - loadIPPluginJar : add sai
2023-11-24 15:42:23,833 [INFO] IPUIPlugin:80 - create IPUIPlugin
2023-11-24 15:42:23,833 [INFO] PluginManager:220 - loadIPPluginJar : add spi
2023-11-24 15:42:23,838 [INFO] IPUIPlugin:80 - create IPUIPlugin
2023-11-24 15:42:23,839 [INFO] PluginManager:220 - loadIPPluginJar : add stm32_wpan
2023-11-24 15:42:23,842 [INFO] IPUIPlugin:80 - create IPUIPlugin
2023-11-24 15:42:23,842 [INFO] PluginManager:220 - loadIPPluginJar : add tim
2023-11-24 15:42:23,846 [INFO] IPUIPlugin:80 - create IPUIPlugin
2023-11-24 15:42:23,847 [INFO] PluginManager:220 - loadIPPluginJar : add touchsensing
2023-11-24 15:42:23,849 [INFO] IPUIPlugin:80 - create IPUIPlugin
2023-11-24 15:42:23,849 [INFO] PluginManager:220 - loadIPPluginJar : add tracer_emb
2023-11-24 15:42:23,851 [INFO] IPUIPlugin:80 - create IPUIPlugin
2023-11-24 15:42:23,851 [INFO] PluginManager:220 - loadIPPluginJar : add ts
2023-11-24 15:42:23,853 [INFO] IPUIPlugin:80 - create IPUIPlugin
2023-11-24 15:42:23,853 [INFO] PluginManager:220 - loadIPPluginJar : add tsc
2023-11-24 15:42:23,855 [INFO] IPUIPlugin:80 - create IPUIPlugin
2023-11-24 15:42:23,856 [INFO] PluginManager:220 - loadIPPluginJar : add ucpd
2023-11-24 15:42:23,859 [INFO] IPUIPlugin:80 - create IPUIPlugin
2023-11-24 15:42:23,859 [INFO] PluginManager:220 - loadIPPluginJar : add usart
2023-11-24 15:42:23,862 [INFO] IPUIPlugin:80 - create IPUIPlugin
2023-11-24 15:42:23,862 [INFO] PluginManager:220 - loadIPPluginJar : add usbx
2023-11-24 15:42:24,003 [INFO] CADModel:165 - CPN selected for project level
2023-11-24 15:42:24,003 [INFO] CADModel:114 - Register for checkConnection events
2023-11-24 15:42:24,003 [FATAL] Updater:308 - Updater called before beeing initialized
2023-11-24 15:42:24,004 [ERROR] CADModel:125 - Updater not yet initialized, retry later 
2023-11-24 15:42:24,207 [INFO] CADModel:165 - CPN selected for project level
2023-11-24 15:42:24,207 [INFO] CADModel:114 - Register for checkConnection events
2023-11-24 15:42:24,207 [FATAL] Updater:308 - Updater called before beeing initialized
2023-11-24 15:42:24,207 [ERROR] CADModel:125 - Updater not yet initialized, retry later 
2023-11-24 15:42:24,211 [FATAL] Updater:308 - Updater called before beeing initialized
2023-11-24 15:42:24,352 [FATAL] Updater:308 - Updater called before beeing initialized
2023-11-24 15:42:24,360 [INFO] DbMcusAds:53 - JSON generation date=Tue Mar 07 11:50:55 TRT 2023 (1678179055335)
2023-11-24 15:42:24,361 [FATAL] Updater:308 - Updater called before beeing initialized
2023-11-24 15:42:24,414 [WARN] DetailPanel:346 - Failed to get advertising image, set to default
2023-11-24 15:42:24,560 [FATAL] Updater:308 - Updater called before beeing initialized
2023-11-24 15:42:24,562 [FATAL] Updater:308 - Updater called before beeing initialized
2023-11-24 15:42:24,562 [FATAL] Updater:308 - Updater called before beeing initialized
2023-11-24 15:42:24,562 [WARN] DetailPanel:346 - Failed to get advertising image, set to default
2023-11-24 15:42:24,564 [FATAL] Updater:308 - Updater called before beeing initialized
2023-11-24 15:42:24,629 [ERROR] Updater:1120 - MainUpdater not yet initialized. External WinMGr cannot be set.
2023-11-24 15:42:24,631 [INFO] Updater:1056 - Updater Version found : 6.9.2
2023-11-24 15:42:24,654 [INFO] ApplicationProperties:184 - Using Application install path: C:\ST\STM32CubeIDE_1.13.2\STM32CubeIDE\plugins\com.st.stm32cube.common.mx_6.9.2.202309101412
2023-11-24 15:42:24,959 [INFO] MainUpdater:2868 - connection check result : 10
2023-11-24 15:42:24,960 [INFO] MainUpdater:285 - Updater Check For Update Now.
2023-11-24 15:42:24,960 [INFO] MicroXplorer:498 - Change Database Version : DB.6.0.92
2023-11-24 15:42:24,970 [INFO] McuFinderGlobals:63 - Set McuFinder mode to 2 (CubeIDE integrated)
2023-11-24 15:42:24,971 [INFO] UserAuth:179 - activating auth plugin
2023-11-24 15:42:24,975 [INFO] UserAuth:393 - Internet connection configuration mode: 1
2023-11-24 15:42:25,017 [INFO] JxBrowserEngine:151 - Initiate JxBrowser Engine with user profile folder
2023-11-24 15:42:25,210 [INFO] CheckServerUpdateThread:120 - End of CheckServer Thread
2023-11-24 15:42:26,315 [WARN] PackLoader:240 - Cannot read IP mode file for STMicroelectronics.X-CUBE-SMBUS.2.1.0
2023-11-24 15:42:26,433 [WARN] PackLoader:240 - Cannot read IP mode file for STMicroelectronics.X-CUBE-AZRTOS-F7.1.1.0
2023-11-24 15:42:26,459 [WARN] PackLoader:240 - Cannot read IP mode file for STMicroelectronics.FP-SNS-MOTENV1.4.3.2
2023-11-24 15:42:26,474 [WARN] PackLoader:240 - Cannot read IP mode file for STMicroelectronics.FP-SNS-FLIGHT1.5.0.2
2023-11-24 15:42:26,495 [WARN] PackLoader:240 - Cannot read IP mode file for STMicroelectronics.X-CUBE-DISPLAY.3.0.0
2023-11-24 15:42:26,525 [WARN] PackLoader:240 - Cannot read IP mode file for STMicroelectronics.X-CUBE-BLE1.7.0.0
2023-11-24 15:42:26,537 [WARN] PackLoader:240 - Cannot read IP mode file for emotas.I-CUBE-CANOPEN.1.3.0
2023-11-24 15:42:26,567 [INFO] LogOutputStream:77 - [STDOUT_REDIRECT] 1 : Invalid condition id : UX_CORESTACK_Condition cause : null
2023-11-24 15:42:26,569 [INFO] LogOutputStream:77 - [STDOUT_REDIRECT] 1 : Invalid condition id : UX_CORESTACK_Condition cause : null
2023-11-24 15:42:26,573 [INFO] LogOutputStream:77 - [STDOUT_REDIRECT] 1 : Invalid condition id : UX_CORESTACK_Condition cause : null
2023-11-24 15:42:26,577 [INFO] LogOutputStream:77 - [STDOUT_REDIRECT] 1 : Invalid condition id : UX_CORESTACK_Condition cause : null
2023-11-24 15:42:26,584 [INFO] LogOutputStream:77 - [STDOUT_REDIRECT] 1 : Invalid condition id : UX_CORESTACK_Condition cause : null
2023-11-24 15:42:26,593 [WARN] PackLoader:240 - Cannot read IP mode file for STMicroelectronics.X-CUBE-AZRTOS-WL.2.0.0
2023-11-24 15:42:26,603 [INFO] WebApp:157 - Instantiating new browser for Auth
2023-11-24 15:42:26,617 [WARN] PackLoader:240 - Cannot read IP mode file for WES.I-CUBE-Cesium.1.3.0
2023-11-24 15:42:26,628 [WARN] PackLoader:240 - Cannot read IP mode file for STMicroelectronics.X-CUBE-BLE2.3.3.0
2023-11-24 15:42:26,643 [WARN] PackLoader:240 - Cannot read IP mode file for STMicroelectronics.X-CUBE-ALGOBUILD.1.3.0
2023-11-24 15:42:26,698 [WARN] PackLoader:240 - Cannot read IP mode file for STMicroelectronics.X-CUBE-AZRTOS-G0.1.1.0
2023-11-24 15:42:26,716 [WARN] PackLoader:240 - Cannot read IP mode file for STMicroelectronics.X-CUBE-NFC4.3.0.0
2023-11-24 15:42:26,744 [WARN] PackLoader:240 - Cannot read IP mode file for STMicroelectronics.X-CUBE-BLEMGR.3.0.0
2023-11-24 15:42:26,759 [WARN] PackLoader:240 - Cannot read IP mode file for STMicroelectronics.FP-ATR-SIGFOX1.3.2.0
2023-11-24 15:42:26,831 [WARN] PackLoader:240 - Cannot read IP mode file for SEGGER.I-CUBE-embOS.1.3.1
2023-11-24 15:42:26,937 [WARN] PackLoader:240 - Cannot read IP mode file for STMicroelectronics.X-CUBE-GNSS1.6.0.0
2023-11-24 15:42:27,017 [WARN] PackLoader:240 - Cannot read IP mode file for STMicroelectronics.X-CUBE-AZRTOS-F4.1.1.0
2023-11-24 15:42:27,079 [WARN] PackLoader:240 - Cannot read IP mode file for STMicroelectronics.X-CUBE-AZRTOS-L5.2.0.0
2023-11-24 15:42:27,174 [WARN] PackLoader:240 - Cannot read IP mode file for STMicroelectronics.X-CUBE-MEMS1.9.6.0
2023-11-24 15:42:27,593 [WARN] PackLoader:240 - Cannot read IP mode file for STMicroelectronics.X-CUBE-EEPRMA1.4.2.0
2023-11-24 15:42:27,606 [WARN] PackLoader:240 - Cannot read IP mode file for ITTIA_DB.I-CUBE-ITTIADB.8.8.0
2023-11-24 15:42:27,625 [WARN] PackLoader:240 - Cannot read IP mode file for STMicroelectronics.X-CUBE-BLEMGR.2.0.0
2023-11-24 15:42:27,678 [WARN] ConditionMgr:438 - getConditionDescription Invalid condition id : UX DEVICE CLASS RTOS Condition cause : null
2023-11-24 15:42:27,678 [WARN] ConditionMgr:438 - getConditionDescription Invalid condition id : UX DEVICE CLASS RTOS Condition cause : null
2023-11-24 15:42:27,686 [WARN] PackLoader:240 - Cannot read IP mode file for STMicroelectronics.X-CUBE-AZRTOS-H7.3.1.0
2023-11-24 15:42:27,688 [WARN] ConditionMgr:1039 - genDependencies : Invalid condition id : UX DEVICE CLASS RTOS Condition cause : null
2023-11-24 15:42:27,688 [WARN] ConditionMgr:1039 - genDependencies : Invalid condition id : UX DEVICE CLASS RTOS Condition cause : null
2023-11-24 15:42:27,690 [WARN] ConditionMgr:1039 - genDependencies : Invalid condition id : UX DEVICE CLASS RTOS Condition cause : null
2023-11-24 15:42:27,690 [WARN] ConditionMgr:1039 - genDependencies : Invalid condition id : UX DEVICE CLASS RTOS Condition cause : null
2023-11-24 15:42:27,692 [WARN] ConditionMgr:1039 - genDependencies : Invalid condition id : UX DEVICE CLASS RTOS Condition cause : null
2023-11-24 15:42:27,707 [WARN] PackLoader:240 - Cannot read IP mode file for STMicroelectronics.X-CUBE-NFC7.1.0.1
2023-11-24 15:42:27,727 [WARN] PackLoader:240 - Cannot read IP mode file for STMicroelectronics.X-CUBE-EEPRMA1.4.1.0
2023-11-24 15:42:27,737 [WARN] PackLoader:240 - Cannot read IP mode file for STMicroelectronics.X-CUBE-AI.8.1.0
2023-11-24 15:42:27,773 [WARN] ConditionMgr:438 - getConditionDescription Invalid condition id : LAN8742 Phy interface Condition cause : null
2023-11-24 15:42:27,774 [WARN] PackLoader:240 - Cannot read IP mode file for STMicroelectronics.X-CUBE-AZRTOS-L4.2.0.0
2023-11-24 15:42:27,776 [WARN] ConditionMgr:1039 - genDependencies : Invalid condition id : LAN8742 Phy interface Condition cause : null
2023-11-24 15:42:27,777 [WARN] ConditionMgr:1039 - genDependencies : Invalid condition id : LAN8742 Phy interface Condition cause : null
2023-11-24 15:42:27,779 [WARN] ConditionMgr:1039 - genDependencies : Invalid condition id : LAN8742 Phy interface Condition cause : null
2023-11-24 15:42:27,796 [WARN] PackLoader:240 - Cannot read IP mode file for STMicroelectronics.X-CUBE-SFXS2LP1.4.0.0
2023-11-24 15:42:27,824 [WARN] PackLoader:240 - Cannot read IP mode file for STMicroelectronics.X-CUBE-ISPU.1.1.0
2023-11-24 15:42:27,854 [WARN] ConditionMgr:438 - getConditionDescription Invalid condition id : UX DEVICE CLASS RTOS Condition cause : null
2023-11-24 15:42:27,855 [WARN] ConditionMgr:438 - getConditionDescription Invalid condition id : UX DEVICE CLASS RTOS Condition cause : null
2023-11-24 15:42:27,860 [WARN] PackLoader:240 - Cannot read IP mode file for STMicroelectronics.X-CUBE-AZRTOS-WB.2.0.0
2023-11-24 15:42:27,861 [WARN] ConditionMgr:1039 - genDependencies : Invalid condition id : UX DEVICE CLASS RTOS Condition cause : null
2023-11-24 15:42:27,862 [WARN] ConditionMgr:1039 - genDependencies : Invalid condition id : UX DEVICE CLASS RTOS Condition cause : null
2023-11-24 15:42:27,863 [WARN] ConditionMgr:1039 - genDependencies : Invalid condition id : UX DEVICE CLASS RTOS Condition cause : null
2023-11-24 15:42:27,864 [WARN] ConditionMgr:1039 - genDependencies : Invalid condition id : UX DEVICE CLASS RTOS Condition cause : null
2023-11-24 15:42:27,864 [WARN] ConditionMgr:1039 - genDependencies : Invalid condition id : UX DEVICE CLASS RTOS Condition cause : null
2023-11-24 15:42:27,898 [WARN] PackLoader:240 - Cannot read IP mode file for STMicroelectronics.X-CUBE-SUBG2.5.0.0
2023-11-24 15:42:27,930 [WARN] PackLoader:240 - Cannot read IP mode file for STMicroelectronics.X-CUBE-TOF1.3.3.1
2023-11-24 15:42:28,001 [WARN] PackLoader:240 - Cannot read IP mode file for STMicroelectronics.X-CUBE-AZRTOS-G4.2.0.0
2023-11-24 15:42:28,031 [WARN] PackLoader:240 - Cannot read IP mode file for Infineon.AIROC-Wi-Fi-Bluetooth-STM32.1.5.1
2023-11-24 15:42:28,048 [WARN] PackLoader:240 - Cannot read IP mode file for STMicroelectronics.FP-SNS-MOTENVWB1.1.3.0
2023-11-24 15:42:28,141 [WARN] PackLoader:240 - Cannot read IP mode file for STMicroelectronics.X-CUBE-MEMS1.10.0.0
2023-11-24 15:42:28,457 [WARN] PackLoader:240 - Cannot read IP mode file for STMicroelectronics.X-CUBE-FREERTOS.1.1.0
2023-11-24 15:42:28,469 [WARN] PackLoader:240 - Cannot read IP mode file for portGmbH.I-Cube-SoM-uGOAL.1.1.0
2023-11-24 15:42:28,486 [WARN] PackLoader:240 - Cannot read IP mode file for STMicroelectronics.X-CUBE-ALS.1.0.1
2023-11-24 15:42:28,496 [WARN] PackLoader:240 - Cannot read IP mode file for STMicroelectronics.FP-ATR-ASTRA1.2.0.0
2023-11-24 15:42:28,521 [WARN] PackLoader:240 - Cannot read IP mode file for STMicroelectronics.X-CUBE-TOF1.3.4.0
2023-11-24 15:42:28,549 [INFO] ThirdParty:978 - Integrity check success = true
2023-11-24 15:42:28,549 [INFO] IntegrityCheckThread:100 - exiting critical section [integrity check]
2023-11-24 15:42:28,550 [INFO] IntegrityCheckThread:103 - End integrity checks thread
2023-11-24 15:42:28,710 [INFO] WebApp:753 - Register for checkConnection events
2023-11-24 15:42:28,710 [INFO] WebApp:390 - Apply proxy settings
2023-11-24 15:42:28,710 [INFO] WebApp:475 - Chromium requires no authentication
2023-11-24 15:42:28,723 [INFO] WebApp:418 - Direct internet connection detected
2023-11-24 15:42:29,098 [INFO] WebApp:188 - Starting web application
2023-11-24 15:42:29,098 [INFO] WebApp:520 - Web application path used C:\ST\STM32CubeIDE_1.13.2\STM32CubeIDE\plugins\com.st.stm32cube.common.mx_6.9.2.202309101412\db\plugins\mcufinder\reactClient1\index.html
2023-11-24 15:42:50,084 [ERROR] LogOutputStream:75 - [STDERR_REDIRECT] SLF4J: Failed to load class "org.slf4j.impl.StaticLoggerBinder".
2023-11-24 15:42:50,085 [ERROR] LogOutputStream:75 - [STDERR_REDIRECT] SLF4J: Defaulting to no-operation (NOP) logger implementation
2023-11-24 15:42:50,088 [ERROR] LogOutputStream:75 - [STDERR_REDIRECT] SLF4J: See http://www.slf4j.org/codes.html#StaticLoggerBinder for further details.
2023-11-24 16:22:28,705 [ERROR] LogOutputStream:75 - [STDERR_REDIRECT] 
2023-11-24 16:22:53,400 [INFO] Activator:176 - 


2023-11-24 16:22:53,404 [INFO] Activator:177 - !SESSION log4j initialized
2023-11-24 16:22:58,997 [INFO] LogOutputStream:77 - [STDOUT_REDIRECT] 
2023-11-24 16:23:19,960 [INFO] ApplicationProperties:184 - Using Application install path: C:\ST\STM32CubeIDE_1.13.2\STM32CubeIDE\plugins\com.st.stm32cube.common.mx_6.9.2.202309101412
2023-11-24 16:23:20,008 [INFO] DbMcusXml:78 - Set database path to: C:\ST\STM32CubeIDE_1.13.2\STM32CubeIDE\plugins\com.st.stm32cube.common.mx_6.9.2.202309101412\\db\/mcu/
2023-11-24 16:23:20,009 [INFO] ApiDb:274 - Set plugin database path to: C:\ST\STM32CubeIDE_1.13.2\STM32CubeIDE\plugins\com.st.stm32cube.common.mx_6.9.2.202309101412\\db\/plugins/boardmanager/
2023-11-24 16:23:20,010 [WARN] ApiDb:259 - Overriding images path with different value:  => C:\ST\STM32CubeIDE_1.13.2\STM32CubeIDE\plugins\com.st.stm32cube.common.mx_6.9.2.202309101412\\db\/plugins/mcufinder/images/
2023-11-24 16:23:20,040 [INFO] ApiDb:250 - Set database path to: C:\Users\E-AY\.stmcufinder\plugins\mcufinder//mcu/
2023-11-24 16:23:20,043 [INFO] DbMcusAds:125 - Set database path to: C:\Users\E-AY\.stmcufinder\plugins\mcufinder//mcu/
2023-11-24 16:23:20,080 [INFO] CrossReferenceDbSqlite:203 - Set database path to: C:\Users\E-AY\.stmcufinder\plugins\mcufinder//mcu/cs/
2023-11-24 16:23:20,294 [INFO] RulesReader:64 - Compatibility file has been processed (293 Rules)
2023-11-24 16:23:20,411 [INFO] DbMcusXml:78 - Set database path to: C:\ST\STM32CubeIDE_1.13.2\STM32CubeIDE\plugins\com.st.stm32cube.common.mx_6.9.2.202309101412\\db\/mcu/
2023-11-24 16:23:20,412 [INFO] ApiDb:274 - Set plugin database path to: C:\ST\STM32CubeIDE_1.13.2\STM32CubeIDE\plugins\com.st.stm32cube.common.mx_6.9.2.202309101412\\db\/plugins/boardmanager/
2023-11-24 16:23:20,412 [INFO] ApiDb:261 - Set plugin images path to: C:\ST\STM32CubeIDE_1.13.2\STM32CubeIDE\plugins\com.st.stm32cube.common.mx_6.9.2.202309101412\\db\/plugins/mcufinder/images/
2023-11-24 16:23:20,412 [WARN] DbFile:41 - Overriding database path with different value: C:\Users\E-AY\.stmcufinder\plugins\mcufinder/ => C:\Users\E-AY\.stmcufinder\plugins\mcufinder
2023-11-24 16:23:20,412 [INFO] ApiDb:250 - Set database path to: C:\Users\E-AY\.stmcufinder\plugins\mcufinder//mcu/
2023-11-24 16:23:20,413 [WARN] DbFile:41 - Overriding database path with different value: C:\Users\E-AY\.stmcufinder\plugins\mcufinder/ => C:\Users\E-AY\.stmcufinder\plugins\mcufinder
2023-11-24 16:23:20,413 [INFO] DbMcusAds:125 - Set database path to: C:\Users\E-AY\.stmcufinder\plugins\mcufinder//mcu/
2023-11-24 16:23:20,413 [WARN] DbFile:41 - Overriding database path with different value: C:\Users\E-AY\.stmcufinder\plugins\mcufinder/ => C:\Users\E-AY\.stmcufinder\plugins\mcufinder
2023-11-24 16:23:20,413 [WARN] DbFile:41 - Overriding database path with different value: C:\Users\E-AY\.stmcufinder\plugins\mcufinder/ => C:\Users\E-AY\.stmcufinder\plugins\mcufinder
2023-11-24 16:23:20,413 [INFO] CrossReferenceDbSqlite:203 - Set database path to: C:\Users\E-AY\.stmcufinder\plugins\mcufinder//mcu/cs/
2023-11-24 16:23:20,534 [INFO] MainPanel:262 - HeapMemory: 268435456
2023-11-24 16:23:20,658 [INFO] DbMcusXml:78 - Set database path to: C:\ST\STM32CubeIDE_1.13.2\STM32CubeIDE\plugins\com.st.stm32cube.common.mx_6.9.2.202309101412\\db\/mcu/
2023-11-24 16:23:20,659 [INFO] ApiDb:274 - Set plugin database path to: C:\ST\STM32CubeIDE_1.13.2\STM32CubeIDE\plugins\com.st.stm32cube.common.mx_6.9.2.202309101412\\db\/plugins/boardmanager/
2023-11-24 16:23:20,659 [INFO] ApiDb:261 - Set plugin images path to: C:\ST\STM32CubeIDE_1.13.2\STM32CubeIDE\plugins\com.st.stm32cube.common.mx_6.9.2.202309101412\\db\/plugins/mcufinder/images/
2023-11-24 16:23:20,659 [WARN] DbFile:41 - Overriding database path with different value: C:\Users\E-AY\.stmcufinder\plugins\mcufinder/ => C:\Users\E-AY\.stmcufinder\plugins\mcufinder
2023-11-24 16:23:20,660 [INFO] ApiDb:250 - Set database path to: C:\Users\E-AY\.stmcufinder\plugins\mcufinder//mcu/
2023-11-24 16:23:20,660 [WARN] DbFile:41 - Overriding database path with different value: C:\Users\E-AY\.stmcufinder\plugins\mcufinder/ => C:\Users\E-AY\.stmcufinder\plugins\mcufinder
2023-11-24 16:23:20,660 [INFO] DbMcusAds:125 - Set database path to: C:\Users\E-AY\.stmcufinder\plugins\mcufinder//mcu/
2023-11-24 16:23:20,660 [WARN] DbFile:41 - Overriding database path with different value: C:\Users\E-AY\.stmcufinder\plugins\mcufinder/ => C:\Users\E-AY\.stmcufinder\plugins\mcufinder
2023-11-24 16:23:20,660 [WARN] DbFile:41 - Overriding database path with different value: C:\Users\E-AY\.stmcufinder\plugins\mcufinder/ => C:\Users\E-AY\.stmcufinder\plugins\mcufinder
2023-11-24 16:23:20,660 [INFO] CrossReferenceDbSqlite:203 - Set database path to: C:\Users\E-AY\.stmcufinder\plugins\mcufinder//mcu/cs/
2023-11-24 16:23:20,684 [INFO] ApplicationProperties:184 - Using Application install path: C:\ST\STM32CubeIDE_1.13.2\STM32CubeIDE\plugins\com.st.stm32cube.common.mx_6.9.2.202309101412
2023-11-24 16:23:20,686 [INFO] PluginManage:196 - Search for loadable plugins [exclusion list=, ]
2023-11-24 16:23:20,688 [INFO] PluginManage:310 - Check plugin analytics
2023-11-24 16:23:21,017 [INFO] AnalyticsPlugin:253 - Accepted Software Licenses: 
2023-11-24 16:23:21,018 [INFO] AnalyticsPlugin:255 - Accepted CMSIS Pack Licenses: 
2023-11-24 16:23:21,018 [INFO] AnalyticsPlugin:257 - Accepted Firmware Licenses: 
2023-11-24 16:23:21,025 [INFO] PluginManage:359 - Loaded plugin analytics (category:tool,tabindex:-1)
2023-11-24 16:23:21,025 [INFO] PluginManage:310 - Check plugin cadmodel
2023-11-24 16:23:21,051 [INFO] CADModel:105 - Init CAD model plugin
2023-11-24 16:23:21,052 [INFO] PluginManage:359 - Loaded plugin cadmodel (category:power,tabindex:5)
2023-11-24 16:23:21,052 [INFO] PluginManage:310 - Check plugin clock
2023-11-24 16:23:21,075 [INFO] PluginManage:359 - Loaded plugin clock (category:base,tabindex:2)
2023-11-24 16:23:21,076 [INFO] PluginManage:310 - Check plugin ddr
2023-11-24 16:23:21,079 [INFO] PluginManage:359 - Loaded plugin ddr (category:tool,tabindex:6)
2023-11-24 16:23:21,079 [INFO] PluginManage:310 - Check plugin filemanager
2023-11-24 16:23:21,294 [INFO] PluginManage:359 - Loaded plugin filemanager (category:base,tabindex:10)
2023-11-24 16:23:21,294 [INFO] PluginManage:310 - Check plugin ipmanager
2023-11-24 16:23:21,304 [INFO] PluginManage:359 - Loaded plugin ipmanager (category:base,tabindex:5)
2023-11-24 16:23:21,304 [INFO] PluginManage:310 - Check plugin lpbam
2023-11-24 16:23:21,333 [INFO] PluginManage:359 - Loaded plugin lpbam (category:base,tabindex:0)
2023-11-24 16:23:21,333 [INFO] PluginManage:310 - Check plugin memorymap
2023-11-24 16:23:21,371 [INFO] PluginManage:359 - Loaded plugin memorymap (category:base,tabindex:4)
2023-11-24 16:23:21,371 [INFO] PluginManage:310 - Check plugin pinoutandconfiguration
2023-11-24 16:23:21,393 [INFO] PluginManage:359 - Loaded plugin pinoutandconfiguration (category:base,tabindex:1)
2023-11-24 16:23:21,393 [INFO] PluginManage:310 - Check plugin pinoutconfig
2023-11-24 16:23:21,572 [WARN] SupportedApi:132 - Cannot load RTOS API schema: s4s-elt-must-match.1: The content of 'definitions' must match (annotation?, (simpleType | complexType)?, (unique | key | keyref)*)). A problem was found starting at: attribute.
2023-11-24 16:23:21,839 [INFO] PluginManage:359 - Loaded plugin pinoutconfig (category:base,tabindex:0)
2023-11-24 16:23:21,839 [INFO] PluginManage:310 - Check plugin power
2023-11-24 16:23:21,872 [INFO] PluginManage:359 - Loaded plugin power (category:power,tabindex:4)
2023-11-24 16:23:21,872 [INFO] PluginManage:310 - Check plugin projectmanager
2023-11-24 16:23:21,903 [INFO] PluginManage:359 - Loaded plugin projectmanager (category:projectmanager,tabindex:3)
2023-11-24 16:23:21,903 [INFO] PluginManage:310 - Check plugin thirdparty
2023-11-24 16:23:22,263 [INFO] PluginManage:359 - Loaded plugin thirdparty (category:base,tabindex:-1)
2023-11-24 16:23:22,263 [WARN] IntegrityCheckThread:84 - waiting for thirdparty lock release [integrity check]
2023-11-24 16:23:22,263 [INFO] PluginManage:310 - Check plugin tools
2023-11-24 16:23:22,263 [INFO] IntegrityCheckThread:86 - entering critical section [integrity check]
2023-11-24 16:23:22,264 [INFO] ThirdPartyUpdaterWithRetryManager:70 - Updater plugin not ready yet. [1/15]
2023-11-24 16:23:22,305 [INFO] PluginManage:359 - Loaded plugin tools (category:base,tabindex:7)
2023-11-24 16:23:22,305 [INFO] PluginManage:310 - Check plugin tutovideos
2023-11-24 16:23:22,569 [INFO] PluginManage:359 - Loaded plugin tutovideos (category:base,tabindex:-1)
2023-11-24 16:23:22,569 [INFO] PluginManage:310 - Check plugin updater
2023-11-24 16:23:22,595 [INFO] PluginManage:359 - Loaded plugin updater (category:base,tabindex:12)
2023-11-24 16:23:22,595 [INFO] PluginManage:310 - Check plugin userauth
2023-11-24 16:23:22,602 [INFO] UserAuth:113 - Init User Auth plugin
2023-11-24 16:23:22,602 [INFO] PluginManage:359 - Loaded plugin userauth (category:base,tabindex:14)
2023-11-24 16:23:22,603 [INFO] PluginManage:283 - PluginManage : Loaded plugins [17]
2023-11-24 16:23:22,897 [INFO] PinOutPanel:1499 - setPackage(No Configuration,No Configuration)
2023-11-24 16:23:23,033 [INFO] CADModel:165 - CPN selected for project level
2023-11-24 16:23:23,034 [INFO] CADModel:114 - Register for checkConnection events
2023-11-24 16:23:23,063 [INFO] IPUIPlugin:80 - create IPUIPlugin
2023-11-24 16:23:23,063 [INFO] PluginManager:220 - loadIPPluginJar : add adc
2023-11-24 16:23:23,105 [INFO] IPUIPlugin:80 - create IPUIPlugin
2023-11-24 16:23:23,105 [INFO] PluginManager:220 - loadIPPluginJar : add aes
2023-11-24 16:23:23,154 [INFO] IPUIPlugin:80 - create IPUIPlugin
2023-11-24 16:23:23,154 [INFO] PluginManager:220 - loadIPPluginJar : add can
2023-11-24 16:23:23,180 [INFO] IPUIPlugin:80 - create IPUIPlugin
2023-11-24 16:23:23,180 [INFO] PluginManager:220 - loadIPPluginJar : add comp
2023-11-24 16:23:23,218 [INFO] IPUIPlugin:80 - create IPUIPlugin
2023-11-24 16:23:23,219 [INFO] PluginManager:220 - loadIPPluginJar : add cryp
2023-11-24 16:23:23,253 [INFO] IPUIPlugin:80 - create IPUIPlugin
2023-11-24 16:23:23,254 [INFO] PluginManager:220 - loadIPPluginJar : add dfsdm
2023-11-24 16:23:23,269 [INFO] IPUIPlugin:80 - create IPUIPlugin
2023-11-24 16:23:23,270 [INFO] PluginManager:220 - loadIPPluginJar : add dma
2023-11-24 16:23:23,318 [INFO] IPUIPlugin:80 - create IPUIPlugin
2023-11-24 16:23:23,319 [INFO] PluginManager:220 - loadIPPluginJar : add dma3
2023-11-24 16:23:23,341 [INFO] IPUIPlugin:80 - create IPUIPlugin
2023-11-24 16:23:23,342 [INFO] PluginManager:220 - loadIPPluginJar : add fatfs
2023-11-24 16:23:23,399 [INFO] IPUIPlugin:80 - create IPUIPlugin
2023-11-24 16:23:23,399 [INFO] PluginManager:220 - loadIPPluginJar : add fmc
2023-11-24 16:23:23,416 [INFO] IPUIPlugin:80 - create IPUIPlugin
2023-11-24 16:23:23,416 [INFO] PluginManager:220 - loadIPPluginJar : add freertos
2023-11-24 16:23:23,439 [INFO] IPUIPlugin:80 - create IPUIPlugin
2023-11-24 16:23:23,439 [INFO] PluginManager:220 - loadIPPluginJar : add genericplugin
2023-11-24 16:23:23,546 [INFO] IPUIPlugin:80 - create IPUIPlugin
2023-11-24 16:23:23,546 [INFO] PluginManager:220 - loadIPPluginJar : add gfxmmu
2023-11-24 16:23:23,715 [INFO] IPUIPlugin:80 - create IPUIPlugin
2023-11-24 16:23:23,715 [INFO] PluginManager:220 - loadIPPluginJar : add gic
2023-11-24 16:23:23,736 [INFO] IPUIPlugin:80 - create IPUIPlugin
2023-11-24 16:23:23,736 [INFO] PluginManager:220 - loadIPPluginJar : add gpio
2023-11-24 16:23:23,890 [INFO] IPUIPlugin:80 - create IPUIPlugin
2023-11-24 16:23:23,890 [INFO] PluginManager:220 - loadIPPluginJar : add gtzc
2023-11-24 16:23:23,936 [INFO] IPUIPlugin:80 - create IPUIPlugin
2023-11-24 16:23:23,936 [INFO] PluginManager:220 - loadIPPluginJar : add hash
2023-11-24 16:23:24,001 [INFO] IPUIPlugin:80 - create IPUIPlugin
2023-11-24 16:23:24,002 [INFO] PluginManager:220 - loadIPPluginJar : add i2c
2023-11-24 16:23:24,051 [INFO] IPUIPlugin:80 - create IPUIPlugin
2023-11-24 16:23:24,051 [INFO] PluginManager:220 - loadIPPluginJar : add i2s
2023-11-24 16:23:24,102 [INFO] IPUIPlugin:80 - create IPUIPlugin
2023-11-24 16:23:24,102 [INFO] PluginManager:220 - loadIPPluginJar : add i3c
2023-11-24 16:23:24,234 [INFO] IPUIPlugin:80 - create IPUIPlugin
2023-11-24 16:23:24,234 [INFO] PluginManager:220 - loadIPPluginJar : add ipddr
2023-11-24 16:23:24,342 [INFO] IPUIPlugin:80 - create IPUIPlugin
2023-11-24 16:23:24,342 [INFO] PluginManager:220 - loadIPPluginJar : add linkedlist
2023-11-24 16:23:24,382 [INFO] IPUIPlugin:80 - create IPUIPlugin
2023-11-24 16:23:24,383 [INFO] PluginManager:220 - loadIPPluginJar : add lorawan
2023-11-24 16:23:24,427 [INFO] IPUIPlugin:80 - create IPUIPlugin
2023-11-24 16:23:24,427 [INFO] PluginManager:220 - loadIPPluginJar : add ltdc
2023-11-24 16:23:24,445 [INFO] IPUIPlugin:80 - create IPUIPlugin
2023-11-24 16:23:24,445 [INFO] PluginManager:220 - loadIPPluginJar : add mdma
2023-11-24 16:23:24,459 [INFO] IPUIPlugin:80 - create IPUIPlugin
2023-11-24 16:23:24,460 [INFO] PluginManager:220 - loadIPPluginJar : add nvic
2023-11-24 16:23:24,502 [INFO] IPUIPlugin:80 - create IPUIPlugin
2023-11-24 16:23:24,502 [INFO] PluginManager:220 - loadIPPluginJar : add opamp
2023-11-24 16:23:24,572 [INFO] IPUIPlugin:80 - create IPUIPlugin
2023-11-24 16:23:24,573 [INFO] PluginManager:220 - loadIPPluginJar : add openamp
2023-11-24 16:23:24,623 [INFO] IPUIPlugin:80 - create IPUIPlugin
2023-11-24 16:23:24,623 [INFO] PluginManager:220 - loadIPPluginJar : add pdm2pcm
2023-11-24 16:23:24,639 [INFO] IPUIPlugin:80 - create IPUIPlugin
2023-11-24 16:23:24,642 [INFO] PluginManager:220 - loadIPPluginJar : add plateformsettings
2023-11-24 16:23:24,669 [INFO] IPUIPlugin:80 - create IPUIPlugin
2023-11-24 16:23:24,669 [INFO] PluginManager:220 - loadIPPluginJar : add quadspi
2023-11-24 16:23:24,683 [INFO] IPUIPlugin:80 - create IPUIPlugin
2023-11-24 16:23:24,684 [INFO] PluginManager:220 - loadIPPluginJar : add resmgrutility
2023-11-24 16:23:24,744 [INFO] IPUIPlugin:80 - create IPUIPlugin
2023-11-24 16:23:24,744 [INFO] PluginManager:220 - loadIPPluginJar : add sai
2023-11-24 16:23:24,789 [INFO] IPUIPlugin:80 - create IPUIPlugin
2023-11-24 16:23:24,789 [INFO] PluginManager:220 - loadIPPluginJar : add spi
2023-11-24 16:23:24,868 [INFO] IPUIPlugin:80 - create IPUIPlugin
2023-11-24 16:23:24,868 [INFO] PluginManager:220 - loadIPPluginJar : add stm32_wpan
2023-11-24 16:23:24,899 [INFO] IPUIPlugin:80 - create IPUIPlugin
2023-11-24 16:23:24,899 [INFO] PluginManager:220 - loadIPPluginJar : add tim
2023-11-24 16:23:24,976 [INFO] IPUIPlugin:80 - create IPUIPlugin
2023-11-24 16:23:24,977 [INFO] PluginManager:220 - loadIPPluginJar : add touchsensing
2023-11-24 16:23:25,003 [INFO] IPUIPlugin:80 - create IPUIPlugin
2023-11-24 16:23:25,003 [INFO] PluginManager:220 - loadIPPluginJar : add tracer_emb
2023-11-24 16:23:25,029 [INFO] IPUIPlugin:80 - create IPUIPlugin
2023-11-24 16:23:25,029 [INFO] PluginManager:220 - loadIPPluginJar : add ts
2023-11-24 16:23:25,053 [INFO] IPUIPlugin:80 - create IPUIPlugin
2023-11-24 16:23:25,054 [INFO] PluginManager:220 - loadIPPluginJar : add tsc
2023-11-24 16:23:25,105 [INFO] IPUIPlugin:80 - create IPUIPlugin
2023-11-24 16:23:25,106 [INFO] PluginManager:220 - loadIPPluginJar : add ucpd
2023-11-24 16:23:25,185 [INFO] IPUIPlugin:80 - create IPUIPlugin
2023-11-24 16:23:25,185 [INFO] PluginManager:220 - loadIPPluginJar : add usart
2023-11-24 16:23:25,260 [INFO] IPUIPlugin:80 - create IPUIPlugin
2023-11-24 16:23:25,260 [INFO] PluginManager:220 - loadIPPluginJar : add usbx
2023-11-24 16:23:25,264 [INFO] ThirdPartyUpdaterWithRetryManager:70 - Updater plugin not ready yet. [2/15]
2023-11-24 16:23:25,415 [INFO] CADModel:165 - CPN selected for project level
2023-11-24 16:23:25,415 [INFO] CADModel:114 - Register for checkConnection events
2023-11-24 16:23:25,416 [FATAL] Updater:308 - Updater called before beeing initialized
2023-11-24 16:23:25,416 [ERROR] CADModel:125 - Updater not yet initialized, retry later 
2023-11-24 16:23:25,626 [INFO] CADModel:165 - CPN selected for project level
2023-11-24 16:23:25,626 [INFO] CADModel:114 - Register for checkConnection events
2023-11-24 16:23:25,626 [FATAL] Updater:308 - Updater called before beeing initialized
2023-11-24 16:23:25,626 [ERROR] CADModel:125 - Updater not yet initialized, retry later 
2023-11-24 16:23:25,631 [FATAL] Updater:308 - Updater called before beeing initialized
2023-11-24 16:23:25,769 [FATAL] Updater:308 - Updater called before beeing initialized
2023-11-24 16:23:25,784 [INFO] DbMcusAds:53 - JSON generation date=Tue Mar 07 11:50:55 TRT 2023 (1678179055335)
2023-11-24 16:23:25,784 [FATAL] Updater:308 - Updater called before beeing initialized
2023-11-24 16:23:25,885 [WARN] DetailPanel:346 - Failed to get advertising image, set to default
2023-11-24 16:23:26,032 [FATAL] Updater:308 - Updater called before beeing initialized
2023-11-24 16:23:26,035 [FATAL] Updater:308 - Updater called before beeing initialized
2023-11-24 16:23:26,035 [FATAL] Updater:308 - Updater called before beeing initialized
2023-11-24 16:23:26,035 [WARN] DetailPanel:346 - Failed to get advertising image, set to default
2023-11-24 16:23:26,036 [FATAL] Updater:308 - Updater called before beeing initialized
2023-11-24 16:23:26,113 [ERROR] Updater:1120 - MainUpdater not yet initialized. External WinMGr cannot be set.
2023-11-24 16:23:26,127 [INFO] Updater:1056 - Updater Version found : 6.9.2
2023-11-24 16:23:26,150 [INFO] ApplicationProperties:184 - Using Application install path: C:\ST\STM32CubeIDE_1.13.2\STM32CubeIDE\plugins\com.st.stm32cube.common.mx_6.9.2.202309101412
2023-11-24 16:23:26,372 [INFO] MainUpdater:2868 - connection check result : 10
2023-11-24 16:23:26,373 [INFO] MainUpdater:285 - Updater Check For Update Now.
2023-11-24 16:23:26,374 [INFO] MicroXplorer:498 - Change Database Version : DB.6.0.92
2023-11-24 16:23:26,395 [INFO] McuFinderGlobals:63 - Set McuFinder mode to 2 (CubeIDE integrated)
2023-11-24 16:23:26,396 [INFO] UserAuth:179 - activating auth plugin
2023-11-24 16:23:26,400 [INFO] UserAuth:393 - Internet connection configuration mode: 1
2023-11-24 16:23:26,528 [INFO] JxBrowserEngine:151 - Initiate JxBrowser Engine with user profile folder
2023-11-24 16:23:26,765 [INFO] CheckServerUpdateThread:120 - End of CheckServer Thread
2023-11-24 16:23:28,542 [WARN] PackLoader:240 - Cannot read IP mode file for STMicroelectronics.X-CUBE-SMBUS.2.1.0
2023-11-24 16:23:28,635 [WARN] PackLoader:240 - Cannot read IP mode file for STMicroelectronics.X-CUBE-AZRTOS-F7.1.1.0
2023-11-24 16:23:28,674 [WARN] PackLoader:240 - Cannot read IP mode file for STMicroelectronics.FP-SNS-MOTENV1.4.3.2
2023-11-24 16:23:28,701 [WARN] PackLoader:240 - Cannot read IP mode file for STMicroelectronics.FP-SNS-FLIGHT1.5.0.2
2023-11-24 16:23:28,853 [WARN] PackLoader:240 - Cannot read IP mode file for STMicroelectronics.X-CUBE-DISPLAY.3.0.0
2023-11-24 16:23:28,888 [WARN] PackLoader:240 - Cannot read IP mode file for STMicroelectronics.X-CUBE-BLE1.7.0.0
2023-11-24 16:23:28,912 [WARN] PackLoader:240 - Cannot read IP mode file for emotas.I-CUBE-CANOPEN.1.3.0
2023-11-24 16:23:28,953 [INFO] LogOutputStream:77 - [STDOUT_REDIRECT] 1 : Invalid condition id : UX_CORESTACK_Condition cause : null
2023-11-24 16:23:28,955 [INFO] LogOutputStream:77 - [STDOUT_REDIRECT] 1 : Invalid condition id : UX_CORESTACK_Condition cause : null
2023-11-24 16:23:28,959 [INFO] LogOutputStream:77 - [STDOUT_REDIRECT] 1 : Invalid condition id : UX_CORESTACK_Condition cause : null
2023-11-24 16:23:28,964 [INFO] LogOutputStream:77 - [STDOUT_REDIRECT] 1 : Invalid condition id : UX_CORESTACK_Condition cause : null
2023-11-24 16:23:28,965 [INFO] LogOutputStream:77 - [STDOUT_REDIRECT] 1 : Invalid condition id : UX_CORESTACK_Condition cause : null
2023-11-24 16:23:28,973 [WARN] PackLoader:240 - Cannot read IP mode file for STMicroelectronics.X-CUBE-AZRTOS-WL.2.0.0
2023-11-24 16:23:29,004 [WARN] PackLoader:240 - Cannot read IP mode file for WES.I-CUBE-Cesium.1.3.0
2023-11-24 16:23:29,029 [WARN] PackLoader:240 - Cannot read IP mode file for STMicroelectronics.X-CUBE-BLE2.3.3.0
2023-11-24 16:23:29,058 [WARN] PackLoader:240 - Cannot read IP mode file for STMicroelectronics.X-CUBE-ALGOBUILD.1.3.0
2023-11-24 16:23:29,128 [WARN] PackLoader:240 - Cannot read IP mode file for STMicroelectronics.X-CUBE-AZRTOS-G0.1.1.0
2023-11-24 16:23:29,163 [WARN] PackLoader:240 - Cannot read IP mode file for STMicroelectronics.X-CUBE-NFC4.3.0.0
2023-11-24 16:23:29,220 [WARN] PackLoader:240 - Cannot read IP mode file for STMicroelectronics.X-CUBE-BLEMGR.3.0.0
2023-11-24 16:23:29,252 [WARN] PackLoader:240 - Cannot read IP mode file for STMicroelectronics.FP-ATR-SIGFOX1.3.2.0
2023-11-24 16:23:29,409 [WARN] PackLoader:240 - Cannot read IP mode file for SEGGER.I-CUBE-embOS.1.3.1
2023-11-24 16:23:29,624 [WARN] PackLoader:240 - Cannot read IP mode file for STMicroelectronics.X-CUBE-GNSS1.6.0.0
2023-11-24 16:23:29,716 [WARN] PackLoader:240 - Cannot read IP mode file for STMicroelectronics.X-CUBE-AZRTOS-F4.1.1.0
2023-11-24 16:23:29,786 [WARN] PackLoader:240 - Cannot read IP mode file for STMicroelectronics.X-CUBE-AZRTOS-L5.2.0.0
2023-11-24 16:23:29,943 [WARN] PackLoader:240 - Cannot read IP mode file for STMicroelectronics.X-CUBE-MEMS1.9.6.0
2023-11-24 16:23:30,550 [WARN] PackLoader:240 - Cannot read IP mode file for STMicroelectronics.X-CUBE-EEPRMA1.4.2.0
2023-11-24 16:23:30,602 [WARN] PackLoader:240 - Cannot read IP mode file for ITTIA_DB.I-CUBE-ITTIADB.8.8.0
2023-11-24 16:23:30,639 [WARN] PackLoader:240 - Cannot read IP mode file for STMicroelectronics.X-CUBE-BLEMGR.2.0.0
2023-11-24 16:23:30,698 [WARN] ConditionMgr:438 - getConditionDescription Invalid condition id : UX DEVICE CLASS RTOS Condition cause : null
2023-11-24 16:23:30,699 [WARN] ConditionMgr:438 - getConditionDescription Invalid condition id : UX DEVICE CLASS RTOS Condition cause : null
2023-11-24 16:23:30,706 [WARN] PackLoader:240 - Cannot read IP mode file for STMicroelectronics.X-CUBE-AZRTOS-H7.3.1.0
2023-11-24 16:23:30,708 [WARN] ConditionMgr:1039 - genDependencies : Invalid condition id : UX DEVICE CLASS RTOS Condition cause : null
2023-11-24 16:23:30,709 [WARN] ConditionMgr:1039 - genDependencies : Invalid condition id : UX DEVICE CLASS RTOS Condition cause : null
2023-11-24 16:23:30,710 [WARN] ConditionMgr:1039 - genDependencies : Invalid condition id : UX DEVICE CLASS RTOS Condition cause : null
2023-11-24 16:23:30,710 [WARN] ConditionMgr:1039 - genDependencies : Invalid condition id : UX DEVICE CLASS RTOS Condition cause : null
2023-11-24 16:23:30,711 [WARN] ConditionMgr:1039 - genDependencies : Invalid condition id : UX DEVICE CLASS RTOS Condition cause : null
2023-11-24 16:23:30,737 [WARN] PackLoader:240 - Cannot read IP mode file for STMicroelectronics.X-CUBE-NFC7.1.0.1
2023-11-24 16:23:30,760 [WARN] PackLoader:240 - Cannot read IP mode file for STMicroelectronics.X-CUBE-EEPRMA1.4.1.0
2023-11-24 16:23:30,780 [WARN] PackLoader:240 - Cannot read IP mode file for STMicroelectronics.X-CUBE-AI.8.1.0
2023-11-24 16:23:30,785 [INFO] WebApp:157 - Instantiating new browser for Auth
2023-11-24 16:23:30,853 [WARN] ConditionMgr:438 - getConditionDescription Invalid condition id : LAN8742 Phy interface Condition cause : null
2023-11-24 16:23:30,855 [WARN] PackLoader:240 - Cannot read IP mode file for STMicroelectronics.X-CUBE-AZRTOS-L4.2.0.0
2023-11-24 16:23:30,859 [WARN] ConditionMgr:1039 - genDependencies : Invalid condition id : LAN8742 Phy interface Condition cause : null
2023-11-24 16:23:30,860 [WARN] ConditionMgr:1039 - genDependencies : Invalid condition id : LAN8742 Phy interface Condition cause : null
2023-11-24 16:23:30,861 [WARN] ConditionMgr:1039 - genDependencies : Invalid condition id : LAN8742 Phy interface Condition cause : null
2023-11-24 16:23:30,904 [WARN] PackLoader:240 - Cannot read IP mode file for STMicroelectronics.X-CUBE-SFXS2LP1.4.0.0
2023-11-24 16:23:30,934 [WARN] PackLoader:240 - Cannot read IP mode file for STMicroelectronics.X-CUBE-ISPU.1.1.0
2023-11-24 16:23:30,992 [WARN] ConditionMgr:438 - getConditionDescription Invalid condition id : UX DEVICE CLASS RTOS Condition cause : null
2023-11-24 16:23:30,992 [WARN] ConditionMgr:438 - getConditionDescription Invalid condition id : UX DEVICE CLASS RTOS Condition cause : null
2023-11-24 16:23:30,996 [WARN] PackLoader:240 - Cannot read IP mode file for STMicroelectronics.X-CUBE-AZRTOS-WB.2.0.0
2023-11-24 16:23:30,997 [WARN] ConditionMgr:1039 - genDependencies : Invalid condition id : UX DEVICE CLASS RTOS Condition cause : null
2023-11-24 16:23:30,998 [WARN] ConditionMgr:1039 - genDependencies : Invalid condition id : UX DEVICE CLASS RTOS Condition cause : null
2023-11-24 16:23:30,998 [WARN] ConditionMgr:1039 - genDependencies : Invalid condition id : UX DEVICE CLASS RTOS Condition cause : null
2023-11-24 16:23:30,999 [WARN] ConditionMgr:1039 - genDependencies : Invalid condition id : UX DEVICE CLASS RTOS Condition cause : null
2023-11-24 16:23:30,999 [WARN] ConditionMgr:1039 - genDependencies : Invalid condition id : UX DEVICE CLASS RTOS Condition cause : null
2023-11-24 16:23:31,030 [WARN] PackLoader:240 - Cannot read IP mode file for STMicroelectronics.X-CUBE-SUBG2.5.0.0
2023-11-24 16:23:31,091 [WARN] PackLoader:240 - Cannot read IP mode file for STMicroelectronics.X-CUBE-TOF1.3.3.1
2023-11-24 16:23:31,148 [WARN] PackLoader:240 - Cannot read IP mode file for STMicroelectronics.X-CUBE-AZRTOS-G4.2.0.0
2023-11-24 16:23:31,198 [WARN] PackLoader:240 - Cannot read IP mode file for Infineon.AIROC-Wi-Fi-Bluetooth-STM32.1.5.1
2023-11-24 16:23:31,221 [WARN] PackLoader:240 - Cannot read IP mode file for STMicroelectronics.FP-SNS-MOTENVWB1.1.3.0
2023-11-24 16:23:31,307 [WARN] PackLoader:240 - Cannot read IP mode file for STMicroelectronics.X-CUBE-MEMS1.10.0.0
2023-11-24 16:23:31,509 [WARN] PackLoader:240 - Cannot read IP mode file for STMicroelectronics.X-CUBE-FREERTOS.1.1.0
2023-11-24 16:23:31,531 [WARN] PackLoader:240 - Cannot read IP mode file for portGmbH.I-Cube-SoM-uGOAL.1.1.0
2023-11-24 16:23:31,549 [WARN] PackLoader:240 - Cannot read IP mode file for STMicroelectronics.X-CUBE-ALS.1.0.1
2023-11-24 16:23:31,569 [WARN] PackLoader:240 - Cannot read IP mode file for STMicroelectronics.FP-ATR-ASTRA1.2.0.0
2023-11-24 16:23:31,598 [WARN] PackLoader:240 - Cannot read IP mode file for STMicroelectronics.X-CUBE-TOF1.3.4.0
2023-11-24 16:23:31,636 [INFO] ThirdParty:978 - Integrity check success = true
2023-11-24 16:23:31,637 [INFO] IntegrityCheckThread:100 - exiting critical section [integrity check]
2023-11-24 16:23:31,637 [INFO] IntegrityCheckThread:103 - End integrity checks thread
2023-11-24 16:23:32,180 [INFO] WebApp:753 - Register for checkConnection events
2023-11-24 16:23:32,180 [INFO] WebApp:390 - Apply proxy settings
2023-11-24 16:23:32,180 [INFO] WebApp:475 - Chromium requires no authentication
2023-11-24 16:23:32,205 [INFO] WebApp:418 - Direct internet connection detected
2023-11-24 16:23:32,535 [INFO] WebApp:188 - Starting web application
2023-11-24 16:23:32,535 [INFO] WebApp:520 - Web application path used C:\ST\STM32CubeIDE_1.13.2\STM32CubeIDE\plugins\com.st.stm32cube.common.mx_6.9.2.202309101412\db\plugins\mcufinder\reactClient1\index.html
2023-11-24 16:23:53,927 [ERROR] LogOutputStream:75 - [STDERR_REDIRECT] SLF4J: Failed to load class "org.slf4j.impl.StaticLoggerBinder".
2023-11-24 16:23:53,927 [ERROR] LogOutputStream:75 - [STDERR_REDIRECT] SLF4J: Defaulting to no-operation (NOP) logger implementation
2023-11-24 16:23:53,929 [ERROR] LogOutputStream:75 - [STDERR_REDIRECT] SLF4J: See http://www.slf4j.org/codes.html#StaticLoggerBinder for further details.
2023-11-24 16:47:03,397 [ERROR] LogOutputStream:75 - [STDERR_REDIRECT] 
