2023-11-30 13:26:05,016 [INFO] Activator:176 - 


2023-11-30 13:26:05,026 [INFO] Activator:177 - !SESSION log4j initialized
2023-11-30 13:26:11,088 [INFO] LogOutputStream:77 - [STDOUT_REDIRECT] 
2023-11-30 13:26:36,382 [INFO] ApplicationProperties:184 - Using Application install path: C:\ST\STM32CubeIDE_1.13.2\STM32CubeIDE\plugins\com.st.stm32cube.common.mx_6.9.2.202309101412
2023-11-30 13:26:36,419 [INFO] DbMcusXml:78 - Set database path to: C:\ST\STM32CubeIDE_1.13.2\STM32CubeIDE\plugins\com.st.stm32cube.common.mx_6.9.2.202309101412\\db\/mcu/
2023-11-30 13:26:36,420 [INFO] ApiDb:274 - Set plugin database path to: C:\ST\STM32CubeIDE_1.13.2\STM32CubeIDE\plugins\com.st.stm32cube.common.mx_6.9.2.202309101412\\db\/plugins/boardmanager/
2023-11-30 13:26:36,420 [WARN] ApiDb:259 - Overriding images path with different value:  => C:\ST\STM32CubeIDE_1.13.2\STM32CubeIDE\plugins\com.st.stm32cube.common.mx_6.9.2.202309101412\\db\/plugins/mcufinder/images/
2023-11-30 13:26:36,437 [INFO] ApiDb:250 - Set database path to: C:\Users\E-AY\.stmcufinder\plugins\mcufinder//mcu/
2023-11-30 13:26:36,439 [INFO] DbMcusAds:125 - Set database path to: C:\Users\E-AY\.stmcufinder\plugins\mcufinder//mcu/
2023-11-30 13:26:36,464 [INFO] CrossReferenceDbSqlite:203 - Set database path to: C:\Users\E-AY\.stmcufinder\plugins\mcufinder//mcu/cs/
2023-11-30 13:26:36,627 [INFO] RulesReader:64 - Compatibility file has been processed (293 Rules)
2023-11-30 13:26:36,741 [INFO] DbMcusXml:78 - Set database path to: C:\ST\STM32CubeIDE_1.13.2\STM32CubeIDE\plugins\com.st.stm32cube.common.mx_6.9.2.202309101412\\db\/mcu/
2023-11-30 13:26:36,741 [INFO] ApiDb:274 - Set plugin database path to: C:\ST\STM32CubeIDE_1.13.2\STM32CubeIDE\plugins\com.st.stm32cube.common.mx_6.9.2.202309101412\\db\/plugins/boardmanager/
2023-11-30 13:26:36,741 [INFO] ApiDb:261 - Set plugin images path to: C:\ST\STM32CubeIDE_1.13.2\STM32CubeIDE\plugins\com.st.stm32cube.common.mx_6.9.2.202309101412\\db\/plugins/mcufinder/images/
2023-11-30 13:26:36,742 [WARN] DbFile:41 - Overriding database path with different value: C:\Users\E-AY\.stmcufinder\plugins\mcufinder/ => C:\Users\E-AY\.stmcufinder\plugins\mcufinder
2023-11-30 13:26:36,742 [INFO] ApiDb:250 - Set database path to: C:\Users\E-AY\.stmcufinder\plugins\mcufinder//mcu/
2023-11-30 13:26:36,742 [WARN] DbFile:41 - Overriding database path with different value: C:\Users\E-AY\.stmcufinder\plugins\mcufinder/ => C:\Users\E-AY\.stmcufinder\plugins\mcufinder
2023-11-30 13:26:36,742 [INFO] DbMcusAds:125 - Set database path to: C:\Users\E-AY\.stmcufinder\plugins\mcufinder//mcu/
2023-11-30 13:26:36,742 [WARN] DbFile:41 - Overriding database path with different value: C:\Users\E-AY\.stmcufinder\plugins\mcufinder/ => C:\Users\E-AY\.stmcufinder\plugins\mcufinder
2023-11-30 13:26:36,742 [WARN] DbFile:41 - Overriding database path with different value: C:\Users\E-AY\.stmcufinder\plugins\mcufinder/ => C:\Users\E-AY\.stmcufinder\plugins\mcufinder
2023-11-30 13:26:36,742 [INFO] CrossReferenceDbSqlite:203 - Set database path to: C:\Users\E-AY\.stmcufinder\plugins\mcufinder//mcu/cs/
2023-11-30 13:26:36,844 [INFO] MainPanel:262 - HeapMemory: 268435456
2023-11-30 13:26:36,957 [INFO] DbMcusXml:78 - Set database path to: C:\ST\STM32CubeIDE_1.13.2\STM32CubeIDE\plugins\com.st.stm32cube.common.mx_6.9.2.202309101412\\db\/mcu/
2023-11-30 13:26:36,958 [INFO] ApiDb:274 - Set plugin database path to: C:\ST\STM32CubeIDE_1.13.2\STM32CubeIDE\plugins\com.st.stm32cube.common.mx_6.9.2.202309101412\\db\/plugins/boardmanager/
2023-11-30 13:26:36,958 [INFO] ApiDb:261 - Set plugin images path to: C:\ST\STM32CubeIDE_1.13.2\STM32CubeIDE\plugins\com.st.stm32cube.common.mx_6.9.2.202309101412\\db\/plugins/mcufinder/images/
2023-11-30 13:26:36,958 [WARN] DbFile:41 - Overriding database path with different value: C:\Users\E-AY\.stmcufinder\plugins\mcufinder/ => C:\Users\E-AY\.stmcufinder\plugins\mcufinder
2023-11-30 13:26:36,958 [INFO] ApiDb:250 - Set database path to: C:\Users\E-AY\.stmcufinder\plugins\mcufinder//mcu/
2023-11-30 13:26:36,959 [WARN] DbFile:41 - Overriding database path with different value: C:\Users\E-AY\.stmcufinder\plugins\mcufinder/ => C:\Users\E-AY\.stmcufinder\plugins\mcufinder
2023-11-30 13:26:36,959 [INFO] DbMcusAds:125 - Set database path to: C:\Users\E-AY\.stmcufinder\plugins\mcufinder//mcu/
2023-11-30 13:26:36,959 [WARN] DbFile:41 - Overriding database path with different value: C:\Users\E-AY\.stmcufinder\plugins\mcufinder/ => C:\Users\E-AY\.stmcufinder\plugins\mcufinder
2023-11-30 13:26:36,959 [WARN] DbFile:41 - Overriding database path with different value: C:\Users\E-AY\.stmcufinder\plugins\mcufinder/ => C:\Users\E-AY\.stmcufinder\plugins\mcufinder
2023-11-30 13:26:36,959 [INFO] CrossReferenceDbSqlite:203 - Set database path to: C:\Users\E-AY\.stmcufinder\plugins\mcufinder//mcu/cs/
2023-11-30 13:26:36,982 [INFO] ApplicationProperties:184 - Using Application install path: C:\ST\STM32CubeIDE_1.13.2\STM32CubeIDE\plugins\com.st.stm32cube.common.mx_6.9.2.202309101412
2023-11-30 13:26:36,984 [INFO] PluginManage:196 - Search for loadable plugins [exclusion list=, ]
2023-11-30 13:26:36,986 [INFO] PluginManage:310 - Check plugin analytics
2023-11-30 13:26:37,234 [INFO] AnalyticsPlugin:253 - Accepted Software Licenses: 
2023-11-30 13:26:37,235 [INFO] AnalyticsPlugin:255 - Accepted CMSIS Pack Licenses: 
2023-11-30 13:26:37,235 [INFO] AnalyticsPlugin:257 - Accepted Firmware Licenses: 
2023-11-30 13:26:37,238 [INFO] PluginManage:359 - Loaded plugin analytics (category:tool,tabindex:-1)
2023-11-30 13:26:37,239 [INFO] PluginManage:310 - Check plugin cadmodel
2023-11-30 13:26:37,257 [INFO] CADModel:105 - Init CAD model plugin
2023-11-30 13:26:37,257 [INFO] PluginManage:359 - Loaded plugin cadmodel (category:power,tabindex:5)
2023-11-30 13:26:37,258 [INFO] PluginManage:310 - Check plugin clock
2023-11-30 13:26:37,283 [INFO] PluginManage:359 - Loaded plugin clock (category:base,tabindex:2)
2023-11-30 13:26:37,283 [INFO] PluginManage:310 - Check plugin ddr
2023-11-30 13:26:37,286 [INFO] PluginManage:359 - Loaded plugin ddr (category:tool,tabindex:6)
2023-11-30 13:26:37,286 [INFO] PluginManage:310 - Check plugin filemanager
2023-11-30 13:26:37,482 [INFO] PluginManage:359 - Loaded plugin filemanager (category:base,tabindex:10)
2023-11-30 13:26:37,482 [INFO] PluginManage:310 - Check plugin ipmanager
2023-11-30 13:26:37,491 [INFO] PluginManage:359 - Loaded plugin ipmanager (category:base,tabindex:5)
2023-11-30 13:26:37,491 [INFO] PluginManage:310 - Check plugin lpbam
2023-11-30 13:26:37,513 [INFO] PluginManage:359 - Loaded plugin lpbam (category:base,tabindex:0)
2023-11-30 13:26:37,513 [INFO] PluginManage:310 - Check plugin memorymap
2023-11-30 13:26:37,543 [INFO] PluginManage:359 - Loaded plugin memorymap (category:base,tabindex:4)
2023-11-30 13:26:37,543 [INFO] PluginManage:310 - Check plugin pinoutandconfiguration
2023-11-30 13:26:37,563 [INFO] PluginManage:359 - Loaded plugin pinoutandconfiguration (category:base,tabindex:1)
2023-11-30 13:26:37,564 [INFO] PluginManage:310 - Check plugin pinoutconfig
2023-11-30 13:26:37,702 [WARN] SupportedApi:132 - Cannot load RTOS API schema: s4s-elt-must-match.1: The content of 'definitions' must match (annotation?, (simpleType | complexType)?, (unique | key | keyref)*)). A problem was found starting at: attribute.
2023-11-30 13:26:37,903 [INFO] PluginManage:359 - Loaded plugin pinoutconfig (category:base,tabindex:0)
2023-11-30 13:26:37,903 [INFO] PluginManage:310 - Check plugin power
2023-11-30 13:26:37,930 [INFO] PluginManage:359 - Loaded plugin power (category:power,tabindex:4)
2023-11-30 13:26:37,930 [INFO] PluginManage:310 - Check plugin projectmanager
2023-11-30 13:26:37,950 [INFO] PluginManage:359 - Loaded plugin projectmanager (category:projectmanager,tabindex:3)
2023-11-30 13:26:37,950 [INFO] PluginManage:310 - Check plugin thirdparty
2023-11-30 13:26:38,268 [INFO] PluginManage:359 - Loaded plugin thirdparty (category:base,tabindex:-1)
2023-11-30 13:26:38,268 [WARN] IntegrityCheckThread:84 - waiting for thirdparty lock release [integrity check]
2023-11-30 13:26:38,268 [INFO] PluginManage:310 - Check plugin tools
2023-11-30 13:26:38,269 [INFO] IntegrityCheckThread:86 - entering critical section [integrity check]
2023-11-30 13:26:38,269 [INFO] ThirdPartyUpdaterWithRetryManager:70 - Updater plugin not ready yet. [1/15]
2023-11-30 13:26:38,273 [INFO] PluginManage:359 - Loaded plugin tools (category:base,tabindex:7)
2023-11-30 13:26:38,273 [INFO] PluginManage:310 - Check plugin tutovideos
2023-11-30 13:26:38,536 [INFO] PluginManage:359 - Loaded plugin tutovideos (category:base,tabindex:-1)
2023-11-30 13:26:38,537 [INFO] PluginManage:310 - Check plugin updater
2023-11-30 13:26:38,548 [INFO] PluginManage:359 - Loaded plugin updater (category:base,tabindex:12)
2023-11-30 13:26:38,549 [INFO] PluginManage:310 - Check plugin userauth
2023-11-30 13:26:38,554 [INFO] UserAuth:113 - Init User Auth plugin
2023-11-30 13:26:38,554 [INFO] PluginManage:359 - Loaded plugin userauth (category:base,tabindex:14)
2023-11-30 13:26:38,554 [INFO] PluginManage:283 - PluginManage : Loaded plugins [17]
2023-11-30 13:26:38,834 [INFO] PinOutPanel:1499 - setPackage(No Configuration,No Configuration)
2023-11-30 13:26:38,984 [INFO] CADModel:165 - CPN selected for project level
2023-11-30 13:26:38,984 [INFO] CADModel:114 - Register for checkConnection events
2023-11-30 13:26:39,019 [INFO] IPUIPlugin:80 - create IPUIPlugin
2023-11-30 13:26:39,019 [INFO] PluginManager:220 - loadIPPluginJar : add adc
2023-11-30 13:26:39,063 [INFO] IPUIPlugin:80 - create IPUIPlugin
2023-11-30 13:26:39,063 [INFO] PluginManager:220 - loadIPPluginJar : add aes
2023-11-30 13:26:39,113 [INFO] IPUIPlugin:80 - create IPUIPlugin
2023-11-30 13:26:39,114 [INFO] PluginManager:220 - loadIPPluginJar : add can
2023-11-30 13:26:39,116 [INFO] IPUIPlugin:80 - create IPUIPlugin
2023-11-30 13:26:39,116 [INFO] PluginManager:220 - loadIPPluginJar : add comp
2023-11-30 13:26:39,155 [INFO] IPUIPlugin:80 - create IPUIPlugin
2023-11-30 13:26:39,155 [INFO] PluginManager:220 - loadIPPluginJar : add cryp
2023-11-30 13:26:39,158 [INFO] IPUIPlugin:80 - create IPUIPlugin
2023-11-30 13:26:39,159 [INFO] PluginManager:220 - loadIPPluginJar : add dfsdm
2023-11-30 13:26:39,174 [INFO] IPUIPlugin:80 - create IPUIPlugin
2023-11-30 13:26:39,175 [INFO] PluginManager:220 - loadIPPluginJar : add dma
2023-11-30 13:26:39,225 [INFO] IPUIPlugin:80 - create IPUIPlugin
2023-11-30 13:26:39,225 [INFO] PluginManager:220 - loadIPPluginJar : add dma3
2023-11-30 13:26:39,248 [INFO] IPUIPlugin:80 - create IPUIPlugin
2023-11-30 13:26:39,248 [INFO] PluginManager:220 - loadIPPluginJar : add fatfs
2023-11-30 13:26:39,304 [INFO] IPUIPlugin:80 - create IPUIPlugin
2023-11-30 13:26:39,305 [INFO] PluginManager:220 - loadIPPluginJar : add fmc
2023-11-30 13:26:39,321 [INFO] IPUIPlugin:80 - create IPUIPlugin
2023-11-30 13:26:39,322 [INFO] PluginManager:220 - loadIPPluginJar : add freertos
2023-11-30 13:26:39,345 [INFO] IPUIPlugin:80 - create IPUIPlugin
2023-11-30 13:26:39,345 [INFO] PluginManager:220 - loadIPPluginJar : add genericplugin
2023-11-30 13:26:39,453 [INFO] IPUIPlugin:80 - create IPUIPlugin
2023-11-30 13:26:39,453 [INFO] PluginManager:220 - loadIPPluginJar : add gfxmmu
2023-11-30 13:26:39,605 [INFO] IPUIPlugin:80 - create IPUIPlugin
2023-11-30 13:26:39,605 [INFO] PluginManager:220 - loadIPPluginJar : add gic
2023-11-30 13:26:39,622 [INFO] IPUIPlugin:80 - create IPUIPlugin
2023-11-30 13:26:39,622 [INFO] PluginManager:220 - loadIPPluginJar : add gpio
2023-11-30 13:26:39,735 [INFO] IPUIPlugin:80 - create IPUIPlugin
2023-11-30 13:26:39,735 [INFO] PluginManager:220 - loadIPPluginJar : add gtzc
2023-11-30 13:26:39,774 [INFO] IPUIPlugin:80 - create IPUIPlugin
2023-11-30 13:26:39,774 [INFO] PluginManager:220 - loadIPPluginJar : add hash
2023-11-30 13:26:39,835 [INFO] IPUIPlugin:80 - create IPUIPlugin
2023-11-30 13:26:39,836 [INFO] PluginManager:220 - loadIPPluginJar : add i2c
2023-11-30 13:26:39,882 [INFO] IPUIPlugin:80 - create IPUIPlugin
2023-11-30 13:26:39,883 [INFO] PluginManager:220 - loadIPPluginJar : add i2s
2023-11-30 13:26:39,931 [INFO] IPUIPlugin:80 - create IPUIPlugin
2023-11-30 13:26:39,931 [INFO] PluginManager:220 - loadIPPluginJar : add i3c
2023-11-30 13:26:40,064 [INFO] IPUIPlugin:80 - create IPUIPlugin
2023-11-30 13:26:40,064 [INFO] PluginManager:220 - loadIPPluginJar : add ipddr
2023-11-30 13:26:40,172 [INFO] IPUIPlugin:80 - create IPUIPlugin
2023-11-30 13:26:40,172 [INFO] PluginManager:220 - loadIPPluginJar : add linkedlist
2023-11-30 13:26:40,216 [INFO] IPUIPlugin:80 - create IPUIPlugin
2023-11-30 13:26:40,216 [INFO] PluginManager:220 - loadIPPluginJar : add lorawan
2023-11-30 13:26:40,257 [INFO] IPUIPlugin:80 - create IPUIPlugin
2023-11-30 13:26:40,258 [INFO] PluginManager:220 - loadIPPluginJar : add ltdc
2023-11-30 13:26:40,275 [INFO] IPUIPlugin:80 - create IPUIPlugin
2023-11-30 13:26:40,275 [INFO] PluginManager:220 - loadIPPluginJar : add mdma
2023-11-30 13:26:40,289 [INFO] IPUIPlugin:80 - create IPUIPlugin
2023-11-30 13:26:40,290 [INFO] PluginManager:220 - loadIPPluginJar : add nvic
2023-11-30 13:26:40,330 [INFO] IPUIPlugin:80 - create IPUIPlugin
2023-11-30 13:26:40,331 [INFO] PluginManager:220 - loadIPPluginJar : add opamp
2023-11-30 13:26:40,399 [INFO] IPUIPlugin:80 - create IPUIPlugin
2023-11-30 13:26:40,399 [INFO] PluginManager:220 - loadIPPluginJar : add openamp
2023-11-30 13:26:40,449 [INFO] IPUIPlugin:80 - create IPUIPlugin
2023-11-30 13:26:40,449 [INFO] PluginManager:220 - loadIPPluginJar : add pdm2pcm
2023-11-30 13:26:40,465 [INFO] IPUIPlugin:80 - create IPUIPlugin
2023-11-30 13:26:40,468 [INFO] PluginManager:220 - loadIPPluginJar : add plateformsettings
2023-11-30 13:26:40,492 [INFO] IPUIPlugin:80 - create IPUIPlugin
2023-11-30 13:26:40,493 [INFO] PluginManager:220 - loadIPPluginJar : add quadspi
2023-11-30 13:26:40,507 [INFO] IPUIPlugin:80 - create IPUIPlugin
2023-11-30 13:26:40,507 [INFO] PluginManager:220 - loadIPPluginJar : add resmgrutility
2023-11-30 13:26:40,568 [INFO] IPUIPlugin:80 - create IPUIPlugin
2023-11-30 13:26:40,568 [INFO] PluginManager:220 - loadIPPluginJar : add sai
2023-11-30 13:26:40,614 [INFO] IPUIPlugin:80 - create IPUIPlugin
2023-11-30 13:26:40,614 [INFO] PluginManager:220 - loadIPPluginJar : add spi
2023-11-30 13:26:40,686 [INFO] IPUIPlugin:80 - create IPUIPlugin
2023-11-30 13:26:40,686 [INFO] PluginManager:220 - loadIPPluginJar : add stm32_wpan
2023-11-30 13:26:40,688 [INFO] IPUIPlugin:80 - create IPUIPlugin
2023-11-30 13:26:40,688 [INFO] PluginManager:220 - loadIPPluginJar : add tim
2023-11-30 13:26:40,755 [INFO] IPUIPlugin:80 - create IPUIPlugin
2023-11-30 13:26:40,755 [INFO] PluginManager:220 - loadIPPluginJar : add touchsensing
2023-11-30 13:26:40,781 [INFO] IPUIPlugin:80 - create IPUIPlugin
2023-11-30 13:26:40,781 [INFO] PluginManager:220 - loadIPPluginJar : add tracer_emb
2023-11-30 13:26:40,784 [INFO] IPUIPlugin:80 - create IPUIPlugin
2023-11-30 13:26:40,784 [INFO] PluginManager:220 - loadIPPluginJar : add ts
2023-11-30 13:26:40,808 [INFO] IPUIPlugin:80 - create IPUIPlugin
2023-11-30 13:26:40,808 [INFO] PluginManager:220 - loadIPPluginJar : add tsc
2023-11-30 13:26:40,833 [INFO] IPUIPlugin:80 - create IPUIPlugin
2023-11-30 13:26:40,833 [INFO] PluginManager:220 - loadIPPluginJar : add ucpd
2023-11-30 13:26:40,885 [INFO] IPUIPlugin:80 - create IPUIPlugin
2023-11-30 13:26:40,885 [INFO] PluginManager:220 - loadIPPluginJar : add usart
2023-11-30 13:26:40,937 [INFO] IPUIPlugin:80 - create IPUIPlugin
2023-11-30 13:26:40,937 [INFO] PluginManager:220 - loadIPPluginJar : add usbx
2023-11-30 13:26:41,084 [INFO] CADModel:165 - CPN selected for project level
2023-11-30 13:26:41,084 [INFO] CADModel:114 - Register for checkConnection events
2023-11-30 13:26:41,084 [FATAL] Updater:308 - Updater called before beeing initialized
2023-11-30 13:26:41,084 [ERROR] CADModel:125 - Updater not yet initialized, retry later 
2023-11-30 13:26:41,270 [INFO] ThirdPartyUpdaterWithRetryManager:70 - Updater plugin not ready yet. [2/15]
2023-11-30 13:26:41,281 [INFO] CADModel:165 - CPN selected for project level
2023-11-30 13:26:41,281 [INFO] CADModel:114 - Register for checkConnection events
2023-11-30 13:26:41,281 [FATAL] Updater:308 - Updater called before beeing initialized
2023-11-30 13:26:41,281 [ERROR] CADModel:125 - Updater not yet initialized, retry later 
2023-11-30 13:26:41,285 [FATAL] Updater:308 - Updater called before beeing initialized
2023-11-30 13:26:41,410 [FATAL] Updater:308 - Updater called before beeing initialized
2023-11-30 13:26:41,424 [INFO] DbMcusAds:53 - JSON generation date=Tue Mar 07 11:50:55 TRT 2023 (1678179055335)
2023-11-30 13:26:41,424 [FATAL] Updater:308 - Updater called before beeing initialized
2023-11-30 13:26:41,520 [WARN] DetailPanel:346 - Failed to get advertising image, set to default
2023-11-30 13:26:41,664 [FATAL] Updater:308 - Updater called before beeing initialized
2023-11-30 13:26:41,666 [FATAL] Updater:308 - Updater called before beeing initialized
2023-11-30 13:26:41,666 [FATAL] Updater:308 - Updater called before beeing initialized
2023-11-30 13:26:41,666 [WARN] DetailPanel:346 - Failed to get advertising image, set to default
2023-11-30 13:26:41,667 [FATAL] Updater:308 - Updater called before beeing initialized
2023-11-30 13:26:41,744 [ERROR] Updater:1120 - MainUpdater not yet initialized. External WinMGr cannot be set.
2023-11-30 13:26:41,749 [INFO] Updater:1056 - Updater Version found : 6.9.2
2023-11-30 13:26:41,771 [INFO] ApplicationProperties:184 - Using Application install path: C:\ST\STM32CubeIDE_1.13.2\STM32CubeIDE\plugins\com.st.stm32cube.common.mx_6.9.2.202309101412
2023-11-30 13:26:41,920 [INFO] MainUpdater:2868 - connection check result : 10
2023-11-30 13:26:41,921 [INFO] MainUpdater:285 - Updater Check For Update Now.
2023-11-30 13:26:41,921 [INFO] MicroXplorer:498 - Change Database Version : DB.6.0.92
2023-11-30 13:26:41,944 [INFO] McuFinderGlobals:63 - Set McuFinder mode to 2 (CubeIDE integrated)
2023-11-30 13:26:41,945 [INFO] UserAuth:179 - activating auth plugin
2023-11-30 13:26:41,948 [INFO] UserAuth:393 - Internet connection configuration mode: 1
2023-11-30 13:26:41,986 [INFO] JxBrowserEngine:151 - Initiate JxBrowser Engine with user profile folder
2023-11-30 13:26:42,181 [INFO] CheckServerUpdateThread:120 - End of CheckServer Thread
2023-11-30 13:26:44,605 [WARN] PackLoader:240 - Cannot read IP mode file for STMicroelectronics.X-CUBE-SMBUS.2.1.0
2023-11-30 13:26:44,856 [WARN] PackLoader:240 - Cannot read IP mode file for STMicroelectronics.X-CUBE-AZRTOS-F7.1.1.0
2023-11-30 13:26:44,900 [WARN] PackLoader:240 - Cannot read IP mode file for STMicroelectronics.FP-SNS-MOTENV1.4.3.2
2023-11-30 13:26:44,913 [WARN] PackLoader:240 - Cannot read IP mode file for STMicroelectronics.FP-SNS-FLIGHT1.5.0.2
2023-11-30 13:26:44,943 [WARN] PackLoader:240 - Cannot read IP mode file for STMicroelectronics.X-CUBE-DISPLAY.3.0.0
2023-11-30 13:26:44,983 [WARN] PackLoader:240 - Cannot read IP mode file for STMicroelectronics.X-CUBE-BLE1.7.0.0
2023-11-30 13:26:45,009 [WARN] PackLoader:240 - Cannot read IP mode file for emotas.I-CUBE-CANOPEN.1.3.0
2023-11-30 13:26:45,048 [INFO] LogOutputStream:77 - [STDOUT_REDIRECT] 1 : Invalid condition id : UX_CORESTACK_Condition cause : null
2023-11-30 13:26:45,049 [INFO] LogOutputStream:77 - [STDOUT_REDIRECT] 1 : Invalid condition id : UX_CORESTACK_Condition cause : null
2023-11-30 13:26:45,052 [INFO] LogOutputStream:77 - [STDOUT_REDIRECT] 1 : Invalid condition id : UX_CORESTACK_Condition cause : null
2023-11-30 13:26:45,055 [INFO] LogOutputStream:77 - [STDOUT_REDIRECT] 1 : Invalid condition id : UX_CORESTACK_Condition cause : null
2023-11-30 13:26:45,059 [INFO] LogOutputStream:77 - [STDOUT_REDIRECT] 1 : Invalid condition id : UX_CORESTACK_Condition cause : null
2023-11-30 13:26:45,068 [WARN] PackLoader:240 - Cannot read IP mode file for STMicroelectronics.X-CUBE-AZRTOS-WL.2.0.0
2023-11-30 13:26:45,097 [WARN] PackLoader:240 - Cannot read IP mode file for WES.I-CUBE-Cesium.1.3.0
2023-11-30 13:26:45,107 [INFO] WebApp:157 - Instantiating new browser for Auth
2023-11-30 13:26:45,119 [WARN] PackLoader:240 - Cannot read IP mode file for STMicroelectronics.X-CUBE-BLE2.3.3.0
2023-11-30 13:26:45,177 [WARN] PackLoader:240 - Cannot read IP mode file for STMicroelectronics.X-CUBE-ALGOBUILD.1.3.0
2023-11-30 13:26:45,268 [WARN] PackLoader:240 - Cannot read IP mode file for STMicroelectronics.X-CUBE-AZRTOS-G0.1.1.0
2023-11-30 13:26:45,294 [WARN] PackLoader:240 - Cannot read IP mode file for STMicroelectronics.X-CUBE-NFC4.3.0.0
2023-11-30 13:26:45,335 [WARN] PackLoader:240 - Cannot read IP mode file for STMicroelectronics.X-CUBE-BLEMGR.3.0.0
2023-11-30 13:26:45,350 [WARN] PackLoader:240 - Cannot read IP mode file for STMicroelectronics.FP-ATR-SIGFOX1.3.2.0
2023-11-30 13:26:45,424 [WARN] PackLoader:240 - Cannot read IP mode file for SEGGER.I-CUBE-embOS.1.3.1
2023-11-30 13:26:45,507 [WARN] PackLoader:240 - Cannot read IP mode file for STMicroelectronics.X-CUBE-GNSS1.6.0.0
2023-11-30 13:26:45,555 [WARN] PackLoader:240 - Cannot read IP mode file for STMicroelectronics.X-CUBE-AZRTOS-F4.1.1.0
2023-11-30 13:26:45,616 [WARN] PackLoader:240 - Cannot read IP mode file for STMicroelectronics.X-CUBE-AZRTOS-L5.2.0.0
2023-11-30 13:26:45,771 [WARN] PackLoader:240 - Cannot read IP mode file for STMicroelectronics.X-CUBE-MEMS1.9.6.0
2023-11-30 13:26:46,168 [WARN] PackLoader:240 - Cannot read IP mode file for STMicroelectronics.X-CUBE-EEPRMA1.4.2.0
2023-11-30 13:26:46,186 [WARN] PackLoader:240 - Cannot read IP mode file for ITTIA_DB.I-CUBE-ITTIADB.8.8.0
2023-11-30 13:26:46,208 [WARN] PackLoader:240 - Cannot read IP mode file for STMicroelectronics.X-CUBE-BLEMGR.2.0.0
2023-11-30 13:26:46,255 [WARN] ConditionMgr:438 - getConditionDescription Invalid condition id : UX DEVICE CLASS RTOS Condition cause : null
2023-11-30 13:26:46,256 [WARN] ConditionMgr:438 - getConditionDescription Invalid condition id : UX DEVICE CLASS RTOS Condition cause : null
2023-11-30 13:26:46,259 [WARN] PackLoader:240 - Cannot read IP mode file for STMicroelectronics.X-CUBE-AZRTOS-H7.3.1.0
2023-11-30 13:26:46,260 [WARN] ConditionMgr:1039 - genDependencies : Invalid condition id : UX DEVICE CLASS RTOS Condition cause : null
2023-11-30 13:26:46,261 [WARN] ConditionMgr:1039 - genDependencies : Invalid condition id : UX DEVICE CLASS RTOS Condition cause : null
2023-11-30 13:26:46,261 [WARN] ConditionMgr:1039 - genDependencies : Invalid condition id : UX DEVICE CLASS RTOS Condition cause : null
2023-11-30 13:26:46,262 [WARN] ConditionMgr:1039 - genDependencies : Invalid condition id : UX DEVICE CLASS RTOS Condition cause : null
2023-11-30 13:26:46,262 [WARN] ConditionMgr:1039 - genDependencies : Invalid condition id : UX DEVICE CLASS RTOS Condition cause : null
2023-11-30 13:26:46,281 [WARN] PackLoader:240 - Cannot read IP mode file for STMicroelectronics.X-CUBE-NFC7.1.0.1
2023-11-30 13:26:46,307 [WARN] PackLoader:240 - Cannot read IP mode file for STMicroelectronics.X-CUBE-EEPRMA1.4.1.0
2023-11-30 13:26:46,328 [WARN] PackLoader:240 - Cannot read IP mode file for STMicroelectronics.X-CUBE-AI.8.1.0
2023-11-30 13:26:46,386 [WARN] ConditionMgr:438 - getConditionDescription Invalid condition id : LAN8742 Phy interface Condition cause : null
2023-11-30 13:26:46,387 [WARN] PackLoader:240 - Cannot read IP mode file for STMicroelectronics.X-CUBE-AZRTOS-L4.2.0.0
2023-11-30 13:26:46,390 [WARN] ConditionMgr:1039 - genDependencies : Invalid condition id : LAN8742 Phy interface Condition cause : null
2023-11-30 13:26:46,390 [WARN] ConditionMgr:1039 - genDependencies : Invalid condition id : LAN8742 Phy interface Condition cause : null
2023-11-30 13:26:46,391 [WARN] ConditionMgr:1039 - genDependencies : Invalid condition id : LAN8742 Phy interface Condition cause : null
2023-11-30 13:26:46,393 [INFO] WebApp:753 - Register for checkConnection events
2023-11-30 13:26:46,393 [INFO] WebApp:390 - Apply proxy settings
2023-11-30 13:26:46,394 [INFO] WebApp:475 - Chromium requires no authentication
2023-11-30 13:26:46,409 [INFO] WebApp:418 - Direct internet connection detected
2023-11-30 13:26:46,413 [WARN] PackLoader:240 - Cannot read IP mode file for STMicroelectronics.X-CUBE-SFXS2LP1.4.0.0
2023-11-30 13:26:46,434 [WARN] PackLoader:240 - Cannot read IP mode file for STMicroelectronics.X-CUBE-ISPU.1.1.0
2023-11-30 13:26:46,470 [WARN] ConditionMgr:438 - getConditionDescription Invalid condition id : UX DEVICE CLASS RTOS Condition cause : null
2023-11-30 13:26:46,470 [WARN] ConditionMgr:438 - getConditionDescription Invalid condition id : UX DEVICE CLASS RTOS Condition cause : null
2023-11-30 13:26:46,474 [WARN] PackLoader:240 - Cannot read IP mode file for STMicroelectronics.X-CUBE-AZRTOS-WB.2.0.0
2023-11-30 13:26:46,475 [WARN] ConditionMgr:1039 - genDependencies : Invalid condition id : UX DEVICE CLASS RTOS Condition cause : null
2023-11-30 13:26:46,475 [WARN] ConditionMgr:1039 - genDependencies : Invalid condition id : UX DEVICE CLASS RTOS Condition cause : null
2023-11-30 13:26:46,476 [WARN] ConditionMgr:1039 - genDependencies : Invalid condition id : UX DEVICE CLASS RTOS Condition cause : null
2023-11-30 13:26:46,476 [WARN] ConditionMgr:1039 - genDependencies : Invalid condition id : UX DEVICE CLASS RTOS Condition cause : null
2023-11-30 13:26:46,476 [WARN] ConditionMgr:1039 - genDependencies : Invalid condition id : UX DEVICE CLASS RTOS Condition cause : null
2023-11-30 13:26:46,502 [WARN] PackLoader:240 - Cannot read IP mode file for STMicroelectronics.X-CUBE-SUBG2.5.0.0
2023-11-30 13:26:46,537 [WARN] PackLoader:240 - Cannot read IP mode file for STMicroelectronics.X-CUBE-TOF1.3.3.1
2023-11-30 13:26:46,588 [WARN] PackLoader:240 - Cannot read IP mode file for STMicroelectronics.X-CUBE-AZRTOS-G4.2.0.0
2023-11-30 13:26:46,628 [WARN] PackLoader:240 - Cannot read IP mode file for Infineon.AIROC-Wi-Fi-Bluetooth-STM32.1.5.1
2023-11-30 13:26:46,650 [WARN] PackLoader:240 - Cannot read IP mode file for STMicroelectronics.FP-SNS-MOTENVWB1.1.3.0
2023-11-30 13:26:46,732 [WARN] PackLoader:240 - Cannot read IP mode file for STMicroelectronics.X-CUBE-MEMS1.10.0.0
2023-11-30 13:26:46,761 [INFO] WebApp:188 - Starting web application
2023-11-30 13:26:46,761 [INFO] WebApp:520 - Web application path used C:\ST\STM32CubeIDE_1.13.2\STM32CubeIDE\plugins\com.st.stm32cube.common.mx_6.9.2.202309101412\db\plugins\mcufinder\reactClient1\index.html
2023-11-30 13:26:46,954 [WARN] PackLoader:240 - Cannot read IP mode file for STMicroelectronics.X-CUBE-FREERTOS.1.1.0
2023-11-30 13:26:46,972 [WARN] PackLoader:240 - Cannot read IP mode file for portGmbH.I-Cube-SoM-uGOAL.1.1.0
2023-11-30 13:26:46,989 [WARN] PackLoader:240 - Cannot read IP mode file for STMicroelectronics.X-CUBE-ALS.1.0.1
2023-11-30 13:26:46,998 [WARN] PackLoader:240 - Cannot read IP mode file for STMicroelectronics.FP-ATR-ASTRA1.2.0.0
2023-11-30 13:26:47,039 [WARN] PackLoader:240 - Cannot read IP mode file for STMicroelectronics.X-CUBE-TOF1.3.4.0
2023-11-30 13:26:47,066 [INFO] ThirdParty:978 - Integrity check success = true
2023-11-30 13:26:47,066 [INFO] IntegrityCheckThread:100 - exiting critical section [integrity check]
2023-11-30 13:26:47,066 [INFO] IntegrityCheckThread:103 - End integrity checks thread
2023-11-30 13:27:08,094 [ERROR] LogOutputStream:75 - [STDERR_REDIRECT] SLF4J: Failed to load class "org.slf4j.impl.StaticLoggerBinder".
2023-11-30 13:27:08,094 [ERROR] LogOutputStream:75 - [STDERR_REDIRECT] SLF4J: Defaulting to no-operation (NOP) logger implementation
2023-11-30 13:27:08,096 [ERROR] LogOutputStream:75 - [STDERR_REDIRECT] SLF4J: See http://www.slf4j.org/codes.html#StaticLoggerBinder for further details.
2023-11-30 13:43:49,931 [ERROR] LogOutputStream:75 - [STDERR_REDIRECT] org.eclipse.cdt.managedbuilder.core.BuildException: No toolchain option in toolchain configuration cdt.managedbuild.toolchain.gnu.mingw.exe.debug.687258871: 
2023-11-30 13:43:49,936 [ERROR] LogOutputStream:75 - [STDERR_REDIRECT] 	at com.st.stm32cube.ide.mcu.toolchain.ToolChainHelper.getToolChainId(ToolChainHelper.java:166)
2023-11-30 13:43:49,938 [ERROR] LogOutputStream:75 - [STDERR_REDIRECT] 	at com.st.stm32cube.ide.mcu.toolchain.ToolChainHelper.getToolChainInfo(ToolChainHelper.java:109)
2023-11-30 13:43:49,942 [ERROR] LogOutputStream:75 - [STDERR_REDIRECT] 	at com.st.stm32cube.ide.mcu.toolchain.ui.unmanaged.ToolSettingsTab.createControls(ToolSettingsTab.java:149)
2023-11-30 13:43:49,944 [ERROR] LogOutputStream:75 - [STDERR_REDIRECT] 	at org.eclipse.cdt.ui.newui.AbstractCPropertyTab.createControls(AbstractCPropertyTab.java:139)
2023-11-30 13:43:49,946 [ERROR] LogOutputStream:75 - [STDERR_REDIRECT] 	at org.eclipse.cdt.ui.newui.AbstractPage.loadTab(AbstractPage.java:1199)
2023-11-30 13:43:49,950 [ERROR] LogOutputStream:75 - [STDERR_REDIRECT] 	at org.eclipse.cdt.ui.newui.AbstractPage.loadExtensionsSynchronized(AbstractPage.java:1143)
2023-11-30 13:43:49,952 [ERROR] LogOutputStream:75 - [STDERR_REDIRECT] 	at org.eclipse.cdt.ui.newui.AbstractPage.createWidgets(AbstractPage.java:373)
2023-11-30 13:43:49,955 [ERROR] LogOutputStream:75 - [STDERR_REDIRECT] 	at org.eclipse.cdt.ui.newui.AbstractPage.contentForCDT(AbstractPage.java:359)
2023-11-30 13:43:49,957 [ERROR] LogOutputStream:75 - [STDERR_REDIRECT] 	at org.eclipse.cdt.ui.newui.AbstractPage.createContents(AbstractPage.java:256)
2023-11-30 13:43:49,959 [ERROR] LogOutputStream:75 - [STDERR_REDIRECT] 	at org.eclipse.jface.preference.PreferencePage.createControl(PreferencePage.java:244)
2023-11-30 13:43:49,962 [ERROR] LogOutputStream:75 - [STDERR_REDIRECT] 	at org.eclipse.jface.preference.PreferenceDialog.createPageControl(PreferenceDialog.java:1434)
2023-11-30 13:43:49,964 [ERROR] LogOutputStream:75 - [STDERR_REDIRECT] 	at org.eclipse.jface.preference.PreferenceDialog$8.run(PreferenceDialog.java:1197)
2023-11-30 13:43:49,966 [ERROR] LogOutputStream:75 - [STDERR_REDIRECT] 	at org.eclipse.core.runtime.SafeRunner.run(SafeRunner.java:45)
2023-11-30 13:43:49,968 [ERROR] LogOutputStream:75 - [STDERR_REDIRECT] 	at org.eclipse.jface.util.SafeRunnable.run(SafeRunnable.java:174)
2023-11-30 13:43:49,971 [ERROR] LogOutputStream:75 - [STDERR_REDIRECT] 	at org.eclipse.jface.preference.PreferenceDialog.showPage(PreferenceDialog.java:1189)
2023-11-30 13:43:49,974 [ERROR] LogOutputStream:75 - [STDERR_REDIRECT] 	at org.eclipse.ui.internal.dialogs.FilteredPreferenceDialog.showPage(FilteredPreferenceDialog.java:630)
2023-11-30 13:43:49,976 [ERROR] LogOutputStream:75 - [STDERR_REDIRECT] 	at org.eclipse.jface.preference.PreferenceDialog$5.lambda$0(PreferenceDialog.java:661)
2023-11-30 13:43:49,978 [ERROR] LogOutputStream:75 - [STDERR_REDIRECT] 	at org.eclipse.swt.custom.BusyIndicator.showWhile(BusyIndicator.java:67)
2023-11-30 13:43:49,981 [ERROR] LogOutputStream:75 - [STDERR_REDIRECT] 	at org.eclipse.jface.preference.PreferenceDialog$5.selectionChanged(PreferenceDialog.java:658)
2023-11-30 13:43:49,983 [ERROR] LogOutputStream:75 - [STDERR_REDIRECT] 	at org.eclipse.jface.viewers.StructuredViewer$3.run(StructuredViewer.java:821)
2023-11-30 13:43:49,985 [ERROR] LogOutputStream:75 - [STDERR_REDIRECT] 	at org.eclipse.core.runtime.SafeRunner.run(SafeRunner.java:45)
2023-11-30 13:43:49,987 [ERROR] LogOutputStream:75 - [STDERR_REDIRECT] 	at org.eclipse.jface.util.SafeRunnable.run(SafeRunnable.java:174)
2023-11-30 13:43:49,990 [ERROR] LogOutputStream:75 - [STDERR_REDIRECT] 	at org.eclipse.jface.viewers.StructuredViewer.firePostSelectionChanged(StructuredViewer.java:818)
2023-11-30 13:43:49,993 [ERROR] LogOutputStream:75 - [STDERR_REDIRECT] 	at org.eclipse.jface.viewers.StructuredViewer.handlePostSelect(StructuredViewer.java:1191)
2023-11-30 13:43:49,995 [ERROR] LogOutputStream:75 - [STDERR_REDIRECT] 	at org.eclipse.swt.events.SelectionListener$1.widgetSelected(SelectionListener.java:84)
2023-11-30 13:43:49,998 [ERROR] LogOutputStream:75 - [STDERR_REDIRECT] 	at org.eclipse.jface.util.OpenStrategy.firePostSelectionEvent(OpenStrategy.java:284)
2023-11-30 13:43:50,000 [ERROR] LogOutputStream:75 - [STDERR_REDIRECT] 	at org.eclipse.jface.util.OpenStrategy$1.lambda$1(OpenStrategy.java:438)
2023-11-30 13:43:50,002 [ERROR] LogOutputStream:75 - [STDERR_REDIRECT] 	at org.eclipse.swt.widgets.RunnableLock.run(RunnableLock.java:40)
2023-11-30 13:43:50,005 [ERROR] LogOutputStream:75 - [STDERR_REDIRECT] 	at org.eclipse.swt.widgets.Synchronizer.runAsyncMessages(Synchronizer.java:132)
2023-11-30 13:43:50,007 [ERROR] LogOutputStream:75 - [STDERR_REDIRECT] 	at org.eclipse.swt.widgets.Display.runAsyncMessages(Display.java:4029)
2023-11-30 13:43:50,009 [ERROR] LogOutputStream:75 - [STDERR_REDIRECT] 	at org.eclipse.swt.widgets.Display.readAndDispatch(Display.java:3645)
2023-11-30 13:43:50,011 [ERROR] LogOutputStream:75 - [STDERR_REDIRECT] 	at org.eclipse.jface.window.Window.runEventLoop(Window.java:823)
2023-11-30 13:43:50,013 [ERROR] LogOutputStream:75 - [STDERR_REDIRECT] 	at org.eclipse.jface.window.Window.open(Window.java:799)
2023-11-30 13:43:50,015 [ERROR] LogOutputStream:75 - [STDERR_REDIRECT] 	at org.eclipse.ui.dialogs.PropertyDialogAction.run(PropertyDialogAction.java:155)
2023-11-30 13:43:50,017 [ERROR] LogOutputStream:75 - [STDERR_REDIRECT] 	at org.eclipse.jface.action.Action.runWithEvent(Action.java:474)
2023-11-30 13:43:50,020 [ERROR] LogOutputStream:75 - [STDERR_REDIRECT] 	at org.eclipse.jface.action.ActionContributionItem.handleWidgetSelection(ActionContributionItem.java:580)
2023-11-30 13:43:50,022 [ERROR] LogOutputStream:75 - [STDERR_REDIRECT] 	at org.eclipse.jface.action.ActionContributionItem.lambda$4(ActionContributionItem.java:414)
2023-11-30 13:43:50,024 [ERROR] LogOutputStream:75 - [STDERR_REDIRECT] 	at org.eclipse.swt.widgets.EventTable.sendEvent(EventTable.java:89)
2023-11-30 13:43:50,026 [ERROR] LogOutputStream:75 - [STDERR_REDIRECT] 	at org.eclipse.swt.widgets.Display.sendEvent(Display.java:4256)
2023-11-30 13:43:50,028 [ERROR] LogOutputStream:75 - [STDERR_REDIRECT] 	at org.eclipse.swt.widgets.Widget.sendEvent(Widget.java:1066)
2023-11-30 13:43:50,030 [ERROR] LogOutputStream:75 - [STDERR_REDIRECT] 	at org.eclipse.swt.widgets.Display.runDeferredEvents(Display.java:4054)
2023-11-30 13:43:50,032 [ERROR] LogOutputStream:75 - [STDERR_REDIRECT] 	at org.eclipse.swt.widgets.Display.readAndDispatch(Display.java:3642)
2023-11-30 13:43:50,035 [ERROR] LogOutputStream:75 - [STDERR_REDIRECT] 	at org.eclipse.e4.ui.internal.workbench.swt.PartRenderingEngine$5.run(PartRenderingEngine.java:1155)
2023-11-30 13:43:50,037 [ERROR] LogOutputStream:75 - [STDERR_REDIRECT] 	at org.eclipse.core.databinding.observable.Realm.runWithDefault(Realm.java:338)
2023-11-30 13:43:50,041 [ERROR] LogOutputStream:75 - [STDERR_REDIRECT] 	at org.eclipse.e4.ui.internal.workbench.swt.PartRenderingEngine.run(PartRenderingEngine.java:1046)
2023-11-30 13:43:50,043 [ERROR] LogOutputStream:75 - [STDERR_REDIRECT] 	at org.eclipse.e4.ui.internal.workbench.E4Workbench.createAndRunUI(E4Workbench.java:155)
2023-11-30 13:43:50,046 [ERROR] LogOutputStream:75 - [STDERR_REDIRECT] 	at org.eclipse.ui.internal.Workbench.lambda$3(Workbench.java:643)
2023-11-30 13:43:50,049 [ERROR] LogOutputStream:75 - [STDERR_REDIRECT] 	at org.eclipse.core.databinding.observable.Realm.runWithDefault(Realm.java:338)
2023-11-30 13:43:50,051 [ERROR] LogOutputStream:75 - [STDERR_REDIRECT] 	at org.eclipse.ui.internal.Workbench.createAndRunWorkbench(Workbench.java:550)
2023-11-30 13:43:50,053 [ERROR] LogOutputStream:75 - [STDERR_REDIRECT] 	at org.eclipse.ui.PlatformUI.createAndRunWorkbench(PlatformUI.java:171)
2023-11-30 13:43:50,056 [ERROR] LogOutputStream:75 - [STDERR_REDIRECT] 	at org.eclipse.ui.internal.ide.application.IDEApplication.start(IDEApplication.java:152)
2023-11-30 13:43:50,058 [ERROR] LogOutputStream:75 - [STDERR_REDIRECT] 	at org.eclipse.equinox.internal.app.EclipseAppHandle.run(EclipseAppHandle.java:203)
2023-11-30 13:43:50,061 [ERROR] LogOutputStream:75 - [STDERR_REDIRECT] 	at org.eclipse.core.runtime.internal.adaptor.EclipseAppLauncher.runApplication(EclipseAppLauncher.java:136)
2023-11-30 13:43:50,064 [ERROR] LogOutputStream:75 - [STDERR_REDIRECT] 	at org.eclipse.core.runtime.internal.adaptor.EclipseAppLauncher.start(EclipseAppLauncher.java:104)
2023-11-30 13:43:50,067 [ERROR] LogOutputStream:75 - [STDERR_REDIRECT] 	at org.eclipse.core.runtime.adaptor.EclipseStarter.run(EclipseStarter.java:402)
2023-11-30 13:43:50,069 [ERROR] LogOutputStream:75 - [STDERR_REDIRECT] 	at org.eclipse.core.runtime.adaptor.EclipseStarter.run(EclipseStarter.java:255)
2023-11-30 13:43:50,071 [ERROR] LogOutputStream:75 - [STDERR_REDIRECT] 	at java.base/jdk.internal.reflect.NativeMethodAccessorImpl.invoke0(Native Method)
2023-11-30 13:43:50,074 [ERROR] LogOutputStream:75 - [STDERR_REDIRECT] 	at java.base/jdk.internal.reflect.NativeMethodAccessorImpl.invoke(NativeMethodAccessorImpl.java:77)
2023-11-30 13:43:50,077 [ERROR] LogOutputStream:75 - [STDERR_REDIRECT] 	at java.base/jdk.internal.reflect.DelegatingMethodAccessorImpl.invoke(DelegatingMethodAccessorImpl.java:43)
2023-11-30 13:43:50,079 [ERROR] LogOutputStream:75 - [STDERR_REDIRECT] 	at java.base/java.lang.reflect.Method.invoke(Method.java:568)
2023-11-30 13:43:50,081 [ERROR] LogOutputStream:75 - [STDERR_REDIRECT] 	at org.eclipse.equinox.launcher.Main.invokeFramework(Main.java:659)
2023-11-30 13:43:50,083 [ERROR] LogOutputStream:75 - [STDERR_REDIRECT] 	at org.eclipse.equinox.launcher.Main.basicRun(Main.java:596)
2023-11-30 13:43:50,084 [ERROR] LogOutputStream:75 - [STDERR_REDIRECT] 	at org.eclipse.equinox.launcher.Main.run(Main.java:1467)
2023-11-30 16:17:30,233 [ERROR] LogOutputStream:75 - [STDERR_REDIRECT] 
2023-11-30 16:53:26,438 [INFO] Activator:176 - 


2023-11-30 16:53:26,440 [INFO] Activator:177 - !SESSION log4j initialized
2023-11-30 16:53:31,756 [INFO] LogOutputStream:77 - [STDOUT_REDIRECT] 
2023-11-30 16:53:36,263 [INFO] ApplicationProperties:184 - Using Application install path: C:\ST\STM32CubeIDE_1.13.2\STM32CubeIDE\plugins\com.st.stm32cube.common.mx_6.9.2.202309101412
2023-11-30 16:53:36,304 [INFO] DbMcusXml:78 - Set database path to: C:\ST\STM32CubeIDE_1.13.2\STM32CubeIDE\plugins\com.st.stm32cube.common.mx_6.9.2.202309101412\\db\/mcu/
2023-11-30 16:53:36,305 [INFO] ApiDb:274 - Set plugin database path to: C:\ST\STM32CubeIDE_1.13.2\STM32CubeIDE\plugins\com.st.stm32cube.common.mx_6.9.2.202309101412\\db\/plugins/boardmanager/
2023-11-30 16:53:36,306 [WARN] ApiDb:259 - Overriding images path with different value:  => C:\ST\STM32CubeIDE_1.13.2\STM32CubeIDE\plugins\com.st.stm32cube.common.mx_6.9.2.202309101412\\db\/plugins/mcufinder/images/
2023-11-30 16:53:36,342 [INFO] ApiDb:250 - Set database path to: C:\Users\E-AY\.stmcufinder\plugins\mcufinder//mcu/
2023-11-30 16:53:36,344 [INFO] DbMcusAds:125 - Set database path to: C:\Users\E-AY\.stmcufinder\plugins\mcufinder//mcu/
2023-11-30 16:53:36,349 [INFO] CrossReferenceDbSqlite:203 - Set database path to: C:\Users\E-AY\.stmcufinder\plugins\mcufinder//mcu/cs/
2023-11-30 16:53:36,527 [INFO] RulesReader:64 - Compatibility file has been processed (293 Rules)
2023-11-30 16:53:36,645 [INFO] DbMcusXml:78 - Set database path to: C:\ST\STM32CubeIDE_1.13.2\STM32CubeIDE\plugins\com.st.stm32cube.common.mx_6.9.2.202309101412\\db\/mcu/
2023-11-30 16:53:36,645 [INFO] ApiDb:274 - Set plugin database path to: C:\ST\STM32CubeIDE_1.13.2\STM32CubeIDE\plugins\com.st.stm32cube.common.mx_6.9.2.202309101412\\db\/plugins/boardmanager/
2023-11-30 16:53:36,645 [INFO] ApiDb:261 - Set plugin images path to: C:\ST\STM32CubeIDE_1.13.2\STM32CubeIDE\plugins\com.st.stm32cube.common.mx_6.9.2.202309101412\\db\/plugins/mcufinder/images/
2023-11-30 16:53:36,646 [WARN] DbFile:41 - Overriding database path with different value: C:\Users\E-AY\.stmcufinder\plugins\mcufinder/ => C:\Users\E-AY\.stmcufinder\plugins\mcufinder
2023-11-30 16:53:36,646 [INFO] ApiDb:250 - Set database path to: C:\Users\E-AY\.stmcufinder\plugins\mcufinder//mcu/
2023-11-30 16:53:36,646 [WARN] DbFile:41 - Overriding database path with different value: C:\Users\E-AY\.stmcufinder\plugins\mcufinder/ => C:\Users\E-AY\.stmcufinder\plugins\mcufinder
2023-11-30 16:53:36,646 [INFO] DbMcusAds:125 - Set database path to: C:\Users\E-AY\.stmcufinder\plugins\mcufinder//mcu/
2023-11-30 16:53:36,646 [WARN] DbFile:41 - Overriding database path with different value: C:\Users\E-AY\.stmcufinder\plugins\mcufinder/ => C:\Users\E-AY\.stmcufinder\plugins\mcufinder
2023-11-30 16:53:36,646 [WARN] DbFile:41 - Overriding database path with different value: C:\Users\E-AY\.stmcufinder\plugins\mcufinder/ => C:\Users\E-AY\.stmcufinder\plugins\mcufinder
2023-11-30 16:53:36,646 [INFO] CrossReferenceDbSqlite:203 - Set database path to: C:\Users\E-AY\.stmcufinder\plugins\mcufinder//mcu/cs/
2023-11-30 16:53:36,759 [INFO] MainPanel:262 - HeapMemory: 268435456
2023-11-30 16:53:36,872 [INFO] DbMcusXml:78 - Set database path to: C:\ST\STM32CubeIDE_1.13.2\STM32CubeIDE\plugins\com.st.stm32cube.common.mx_6.9.2.202309101412\\db\/mcu/
2023-11-30 16:53:36,872 [INFO] ApiDb:274 - Set plugin database path to: C:\ST\STM32CubeIDE_1.13.2\STM32CubeIDE\plugins\com.st.stm32cube.common.mx_6.9.2.202309101412\\db\/plugins/boardmanager/
2023-11-30 16:53:36,874 [INFO] ApiDb:261 - Set plugin images path to: C:\ST\STM32CubeIDE_1.13.2\STM32CubeIDE\plugins\com.st.stm32cube.common.mx_6.9.2.202309101412\\db\/plugins/mcufinder/images/
2023-11-30 16:53:36,874 [WARN] DbFile:41 - Overriding database path with different value: C:\Users\E-AY\.stmcufinder\plugins\mcufinder/ => C:\Users\E-AY\.stmcufinder\plugins\mcufinder
2023-11-30 16:53:36,874 [INFO] ApiDb:250 - Set database path to: C:\Users\E-AY\.stmcufinder\plugins\mcufinder//mcu/
2023-11-30 16:53:36,874 [WARN] DbFile:41 - Overriding database path with different value: C:\Users\E-AY\.stmcufinder\plugins\mcufinder/ => C:\Users\E-AY\.stmcufinder\plugins\mcufinder
2023-11-30 16:53:36,874 [INFO] DbMcusAds:125 - Set database path to: C:\Users\E-AY\.stmcufinder\plugins\mcufinder//mcu/
2023-11-30 16:53:36,875 [WARN] DbFile:41 - Overriding database path with different value: C:\Users\E-AY\.stmcufinder\plugins\mcufinder/ => C:\Users\E-AY\.stmcufinder\plugins\mcufinder
2023-11-30 16:53:36,875 [WARN] DbFile:41 - Overriding database path with different value: C:\Users\E-AY\.stmcufinder\plugins\mcufinder/ => C:\Users\E-AY\.stmcufinder\plugins\mcufinder
2023-11-30 16:53:36,875 [INFO] CrossReferenceDbSqlite:203 - Set database path to: C:\Users\E-AY\.stmcufinder\plugins\mcufinder//mcu/cs/
2023-11-30 16:53:36,900 [INFO] ApplicationProperties:184 - Using Application install path: C:\ST\STM32CubeIDE_1.13.2\STM32CubeIDE\plugins\com.st.stm32cube.common.mx_6.9.2.202309101412
2023-11-30 16:53:36,903 [INFO] PluginManage:196 - Search for loadable plugins [exclusion list=, ]
2023-11-30 16:53:36,904 [INFO] PluginManage:310 - Check plugin analytics
2023-11-30 16:53:37,174 [INFO] AnalyticsPlugin:253 - Accepted Software Licenses: 
2023-11-30 16:53:37,174 [INFO] AnalyticsPlugin:255 - Accepted CMSIS Pack Licenses: 
2023-11-30 16:53:37,175 [INFO] AnalyticsPlugin:257 - Accepted Firmware Licenses: 
2023-11-30 16:53:37,178 [INFO] PluginManage:359 - Loaded plugin analytics (category:tool,tabindex:-1)
2023-11-30 16:53:37,179 [INFO] PluginManage:310 - Check plugin cadmodel
2023-11-30 16:53:37,184 [INFO] CADModel:105 - Init CAD model plugin
2023-11-30 16:53:37,185 [INFO] PluginManage:359 - Loaded plugin cadmodel (category:power,tabindex:5)
2023-11-30 16:53:37,185 [INFO] PluginManage:310 - Check plugin clock
2023-11-30 16:53:37,196 [INFO] PluginManage:359 - Loaded plugin clock (category:base,tabindex:2)
2023-11-30 16:53:37,196 [INFO] PluginManage:310 - Check plugin ddr
2023-11-30 16:53:37,200 [INFO] PluginManage:359 - Loaded plugin ddr (category:tool,tabindex:6)
2023-11-30 16:53:37,200 [INFO] PluginManage:310 - Check plugin filemanager
2023-11-30 16:53:37,388 [INFO] PluginManage:359 - Loaded plugin filemanager (category:base,tabindex:10)
2023-11-30 16:53:37,388 [INFO] PluginManage:310 - Check plugin ipmanager
2023-11-30 16:53:37,402 [INFO] PluginManage:359 - Loaded plugin ipmanager (category:base,tabindex:5)
2023-11-30 16:53:37,402 [INFO] PluginManage:310 - Check plugin lpbam
2023-11-30 16:53:37,422 [INFO] PluginManage:359 - Loaded plugin lpbam (category:base,tabindex:0)
2023-11-30 16:53:37,422 [INFO] PluginManage:310 - Check plugin memorymap
2023-11-30 16:53:37,448 [INFO] PluginManage:359 - Loaded plugin memorymap (category:base,tabindex:4)
2023-11-30 16:53:37,449 [INFO] PluginManage:310 - Check plugin pinoutandconfiguration
2023-11-30 16:53:37,462 [INFO] PluginManage:359 - Loaded plugin pinoutandconfiguration (category:base,tabindex:1)
2023-11-30 16:53:37,462 [INFO] PluginManage:310 - Check plugin pinoutconfig
2023-11-30 16:53:37,581 [WARN] SupportedApi:132 - Cannot load RTOS API schema: s4s-elt-must-match.1: The content of 'definitions' must match (annotation?, (simpleType | complexType)?, (unique | key | keyref)*)). A problem was found starting at: attribute.
2023-11-30 16:53:37,792 [INFO] PluginManage:359 - Loaded plugin pinoutconfig (category:base,tabindex:0)
2023-11-30 16:53:37,793 [INFO] PluginManage:310 - Check plugin power
2023-11-30 16:53:37,805 [INFO] PluginManage:359 - Loaded plugin power (category:power,tabindex:4)
2023-11-30 16:53:37,805 [INFO] PluginManage:310 - Check plugin projectmanager
2023-11-30 16:53:37,833 [INFO] PluginManage:359 - Loaded plugin projectmanager (category:projectmanager,tabindex:3)
2023-11-30 16:53:37,833 [INFO] PluginManage:310 - Check plugin thirdparty
2023-11-30 16:53:38,022 [INFO] PluginManage:359 - Loaded plugin thirdparty (category:base,tabindex:-1)
2023-11-30 16:53:38,022 [WARN] IntegrityCheckThread:84 - waiting for thirdparty lock release [integrity check]
2023-11-30 16:53:38,022 [INFO] PluginManage:310 - Check plugin tools
2023-11-30 16:53:38,022 [INFO] IntegrityCheckThread:86 - entering critical section [integrity check]
2023-11-30 16:53:38,022 [INFO] ThirdPartyUpdaterWithRetryManager:70 - Updater plugin not ready yet. [1/15]
2023-11-30 16:53:38,026 [INFO] PluginManage:359 - Loaded plugin tools (category:base,tabindex:7)
2023-11-30 16:53:38,026 [INFO] PluginManage:310 - Check plugin tutovideos
2023-11-30 16:53:38,262 [INFO] PluginManage:359 - Loaded plugin tutovideos (category:base,tabindex:-1)
2023-11-30 16:53:38,262 [INFO] PluginManage:310 - Check plugin updater
2023-11-30 16:53:38,275 [INFO] PluginManage:359 - Loaded plugin updater (category:base,tabindex:12)
2023-11-30 16:53:38,275 [INFO] PluginManage:310 - Check plugin userauth
2023-11-30 16:53:38,282 [INFO] UserAuth:113 - Init User Auth plugin
2023-11-30 16:53:38,283 [INFO] PluginManage:359 - Loaded plugin userauth (category:base,tabindex:14)
2023-11-30 16:53:38,283 [INFO] PluginManage:283 - PluginManage : Loaded plugins [17]
2023-11-30 16:53:38,569 [INFO] PinOutPanel:1499 - setPackage(No Configuration,No Configuration)
2023-11-30 16:53:38,725 [INFO] CADModel:165 - CPN selected for project level
2023-11-30 16:53:38,726 [INFO] CADModel:114 - Register for checkConnection events
2023-11-30 16:53:38,753 [INFO] IPUIPlugin:80 - create IPUIPlugin
2023-11-30 16:53:38,753 [INFO] PluginManager:220 - loadIPPluginJar : add adc
2023-11-30 16:53:38,756 [INFO] IPUIPlugin:80 - create IPUIPlugin
2023-11-30 16:53:38,756 [INFO] PluginManager:220 - loadIPPluginJar : add aes
2023-11-30 16:53:38,759 [INFO] IPUIPlugin:80 - create IPUIPlugin
2023-11-30 16:53:38,760 [INFO] PluginManager:220 - loadIPPluginJar : add can
2023-11-30 16:53:38,763 [INFO] IPUIPlugin:80 - create IPUIPlugin
2023-11-30 16:53:38,763 [INFO] PluginManager:220 - loadIPPluginJar : add comp
2023-11-30 16:53:38,767 [INFO] IPUIPlugin:80 - create IPUIPlugin
2023-11-30 16:53:38,767 [INFO] PluginManager:220 - loadIPPluginJar : add cryp
2023-11-30 16:53:38,771 [INFO] IPUIPlugin:80 - create IPUIPlugin
2023-11-30 16:53:38,771 [INFO] PluginManager:220 - loadIPPluginJar : add dfsdm
2023-11-30 16:53:38,779 [INFO] IPUIPlugin:80 - create IPUIPlugin
2023-11-30 16:53:38,780 [INFO] PluginManager:220 - loadIPPluginJar : add dma
2023-11-30 16:53:38,785 [INFO] IPUIPlugin:80 - create IPUIPlugin
2023-11-30 16:53:38,785 [INFO] PluginManager:220 - loadIPPluginJar : add dma3
2023-11-30 16:53:38,787 [INFO] IPUIPlugin:80 - create IPUIPlugin
2023-11-30 16:53:38,787 [INFO] PluginManager:220 - loadIPPluginJar : add fatfs
2023-11-30 16:53:38,792 [INFO] IPUIPlugin:80 - create IPUIPlugin
2023-11-30 16:53:38,792 [INFO] PluginManager:220 - loadIPPluginJar : add fmc
2023-11-30 16:53:38,800 [INFO] IPUIPlugin:80 - create IPUIPlugin
2023-11-30 16:53:38,800 [INFO] PluginManager:220 - loadIPPluginJar : add freertos
2023-11-30 16:53:38,802 [INFO] IPUIPlugin:80 - create IPUIPlugin
2023-11-30 16:53:38,802 [INFO] PluginManager:220 - loadIPPluginJar : add genericplugin
2023-11-30 16:53:38,805 [INFO] IPUIPlugin:80 - create IPUIPlugin
2023-11-30 16:53:38,805 [INFO] PluginManager:220 - loadIPPluginJar : add gfxmmu
2023-11-30 16:53:38,810 [INFO] IPUIPlugin:80 - create IPUIPlugin
2023-11-30 16:53:38,810 [INFO] PluginManager:220 - loadIPPluginJar : add gic
2023-11-30 16:53:38,817 [INFO] IPUIPlugin:80 - create IPUIPlugin
2023-11-30 16:53:38,818 [INFO] PluginManager:220 - loadIPPluginJar : add gpio
2023-11-30 16:53:38,821 [INFO] IPUIPlugin:80 - create IPUIPlugin
2023-11-30 16:53:38,821 [INFO] PluginManager:220 - loadIPPluginJar : add gtzc
2023-11-30 16:53:38,825 [INFO] IPUIPlugin:80 - create IPUIPlugin
2023-11-30 16:53:38,825 [INFO] PluginManager:220 - loadIPPluginJar : add hash
2023-11-30 16:53:38,829 [INFO] IPUIPlugin:80 - create IPUIPlugin
2023-11-30 16:53:38,830 [INFO] PluginManager:220 - loadIPPluginJar : add i2c
2023-11-30 16:53:38,833 [INFO] IPUIPlugin:80 - create IPUIPlugin
2023-11-30 16:53:38,833 [INFO] PluginManager:220 - loadIPPluginJar : add i2s
2023-11-30 16:53:38,836 [INFO] IPUIPlugin:80 - create IPUIPlugin
2023-11-30 16:53:38,836 [INFO] PluginManager:220 - loadIPPluginJar : add i3c
2023-11-30 16:53:38,840 [INFO] IPUIPlugin:80 - create IPUIPlugin
2023-11-30 16:53:38,840 [INFO] PluginManager:220 - loadIPPluginJar : add ipddr
2023-11-30 16:53:38,851 [INFO] IPUIPlugin:80 - create IPUIPlugin
2023-11-30 16:53:38,851 [INFO] PluginManager:220 - loadIPPluginJar : add linkedlist
2023-11-30 16:53:38,855 [INFO] IPUIPlugin:80 - create IPUIPlugin
2023-11-30 16:53:38,855 [INFO] PluginManager:220 - loadIPPluginJar : add lorawan
2023-11-30 16:53:38,856 [INFO] IPUIPlugin:80 - create IPUIPlugin
2023-11-30 16:53:38,857 [INFO] PluginManager:220 - loadIPPluginJar : add ltdc
2023-11-30 16:53:38,866 [INFO] IPUIPlugin:80 - create IPUIPlugin
2023-11-30 16:53:38,866 [INFO] PluginManager:220 - loadIPPluginJar : add mdma
2023-11-30 16:53:38,870 [INFO] IPUIPlugin:80 - create IPUIPlugin
2023-11-30 16:53:38,870 [INFO] PluginManager:220 - loadIPPluginJar : add nvic
2023-11-30 16:53:38,874 [INFO] IPUIPlugin:80 - create IPUIPlugin
2023-11-30 16:53:38,874 [INFO] PluginManager:220 - loadIPPluginJar : add opamp
2023-11-30 16:53:38,878 [INFO] IPUIPlugin:80 - create IPUIPlugin
2023-11-30 16:53:38,878 [INFO] PluginManager:220 - loadIPPluginJar : add openamp
2023-11-30 16:53:38,883 [INFO] IPUIPlugin:80 - create IPUIPlugin
2023-11-30 16:53:38,883 [INFO] PluginManager:220 - loadIPPluginJar : add pdm2pcm
2023-11-30 16:53:38,892 [INFO] IPUIPlugin:80 - create IPUIPlugin
2023-11-30 16:53:38,897 [INFO] PluginManager:220 - loadIPPluginJar : add plateformsettings
2023-11-30 16:53:38,899 [INFO] IPUIPlugin:80 - create IPUIPlugin
2023-11-30 16:53:38,899 [INFO] PluginManager:220 - loadIPPluginJar : add quadspi
2023-11-30 16:53:38,904 [INFO] IPUIPlugin:80 - create IPUIPlugin
2023-11-30 16:53:38,904 [INFO] PluginManager:220 - loadIPPluginJar : add resmgrutility
2023-11-30 16:53:38,908 [INFO] IPUIPlugin:80 - create IPUIPlugin
2023-11-30 16:53:38,909 [INFO] PluginManager:220 - loadIPPluginJar : add sai
2023-11-30 16:53:38,912 [INFO] IPUIPlugin:80 - create IPUIPlugin
2023-11-30 16:53:38,912 [INFO] PluginManager:220 - loadIPPluginJar : add spi
2023-11-30 16:53:38,918 [INFO] IPUIPlugin:80 - create IPUIPlugin
2023-11-30 16:53:38,918 [INFO] PluginManager:220 - loadIPPluginJar : add stm32_wpan
2023-11-30 16:53:38,921 [INFO] IPUIPlugin:80 - create IPUIPlugin
2023-11-30 16:53:38,921 [INFO] PluginManager:220 - loadIPPluginJar : add tim
2023-11-30 16:53:38,924 [INFO] IPUIPlugin:80 - create IPUIPlugin
2023-11-30 16:53:38,924 [INFO] PluginManager:220 - loadIPPluginJar : add touchsensing
2023-11-30 16:53:38,927 [INFO] IPUIPlugin:80 - create IPUIPlugin
2023-11-30 16:53:38,927 [INFO] PluginManager:220 - loadIPPluginJar : add tracer_emb
2023-11-30 16:53:38,930 [INFO] IPUIPlugin:80 - create IPUIPlugin
2023-11-30 16:53:38,930 [INFO] PluginManager:220 - loadIPPluginJar : add ts
2023-11-30 16:53:38,933 [INFO] IPUIPlugin:80 - create IPUIPlugin
2023-11-30 16:53:38,933 [INFO] PluginManager:220 - loadIPPluginJar : add tsc
2023-11-30 16:53:38,936 [INFO] IPUIPlugin:80 - create IPUIPlugin
2023-11-30 16:53:38,936 [INFO] PluginManager:220 - loadIPPluginJar : add ucpd
2023-11-30 16:53:38,940 [INFO] IPUIPlugin:80 - create IPUIPlugin
2023-11-30 16:53:38,940 [INFO] PluginManager:220 - loadIPPluginJar : add usart
2023-11-30 16:53:38,945 [INFO] IPUIPlugin:80 - create IPUIPlugin
2023-11-30 16:53:38,945 [INFO] PluginManager:220 - loadIPPluginJar : add usbx
2023-11-30 16:53:39,104 [INFO] CADModel:165 - CPN selected for project level
2023-11-30 16:53:39,104 [INFO] CADModel:114 - Register for checkConnection events
2023-11-30 16:53:39,104 [FATAL] Updater:308 - Updater called before beeing initialized
2023-11-30 16:53:39,104 [ERROR] CADModel:125 - Updater not yet initialized, retry later 
2023-11-30 16:53:39,309 [INFO] CADModel:165 - CPN selected for project level
2023-11-30 16:53:39,309 [INFO] CADModel:114 - Register for checkConnection events
2023-11-30 16:53:39,310 [FATAL] Updater:308 - Updater called before beeing initialized
2023-11-30 16:53:39,310 [ERROR] CADModel:125 - Updater not yet initialized, retry later 
2023-11-30 16:53:39,315 [FATAL] Updater:308 - Updater called before beeing initialized
2023-11-30 16:53:39,461 [FATAL] Updater:308 - Updater called before beeing initialized
2023-11-30 16:53:39,469 [INFO] DbMcusAds:53 - JSON generation date=Wed Nov 29 13:52:38 TRT 2023 (1701255158764)
2023-11-30 16:53:39,469 [FATAL] Updater:308 - Updater called before beeing initialized
2023-11-30 16:53:39,522 [WARN] DetailPanel:346 - Failed to get advertising image, set to default
2023-11-30 16:53:39,668 [FATAL] Updater:308 - Updater called before beeing initialized
2023-11-30 16:53:39,670 [FATAL] Updater:308 - Updater called before beeing initialized
2023-11-30 16:53:39,670 [FATAL] Updater:308 - Updater called before beeing initialized
2023-11-30 16:53:39,670 [WARN] DetailPanel:346 - Failed to get advertising image, set to default
2023-11-30 16:53:39,672 [FATAL] Updater:308 - Updater called before beeing initialized
2023-11-30 16:53:39,753 [ERROR] Updater:1120 - MainUpdater not yet initialized. External WinMGr cannot be set.
2023-11-30 16:53:39,755 [INFO] Updater:1056 - Updater Version found : 6.9.2
2023-11-30 16:53:39,794 [INFO] ApplicationProperties:184 - Using Application install path: C:\ST\STM32CubeIDE_1.13.2\STM32CubeIDE\plugins\com.st.stm32cube.common.mx_6.9.2.202309101412
2023-11-30 16:53:39,937 [INFO] MainUpdater:2868 - connection check result : 10
2023-11-30 16:53:39,939 [INFO] MainUpdater:285 - Updater Check For Update Now.
2023-11-30 16:53:39,939 [INFO] MicroXplorer:498 - Change Database Version : DB.6.0.92
2023-11-30 16:53:39,950 [INFO] McuFinderGlobals:63 - Set McuFinder mode to 2 (CubeIDE integrated)
2023-11-30 16:53:39,950 [INFO] UserAuth:179 - activating auth plugin
2023-11-30 16:53:39,954 [INFO] UserAuth:393 - Internet connection configuration mode: 1
2023-11-30 16:53:39,984 [INFO] JxBrowserEngine:151 - Initiate JxBrowser Engine with user profile folder
2023-11-30 16:53:40,152 [INFO] CheckServerUpdateThread:120 - End of CheckServer Thread
2023-11-30 16:53:41,230 [INFO] WebApp:157 - Instantiating new browser for Auth
2023-11-30 16:53:41,384 [WARN] PackLoader:240 - Cannot read IP mode file for STMicroelectronics.X-CUBE-SMBUS.2.1.0
2023-11-30 16:53:41,470 [WARN] PackLoader:240 - Cannot read IP mode file for STMicroelectronics.X-CUBE-AZRTOS-F7.1.1.0
2023-11-30 16:53:41,492 [WARN] PackLoader:240 - Cannot read IP mode file for STMicroelectronics.FP-SNS-MOTENV1.4.3.2
2023-11-30 16:53:41,508 [WARN] PackLoader:240 - Cannot read IP mode file for STMicroelectronics.FP-SNS-FLIGHT1.5.0.2
2023-11-30 16:53:41,524 [WARN] PackLoader:240 - Cannot read IP mode file for STMicroelectronics.X-CUBE-DISPLAY.3.0.0
2023-11-30 16:53:41,552 [WARN] PackLoader:240 - Cannot read IP mode file for STMicroelectronics.X-CUBE-BLE1.7.0.0
2023-11-30 16:53:41,567 [WARN] PackLoader:240 - Cannot read IP mode file for emotas.I-CUBE-CANOPEN.1.3.0
2023-11-30 16:53:41,590 [INFO] LogOutputStream:77 - [STDOUT_REDIRECT] 1 : Invalid condition id : UX_CORESTACK_Condition cause : null
2023-11-30 16:53:41,592 [INFO] LogOutputStream:77 - [STDOUT_REDIRECT] 1 : Invalid condition id : UX_CORESTACK_Condition cause : null
2023-11-30 16:53:41,595 [INFO] LogOutputStream:77 - [STDOUT_REDIRECT] 1 : Invalid condition id : UX_CORESTACK_Condition cause : null
2023-11-30 16:53:41,599 [INFO] LogOutputStream:77 - [STDOUT_REDIRECT] 1 : Invalid condition id : UX_CORESTACK_Condition cause : null
2023-11-30 16:53:41,601 [INFO] LogOutputStream:77 - [STDOUT_REDIRECT] 1 : Invalid condition id : UX_CORESTACK_Condition cause : null
2023-11-30 16:53:41,610 [WARN] PackLoader:240 - Cannot read IP mode file for STMicroelectronics.X-CUBE-AZRTOS-WL.2.0.0
2023-11-30 16:53:41,633 [WARN] PackLoader:240 - Cannot read IP mode file for WES.I-CUBE-Cesium.1.3.0
2023-11-30 16:53:41,642 [WARN] PackLoader:240 - Cannot read IP mode file for STMicroelectronics.X-CUBE-BLE2.3.3.0
2023-11-30 16:53:41,655 [WARN] PackLoader:240 - Cannot read IP mode file for STMicroelectronics.X-CUBE-ALGOBUILD.1.3.0
2023-11-30 16:53:41,695 [WARN] PackLoader:240 - Cannot read IP mode file for STMicroelectronics.X-CUBE-AZRTOS-G0.1.1.0
2023-11-30 16:53:41,710 [WARN] PackLoader:240 - Cannot read IP mode file for STMicroelectronics.X-CUBE-NFC4.3.0.0
2023-11-30 16:53:41,732 [WARN] PackLoader:240 - Cannot read IP mode file for STMicroelectronics.X-CUBE-BLEMGR.3.0.0
2023-11-30 16:53:41,744 [WARN] PackLoader:240 - Cannot read IP mode file for STMicroelectronics.FP-ATR-SIGFOX1.3.2.0
2023-11-30 16:53:41,813 [WARN] PackLoader:240 - Cannot read IP mode file for SEGGER.I-CUBE-embOS.1.3.1
2023-11-30 16:53:41,895 [WARN] PackLoader:240 - Cannot read IP mode file for STMicroelectronics.X-CUBE-GNSS1.6.0.0
2023-11-30 16:53:41,933 [WARN] PackLoader:240 - Cannot read IP mode file for STMicroelectronics.X-CUBE-AZRTOS-F4.1.1.0
2023-11-30 16:53:41,974 [WARN] PackLoader:240 - Cannot read IP mode file for STMicroelectronics.X-CUBE-AZRTOS-L5.2.0.0
2023-11-30 16:53:42,142 [WARN] PackLoader:240 - Cannot read IP mode file for STMicroelectronics.X-CUBE-MEMS1.9.6.0
2023-11-30 16:53:42,499 [WARN] PackLoader:240 - Cannot read IP mode file for STMicroelectronics.X-CUBE-EEPRMA1.4.2.0
2023-11-30 16:53:42,507 [WARN] PackLoader:240 - Cannot read IP mode file for ITTIA_DB.I-CUBE-ITTIADB.8.8.0
2023-11-30 16:53:42,517 [WARN] PackLoader:240 - Cannot read IP mode file for STMicroelectronics.X-CUBE-BLEMGR.2.0.0
2023-11-30 16:53:42,565 [WARN] ConditionMgr:438 - getConditionDescription Invalid condition id : UX DEVICE CLASS RTOS Condition cause : null
2023-11-30 16:53:42,565 [WARN] ConditionMgr:438 - getConditionDescription Invalid condition id : UX DEVICE CLASS RTOS Condition cause : null
2023-11-30 16:53:42,572 [WARN] PackLoader:240 - Cannot read IP mode file for STMicroelectronics.X-CUBE-AZRTOS-H7.3.1.0
2023-11-30 16:53:42,589 [WARN] ConditionMgr:1039 - genDependencies : Invalid condition id : UX DEVICE CLASS RTOS Condition cause : null
2023-11-30 16:53:42,589 [WARN] ConditionMgr:1039 - genDependencies : Invalid condition id : UX DEVICE CLASS RTOS Condition cause : null
2023-11-30 16:53:42,591 [WARN] ConditionMgr:1039 - genDependencies : Invalid condition id : UX DEVICE CLASS RTOS Condition cause : null
2023-11-30 16:53:42,592 [WARN] ConditionMgr:1039 - genDependencies : Invalid condition id : UX DEVICE CLASS RTOS Condition cause : null
2023-11-30 16:53:42,592 [WARN] ConditionMgr:1039 - genDependencies : Invalid condition id : UX DEVICE CLASS RTOS Condition cause : null
2023-11-30 16:53:42,607 [WARN] PackLoader:240 - Cannot read IP mode file for STMicroelectronics.X-CUBE-NFC7.1.0.1
2023-11-30 16:53:42,618 [WARN] PackLoader:240 - Cannot read IP mode file for STMicroelectronics.X-CUBE-EEPRMA1.4.1.0
2023-11-30 16:53:42,628 [WARN] PackLoader:240 - Cannot read IP mode file for STMicroelectronics.X-CUBE-AI.8.1.0
2023-11-30 16:53:42,654 [WARN] ConditionMgr:438 - getConditionDescription Invalid condition id : LAN8742 Phy interface Condition cause : null
2023-11-30 16:53:42,656 [WARN] PackLoader:240 - Cannot read IP mode file for STMicroelectronics.X-CUBE-AZRTOS-L4.2.0.0
2023-11-30 16:53:42,657 [WARN] ConditionMgr:1039 - genDependencies : Invalid condition id : LAN8742 Phy interface Condition cause : null
2023-11-30 16:53:42,658 [WARN] ConditionMgr:1039 - genDependencies : Invalid condition id : LAN8742 Phy interface Condition cause : null
2023-11-30 16:53:42,659 [WARN] ConditionMgr:1039 - genDependencies : Invalid condition id : LAN8742 Phy interface Condition cause : null
2023-11-30 16:53:42,666 [INFO] WebApp:753 - Register for checkConnection events
2023-11-30 16:53:42,666 [INFO] WebApp:390 - Apply proxy settings
2023-11-30 16:53:42,666 [INFO] WebApp:475 - Chromium requires no authentication
2023-11-30 16:53:42,673 [WARN] PackLoader:240 - Cannot read IP mode file for STMicroelectronics.X-CUBE-SFXS2LP1.4.0.0
2023-11-30 16:53:42,684 [WARN] PackLoader:240 - Cannot read IP mode file for STMicroelectronics.X-CUBE-ISPU.1.1.0
2023-11-30 16:53:42,685 [INFO] WebApp:418 - Direct internet connection detected
2023-11-30 16:53:42,704 [WARN] ConditionMgr:438 - getConditionDescription Invalid condition id : UX DEVICE CLASS RTOS Condition cause : null
2023-11-30 16:53:42,704 [WARN] ConditionMgr:438 - getConditionDescription Invalid condition id : UX DEVICE CLASS RTOS Condition cause : null
2023-11-30 16:53:42,709 [WARN] PackLoader:240 - Cannot read IP mode file for STMicroelectronics.X-CUBE-AZRTOS-WB.2.0.0
2023-11-30 16:53:42,710 [WARN] ConditionMgr:1039 - genDependencies : Invalid condition id : UX DEVICE CLASS RTOS Condition cause : null
2023-11-30 16:53:42,711 [WARN] ConditionMgr:1039 - genDependencies : Invalid condition id : UX DEVICE CLASS RTOS Condition cause : null
2023-11-30 16:53:42,712 [WARN] ConditionMgr:1039 - genDependencies : Invalid condition id : UX DEVICE CLASS RTOS Condition cause : null
2023-11-30 16:53:42,714 [WARN] ConditionMgr:1039 - genDependencies : Invalid condition id : UX DEVICE CLASS RTOS Condition cause : null
2023-11-30 16:53:42,714 [WARN] ConditionMgr:1039 - genDependencies : Invalid condition id : UX DEVICE CLASS RTOS Condition cause : null
2023-11-30 16:53:42,733 [WARN] PackLoader:240 - Cannot read IP mode file for STMicroelectronics.X-CUBE-SUBG2.5.0.0
2023-11-30 16:53:42,759 [WARN] PackLoader:240 - Cannot read IP mode file for STMicroelectronics.X-CUBE-TOF1.3.3.1
2023-11-30 16:53:42,797 [WARN] PackLoader:240 - Cannot read IP mode file for STMicroelectronics.X-CUBE-AZRTOS-G4.2.0.0
2023-11-30 16:53:42,819 [WARN] PackLoader:240 - Cannot read IP mode file for Infineon.AIROC-Wi-Fi-Bluetooth-STM32.1.5.1
2023-11-30 16:53:42,833 [WARN] PackLoader:240 - Cannot read IP mode file for STMicroelectronics.FP-SNS-MOTENVWB1.1.3.0
2023-11-30 16:53:42,898 [WARN] PackLoader:240 - Cannot read IP mode file for STMicroelectronics.X-CUBE-MEMS1.10.0.0
2023-11-30 16:53:43,114 [INFO] WebApp:188 - Starting web application
2023-11-30 16:53:43,114 [INFO] WebApp:520 - Web application path used C:\ST\STM32CubeIDE_1.13.2\STM32CubeIDE\plugins\com.st.stm32cube.common.mx_6.9.2.202309101412\db\plugins\mcufinder\reactClient1\index.html
2023-11-30 16:53:43,122 [WARN] PackLoader:240 - Cannot read IP mode file for STMicroelectronics.X-CUBE-FREERTOS.1.1.0
2023-11-30 16:53:43,134 [WARN] PackLoader:240 - Cannot read IP mode file for portGmbH.I-Cube-SoM-uGOAL.1.1.0
2023-11-30 16:53:43,145 [WARN] PackLoader:240 - Cannot read IP mode file for STMicroelectronics.X-CUBE-ALS.1.0.1
2023-11-30 16:53:43,152 [WARN] PackLoader:240 - Cannot read IP mode file for STMicroelectronics.FP-ATR-ASTRA1.2.0.0
2023-11-30 16:53:43,168 [WARN] PackLoader:240 - Cannot read IP mode file for STMicroelectronics.X-CUBE-TOF1.3.4.0
2023-11-30 16:53:43,186 [INFO] ThirdParty:978 - Integrity check success = true
2023-11-30 16:53:43,187 [INFO] IntegrityCheckThread:100 - exiting critical section [integrity check]
2023-11-30 16:53:43,187 [INFO] IntegrityCheckThread:103 - End integrity checks thread
2023-11-30 16:54:04,273 [ERROR] LogOutputStream:75 - [STDERR_REDIRECT] SLF4J: Failed to load class "org.slf4j.impl.StaticLoggerBinder".
2023-11-30 16:54:04,274 [ERROR] LogOutputStream:75 - [STDERR_REDIRECT] SLF4J: Defaulting to no-operation (NOP) logger implementation
2023-11-30 16:54:04,278 [ERROR] LogOutputStream:75 - [STDERR_REDIRECT] SLF4J: See http://www.slf4j.org/codes.html#StaticLoggerBinder for further details.
2023-11-30 17:08:56,846 [INFO] Activator:176 - 


2023-11-30 17:08:56,849 [INFO] Activator:177 - !SESSION log4j initialized
2023-11-30 17:09:00,251 [INFO] LogOutputStream:77 - [STDOUT_REDIRECT] 
2023-11-30 17:09:04,980 [INFO] ApplicationProperties:184 - Using Application install path: C:\ST\STM32CubeIDE_1.13.2\STM32CubeIDE\plugins\com.st.stm32cube.common.mx_6.9.2.202309101412
2023-11-30 17:09:05,004 [INFO] DbMcusXml:78 - Set database path to: C:\ST\STM32CubeIDE_1.13.2\STM32CubeIDE\plugins\com.st.stm32cube.common.mx_6.9.2.202309101412\\db\/mcu/
2023-11-30 17:09:05,004 [INFO] ApiDb:274 - Set plugin database path to: C:\ST\STM32CubeIDE_1.13.2\STM32CubeIDE\plugins\com.st.stm32cube.common.mx_6.9.2.202309101412\\db\/plugins/boardmanager/
2023-11-30 17:09:05,005 [WARN] ApiDb:259 - Overriding images path with different value:  => C:\ST\STM32CubeIDE_1.13.2\STM32CubeIDE\plugins\com.st.stm32cube.common.mx_6.9.2.202309101412\\db\/plugins/mcufinder/images/
2023-11-30 17:09:05,016 [INFO] ApiDb:250 - Set database path to: C:\Users\E-AY\.stmcufinder\plugins\mcufinder//mcu/
2023-11-30 17:09:05,018 [INFO] DbMcusAds:125 - Set database path to: C:\Users\E-AY\.stmcufinder\plugins\mcufinder//mcu/
2023-11-30 17:09:05,021 [INFO] CrossReferenceDbSqlite:203 - Set database path to: C:\Users\E-AY\.stmcufinder\plugins\mcufinder//mcu/cs/
2023-11-30 17:09:05,176 [INFO] RulesReader:64 - Compatibility file has been processed (293 Rules)
2023-11-30 17:09:05,301 [INFO] DbMcusXml:78 - Set database path to: C:\ST\STM32CubeIDE_1.13.2\STM32CubeIDE\plugins\com.st.stm32cube.common.mx_6.9.2.202309101412\\db\/mcu/
2023-11-30 17:09:05,301 [INFO] ApiDb:274 - Set plugin database path to: C:\ST\STM32CubeIDE_1.13.2\STM32CubeIDE\plugins\com.st.stm32cube.common.mx_6.9.2.202309101412\\db\/plugins/boardmanager/
2023-11-30 17:09:05,301 [INFO] ApiDb:261 - Set plugin images path to: C:\ST\STM32CubeIDE_1.13.2\STM32CubeIDE\plugins\com.st.stm32cube.common.mx_6.9.2.202309101412\\db\/plugins/mcufinder/images/
2023-11-30 17:09:05,301 [WARN] DbFile:41 - Overriding database path with different value: C:\Users\E-AY\.stmcufinder\plugins\mcufinder/ => C:\Users\E-AY\.stmcufinder\plugins\mcufinder
2023-11-30 17:09:05,301 [INFO] ApiDb:250 - Set database path to: C:\Users\E-AY\.stmcufinder\plugins\mcufinder//mcu/
2023-11-30 17:09:05,302 [WARN] DbFile:41 - Overriding database path with different value: C:\Users\E-AY\.stmcufinder\plugins\mcufinder/ => C:\Users\E-AY\.stmcufinder\plugins\mcufinder
2023-11-30 17:09:05,302 [INFO] DbMcusAds:125 - Set database path to: C:\Users\E-AY\.stmcufinder\plugins\mcufinder//mcu/
2023-11-30 17:09:05,302 [WARN] DbFile:41 - Overriding database path with different value: C:\Users\E-AY\.stmcufinder\plugins\mcufinder/ => C:\Users\E-AY\.stmcufinder\plugins\mcufinder
2023-11-30 17:09:05,302 [WARN] DbFile:41 - Overriding database path with different value: C:\Users\E-AY\.stmcufinder\plugins\mcufinder/ => C:\Users\E-AY\.stmcufinder\plugins\mcufinder
2023-11-30 17:09:05,302 [INFO] CrossReferenceDbSqlite:203 - Set database path to: C:\Users\E-AY\.stmcufinder\plugins\mcufinder//mcu/cs/
2023-11-30 17:09:05,403 [INFO] MainPanel:262 - HeapMemory: 268435456
2023-11-30 17:09:05,510 [INFO] DbMcusXml:78 - Set database path to: C:\ST\STM32CubeIDE_1.13.2\STM32CubeIDE\plugins\com.st.stm32cube.common.mx_6.9.2.202309101412\\db\/mcu/
2023-11-30 17:09:05,510 [INFO] ApiDb:274 - Set plugin database path to: C:\ST\STM32CubeIDE_1.13.2\STM32CubeIDE\plugins\com.st.stm32cube.common.mx_6.9.2.202309101412\\db\/plugins/boardmanager/
2023-11-30 17:09:05,510 [INFO] ApiDb:261 - Set plugin images path to: C:\ST\STM32CubeIDE_1.13.2\STM32CubeIDE\plugins\com.st.stm32cube.common.mx_6.9.2.202309101412\\db\/plugins/mcufinder/images/
2023-11-30 17:09:05,511 [WARN] DbFile:41 - Overriding database path with different value: C:\Users\E-AY\.stmcufinder\plugins\mcufinder/ => C:\Users\E-AY\.stmcufinder\plugins\mcufinder
2023-11-30 17:09:05,511 [INFO] ApiDb:250 - Set database path to: C:\Users\E-AY\.stmcufinder\plugins\mcufinder//mcu/
2023-11-30 17:09:05,511 [WARN] DbFile:41 - Overriding database path with different value: C:\Users\E-AY\.stmcufinder\plugins\mcufinder/ => C:\Users\E-AY\.stmcufinder\plugins\mcufinder
2023-11-30 17:09:05,511 [INFO] DbMcusAds:125 - Set database path to: C:\Users\E-AY\.stmcufinder\plugins\mcufinder//mcu/
2023-11-30 17:09:05,511 [WARN] DbFile:41 - Overriding database path with different value: C:\Users\E-AY\.stmcufinder\plugins\mcufinder/ => C:\Users\E-AY\.stmcufinder\plugins\mcufinder
2023-11-30 17:09:05,511 [WARN] DbFile:41 - Overriding database path with different value: C:\Users\E-AY\.stmcufinder\plugins\mcufinder/ => C:\Users\E-AY\.stmcufinder\plugins\mcufinder
2023-11-30 17:09:05,512 [INFO] CrossReferenceDbSqlite:203 - Set database path to: C:\Users\E-AY\.stmcufinder\plugins\mcufinder//mcu/cs/
2023-11-30 17:09:05,534 [INFO] ApplicationProperties:184 - Using Application install path: C:\ST\STM32CubeIDE_1.13.2\STM32CubeIDE\plugins\com.st.stm32cube.common.mx_6.9.2.202309101412
2023-11-30 17:09:05,536 [INFO] PluginManage:196 - Search for loadable plugins [exclusion list=, ]
2023-11-30 17:09:05,538 [INFO] PluginManage:310 - Check plugin analytics
2023-11-30 17:09:05,789 [INFO] AnalyticsPlugin:253 - Accepted Software Licenses: 
2023-11-30 17:09:05,789 [INFO] AnalyticsPlugin:255 - Accepted CMSIS Pack Licenses: 
2023-11-30 17:09:05,789 [INFO] AnalyticsPlugin:257 - Accepted Firmware Licenses: 
2023-11-30 17:09:05,793 [INFO] PluginManage:359 - Loaded plugin analytics (category:tool,tabindex:-1)
2023-11-30 17:09:05,794 [INFO] PluginManage:310 - Check plugin cadmodel
2023-11-30 17:09:05,801 [INFO] CADModel:105 - Init CAD model plugin
2023-11-30 17:09:05,801 [INFO] PluginManage:359 - Loaded plugin cadmodel (category:power,tabindex:5)
2023-11-30 17:09:05,801 [INFO] PluginManage:310 - Check plugin clock
2023-11-30 17:09:05,813 [INFO] PluginManage:359 - Loaded plugin clock (category:base,tabindex:2)
2023-11-30 17:09:05,813 [INFO] PluginManage:310 - Check plugin ddr
2023-11-30 17:09:05,816 [INFO] PluginManage:359 - Loaded plugin ddr (category:tool,tabindex:6)
2023-11-30 17:09:05,817 [INFO] PluginManage:310 - Check plugin filemanager
2023-11-30 17:09:05,998 [INFO] PluginManage:359 - Loaded plugin filemanager (category:base,tabindex:10)
2023-11-30 17:09:05,998 [INFO] PluginManage:310 - Check plugin ipmanager
2023-11-30 17:09:06,008 [INFO] PluginManage:359 - Loaded plugin ipmanager (category:base,tabindex:5)
2023-11-30 17:09:06,009 [INFO] PluginManage:310 - Check plugin lpbam
2023-11-30 17:09:06,019 [INFO] PluginManage:359 - Loaded plugin lpbam (category:base,tabindex:0)
2023-11-30 17:09:06,019 [INFO] PluginManage:310 - Check plugin memorymap
2023-11-30 17:09:06,041 [INFO] PluginManage:359 - Loaded plugin memorymap (category:base,tabindex:4)
2023-11-30 17:09:06,041 [INFO] PluginManage:310 - Check plugin pinoutandconfiguration
2023-11-30 17:09:06,053 [INFO] PluginManage:359 - Loaded plugin pinoutandconfiguration (category:base,tabindex:1)
2023-11-30 17:09:06,053 [INFO] PluginManage:310 - Check plugin pinoutconfig
2023-11-30 17:09:06,177 [WARN] SupportedApi:132 - Cannot load RTOS API schema: s4s-elt-must-match.1: The content of 'definitions' must match (annotation?, (simpleType | complexType)?, (unique | key | keyref)*)). A problem was found starting at: attribute.
2023-11-30 17:09:06,363 [INFO] PluginManage:359 - Loaded plugin pinoutconfig (category:base,tabindex:0)
2023-11-30 17:09:06,363 [INFO] PluginManage:310 - Check plugin power
2023-11-30 17:09:06,376 [INFO] PluginManage:359 - Loaded plugin power (category:power,tabindex:4)
2023-11-30 17:09:06,376 [INFO] PluginManage:310 - Check plugin projectmanager
2023-11-30 17:09:06,397 [INFO] PluginManage:359 - Loaded plugin projectmanager (category:projectmanager,tabindex:3)
2023-11-30 17:09:06,397 [INFO] PluginManage:310 - Check plugin thirdparty
2023-11-30 17:09:06,570 [INFO] PluginManage:359 - Loaded plugin thirdparty (category:base,tabindex:-1)
2023-11-30 17:09:06,570 [INFO] PluginManage:310 - Check plugin tools
2023-11-30 17:09:06,570 [WARN] IntegrityCheckThread:84 - waiting for thirdparty lock release [integrity check]
2023-11-30 17:09:06,571 [INFO] IntegrityCheckThread:86 - entering critical section [integrity check]
2023-11-30 17:09:06,572 [INFO] ThirdPartyUpdaterWithRetryManager:70 - Updater plugin not ready yet. [1/15]
2023-11-30 17:09:06,576 [INFO] PluginManage:359 - Loaded plugin tools (category:base,tabindex:7)
2023-11-30 17:09:06,576 [INFO] PluginManage:310 - Check plugin tutovideos
2023-11-30 17:09:06,804 [INFO] PluginManage:359 - Loaded plugin tutovideos (category:base,tabindex:-1)
2023-11-30 17:09:06,805 [INFO] PluginManage:310 - Check plugin updater
2023-11-30 17:09:06,823 [INFO] PluginManage:359 - Loaded plugin updater (category:base,tabindex:12)
2023-11-30 17:09:06,823 [INFO] PluginManage:310 - Check plugin userauth
2023-11-30 17:09:06,831 [INFO] UserAuth:113 - Init User Auth plugin
2023-11-30 17:09:06,831 [INFO] PluginManage:359 - Loaded plugin userauth (category:base,tabindex:14)
2023-11-30 17:09:06,832 [INFO] PluginManage:283 - PluginManage : Loaded plugins [17]
2023-11-30 17:09:07,111 [INFO] PinOutPanel:1499 - setPackage(No Configuration,No Configuration)
2023-11-30 17:09:07,257 [INFO] CADModel:165 - CPN selected for project level
2023-11-30 17:09:07,257 [INFO] CADModel:114 - Register for checkConnection events
2023-11-30 17:09:07,277 [INFO] IPUIPlugin:80 - create IPUIPlugin
2023-11-30 17:09:07,278 [INFO] PluginManager:220 - loadIPPluginJar : add adc
2023-11-30 17:09:07,280 [INFO] IPUIPlugin:80 - create IPUIPlugin
2023-11-30 17:09:07,281 [INFO] PluginManager:220 - loadIPPluginJar : add aes
2023-11-30 17:09:07,283 [INFO] IPUIPlugin:80 - create IPUIPlugin
2023-11-30 17:09:07,284 [INFO] PluginManager:220 - loadIPPluginJar : add can
2023-11-30 17:09:07,286 [INFO] IPUIPlugin:80 - create IPUIPlugin
2023-11-30 17:09:07,286 [INFO] PluginManager:220 - loadIPPluginJar : add comp
2023-11-30 17:09:07,289 [INFO] IPUIPlugin:80 - create IPUIPlugin
2023-11-30 17:09:07,289 [INFO] PluginManager:220 - loadIPPluginJar : add cryp
2023-11-30 17:09:07,291 [INFO] IPUIPlugin:80 - create IPUIPlugin
2023-11-30 17:09:07,292 [INFO] PluginManager:220 - loadIPPluginJar : add dfsdm
2023-11-30 17:09:07,298 [INFO] IPUIPlugin:80 - create IPUIPlugin
2023-11-30 17:09:07,299 [INFO] PluginManager:220 - loadIPPluginJar : add dma
2023-11-30 17:09:07,304 [INFO] IPUIPlugin:80 - create IPUIPlugin
2023-11-30 17:09:07,304 [INFO] PluginManager:220 - loadIPPluginJar : add dma3
2023-11-30 17:09:07,306 [INFO] IPUIPlugin:80 - create IPUIPlugin
2023-11-30 17:09:07,306 [INFO] PluginManager:220 - loadIPPluginJar : add fatfs
2023-11-30 17:09:07,311 [INFO] IPUIPlugin:80 - create IPUIPlugin
2023-11-30 17:09:07,311 [INFO] PluginManager:220 - loadIPPluginJar : add fmc
2023-11-30 17:09:07,317 [INFO] IPUIPlugin:80 - create IPUIPlugin
2023-11-30 17:09:07,318 [INFO] PluginManager:220 - loadIPPluginJar : add freertos
2023-11-30 17:09:07,319 [INFO] IPUIPlugin:80 - create IPUIPlugin
2023-11-30 17:09:07,319 [INFO] PluginManager:220 - loadIPPluginJar : add genericplugin
2023-11-30 17:09:07,322 [INFO] IPUIPlugin:80 - create IPUIPlugin
2023-11-30 17:09:07,322 [INFO] PluginManager:220 - loadIPPluginJar : add gfxmmu
2023-11-30 17:09:07,327 [INFO] IPUIPlugin:80 - create IPUIPlugin
2023-11-30 17:09:07,327 [INFO] PluginManager:220 - loadIPPluginJar : add gic
2023-11-30 17:09:07,332 [INFO] IPUIPlugin:80 - create IPUIPlugin
2023-11-30 17:09:07,332 [INFO] PluginManager:220 - loadIPPluginJar : add gpio
2023-11-30 17:09:07,335 [INFO] IPUIPlugin:80 - create IPUIPlugin
2023-11-30 17:09:07,335 [INFO] PluginManager:220 - loadIPPluginJar : add gtzc
2023-11-30 17:09:07,338 [INFO] IPUIPlugin:80 - create IPUIPlugin
2023-11-30 17:09:07,338 [INFO] PluginManager:220 - loadIPPluginJar : add hash
2023-11-30 17:09:07,341 [INFO] IPUIPlugin:80 - create IPUIPlugin
2023-11-30 17:09:07,341 [INFO] PluginManager:220 - loadIPPluginJar : add i2c
2023-11-30 17:09:07,344 [INFO] IPUIPlugin:80 - create IPUIPlugin
2023-11-30 17:09:07,344 [INFO] PluginManager:220 - loadIPPluginJar : add i2s
2023-11-30 17:09:07,347 [INFO] IPUIPlugin:80 - create IPUIPlugin
2023-11-30 17:09:07,347 [INFO] PluginManager:220 - loadIPPluginJar : add i3c
2023-11-30 17:09:07,352 [INFO] IPUIPlugin:80 - create IPUIPlugin
2023-11-30 17:09:07,352 [INFO] PluginManager:220 - loadIPPluginJar : add ipddr
2023-11-30 17:09:07,360 [INFO] IPUIPlugin:80 - create IPUIPlugin
2023-11-30 17:09:07,361 [INFO] PluginManager:220 - loadIPPluginJar : add linkedlist
2023-11-30 17:09:07,364 [INFO] IPUIPlugin:80 - create IPUIPlugin
2023-11-30 17:09:07,364 [INFO] PluginManager:220 - loadIPPluginJar : add lorawan
2023-11-30 17:09:07,366 [INFO] IPUIPlugin:80 - create IPUIPlugin
2023-11-30 17:09:07,366 [INFO] PluginManager:220 - loadIPPluginJar : add ltdc
2023-11-30 17:09:07,373 [INFO] IPUIPlugin:80 - create IPUIPlugin
2023-11-30 17:09:07,374 [INFO] PluginManager:220 - loadIPPluginJar : add mdma
2023-11-30 17:09:07,378 [INFO] IPUIPlugin:80 - create IPUIPlugin
2023-11-30 17:09:07,378 [INFO] PluginManager:220 - loadIPPluginJar : add nvic
2023-11-30 17:09:07,382 [INFO] IPUIPlugin:80 - create IPUIPlugin
2023-11-30 17:09:07,382 [INFO] PluginManager:220 - loadIPPluginJar : add opamp
2023-11-30 17:09:07,385 [INFO] IPUIPlugin:80 - create IPUIPlugin
2023-11-30 17:09:07,386 [INFO] PluginManager:220 - loadIPPluginJar : add openamp
2023-11-30 17:09:07,389 [INFO] IPUIPlugin:80 - create IPUIPlugin
2023-11-30 17:09:07,389 [INFO] PluginManager:220 - loadIPPluginJar : add pdm2pcm
2023-11-30 17:09:07,396 [INFO] IPUIPlugin:80 - create IPUIPlugin
2023-11-30 17:09:07,408 [INFO] PluginManager:220 - loadIPPluginJar : add plateformsettings
2023-11-30 17:09:07,410 [INFO] IPUIPlugin:80 - create IPUIPlugin
2023-11-30 17:09:07,410 [INFO] PluginManager:220 - loadIPPluginJar : add quadspi
2023-11-30 17:09:07,414 [INFO] IPUIPlugin:80 - create IPUIPlugin
2023-11-30 17:09:07,414 [INFO] PluginManager:220 - loadIPPluginJar : add resmgrutility
2023-11-30 17:09:07,417 [INFO] IPUIPlugin:80 - create IPUIPlugin
2023-11-30 17:09:07,417 [INFO] PluginManager:220 - loadIPPluginJar : add sai
2023-11-30 17:09:07,419 [INFO] IPUIPlugin:80 - create IPUIPlugin
2023-11-30 17:09:07,419 [INFO] PluginManager:220 - loadIPPluginJar : add spi
2023-11-30 17:09:07,424 [INFO] IPUIPlugin:80 - create IPUIPlugin
2023-11-30 17:09:07,424 [INFO] PluginManager:220 - loadIPPluginJar : add stm32_wpan
2023-11-30 17:09:07,426 [INFO] IPUIPlugin:80 - create IPUIPlugin
2023-11-30 17:09:07,426 [INFO] PluginManager:220 - loadIPPluginJar : add tim
2023-11-30 17:09:07,430 [INFO] IPUIPlugin:80 - create IPUIPlugin
2023-11-30 17:09:07,430 [INFO] PluginManager:220 - loadIPPluginJar : add touchsensing
2023-11-30 17:09:07,433 [INFO] IPUIPlugin:80 - create IPUIPlugin
2023-11-30 17:09:07,433 [INFO] PluginManager:220 - loadIPPluginJar : add tracer_emb
2023-11-30 17:09:07,436 [INFO] IPUIPlugin:80 - create IPUIPlugin
2023-11-30 17:09:07,436 [INFO] PluginManager:220 - loadIPPluginJar : add ts
2023-11-30 17:09:07,438 [INFO] IPUIPlugin:80 - create IPUIPlugin
2023-11-30 17:09:07,438 [INFO] PluginManager:220 - loadIPPluginJar : add tsc
2023-11-30 17:09:07,440 [INFO] IPUIPlugin:80 - create IPUIPlugin
2023-11-30 17:09:07,440 [INFO] PluginManager:220 - loadIPPluginJar : add ucpd
2023-11-30 17:09:07,443 [INFO] IPUIPlugin:80 - create IPUIPlugin
2023-11-30 17:09:07,443 [INFO] PluginManager:220 - loadIPPluginJar : add usart
2023-11-30 17:09:07,447 [INFO] IPUIPlugin:80 - create IPUIPlugin
2023-11-30 17:09:07,447 [INFO] PluginManager:220 - loadIPPluginJar : add usbx
2023-11-30 17:09:07,586 [INFO] CADModel:165 - CPN selected for project level
2023-11-30 17:09:07,587 [INFO] CADModel:114 - Register for checkConnection events
2023-11-30 17:09:07,587 [FATAL] Updater:308 - Updater called before beeing initialized
2023-11-30 17:09:07,587 [ERROR] CADModel:125 - Updater not yet initialized, retry later 
2023-11-30 17:09:07,772 [INFO] CADModel:165 - CPN selected for project level
2023-11-30 17:09:07,772 [INFO] CADModel:114 - Register for checkConnection events
2023-11-30 17:09:07,772 [FATAL] Updater:308 - Updater called before beeing initialized
2023-11-30 17:09:07,772 [ERROR] CADModel:125 - Updater not yet initialized, retry later 
2023-11-30 17:09:07,776 [FATAL] Updater:308 - Updater called before beeing initialized
2023-11-30 17:09:07,913 [FATAL] Updater:308 - Updater called before beeing initialized
2023-11-30 17:09:07,921 [INFO] DbMcusAds:53 - JSON generation date=Wed Nov 29 13:52:38 TRT 2023 (1701255158764)
2023-11-30 17:09:07,922 [FATAL] Updater:308 - Updater called before beeing initialized
2023-11-30 17:09:07,975 [WARN] DetailPanel:346 - Failed to get advertising image, set to default
2023-11-30 17:09:08,110 [FATAL] Updater:308 - Updater called before beeing initialized
2023-11-30 17:09:08,113 [FATAL] Updater:308 - Updater called before beeing initialized
2023-11-30 17:09:08,114 [FATAL] Updater:308 - Updater called before beeing initialized
2023-11-30 17:09:08,114 [WARN] DetailPanel:346 - Failed to get advertising image, set to default
2023-11-30 17:09:08,115 [FATAL] Updater:308 - Updater called before beeing initialized
2023-11-30 17:09:08,183 [ERROR] Updater:1120 - MainUpdater not yet initialized. External WinMGr cannot be set.
2023-11-30 17:09:08,187 [INFO] Updater:1056 - Updater Version found : 6.9.2
2023-11-30 17:09:08,210 [INFO] ApplicationProperties:184 - Using Application install path: C:\ST\STM32CubeIDE_1.13.2\STM32CubeIDE\plugins\com.st.stm32cube.common.mx_6.9.2.202309101412
2023-11-30 17:09:08,388 [INFO] MainUpdater:2868 - connection check result : 10
2023-11-30 17:09:08,389 [INFO] MainUpdater:285 - Updater Check For Update Now.
2023-11-30 17:09:08,389 [INFO] MicroXplorer:498 - Change Database Version : DB.6.0.92
2023-11-30 17:09:08,400 [INFO] McuFinderGlobals:63 - Set McuFinder mode to 2 (CubeIDE integrated)
2023-11-30 17:09:08,400 [INFO] UserAuth:179 - activating auth plugin
2023-11-30 17:09:08,404 [INFO] UserAuth:393 - Internet connection configuration mode: 1
2023-11-30 17:09:08,430 [INFO] JxBrowserEngine:151 - Initiate JxBrowser Engine with user profile folder
2023-11-30 17:09:08,605 [INFO] CheckServerUpdateThread:120 - End of CheckServer Thread
2023-11-30 17:09:09,392 [INFO] WebApp:157 - Instantiating new browser for Auth
2023-11-30 17:09:09,817 [WARN] PackLoader:240 - Cannot read IP mode file for STMicroelectronics.X-CUBE-SMBUS.2.1.0
2023-11-30 17:09:09,880 [WARN] PackLoader:240 - Cannot read IP mode file for STMicroelectronics.X-CUBE-AZRTOS-F7.1.1.0
2023-11-30 17:09:09,910 [WARN] PackLoader:240 - Cannot read IP mode file for STMicroelectronics.FP-SNS-MOTENV1.4.3.2
2023-11-30 17:09:09,920 [WARN] PackLoader:240 - Cannot read IP mode file for STMicroelectronics.FP-SNS-FLIGHT1.5.0.2
2023-11-30 17:09:09,934 [WARN] PackLoader:240 - Cannot read IP mode file for STMicroelectronics.X-CUBE-DISPLAY.3.0.0
2023-11-30 17:09:09,954 [WARN] PackLoader:240 - Cannot read IP mode file for STMicroelectronics.X-CUBE-BLE1.7.0.0
2023-11-30 17:09:09,967 [WARN] PackLoader:240 - Cannot read IP mode file for emotas.I-CUBE-CANOPEN.1.3.0
2023-11-30 17:09:09,998 [INFO] LogOutputStream:77 - [STDOUT_REDIRECT] 1 : Invalid condition id : UX_CORESTACK_Condition cause : null
2023-11-30 17:09:10,000 [INFO] LogOutputStream:77 - [STDOUT_REDIRECT] 1 : Invalid condition id : UX_CORESTACK_Condition cause : null
2023-11-30 17:09:10,003 [INFO] LogOutputStream:77 - [STDOUT_REDIRECT] 1 : Invalid condition id : UX_CORESTACK_Condition cause : null
2023-11-30 17:09:10,007 [INFO] LogOutputStream:77 - [STDOUT_REDIRECT] 1 : Invalid condition id : UX_CORESTACK_Condition cause : null
2023-11-30 17:09:10,012 [INFO] LogOutputStream:77 - [STDOUT_REDIRECT] 1 : Invalid condition id : UX_CORESTACK_Condition cause : null
2023-11-30 17:09:10,024 [WARN] PackLoader:240 - Cannot read IP mode file for STMicroelectronics.X-CUBE-AZRTOS-WL.2.0.0
2023-11-30 17:09:10,045 [WARN] PackLoader:240 - Cannot read IP mode file for WES.I-CUBE-Cesium.1.3.0
2023-11-30 17:09:10,054 [WARN] PackLoader:240 - Cannot read IP mode file for STMicroelectronics.X-CUBE-BLE2.3.3.0
2023-11-30 17:09:10,068 [WARN] PackLoader:240 - Cannot read IP mode file for STMicroelectronics.X-CUBE-ALGOBUILD.1.3.0
2023-11-30 17:09:10,111 [WARN] PackLoader:240 - Cannot read IP mode file for STMicroelectronics.X-CUBE-AZRTOS-G0.1.1.0
2023-11-30 17:09:10,127 [WARN] PackLoader:240 - Cannot read IP mode file for STMicroelectronics.X-CUBE-NFC4.3.0.0
2023-11-30 17:09:10,148 [WARN] PackLoader:240 - Cannot read IP mode file for STMicroelectronics.X-CUBE-BLEMGR.3.0.0
2023-11-30 17:09:10,159 [WARN] PackLoader:240 - Cannot read IP mode file for STMicroelectronics.FP-ATR-SIGFOX1.3.2.0
2023-11-30 17:09:10,223 [WARN] PackLoader:240 - Cannot read IP mode file for SEGGER.I-CUBE-embOS.1.3.1
2023-11-30 17:09:10,303 [WARN] PackLoader:240 - Cannot read IP mode file for STMicroelectronics.X-CUBE-GNSS1.6.0.0
2023-11-30 17:09:10,342 [WARN] PackLoader:240 - Cannot read IP mode file for STMicroelectronics.X-CUBE-AZRTOS-F4.1.1.0
2023-11-30 17:09:10,380 [WARN] PackLoader:240 - Cannot read IP mode file for STMicroelectronics.X-CUBE-AZRTOS-L5.2.0.0
2023-11-30 17:09:10,459 [WARN] PackLoader:240 - Cannot read IP mode file for STMicroelectronics.X-CUBE-MEMS1.9.6.0
2023-11-30 17:09:10,480 [INFO] WebApp:753 - Register for checkConnection events
2023-11-30 17:09:10,480 [INFO] WebApp:390 - Apply proxy settings
2023-11-30 17:09:10,480 [INFO] WebApp:475 - Chromium requires no authentication
2023-11-30 17:09:10,511 [INFO] WebApp:418 - Direct internet connection detected
2023-11-30 17:09:10,749 [WARN] PackLoader:240 - Cannot read IP mode file for STMicroelectronics.X-CUBE-EEPRMA1.4.2.0
2023-11-30 17:09:10,759 [WARN] PackLoader:240 - Cannot read IP mode file for ITTIA_DB.I-CUBE-ITTIADB.8.8.0
2023-11-30 17:09:10,772 [WARN] PackLoader:240 - Cannot read IP mode file for STMicroelectronics.X-CUBE-BLEMGR.2.0.0
2023-11-30 17:09:10,807 [WARN] ConditionMgr:438 - getConditionDescription Invalid condition id : UX DEVICE CLASS RTOS Condition cause : null
2023-11-30 17:09:10,807 [WARN] ConditionMgr:438 - getConditionDescription Invalid condition id : UX DEVICE CLASS RTOS Condition cause : null
2023-11-30 17:09:10,814 [WARN] PackLoader:240 - Cannot read IP mode file for STMicroelectronics.X-CUBE-AZRTOS-H7.3.1.0
2023-11-30 17:09:10,816 [WARN] ConditionMgr:1039 - genDependencies : Invalid condition id : UX DEVICE CLASS RTOS Condition cause : null
2023-11-30 17:09:10,816 [WARN] ConditionMgr:1039 - genDependencies : Invalid condition id : UX DEVICE CLASS RTOS Condition cause : null
2023-11-30 17:09:10,818 [WARN] ConditionMgr:1039 - genDependencies : Invalid condition id : UX DEVICE CLASS RTOS Condition cause : null
2023-11-30 17:09:10,818 [WARN] ConditionMgr:1039 - genDependencies : Invalid condition id : UX DEVICE CLASS RTOS Condition cause : null
2023-11-30 17:09:10,818 [WARN] ConditionMgr:1039 - genDependencies : Invalid condition id : UX DEVICE CLASS RTOS Condition cause : null
2023-11-30 17:09:10,829 [WARN] PackLoader:240 - Cannot read IP mode file for STMicroelectronics.X-CUBE-NFC7.1.0.1
2023-11-30 17:09:10,861 [WARN] PackLoader:240 - Cannot read IP mode file for STMicroelectronics.X-CUBE-EEPRMA1.4.1.0
2023-11-30 17:09:10,872 [WARN] PackLoader:240 - Cannot read IP mode file for STMicroelectronics.X-CUBE-AI.8.1.0
2023-11-30 17:09:10,910 [WARN] ConditionMgr:438 - getConditionDescription Invalid condition id : LAN8742 Phy interface Condition cause : null
2023-11-30 17:09:10,912 [WARN] PackLoader:240 - Cannot read IP mode file for STMicroelectronics.X-CUBE-AZRTOS-L4.2.0.0
2023-11-30 17:09:10,914 [WARN] ConditionMgr:1039 - genDependencies : Invalid condition id : LAN8742 Phy interface Condition cause : null
2023-11-30 17:09:10,915 [WARN] ConditionMgr:1039 - genDependencies : Invalid condition id : LAN8742 Phy interface Condition cause : null
2023-11-30 17:09:10,916 [WARN] ConditionMgr:1039 - genDependencies : Invalid condition id : LAN8742 Phy interface Condition cause : null
2023-11-30 17:09:10,942 [WARN] PackLoader:240 - Cannot read IP mode file for STMicroelectronics.X-CUBE-SFXS2LP1.4.0.0
2023-11-30 17:09:10,950 [WARN] PackLoader:240 - Cannot read IP mode file for STMicroelectronics.X-CUBE-ISPU.1.1.0
2023-11-30 17:09:10,966 [WARN] ConditionMgr:438 - getConditionDescription Invalid condition id : UX DEVICE CLASS RTOS Condition cause : null
2023-11-30 17:09:10,967 [WARN] ConditionMgr:438 - getConditionDescription Invalid condition id : UX DEVICE CLASS RTOS Condition cause : null
2023-11-30 17:09:10,969 [WARN] PackLoader:240 - Cannot read IP mode file for STMicroelectronics.X-CUBE-AZRTOS-WB.2.0.0
2023-11-30 17:09:10,970 [WARN] ConditionMgr:1039 - genDependencies : Invalid condition id : UX DEVICE CLASS RTOS Condition cause : null
2023-11-30 17:09:10,971 [WARN] ConditionMgr:1039 - genDependencies : Invalid condition id : UX DEVICE CLASS RTOS Condition cause : null
2023-11-30 17:09:10,972 [WARN] ConditionMgr:1039 - genDependencies : Invalid condition id : UX DEVICE CLASS RTOS Condition cause : null
2023-11-30 17:09:10,972 [WARN] ConditionMgr:1039 - genDependencies : Invalid condition id : UX DEVICE CLASS RTOS Condition cause : null
2023-11-30 17:09:10,972 [WARN] ConditionMgr:1039 - genDependencies : Invalid condition id : UX DEVICE CLASS RTOS Condition cause : null
2023-11-30 17:09:10,991 [WARN] PackLoader:240 - Cannot read IP mode file for STMicroelectronics.X-CUBE-SUBG2.5.0.0
2023-11-30 17:09:10,996 [INFO] WebApp:188 - Starting web application
2023-11-30 17:09:10,996 [INFO] WebApp:520 - Web application path used C:\ST\STM32CubeIDE_1.13.2\STM32CubeIDE\plugins\com.st.stm32cube.common.mx_6.9.2.202309101412\db\plugins\mcufinder\reactClient1\index.html
2023-11-30 17:09:11,034 [WARN] PackLoader:240 - Cannot read IP mode file for STMicroelectronics.X-CUBE-TOF1.3.3.1
2023-11-30 17:09:11,073 [WARN] PackLoader:240 - Cannot read IP mode file for STMicroelectronics.X-CUBE-AZRTOS-G4.2.0.0
2023-11-30 17:09:11,090 [WARN] PackLoader:240 - Cannot read IP mode file for Infineon.AIROC-Wi-Fi-Bluetooth-STM32.1.5.1
2023-11-30 17:09:11,102 [WARN] PackLoader:240 - Cannot read IP mode file for STMicroelectronics.FP-SNS-MOTENVWB1.1.3.0
2023-11-30 17:09:11,160 [WARN] PackLoader:240 - Cannot read IP mode file for STMicroelectronics.X-CUBE-MEMS1.10.0.0
2023-11-30 17:09:11,382 [WARN] PackLoader:240 - Cannot read IP mode file for STMicroelectronics.X-CUBE-FREERTOS.1.1.0
2023-11-30 17:09:11,391 [WARN] PackLoader:240 - Cannot read IP mode file for portGmbH.I-Cube-SoM-uGOAL.1.1.0
2023-11-30 17:09:11,399 [WARN] PackLoader:240 - Cannot read IP mode file for STMicroelectronics.X-CUBE-ALS.1.0.1
2023-11-30 17:09:11,406 [WARN] PackLoader:240 - Cannot read IP mode file for STMicroelectronics.FP-ATR-ASTRA1.2.0.0
2023-11-30 17:09:11,422 [WARN] PackLoader:240 - Cannot read IP mode file for STMicroelectronics.X-CUBE-TOF1.3.4.0
2023-11-30 17:09:11,444 [INFO] ThirdParty:978 - Integrity check success = true
2023-11-30 17:09:11,445 [INFO] IntegrityCheckThread:100 - exiting critical section [integrity check]
2023-11-30 17:09:11,445 [INFO] IntegrityCheckThread:103 - End integrity checks thread
2023-11-30 17:09:32,193 [ERROR] LogOutputStream:75 - [STDERR_REDIRECT] SLF4J: Failed to load class "org.slf4j.impl.StaticLoggerBinder".
2023-11-30 17:09:32,194 [ERROR] LogOutputStream:75 - [STDERR_REDIRECT] SLF4J: Defaulting to no-operation (NOP) logger implementation
2023-11-30 17:09:32,196 [ERROR] LogOutputStream:75 - [STDERR_REDIRECT] SLF4J: See http://www.slf4j.org/codes.html#StaticLoggerBinder for further details.
2023-11-30 17:33:05,454 [ERROR] LogOutputStream:75 - [STDERR_REDIRECT] 
